2022-04-01 17:19:34.005 INFO  [acme.Launcher@main] Starting Launcher using Java 1.8.0_281 on DESKTOP-OMS50DK with PID 6628 (D:\Mario\Universidad\3º de Carrera 2021-2022\2 - Diseño y Pruebas II (DP2)\Workspace-22.0\Frameworks\Acme-Framework-22.2\target\classes started by Mario in D:\Mario\Universidad\3º de Carrera 2021-2022\2 - Diseño y Pruebas II (DP2)\Workspace-22.0\Projects\Acme-Toolkits) 
2022-04-01 17:19:34.008 DEBUG [acme.Launcher@main] Running with Spring Boot v2.4.2, Spring v5.3.3 
2022-04-01 17:19:34.008 INFO  [acme.Launcher@main] The following profiles are active: development,default 
2022-04-01 17:19:37.522 DEBUG [org.apache.jasper.servlet.JasperInitializer@main] Initializing Jasper for context [application] 
2022-04-01 17:19:43.902 DEBUG [org.apache.jasper.servlet.JspServlet@main] Scratch dir for the JSP engine is: [C:\Users\Mario\AppData\Local\Temp\tomcat.8080.1357311973005761135\work\Tomcat\localhost\acme-toolkits-0.1] 
2022-04-01 17:19:43.903 DEBUG [org.apache.jasper.servlet.JspServlet@main] IMPORTANT: Do not modify the generated servlets 
2022-04-01 17:19:43.915 INFO  [acme.Launcher@main] Started Launcher in 10.748 seconds (JVM running for 12.083) 
2022-04-01 17:19:43.920 DEBUG [acme.Launcher@main] Found classpath entry '/D:/Mario/Universidad/3%c2%ba%20de%20Carrera%202021-2022/2%20-%20Dise%c3%b1o%20y%20Pruebas%20II%20(DP2)/Workspace-22.0/Projects/Acme-Toolkits/target/test-classes/' 
2022-04-01 17:19:43.921 DEBUG [acme.Launcher@main] Found classpath entry '/D:/Mario/Universidad/3%c2%ba%20de%20Carrera%202021-2022/2%20-%20Dise%c3%b1o%20y%20Pruebas%20II%20(DP2)/Workspace-22.0/Projects/Acme-Toolkits/target/classes/' 
2022-04-01 17:19:43.921 DEBUG [acme.Launcher@main] Found classpath entry '/D:/Mario/Universidad/3%c2%ba%20de%20Carrera%202021-2022/2%20-%20Dise%c3%b1o%20y%20Pruebas%20II%20(DP2)/Workspace-22.0/Frameworks/Acme-Framework-22.2/target/classes/' 
2022-04-01 17:19:43.921 DEBUG [acme.Launcher@main] Found classpath entry '/D:/Mario/Universidad/3%c2%ba%20de%20Carrera%202021-2022/2%20-%20Dise%c3%b1o%20y%20Pruebas%20II%20(DP2)/Workspace-22.0/Frameworks/Acme-Framework-22.2/target/test-classes/' 
2022-04-01 17:19:43.921 DEBUG [acme.Launcher@main] Found classpath entry '/C:/Users/Mario/.m2/repository/org/springframework/boot/spring-boot-starter-tomcat/2.4.2/spring-boot-starter-tomcat-2.4.2.jar' 
2022-04-01 17:19:43.922 DEBUG [acme.Launcher@main] Found classpath entry '/C:/Users/Mario/.m2/repository/jakarta/annotation/jakarta.annotation-api/1.3.5/jakarta.annotation-api-1.3.5.jar' 
2022-04-01 17:19:43.922 DEBUG [acme.Launcher@main] Found classpath entry '/C:/Users/Mario/.m2/repository/org/apache/tomcat/embed/tomcat-embed-core/9.0.41/tomcat-embed-core-9.0.41.jar' 
2022-04-01 17:19:43.922 DEBUG [acme.Launcher@main] Found classpath entry '/C:/Users/Mario/.m2/repository/org/glassfish/jakarta.el/3.0.3/jakarta.el-3.0.3.jar' 
2022-04-01 17:19:43.922 DEBUG [acme.Launcher@main] Found classpath entry '/C:/Users/Mario/.m2/repository/org/apache/tomcat/embed/tomcat-embed-websocket/9.0.41/tomcat-embed-websocket-9.0.41.jar' 
2022-04-01 17:19:43.922 DEBUG [acme.Launcher@main] Found classpath entry '/C:/Users/Mario/.m2/repository/org/apache/tomcat/embed/tomcat-embed-jasper/9.0.41/tomcat-embed-jasper-9.0.41.jar' 
2022-04-01 17:19:43.923 DEBUG [acme.Launcher@main] Found classpath entry '/C:/Users/Mario/.m2/repository/org/apache/tomcat/embed/tomcat-embed-el/9.0.41/tomcat-embed-el-9.0.41.jar' 
2022-04-01 17:19:43.923 DEBUG [acme.Launcher@main] Found classpath entry '/C:/Users/Mario/.m2/repository/org/eclipse/jdt/ecj/3.18.0/ecj-3.18.0.jar' 
2022-04-01 17:19:43.923 DEBUG [acme.Launcher@main] Found classpath entry '/C:/Users/Mario/.m2/repository/javax/servlet/jstl/1.2/jstl-1.2.jar' 
2022-04-01 17:19:43.923 DEBUG [acme.Launcher@main] Found classpath entry '/C:/Users/Mario/.m2/repository/org/springframework/boot/spring-boot-starter-test/2.4.2/spring-boot-starter-test-2.4.2.jar' 
2022-04-01 17:19:43.923 DEBUG [acme.Launcher@main] Found classpath entry '/C:/Users/Mario/.m2/repository/org/springframework/boot/spring-boot-starter/2.4.2/spring-boot-starter-2.4.2.jar' 
2022-04-01 17:19:43.924 DEBUG [acme.Launcher@main] Found classpath entry '/C:/Users/Mario/.m2/repository/org/springframework/boot/spring-boot/2.4.2/spring-boot-2.4.2.jar' 
2022-04-01 17:19:43.924 DEBUG [acme.Launcher@main] Found classpath entry '/C:/Users/Mario/.m2/repository/org/springframework/boot/spring-boot-autoconfigure/2.4.2/spring-boot-autoconfigure-2.4.2.jar' 
2022-04-01 17:19:43.924 DEBUG [acme.Launcher@main] Found classpath entry '/C:/Users/Mario/.m2/repository/org/springframework/boot/spring-boot-starter-logging/2.4.2/spring-boot-starter-logging-2.4.2.jar' 
2022-04-01 17:19:43.924 DEBUG [acme.Launcher@main] Found classpath entry '/C:/Users/Mario/.m2/repository/ch/qos/logback/logback-classic/1.2.3/logback-classic-1.2.3.jar' 
2022-04-01 17:19:43.925 DEBUG [acme.Launcher@main] Found classpath entry '/C:/Users/Mario/.m2/repository/ch/qos/logback/logback-core/1.2.3/logback-core-1.2.3.jar' 
2022-04-01 17:19:43.925 DEBUG [acme.Launcher@main] Found classpath entry '/C:/Users/Mario/.m2/repository/org/apache/logging/log4j/log4j-to-slf4j/2.13.3/log4j-to-slf4j-2.13.3.jar' 
2022-04-01 17:19:43.925 DEBUG [acme.Launcher@main] Found classpath entry '/C:/Users/Mario/.m2/repository/org/apache/logging/log4j/log4j-api/2.13.3/log4j-api-2.13.3.jar' 
2022-04-01 17:19:43.925 DEBUG [acme.Launcher@main] Found classpath entry '/C:/Users/Mario/.m2/repository/org/slf4j/jul-to-slf4j/1.7.30/jul-to-slf4j-1.7.30.jar' 
2022-04-01 17:19:43.925 DEBUG [acme.Launcher@main] Found classpath entry '/C:/Users/Mario/.m2/repository/org/yaml/snakeyaml/1.27/snakeyaml-1.27.jar' 
2022-04-01 17:19:43.926 DEBUG [acme.Launcher@main] Found classpath entry '/C:/Users/Mario/.m2/repository/org/springframework/boot/spring-boot-test/2.4.2/spring-boot-test-2.4.2.jar' 
2022-04-01 17:19:43.926 DEBUG [acme.Launcher@main] Found classpath entry '/C:/Users/Mario/.m2/repository/org/springframework/boot/spring-boot-test-autoconfigure/2.4.2/spring-boot-test-autoconfigure-2.4.2.jar' 
2022-04-01 17:19:43.926 DEBUG [acme.Launcher@main] Found classpath entry '/C:/Users/Mario/.m2/repository/com/jayway/jsonpath/json-path/2.4.0/json-path-2.4.0.jar' 
2022-04-01 17:19:43.926 DEBUG [acme.Launcher@main] Found classpath entry '/C:/Users/Mario/.m2/repository/net/minidev/json-smart/2.3/json-smart-2.3.jar' 
2022-04-01 17:19:43.926 DEBUG [acme.Launcher@main] Found classpath entry '/C:/Users/Mario/.m2/repository/net/minidev/accessors-smart/1.2/accessors-smart-1.2.jar' 
2022-04-01 17:19:43.926 DEBUG [acme.Launcher@main] Found classpath entry '/C:/Users/Mario/.m2/repository/org/ow2/asm/asm/5.0.4/asm-5.0.4.jar' 
2022-04-01 17:19:43.927 DEBUG [acme.Launcher@main] Found classpath entry '/C:/Users/Mario/.m2/repository/jakarta/xml/bind/jakarta.xml.bind-api/2.3.3/jakarta.xml.bind-api-2.3.3.jar' 
2022-04-01 17:19:43.927 DEBUG [acme.Launcher@main] Found classpath entry '/C:/Users/Mario/.m2/repository/jakarta/activation/jakarta.activation-api/1.2.2/jakarta.activation-api-1.2.2.jar' 
2022-04-01 17:19:43.927 DEBUG [acme.Launcher@main] Found classpath entry '/C:/Users/Mario/.m2/repository/org/assertj/assertj-core/3.18.1/assertj-core-3.18.1.jar' 
2022-04-01 17:19:43.927 DEBUG [acme.Launcher@main] Found classpath entry '/C:/Users/Mario/.m2/repository/org/hamcrest/hamcrest/2.2/hamcrest-2.2.jar' 
2022-04-01 17:19:43.927 DEBUG [acme.Launcher@main] Found classpath entry '/C:/Users/Mario/.m2/repository/org/junit/jupiter/junit-jupiter/5.7.0/junit-jupiter-5.7.0.jar' 
2022-04-01 17:19:43.927 DEBUG [acme.Launcher@main] Found classpath entry '/C:/Users/Mario/.m2/repository/org/mockito/mockito-core/3.6.28/mockito-core-3.6.28.jar' 
2022-04-01 17:19:43.928 DEBUG [acme.Launcher@main] Found classpath entry '/C:/Users/Mario/.m2/repository/net/bytebuddy/byte-buddy-agent/1.10.19/byte-buddy-agent-1.10.19.jar' 
2022-04-01 17:19:43.928 DEBUG [acme.Launcher@main] Found classpath entry '/C:/Users/Mario/.m2/repository/org/objenesis/objenesis/3.1/objenesis-3.1.jar' 
2022-04-01 17:19:43.928 DEBUG [acme.Launcher@main] Found classpath entry '/C:/Users/Mario/.m2/repository/org/mockito/mockito-junit-jupiter/3.6.28/mockito-junit-jupiter-3.6.28.jar' 
2022-04-01 17:19:43.928 DEBUG [acme.Launcher@main] Found classpath entry '/C:/Users/Mario/.m2/repository/org/skyscreamer/jsonassert/1.5.0/jsonassert-1.5.0.jar' 
2022-04-01 17:19:43.928 DEBUG [acme.Launcher@main] Found classpath entry '/C:/Users/Mario/.m2/repository/com/vaadin/external/google/android-json/0.0.20131108.vaadin1/android-json-0.0.20131108.vaadin1.jar' 
2022-04-01 17:19:43.929 DEBUG [acme.Launcher@main] Found classpath entry '/C:/Users/Mario/.m2/repository/org/springframework/spring-core/5.3.3/spring-core-5.3.3.jar' 
2022-04-01 17:19:43.929 DEBUG [acme.Launcher@main] Found classpath entry '/C:/Users/Mario/.m2/repository/org/springframework/spring-jcl/5.3.3/spring-jcl-5.3.3.jar' 
2022-04-01 17:19:43.929 DEBUG [acme.Launcher@main] Found classpath entry '/C:/Users/Mario/.m2/repository/org/springframework/spring-test/5.3.3/spring-test-5.3.3.jar' 
2022-04-01 17:19:43.929 DEBUG [acme.Launcher@main] Found classpath entry '/C:/Users/Mario/.m2/repository/org/xmlunit/xmlunit-core/2.7.0/xmlunit-core-2.7.0.jar' 
2022-04-01 17:19:43.929 DEBUG [acme.Launcher@main] Found classpath entry '/C:/Users/Mario/.m2/repository/org/springframework/boot/spring-boot-starter-security/2.4.2/spring-boot-starter-security-2.4.2.jar' 
2022-04-01 17:19:43.930 DEBUG [acme.Launcher@main] Found classpath entry '/C:/Users/Mario/.m2/repository/org/springframework/spring-aop/5.3.3/spring-aop-5.3.3.jar' 
2022-04-01 17:19:43.930 DEBUG [acme.Launcher@main] Found classpath entry '/C:/Users/Mario/.m2/repository/org/springframework/security/spring-security-web/5.4.2/spring-security-web-5.4.2.jar' 
2022-04-01 17:19:43.930 DEBUG [acme.Launcher@main] Found classpath entry '/C:/Users/Mario/.m2/repository/org/springframework/security/spring-security-core/5.4.2/spring-security-core-5.4.2.jar' 
2022-04-01 17:19:43.930 DEBUG [acme.Launcher@main] Found classpath entry '/C:/Users/Mario/.m2/repository/org/springframework/spring-beans/5.3.3/spring-beans-5.3.3.jar' 
2022-04-01 17:19:43.931 DEBUG [acme.Launcher@main] Found classpath entry '/C:/Users/Mario/.m2/repository/org/springframework/spring-context/5.3.3/spring-context-5.3.3.jar' 
2022-04-01 17:19:43.931 DEBUG [acme.Launcher@main] Found classpath entry '/C:/Users/Mario/.m2/repository/org/springframework/spring-expression/5.3.3/spring-expression-5.3.3.jar' 
2022-04-01 17:19:43.931 DEBUG [acme.Launcher@main] Found classpath entry '/C:/Users/Mario/.m2/repository/org/springframework/spring-web/5.3.3/spring-web-5.3.3.jar' 
2022-04-01 17:19:43.931 DEBUG [acme.Launcher@main] Found classpath entry '/C:/Users/Mario/.m2/repository/org/springframework/security/spring-security-config/5.4.2/spring-security-config-5.4.2.jar' 
2022-04-01 17:19:43.931 DEBUG [acme.Launcher@main] Found classpath entry '/C:/Users/Mario/.m2/repository/org/springframework/security/spring-security-taglibs/5.4.2/spring-security-taglibs-5.4.2.jar' 
2022-04-01 17:19:43.932 DEBUG [acme.Launcher@main] Found classpath entry '/C:/Users/Mario/.m2/repository/org/springframework/security/spring-security-acl/5.4.2/spring-security-acl-5.4.2.jar' 
2022-04-01 17:19:43.932 DEBUG [acme.Launcher@main] Found classpath entry '/C:/Users/Mario/.m2/repository/org/springframework/spring-jdbc/5.3.3/spring-jdbc-5.3.3.jar' 
2022-04-01 17:19:43.932 DEBUG [acme.Launcher@main] Found classpath entry '/C:/Users/Mario/.m2/repository/org/springframework/spring-tx/5.3.3/spring-tx-5.3.3.jar' 
2022-04-01 17:19:43.933 DEBUG [acme.Launcher@main] Found classpath entry '/C:/Users/Mario/.m2/repository/org/springframework/boot/spring-boot-starter-web/2.4.2/spring-boot-starter-web-2.4.2.jar' 
2022-04-01 17:19:43.933 DEBUG [acme.Launcher@main] Found classpath entry '/C:/Users/Mario/.m2/repository/org/springframework/boot/spring-boot-starter-json/2.4.2/spring-boot-starter-json-2.4.2.jar' 
2022-04-01 17:19:43.933 DEBUG [acme.Launcher@main] Found classpath entry '/C:/Users/Mario/.m2/repository/com/fasterxml/jackson/core/jackson-databind/2.11.4/jackson-databind-2.11.4.jar' 
2022-04-01 17:19:43.934 DEBUG [acme.Launcher@main] Found classpath entry '/C:/Users/Mario/.m2/repository/com/fasterxml/jackson/core/jackson-annotations/2.11.4/jackson-annotations-2.11.4.jar' 
2022-04-01 17:19:43.934 DEBUG [acme.Launcher@main] Found classpath entry '/C:/Users/Mario/.m2/repository/com/fasterxml/jackson/core/jackson-core/2.11.4/jackson-core-2.11.4.jar' 
2022-04-01 17:19:43.934 DEBUG [acme.Launcher@main] Found classpath entry '/C:/Users/Mario/.m2/repository/com/fasterxml/jackson/datatype/jackson-datatype-jdk8/2.11.4/jackson-datatype-jdk8-2.11.4.jar' 
2022-04-01 17:19:43.934 DEBUG [acme.Launcher@main] Found classpath entry '/C:/Users/Mario/.m2/repository/com/fasterxml/jackson/datatype/jackson-datatype-jsr310/2.11.4/jackson-datatype-jsr310-2.11.4.jar' 
2022-04-01 17:19:43.934 DEBUG [acme.Launcher@main] Found classpath entry '/C:/Users/Mario/.m2/repository/com/fasterxml/jackson/module/jackson-module-parameter-names/2.11.4/jackson-module-parameter-names-2.11.4.jar' 
2022-04-01 17:19:43.935 DEBUG [acme.Launcher@main] Found classpath entry '/C:/Users/Mario/.m2/repository/org/springframework/spring-webmvc/5.3.3/spring-webmvc-5.3.3.jar' 
2022-04-01 17:19:43.935 DEBUG [acme.Launcher@main] Found classpath entry '/C:/Users/Mario/.m2/repository/org/apache/tiles/tiles-jsp/3.0.8/tiles-jsp-3.0.8.jar' 
2022-04-01 17:19:43.935 DEBUG [acme.Launcher@main] Found classpath entry '/C:/Users/Mario/.m2/repository/org/apache/tiles/tiles-servlet/3.0.8/tiles-servlet-3.0.8.jar' 
2022-04-01 17:19:43.935 DEBUG [acme.Launcher@main] Found classpath entry '/C:/Users/Mario/.m2/repository/org/apache/tiles/tiles-core/3.0.8/tiles-core-3.0.8.jar' 
2022-04-01 17:19:43.936 DEBUG [acme.Launcher@main] Found classpath entry '/C:/Users/Mario/.m2/repository/commons-digester/commons-digester/2.0/commons-digester-2.0.jar' 
2022-04-01 17:19:43.936 DEBUG [acme.Launcher@main] Found classpath entry '/C:/Users/Mario/.m2/repository/org/slf4j/jcl-over-slf4j/1.7.30/jcl-over-slf4j-1.7.30.jar' 
2022-04-01 17:19:43.936 DEBUG [acme.Launcher@main] Found classpath entry '/C:/Users/Mario/.m2/repository/org/apache/tiles/tiles-request-servlet/1.0.7/tiles-request-servlet-1.0.7.jar' 
2022-04-01 17:19:43.937 DEBUG [acme.Launcher@main] Found classpath entry '/C:/Users/Mario/.m2/repository/org/apache/tiles/tiles-template/3.0.8/tiles-template-3.0.8.jar' 
2022-04-01 17:19:43.937 DEBUG [acme.Launcher@main] Found classpath entry '/C:/Users/Mario/.m2/repository/org/apache/tiles/tiles-api/3.0.8/tiles-api-3.0.8.jar' 
2022-04-01 17:19:43.937 DEBUG [acme.Launcher@main] Found classpath entry '/C:/Users/Mario/.m2/repository/org/apache/tiles/tiles-autotag-core-runtime/1.2/tiles-autotag-core-runtime-1.2.jar' 
2022-04-01 17:19:43.937 DEBUG [acme.Launcher@main] Found classpath entry '/C:/Users/Mario/.m2/repository/org/slf4j/slf4j-api/1.7.30/slf4j-api-1.7.30.jar' 
2022-04-01 17:19:43.938 DEBUG [acme.Launcher@main] Found classpath entry '/C:/Users/Mario/.m2/repository/org/apache/tiles/tiles-request-jsp/1.0.7/tiles-request-jsp-1.0.7.jar' 
2022-04-01 17:19:43.938 DEBUG [acme.Launcher@main] Found classpath entry '/C:/Users/Mario/.m2/repository/org/apache/tiles/tiles-request-api/1.0.7/tiles-request-api-1.0.7.jar' 
2022-04-01 17:19:43.938 DEBUG [acme.Launcher@main] Found classpath entry '/C:/Users/Mario/.m2/repository/org/springframework/boot/spring-boot-starter-data-jpa/2.4.2/spring-boot-starter-data-jpa-2.4.2.jar' 
2022-04-01 17:19:43.938 DEBUG [acme.Launcher@main] Found classpath entry '/C:/Users/Mario/.m2/repository/org/springframework/boot/spring-boot-starter-aop/2.4.2/spring-boot-starter-aop-2.4.2.jar' 
2022-04-01 17:19:43.938 DEBUG [acme.Launcher@main] Found classpath entry '/C:/Users/Mario/.m2/repository/org/aspectj/aspectjweaver/1.9.6/aspectjweaver-1.9.6.jar' 
2022-04-01 17:19:43.939 DEBUG [acme.Launcher@main] Found classpath entry '/C:/Users/Mario/.m2/repository/org/springframework/boot/spring-boot-starter-jdbc/2.4.2/spring-boot-starter-jdbc-2.4.2.jar' 
2022-04-01 17:19:43.939 DEBUG [acme.Launcher@main] Found classpath entry '/C:/Users/Mario/.m2/repository/jakarta/transaction/jakarta.transaction-api/1.3.3/jakarta.transaction-api-1.3.3.jar' 
2022-04-01 17:19:43.939 DEBUG [acme.Launcher@main] Found classpath entry '/C:/Users/Mario/.m2/repository/jakarta/persistence/jakarta.persistence-api/2.2.3/jakarta.persistence-api-2.2.3.jar' 
2022-04-01 17:19:43.939 DEBUG [acme.Launcher@main] Found classpath entry '/C:/Users/Mario/.m2/repository/org/hibernate/hibernate-core/5.4.27.Final/hibernate-core-5.4.27.Final.jar' 
2022-04-01 17:19:43.940 DEBUG [acme.Launcher@main] Found classpath entry '/C:/Users/Mario/.m2/repository/org/jboss/logging/jboss-logging/3.4.1.Final/jboss-logging-3.4.1.Final.jar' 
2022-04-01 17:19:43.940 DEBUG [acme.Launcher@main] Found classpath entry '/C:/Users/Mario/.m2/repository/org/javassist/javassist/3.27.0-GA/javassist-3.27.0-GA.jar' 
2022-04-01 17:19:43.940 DEBUG [acme.Launcher@main] Found classpath entry '/C:/Users/Mario/.m2/repository/antlr/antlr/2.7.7/antlr-2.7.7.jar' 
2022-04-01 17:19:43.940 DEBUG [acme.Launcher@main] Found classpath entry '/C:/Users/Mario/.m2/repository/org/jboss/jandex/2.1.3.Final/jandex-2.1.3.Final.jar' 
2022-04-01 17:19:43.940 DEBUG [acme.Launcher@main] Found classpath entry '/C:/Users/Mario/.m2/repository/com/fasterxml/classmate/1.5.1/classmate-1.5.1.jar' 
2022-04-01 17:19:43.941 DEBUG [acme.Launcher@main] Found classpath entry '/C:/Users/Mario/.m2/repository/org/dom4j/dom4j/2.1.3/dom4j-2.1.3.jar' 
2022-04-01 17:19:43.941 DEBUG [acme.Launcher@main] Found classpath entry '/C:/Users/Mario/.m2/repository/org/hibernate/common/hibernate-commons-annotations/5.1.2.Final/hibernate-commons-annotations-5.1.2.Final.jar' 
2022-04-01 17:19:43.941 DEBUG [acme.Launcher@main] Found classpath entry '/C:/Users/Mario/.m2/repository/org/glassfish/jaxb/jaxb-runtime/2.3.3/jaxb-runtime-2.3.3.jar' 
2022-04-01 17:19:43.941 DEBUG [acme.Launcher@main] Found classpath entry '/C:/Users/Mario/.m2/repository/org/glassfish/jaxb/txw2/2.3.3/txw2-2.3.3.jar' 
2022-04-01 17:19:43.941 DEBUG [acme.Launcher@main] Found classpath entry '/C:/Users/Mario/.m2/repository/com/sun/istack/istack-commons-runtime/3.0.11/istack-commons-runtime-3.0.11.jar' 
2022-04-01 17:19:43.942 DEBUG [acme.Launcher@main] Found classpath entry '/C:/Users/Mario/.m2/repository/com/sun/activation/jakarta.activation/1.2.2/jakarta.activation-1.2.2.jar' 
2022-04-01 17:19:43.942 DEBUG [acme.Launcher@main] Found classpath entry '/C:/Users/Mario/.m2/repository/org/springframework/data/spring-data-jpa/2.4.3/spring-data-jpa-2.4.3.jar' 
2022-04-01 17:19:43.942 DEBUG [acme.Launcher@main] Found classpath entry '/C:/Users/Mario/.m2/repository/org/springframework/data/spring-data-commons/2.4.3/spring-data-commons-2.4.3.jar' 
2022-04-01 17:19:43.942 DEBUG [acme.Launcher@main] Found classpath entry '/C:/Users/Mario/.m2/repository/org/springframework/spring-orm/5.3.3/spring-orm-5.3.3.jar' 
2022-04-01 17:19:43.942 DEBUG [acme.Launcher@main] Found classpath entry '/C:/Users/Mario/.m2/repository/org/springframework/spring-aspects/5.3.3/spring-aspects-5.3.3.jar' 
2022-04-01 17:19:43.943 DEBUG [acme.Launcher@main] Found classpath entry '/C:/Users/Mario/.m2/repository/org/springframework/boot/spring-boot-starter-validation/2.4.2/spring-boot-starter-validation-2.4.2.jar' 
2022-04-01 17:19:43.943 DEBUG [acme.Launcher@main] Found classpath entry '/C:/Users/Mario/.m2/repository/org/hibernate/validator/hibernate-validator/6.1.7.Final/hibernate-validator-6.1.7.Final.jar' 
2022-04-01 17:19:43.943 DEBUG [acme.Launcher@main] Found classpath entry '/C:/Users/Mario/.m2/repository/jakarta/validation/jakarta.validation-api/2.0.2/jakarta.validation-api-2.0.2.jar' 
2022-04-01 17:19:43.943 DEBUG [acme.Launcher@main] Found classpath entry '/C:/Users/Mario/.m2/repository/mysql/mysql-connector-java/8.0.22/mysql-connector-java-8.0.22.jar' 
2022-04-01 17:19:43.944 DEBUG [acme.Launcher@main] Found classpath entry '/C:/Users/Mario/.m2/repository/com/zaxxer/HikariCP/3.4.5/HikariCP-3.4.5.jar' 
2022-04-01 17:19:43.944 DEBUG [acme.Launcher@main] Found classpath entry '/C:/Users/Mario/.m2/repository/org/junit/jupiter/junit-jupiter-engine/5.7.0/junit-jupiter-engine-5.7.0.jar' 
2022-04-01 17:19:43.944 DEBUG [acme.Launcher@main] Found classpath entry '/C:/Users/Mario/.m2/repository/org/apiguardian/apiguardian-api/1.1.0/apiguardian-api-1.1.0.jar' 
2022-04-01 17:19:43.944 DEBUG [acme.Launcher@main] Found classpath entry '/C:/Users/Mario/.m2/repository/org/junit/platform/junit-platform-engine/1.7.0/junit-platform-engine-1.7.0.jar' 
2022-04-01 17:19:43.944 DEBUG [acme.Launcher@main] Found classpath entry '/C:/Users/Mario/.m2/repository/org/junit/jupiter/junit-jupiter-api/5.7.0/junit-jupiter-api-5.7.0.jar' 
2022-04-01 17:19:43.945 DEBUG [acme.Launcher@main] Found classpath entry '/C:/Users/Mario/.m2/repository/org/opentest4j/opentest4j/1.2.0/opentest4j-1.2.0.jar' 
2022-04-01 17:19:43.945 DEBUG [acme.Launcher@main] Found classpath entry '/C:/Users/Mario/.m2/repository/org/junit/platform/junit-platform-commons/1.7.0/junit-platform-commons-1.7.0.jar' 
2022-04-01 17:19:43.945 DEBUG [acme.Launcher@main] Found classpath entry '/C:/Users/Mario/.m2/repository/org/junit/jupiter/junit-jupiter-params/5.7.0/junit-jupiter-params-5.7.0.jar' 
2022-04-01 17:19:43.945 DEBUG [acme.Launcher@main] Found classpath entry '/C:/Users/Mario/.m2/repository/org/junit/platform/junit-platform-launcher/1.7.0/junit-platform-launcher-1.7.0.jar' 
2022-04-01 17:19:43.945 DEBUG [acme.Launcher@main] Found classpath entry '/C:/Users/Mario/.m2/repository/org/seleniumhq/selenium/selenium-java/3.141.59/selenium-java-3.141.59.jar' 
2022-04-01 17:19:43.946 DEBUG [acme.Launcher@main] Found classpath entry '/C:/Users/Mario/.m2/repository/org/seleniumhq/selenium/selenium-api/3.141.59/selenium-api-3.141.59.jar' 
2022-04-01 17:19:43.946 DEBUG [acme.Launcher@main] Found classpath entry '/C:/Users/Mario/.m2/repository/org/seleniumhq/selenium/selenium-chrome-driver/3.141.59/selenium-chrome-driver-3.141.59.jar' 
2022-04-01 17:19:43.946 DEBUG [acme.Launcher@main] Found classpath entry '/C:/Users/Mario/.m2/repository/org/seleniumhq/selenium/selenium-edge-driver/3.141.59/selenium-edge-driver-3.141.59.jar' 
2022-04-01 17:19:43.946 DEBUG [acme.Launcher@main] Found classpath entry '/C:/Users/Mario/.m2/repository/org/seleniumhq/selenium/selenium-firefox-driver/3.141.59/selenium-firefox-driver-3.141.59.jar' 
2022-04-01 17:19:43.947 DEBUG [acme.Launcher@main] Found classpath entry '/C:/Users/Mario/.m2/repository/org/seleniumhq/selenium/selenium-ie-driver/3.141.59/selenium-ie-driver-3.141.59.jar' 
2022-04-01 17:19:43.947 DEBUG [acme.Launcher@main] Found classpath entry '/C:/Users/Mario/.m2/repository/org/seleniumhq/selenium/selenium-opera-driver/3.141.59/selenium-opera-driver-3.141.59.jar' 
2022-04-01 17:19:43.947 DEBUG [acme.Launcher@main] Found classpath entry '/C:/Users/Mario/.m2/repository/org/seleniumhq/selenium/selenium-remote-driver/3.141.59/selenium-remote-driver-3.141.59.jar' 
2022-04-01 17:19:43.947 DEBUG [acme.Launcher@main] Found classpath entry '/C:/Users/Mario/.m2/repository/org/seleniumhq/selenium/selenium-safari-driver/3.141.59/selenium-safari-driver-3.141.59.jar' 
2022-04-01 17:19:43.947 DEBUG [acme.Launcher@main] Found classpath entry '/C:/Users/Mario/.m2/repository/org/seleniumhq/selenium/selenium-support/3.141.59/selenium-support-3.141.59.jar' 
2022-04-01 17:19:43.948 DEBUG [acme.Launcher@main] Found classpath entry '/C:/Users/Mario/.m2/repository/net/bytebuddy/byte-buddy/1.10.19/byte-buddy-1.10.19.jar' 
2022-04-01 17:19:43.948 DEBUG [acme.Launcher@main] Found classpath entry '/C:/Users/Mario/.m2/repository/org/apache/commons/commons-exec/1.3/commons-exec-1.3.jar' 
2022-04-01 17:19:43.948 DEBUG [acme.Launcher@main] Found classpath entry '/C:/Users/Mario/.m2/repository/com/google/guava/guava/25.0-jre/guava-25.0-jre.jar' 
2022-04-01 17:19:43.948 DEBUG [acme.Launcher@main] Found classpath entry '/C:/Users/Mario/.m2/repository/com/google/code/findbugs/jsr305/1.3.9/jsr305-1.3.9.jar' 
2022-04-01 17:19:43.948 DEBUG [acme.Launcher@main] Found classpath entry '/C:/Users/Mario/.m2/repository/org/checkerframework/checker-compat-qual/2.0.0/checker-compat-qual-2.0.0.jar' 
2022-04-01 17:19:43.949 DEBUG [acme.Launcher@main] Found classpath entry '/C:/Users/Mario/.m2/repository/com/google/errorprone/error_prone_annotations/2.1.3/error_prone_annotations-2.1.3.jar' 
2022-04-01 17:19:43.949 DEBUG [acme.Launcher@main] Found classpath entry '/C:/Users/Mario/.m2/repository/com/google/j2objc/j2objc-annotations/1.1/j2objc-annotations-1.1.jar' 
2022-04-01 17:19:43.949 DEBUG [acme.Launcher@main] Found classpath entry '/C:/Users/Mario/.m2/repository/org/codehaus/mojo/animal-sniffer-annotations/1.14/animal-sniffer-annotations-1.14.jar' 
2022-04-01 17:19:43.949 DEBUG [acme.Launcher@main] Found classpath entry '/C:/Users/Mario/.m2/repository/com/squareup/okhttp3/okhttp/3.14.9/okhttp-3.14.9.jar' 
2022-04-01 17:19:43.950 DEBUG [acme.Launcher@main] Found classpath entry '/C:/Users/Mario/.m2/repository/com/squareup/okio/okio/1.14.0/okio-1.14.0.jar' 
2022-04-01 17:19:43.950 DEBUG [acme.Launcher@main] Found classpath entry '/C:/Users/Mario/.m2/repository/org/apache/commons/commons-lang3/3.11/commons-lang3-3.11.jar' 
2022-04-01 17:19:43.950 DEBUG [acme.Launcher@main] Found classpath entry '/C:/Users/Mario/.m2/repository/org/apache/commons/commons-text/1.8/commons-text-1.8.jar' 
2022-04-01 17:19:43.950 DEBUG [acme.Launcher@main] Found classpath entry '/C:/Users/Mario/.m2/repository/commons-io/commons-io/2.6/commons-io-2.6.jar' 
2022-04-01 17:19:43.950 DEBUG [acme.Launcher@main] Found classpath entry '/C:/Users/Mario/.m2/repository/commons-cli/commons-cli/1.4/commons-cli-1.4.jar' 
2022-04-01 17:19:43.951 DEBUG [acme.Launcher@main] Found classpath entry '/C:/Users/Mario/.m2/repository/org/projectlombok/lombok/1.18.16/lombok-1.18.16.jar' 
2022-04-01 17:19:43.951 DEBUG [acme.Launcher@main] Found classpath entry '/C:/Users/Mario/.m2/repository/com/opencsv/opencsv/5.4/opencsv-5.4.jar' 
2022-04-01 17:19:43.951 DEBUG [acme.Launcher@main] Found classpath entry '/C:/Users/Mario/.m2/repository/commons-beanutils/commons-beanutils/1.9.4/commons-beanutils-1.9.4.jar' 
2022-04-01 17:19:43.951 DEBUG [acme.Launcher@main] Found classpath entry '/C:/Users/Mario/.m2/repository/commons-logging/commons-logging/1.2/commons-logging-1.2.jar' 
2022-04-01 17:19:43.951 DEBUG [acme.Launcher@main] Found classpath entry '/C:/Users/Mario/.m2/repository/commons-collections/commons-collections/3.2.2/commons-collections-3.2.2.jar' 
2022-04-01 17:19:43.951 DEBUG [acme.Launcher@main] Found classpath entry '/C:/Users/Mario/.m2/repository/org/apache/commons/commons-collections4/4.4/commons-collections4-4.4.jar' 
2022-04-01 17:19:44.092 DEBUG [acme.Launcher@main] Found entity class 'acme.entities.announcement.Announcement 
2022-04-01 17:19:44.092 DEBUG [acme.Launcher@main] Found entity class 'acme.entities.artefact.Artefact 
2022-04-01 17:19:44.093 DEBUG [acme.Launcher@main] Found entity class 'acme.entities.artefact.Quantity 
2022-04-01 17:19:44.093 DEBUG [acme.Launcher@main] Found entity class 'acme.entities.chirp.Chirp 
2022-04-01 17:19:44.093 DEBUG [acme.Launcher@main] Found entity class 'acme.entities.patonages.Patronages 
2022-04-01 17:19:44.093 DEBUG [acme.Launcher@main] Found entity class 'acme.entities.patronageReport.PatronageReport 
2022-04-01 17:19:44.093 DEBUG [acme.Launcher@main] Found entity class 'acme.entities.systemConfiguration.SystemConfiguration 
2022-04-01 17:19:44.093 DEBUG [acme.Launcher@main] Found entity class 'acme.entities.toolkit.Toolkit 
2022-04-01 17:19:44.094 DEBUG [acme.Launcher@main] Found entity class 'acme.roles.Consumer 
2022-04-01 17:19:44.094 DEBUG [acme.Launcher@main] Found entity class 'acme.roles.Inventor 
2022-04-01 17:19:44.094 DEBUG [acme.Launcher@main] Found entity class 'acme.roles.Patron 
2022-04-01 17:19:44.094 DEBUG [acme.Launcher@main] Found entity class 'acme.roles.Provider 
2022-04-01 17:19:44.094 DEBUG [acme.Launcher@main] Found entity class 'acme.framework.entities.UserAccount 
2022-04-01 17:19:44.094 DEBUG [acme.Launcher@main] Found entity class 'acme.framework.roles.Administrator 
2022-04-01 17:19:44.094 DEBUG [acme.Launcher@main] Found entity class 'acme.framework.roles.Anonymous 
2022-04-01 17:19:44.095 DEBUG [acme.Launcher@main] Found entity class 'acme.framework.roles.Authenticated 
2022-04-01 17:19:44.101 INFO  [acme.Launcher@main] Running application (Standalone) 
2022-04-01 17:19:55.040 DEBUG [acme.framework.components.tiles.DynamicTilesView@http-nio-8080-exec-3] View name 'fragments/welcome', model {} 
2022-04-01 17:19:55.065 DEBUG [org.apache.tiles.definition.dao.BaseLocaleUrlDefinitionDAO@http-nio-8080-exec-3] File Resource file:/D:/Mario/Universidad/3º%20de%20Carrera%202021-2022/2%20-%20Diseño%20y%20Pruebas%20II%20(DP2)/Workspace-22.0/Projects/Acme-Toolkits/target/classes/WEB-INF/views/master/tiles_en.xml at file:/D:/Mario/Universidad/3º%20de%20Carrera%202021-2022/2%20-%20Diseño%20y%20Pruebas%20II%20(DP2)/Workspace-22.0/Projects/Acme-Toolkits/target/classes/WEB-INF/views/master/tiles_en.xml not found, continue 
2022-04-01 17:19:55.076 DEBUG [org.apache.jasper.servlet.JspServlet@http-nio-8080-exec-3] JspEngine --> /WEB-INF/views/master/page.jsp 
2022-04-01 17:19:55.077 DEBUG [org.apache.jasper.servlet.JspServlet@http-nio-8080-exec-3] ServletPath: /WEB-INF/views/master/page.jsp 
2022-04-01 17:19:55.077 DEBUG [org.apache.jasper.servlet.JspServlet@http-nio-8080-exec-3] PathInfo: null 
2022-04-01 17:19:55.079 DEBUG [org.apache.jasper.servlet.JspServlet@http-nio-8080-exec-3] RealPath: D:\Mario\Universidad\3º de Carrera 2021-2022\2 - Diseño y Pruebas II (DP2)\Workspace-22.0\Projects\Acme-Toolkits\target\classes\WEB-INF\views\master\page.jsp 
2022-04-01 17:19:55.080 DEBUG [org.apache.jasper.servlet.JspServlet@http-nio-8080-exec-3] RequestURI: /acme-toolkits-0.1/WEB-INF/views/master/page.jsp 
2022-04-01 17:19:55.080 DEBUG [org.apache.jasper.servlet.JspServlet@http-nio-8080-exec-3] QueryString: null 
2022-04-01 17:20:02.239 DEBUG [acme.framework.configuration.ExtendedMessageSource@http-nio-8080-exec-3] Loading properties [D:\Mario\Universidad\3º de Carrera 2021-2022\2 - Diseño y Pruebas II (DP2)\Workspace-22.0\Projects\Acme-Toolkits\target\classes\WEB-INF\views\administrator\artefact\messages-en.i18n] with encoding 'utf-8' 
2022-04-01 17:20:02.241 DEBUG [acme.framework.configuration.ExtendedMessageSource@http-nio-8080-exec-3] Loading properties [D:\Mario\Universidad\3º de Carrera 2021-2022\2 - Diseño y Pruebas II (DP2)\Workspace-22.0\Projects\Acme-Toolkits\target\classes\WEB-INF\views\administrator\user-account\messages-en.i18n] with encoding 'utf-8' 
2022-04-01 17:20:02.244 DEBUG [acme.framework.configuration.ExtendedMessageSource@http-nio-8080-exec-3] Loading properties [D:\Mario\Universidad\3º de Carrera 2021-2022\2 - Diseño y Pruebas II (DP2)\Workspace-22.0\Projects\Acme-Toolkits\target\classes\WEB-INF\views\anonymous\artefact\messages-en.i18n] with encoding 'utf-8' 
2022-04-01 17:20:02.246 DEBUG [acme.framework.configuration.ExtendedMessageSource@http-nio-8080-exec-3] Loading properties [D:\Mario\Universidad\3º de Carrera 2021-2022\2 - Diseño y Pruebas II (DP2)\Workspace-22.0\Projects\Acme-Toolkits\target\classes\WEB-INF\views\anonymous\user-account\messages-en.i18n] with encoding 'utf-8' 
2022-04-01 17:20:02.249 DEBUG [acme.framework.configuration.ExtendedMessageSource@http-nio-8080-exec-3] Loading properties [D:\Mario\Universidad\3º de Carrera 2021-2022\2 - Diseño y Pruebas II (DP2)\Workspace-22.0\Projects\Acme-Toolkits\target\classes\WEB-INF\views\authenticated\artefact\messages-en.i18n] with encoding 'utf-8' 
2022-04-01 17:20:02.251 DEBUG [acme.framework.configuration.ExtendedMessageSource@http-nio-8080-exec-3] Loading properties [D:\Mario\Universidad\3º de Carrera 2021-2022\2 - Diseño y Pruebas II (DP2)\Workspace-22.0\Projects\Acme-Toolkits\target\classes\WEB-INF\views\authenticated\consumer\messsages-en.i18n] with encoding 'utf-8' 
2022-04-01 17:20:02.253 DEBUG [acme.framework.configuration.ExtendedMessageSource@http-nio-8080-exec-3] Loading properties [D:\Mario\Universidad\3º de Carrera 2021-2022\2 - Diseño y Pruebas II (DP2)\Workspace-22.0\Projects\Acme-Toolkits\target\classes\WEB-INF\views\authenticated\provider\messsages-en.i18n] with encoding 'utf-8' 
2022-04-01 17:20:02.255 DEBUG [acme.framework.configuration.ExtendedMessageSource@http-nio-8080-exec-3] Loading properties [D:\Mario\Universidad\3º de Carrera 2021-2022\2 - Diseño y Pruebas II (DP2)\Workspace-22.0\Projects\Acme-Toolkits\target\classes\WEB-INF\views\authenticated\user-account\messages-en.i18n] with encoding 'utf-8' 
2022-04-01 17:20:02.258 DEBUG [acme.framework.configuration.ExtendedMessageSource@http-nio-8080-exec-3] Loading properties [D:\Mario\Universidad\3º de Carrera 2021-2022\2 - Diseño y Pruebas II (DP2)\Workspace-22.0\Projects\Acme-Toolkits\target\classes\WEB-INF\views\fragments\banner-en.i18n] with encoding 'utf-8' 
2022-04-01 17:20:02.259 DEBUG [acme.framework.configuration.ExtendedMessageSource@http-nio-8080-exec-3] Loading properties [D:\Mario\Universidad\3º de Carrera 2021-2022\2 - Diseño y Pruebas II (DP2)\Workspace-22.0\Projects\Acme-Toolkits\target\classes\WEB-INF\views\fragments\company-en.i18n] with encoding 'utf-8' 
2022-04-01 17:20:02.261 DEBUG [acme.framework.configuration.ExtendedMessageSource@http-nio-8080-exec-3] Loading properties [D:\Mario\Universidad\3º de Carrera 2021-2022\2 - Diseño y Pruebas II (DP2)\Workspace-22.0\Projects\Acme-Toolkits\target\classes\WEB-INF\views\fragments\footer-en.i18n] with encoding 'utf-8' 
2022-04-01 17:20:02.262 DEBUG [acme.framework.configuration.ExtendedMessageSource@http-nio-8080-exec-3] Loading properties [D:\Mario\Universidad\3º de Carrera 2021-2022\2 - Diseño y Pruebas II (DP2)\Workspace-22.0\Projects\Acme-Toolkits\target\classes\WEB-INF\views\fragments\license-en.i18n] with encoding 'utf-8' 
2022-04-01 17:20:02.264 DEBUG [acme.framework.configuration.ExtendedMessageSource@http-nio-8080-exec-3] Loading properties [D:\Mario\Universidad\3º de Carrera 2021-2022\2 - Diseño y Pruebas II (DP2)\Workspace-22.0\Projects\Acme-Toolkits\target\classes\WEB-INF\views\fragments\menu-en.i18n] with encoding 'utf-8' 
2022-04-01 17:20:02.267 DEBUG [acme.framework.configuration.ExtendedMessageSource@http-nio-8080-exec-3] Loading properties [D:\Mario\Universidad\3º de Carrera 2021-2022\2 - Diseño y Pruebas II (DP2)\Workspace-22.0\Projects\Acme-Toolkits\target\classes\WEB-INF\views\fragments\messages-en.i18n] with encoding 'utf-8' 
2022-04-01 17:20:02.270 DEBUG [acme.framework.configuration.ExtendedMessageSource@http-nio-8080-exec-3] Loading properties [D:\Mario\Universidad\3º de Carrera 2021-2022\2 - Diseño y Pruebas II (DP2)\Workspace-22.0\Projects\Acme-Toolkits\target\classes\WEB-INF\views\fragments\messsages-en.i18n] with encoding 'utf-8' 
2022-04-01 17:20:02.273 DEBUG [acme.framework.configuration.ExtendedMessageSource@http-nio-8080-exec-3] Loading properties [D:\Mario\Universidad\3º de Carrera 2021-2022\2 - Diseño y Pruebas II (DP2)\Workspace-22.0\Projects\Acme-Toolkits\target\classes\WEB-INF\views\fragments\title-en.i18n] with encoding 'utf-8' 
2022-04-01 17:20:02.274 DEBUG [acme.framework.configuration.ExtendedMessageSource@http-nio-8080-exec-3] Loading properties [D:\Mario\Universidad\3º de Carrera 2021-2022\2 - Diseño y Pruebas II (DP2)\Workspace-22.0\Projects\Acme-Toolkits\target\classes\WEB-INF\views\fragments\welcome-en.i18n] with encoding 'utf-8' 
2022-04-01 17:20:02.276 DEBUG [acme.framework.configuration.ExtendedMessageSource@http-nio-8080-exec-3] Loading properties [D:\Mario\Universidad\3º de Carrera 2021-2022\2 - Diseño y Pruebas II (DP2)\Workspace-22.0\Projects\Acme-Toolkits\target\classes\WEB-INF\views\inventor\artefact\messages-en.i18n] with encoding 'utf-8' 
2022-04-01 17:20:02.278 DEBUG [acme.framework.configuration.ExtendedMessageSource@http-nio-8080-exec-3] Loading properties [D:\Mario\Universidad\3º de Carrera 2021-2022\2 - Diseño y Pruebas II (DP2)\Workspace-22.0\Projects\Acme-Toolkits\target\classes\WEB-INF\views\inventor\toolkit\messages-en.i18n] with encoding 'utf-8' 
2022-04-01 17:20:02.280 DEBUG [acme.framework.configuration.ExtendedMessageSource@http-nio-8080-exec-3] Loading properties [D:\Mario\Universidad\3º de Carrera 2021-2022\2 - Diseño y Pruebas II (DP2)\Workspace-22.0\Projects\Acme-Toolkits\target\classes\WEB-INF\views\master\defaults-en.i18n] with encoding 'utf-8' 
2022-04-01 17:20:02.282 DEBUG [acme.framework.configuration.ExtendedMessageSource@http-nio-8080-exec-3] Loading properties [D:\Mario\Universidad\3º de Carrera 2021-2022\2 - Diseño y Pruebas II (DP2)\Workspace-22.0\Projects\Acme-Toolkits\target\classes\WEB-INF\views\master\master-en.i18n] with encoding 'utf-8' 
2022-04-01 17:20:02.284 DEBUG [acme.framework.configuration.ExtendedMessageSource@http-nio-8080-exec-3] Loading properties [D:\Mario\Universidad\3º de Carrera 2021-2022\2 - Diseño y Pruebas II (DP2)\Workspace-22.0\Projects\Acme-Toolkits\target\classes\WEB-INF\views\master\throwables-en.i18n] with encoding 'utf-8' 
2022-04-01 17:20:02.287 DEBUG [acme.framework.configuration.ExtendedMessageSource@http-nio-8080-exec-3] Loading properties [D:\Mario\Universidad\3º de Carrera 2021-2022\2 - Diseño y Pruebas II (DP2)\Workspace-22.0\Projects\Acme-Toolkits\target\classes\WEB-INF\views\master\validation-en.i18n] with encoding 'utf-8' 
2022-04-01 17:20:02.289 DEBUG [acme.framework.configuration.ExtendedMessageSource@http-nio-8080-exec-3] Loading properties [D:\Mario\Universidad\3º de Carrera 2021-2022\2 - Diseño y Pruebas II (DP2)\Workspace-22.0\Projects\Acme-Toolkits\target\classes\WEB-INF\views\patron\artefact\messages-en.i18n] with encoding 'utf-8' 
2022-04-01 17:20:02.704 DEBUG [org.apache.jasper.servlet.JspServlet@http-nio-8080-exec-3] JspEngine --> /WEB-INF/views/fragments/welcome.jsp 
2022-04-01 17:20:02.705 DEBUG [org.apache.jasper.servlet.JspServlet@http-nio-8080-exec-3] ServletPath: /WEB-INF/views/master/page.jsp 
2022-04-01 17:20:02.706 DEBUG [org.apache.jasper.servlet.JspServlet@http-nio-8080-exec-3] PathInfo: null 
2022-04-01 17:20:02.708 DEBUG [org.apache.jasper.servlet.JspServlet@http-nio-8080-exec-3] RealPath: D:\Mario\Universidad\3º de Carrera 2021-2022\2 - Diseño y Pruebas II (DP2)\Workspace-22.0\Projects\Acme-Toolkits\target\classes\WEB-INF\views\fragments\welcome.jsp 
2022-04-01 17:20:02.709 DEBUG [org.apache.jasper.servlet.JspServlet@http-nio-8080-exec-3] RequestURI: /acme-toolkits-0.1/WEB-INF/views/master/page.jsp 
2022-04-01 17:20:02.710 DEBUG [org.apache.jasper.servlet.JspServlet@http-nio-8080-exec-3] QueryString: null 
2022-04-01 17:20:03.295 DEBUG [org.hibernate.SQL@http-nio-8080-exec-3] select useraccoun0_.id as id1_0_, useraccoun0_.version as version2_0_, useraccoun0_.enabled as enabled1_16_, useraccoun0_.identity as identity2_16_, useraccoun0_.password as password3_16_, useraccoun0_.username as username4_16_ from user_account useraccoun0_ where useraccoun0_.username=? 
2022-04-01 17:20:03.347 TRACE [org.hibernate.type.descriptor.sql.BasicBinder@http-nio-8080-exec-3] binding parameter [1] as [VARCHAR] - [anonymous] 
2022-04-01 17:20:03.443 DEBUG [org.hibernate.SQL@http-nio-8080-exec-3] select roles0_.user_account_id as user_acc1_17_0_, roles0_.id as id1_17_0_, roles0_.id as id1_0_1_, roles0_.version as version2_0_1_, roles0_.user_account_id as user_acc1_17_1_, roles0_.company as company1_7_1_, roles0_.sector as sector2_7_1_, roles0_.company as company1_8_1_, roles0_.link as link2_8_1_, roles0_.statement as statemen3_8_1_, roles0_.company as company1_9_1_, roles0_.link as link2_9_1_, roles0_.statement as statemen3_9_1_, roles0_.company as company1_12_1_, roles0_.sector as sector2_12_1_, roles0_.clazz_ as clazz_1_ from ( select id, version, user_account_id, company, sector, null as link, null as statement, 10 as clazz_ from consumer union all select id, version, user_account_id, company, null as sector, link, statement, 11 as clazz_ from inventor union all select id, version, user_account_id, company, null as sector, link, statement, 12 as clazz_ from patron union all select id, version, user_account_id, company, sector, null as link, null as statement, 13 as clazz_ from provider union all select id, version, user_account_id, null as company, null as sector, null as link, null as statement, 15 as clazz_ from administrator union all select id, version, user_account_id, null as company, null as sector, null as link, null as statement, 16 as clazz_ from anonymous union all select id, version, user_account_id, null as company, null as sector, null as link, null as statement, 17 as clazz_ from authenticated ) roles0_ where roles0_.user_account_id=? 
2022-04-01 17:20:03.444 TRACE [org.hibernate.type.descriptor.sql.BasicBinder@http-nio-8080-exec-3] binding parameter [1] as [INTEGER] - [1] 
2022-04-01 17:20:11.645 DEBUG [acme.framework.components.tiles.DynamicTilesView@http-nio-8080-exec-8] View name 'master/sign-in', model {username=, password=, remember=false} 
2022-04-01 17:20:11.650 DEBUG [org.apache.jasper.servlet.JspServlet@http-nio-8080-exec-8] JspEngine --> /WEB-INF/views/master/page.jsp 
2022-04-01 17:20:11.651 DEBUG [org.apache.jasper.servlet.JspServlet@http-nio-8080-exec-8] ServletPath: /WEB-INF/views/master/page.jsp 
2022-04-01 17:20:11.652 DEBUG [org.apache.jasper.servlet.JspServlet@http-nio-8080-exec-8] PathInfo: null 
2022-04-01 17:20:11.655 DEBUG [org.apache.jasper.servlet.JspServlet@http-nio-8080-exec-8] RealPath: D:\Mario\Universidad\3º de Carrera 2021-2022\2 - Diseño y Pruebas II (DP2)\Workspace-22.0\Projects\Acme-Toolkits\target\classes\WEB-INF\views\master\page.jsp 
2022-04-01 17:20:11.656 DEBUG [org.apache.jasper.servlet.JspServlet@http-nio-8080-exec-8] RequestURI: /acme-toolkits-0.1/WEB-INF/views/master/page.jsp 
2022-04-01 17:20:11.657 DEBUG [org.apache.jasper.servlet.JspServlet@http-nio-8080-exec-8] QueryString: null 
2022-04-01 17:20:12.068 DEBUG [org.apache.jasper.servlet.JspServlet@http-nio-8080-exec-8] JspEngine --> /WEB-INF/views/master/sign-in.jsp 
2022-04-01 17:20:12.069 DEBUG [org.apache.jasper.servlet.JspServlet@http-nio-8080-exec-8] ServletPath: /WEB-INF/views/master/page.jsp 
2022-04-01 17:20:12.070 DEBUG [org.apache.jasper.servlet.JspServlet@http-nio-8080-exec-8] PathInfo: null 
2022-04-01 17:20:12.072 DEBUG [org.apache.jasper.servlet.JspServlet@http-nio-8080-exec-8] RealPath: D:\Mario\Universidad\3º de Carrera 2021-2022\2 - Diseño y Pruebas II (DP2)\Workspace-22.0\Projects\Acme-Toolkits\target\classes\WEB-INF\views\master\sign-in.jsp 
2022-04-01 17:20:12.073 DEBUG [org.apache.jasper.servlet.JspServlet@http-nio-8080-exec-8] RequestURI: /acme-toolkits-0.1/WEB-INF/views/master/page.jsp 
2022-04-01 17:20:12.074 DEBUG [org.apache.jasper.servlet.JspServlet@http-nio-8080-exec-8] QueryString: null 
2022-04-01 17:20:15.105 DEBUG [acme.framework.components.tiles.DynamicTilesView@http-nio-8080-exec-1] View name 'master/sign-in', model {username=, password=, remember=false} 
2022-04-01 17:20:15.108 DEBUG [org.apache.jasper.servlet.JspServlet@http-nio-8080-exec-1] JspEngine --> /WEB-INF/views/master/page.jsp 
2022-04-01 17:20:15.109 DEBUG [org.apache.jasper.servlet.JspServlet@http-nio-8080-exec-1] ServletPath: /WEB-INF/views/master/page.jsp 
2022-04-01 17:20:15.110 DEBUG [org.apache.jasper.servlet.JspServlet@http-nio-8080-exec-1] PathInfo: null 
2022-04-01 17:20:15.113 DEBUG [org.apache.jasper.servlet.JspServlet@http-nio-8080-exec-1] RealPath: D:\Mario\Universidad\3º de Carrera 2021-2022\2 - Diseño y Pruebas II (DP2)\Workspace-22.0\Projects\Acme-Toolkits\target\classes\WEB-INF\views\master\page.jsp 
2022-04-01 17:20:15.114 DEBUG [org.apache.jasper.servlet.JspServlet@http-nio-8080-exec-1] RequestURI: /acme-toolkits-0.1/WEB-INF/views/master/page.jsp 
2022-04-01 17:20:15.115 DEBUG [org.apache.jasper.servlet.JspServlet@http-nio-8080-exec-1] QueryString: null 
2022-04-01 17:20:15.360 DEBUG [org.apache.jasper.servlet.JspServlet@http-nio-8080-exec-1] JspEngine --> /WEB-INF/views/master/sign-in.jsp 
2022-04-01 17:20:15.361 DEBUG [org.apache.jasper.servlet.JspServlet@http-nio-8080-exec-1] ServletPath: /WEB-INF/views/master/page.jsp 
2022-04-01 17:20:15.361 DEBUG [org.apache.jasper.servlet.JspServlet@http-nio-8080-exec-1] PathInfo: null 
2022-04-01 17:20:15.364 DEBUG [org.apache.jasper.servlet.JspServlet@http-nio-8080-exec-1] RealPath: D:\Mario\Universidad\3º de Carrera 2021-2022\2 - Diseño y Pruebas II (DP2)\Workspace-22.0\Projects\Acme-Toolkits\target\classes\WEB-INF\views\master\sign-in.jsp 
2022-04-01 17:20:15.365 DEBUG [org.apache.jasper.servlet.JspServlet@http-nio-8080-exec-1] RequestURI: /acme-toolkits-0.1/WEB-INF/views/master/page.jsp 
2022-04-01 17:20:15.366 DEBUG [org.apache.jasper.servlet.JspServlet@http-nio-8080-exec-1] QueryString: null 
2022-04-01 17:20:15.475 DEBUG [org.hibernate.SQL@http-nio-8080-exec-8] select useraccoun0_.id as id1_0_, useraccoun0_.version as version2_0_, useraccoun0_.enabled as enabled1_16_, useraccoun0_.identity as identity2_16_, useraccoun0_.password as password3_16_, useraccoun0_.username as username4_16_ from user_account useraccoun0_ where useraccoun0_.username=? 
2022-04-01 17:20:15.476 TRACE [org.hibernate.type.descriptor.sql.BasicBinder@http-nio-8080-exec-8] binding parameter [1] as [VARCHAR] - [anonymous] 
2022-04-01 17:20:15.480 DEBUG [org.hibernate.SQL@http-nio-8080-exec-8] select roles0_.user_account_id as user_acc1_17_0_, roles0_.id as id1_17_0_, roles0_.id as id1_0_1_, roles0_.version as version2_0_1_, roles0_.user_account_id as user_acc1_17_1_, roles0_.company as company1_7_1_, roles0_.sector as sector2_7_1_, roles0_.company as company1_8_1_, roles0_.link as link2_8_1_, roles0_.statement as statemen3_8_1_, roles0_.company as company1_9_1_, roles0_.link as link2_9_1_, roles0_.statement as statemen3_9_1_, roles0_.company as company1_12_1_, roles0_.sector as sector2_12_1_, roles0_.clazz_ as clazz_1_ from ( select id, version, user_account_id, company, sector, null as link, null as statement, 10 as clazz_ from consumer union all select id, version, user_account_id, company, null as sector, link, statement, 11 as clazz_ from inventor union all select id, version, user_account_id, company, null as sector, link, statement, 12 as clazz_ from patron union all select id, version, user_account_id, company, sector, null as link, null as statement, 13 as clazz_ from provider union all select id, version, user_account_id, null as company, null as sector, null as link, null as statement, 15 as clazz_ from administrator union all select id, version, user_account_id, null as company, null as sector, null as link, null as statement, 16 as clazz_ from anonymous union all select id, version, user_account_id, null as company, null as sector, null as link, null as statement, 17 as clazz_ from authenticated ) roles0_ where roles0_.user_account_id=? 
2022-04-01 17:20:15.482 TRACE [org.hibernate.type.descriptor.sql.BasicBinder@http-nio-8080-exec-8] binding parameter [1] as [INTEGER] - [1] 
2022-04-01 17:20:15.575 DEBUG [org.hibernate.SQL@http-nio-8080-exec-1] select useraccoun0_.id as id1_0_, useraccoun0_.version as version2_0_, useraccoun0_.enabled as enabled1_16_, useraccoun0_.identity as identity2_16_, useraccoun0_.password as password3_16_, useraccoun0_.username as username4_16_ from user_account useraccoun0_ where useraccoun0_.username=? 
2022-04-01 17:20:15.576 TRACE [org.hibernate.type.descriptor.sql.BasicBinder@http-nio-8080-exec-1] binding parameter [1] as [VARCHAR] - [anonymous] 
2022-04-01 17:20:15.579 DEBUG [org.hibernate.SQL@http-nio-8080-exec-1] select roles0_.user_account_id as user_acc1_17_0_, roles0_.id as id1_17_0_, roles0_.id as id1_0_1_, roles0_.version as version2_0_1_, roles0_.user_account_id as user_acc1_17_1_, roles0_.company as company1_7_1_, roles0_.sector as sector2_7_1_, roles0_.company as company1_8_1_, roles0_.link as link2_8_1_, roles0_.statement as statemen3_8_1_, roles0_.company as company1_9_1_, roles0_.link as link2_9_1_, roles0_.statement as statemen3_9_1_, roles0_.company as company1_12_1_, roles0_.sector as sector2_12_1_, roles0_.clazz_ as clazz_1_ from ( select id, version, user_account_id, company, sector, null as link, null as statement, 10 as clazz_ from consumer union all select id, version, user_account_id, company, null as sector, link, statement, 11 as clazz_ from inventor union all select id, version, user_account_id, company, null as sector, link, statement, 12 as clazz_ from patron union all select id, version, user_account_id, company, sector, null as link, null as statement, 13 as clazz_ from provider union all select id, version, user_account_id, null as company, null as sector, null as link, null as statement, 15 as clazz_ from administrator union all select id, version, user_account_id, null as company, null as sector, null as link, null as statement, 16 as clazz_ from anonymous union all select id, version, user_account_id, null as company, null as sector, null as link, null as statement, 17 as clazz_ from authenticated ) roles0_ where roles0_.user_account_id=? 
2022-04-01 17:20:15.580 TRACE [org.hibernate.type.descriptor.sql.BasicBinder@http-nio-8080-exec-1] binding parameter [1] as [INTEGER] - [1] 
2022-04-01 17:20:25.836 DEBUG [org.hibernate.SQL@http-nio-8080-exec-4] select useraccoun0_.id as id1_0_, useraccoun0_.version as version2_0_, useraccoun0_.enabled as enabled1_16_, useraccoun0_.identity as identity2_16_, useraccoun0_.password as password3_16_, useraccoun0_.username as username4_16_ from user_account useraccoun0_ where useraccoun0_.username=? 
2022-04-01 17:20:25.838 TRACE [org.hibernate.type.descriptor.sql.BasicBinder@http-nio-8080-exec-4] binding parameter [1] as [VARCHAR] - [inventor1] 
2022-04-01 17:20:25.846 DEBUG [org.hibernate.SQL@http-nio-8080-exec-4] select roles0_.user_account_id as user_acc1_17_0_, roles0_.id as id1_17_0_, roles0_.id as id1_0_1_, roles0_.version as version2_0_1_, roles0_.user_account_id as user_acc1_17_1_, roles0_.company as company1_7_1_, roles0_.sector as sector2_7_1_, roles0_.company as company1_8_1_, roles0_.link as link2_8_1_, roles0_.statement as statemen3_8_1_, roles0_.company as company1_9_1_, roles0_.link as link2_9_1_, roles0_.statement as statemen3_9_1_, roles0_.company as company1_12_1_, roles0_.sector as sector2_12_1_, roles0_.clazz_ as clazz_1_ from ( select id, version, user_account_id, company, sector, null as link, null as statement, 10 as clazz_ from consumer union all select id, version, user_account_id, company, null as sector, link, statement, 11 as clazz_ from inventor union all select id, version, user_account_id, company, null as sector, link, statement, 12 as clazz_ from patron union all select id, version, user_account_id, company, sector, null as link, null as statement, 13 as clazz_ from provider union all select id, version, user_account_id, null as company, null as sector, null as link, null as statement, 15 as clazz_ from administrator union all select id, version, user_account_id, null as company, null as sector, null as link, null as statement, 16 as clazz_ from anonymous union all select id, version, user_account_id, null as company, null as sector, null as link, null as statement, 17 as clazz_ from authenticated ) roles0_ where roles0_.user_account_id=? 
2022-04-01 17:20:25.848 TRACE [org.hibernate.type.descriptor.sql.BasicBinder@http-nio-8080-exec-4] binding parameter [1] as [INTEGER] - [8] 
2022-04-01 17:20:25.927 DEBUG [acme.framework.components.tiles.DynamicTilesView@http-nio-8080-exec-6] View name 'fragments/welcome', model {} 
2022-04-01 17:20:25.932 DEBUG [org.apache.jasper.servlet.JspServlet@http-nio-8080-exec-6] JspEngine --> /WEB-INF/views/master/page.jsp 
2022-04-01 17:20:25.933 DEBUG [org.apache.jasper.servlet.JspServlet@http-nio-8080-exec-6] ServletPath: /WEB-INF/views/master/page.jsp 
2022-04-01 17:20:25.934 DEBUG [org.apache.jasper.servlet.JspServlet@http-nio-8080-exec-6] PathInfo: null 
2022-04-01 17:20:25.940 DEBUG [org.apache.jasper.servlet.JspServlet@http-nio-8080-exec-6] RealPath: D:\Mario\Universidad\3º de Carrera 2021-2022\2 - Diseño y Pruebas II (DP2)\Workspace-22.0\Projects\Acme-Toolkits\target\classes\WEB-INF\views\master\page.jsp 
2022-04-01 17:20:25.944 DEBUG [org.apache.jasper.servlet.JspServlet@http-nio-8080-exec-6] RequestURI: /acme-toolkits-0.1/WEB-INF/views/master/page.jsp 
2022-04-01 17:20:25.946 DEBUG [org.apache.jasper.servlet.JspServlet@http-nio-8080-exec-6] QueryString: null 
2022-04-01 17:20:26.163 DEBUG [org.apache.jasper.servlet.JspServlet@http-nio-8080-exec-6] JspEngine --> /WEB-INF/views/fragments/welcome.jsp 
2022-04-01 17:20:26.164 DEBUG [org.apache.jasper.servlet.JspServlet@http-nio-8080-exec-6] ServletPath: /WEB-INF/views/master/page.jsp 
2022-04-01 17:20:26.165 DEBUG [org.apache.jasper.servlet.JspServlet@http-nio-8080-exec-6] PathInfo: null 
2022-04-01 17:20:26.169 DEBUG [org.apache.jasper.servlet.JspServlet@http-nio-8080-exec-6] RealPath: D:\Mario\Universidad\3º de Carrera 2021-2022\2 - Diseño y Pruebas II (DP2)\Workspace-22.0\Projects\Acme-Toolkits\target\classes\WEB-INF\views\fragments\welcome.jsp 
2022-04-01 17:20:26.169 DEBUG [org.apache.jasper.servlet.JspServlet@http-nio-8080-exec-6] RequestURI: /acme-toolkits-0.1/WEB-INF/views/master/page.jsp 
2022-04-01 17:20:26.170 DEBUG [org.apache.jasper.servlet.JspServlet@http-nio-8080-exec-6] QueryString: null 
2022-04-01 17:20:41.331 DEBUG [acme.framework.controllers.AbstractController@http-nio-8080-exec-8] DISPATCHING GET /acme-toolkits-0.1/inventor/toolkit/list-mine 
2022-04-01 17:20:41.332 DEBUG [acme.framework.controllers.AbstractController@http-nio-8080-exec-8] Command: list-mine 
2022-04-01 17:20:41.332 DEBUG [acme.framework.controllers.AbstractController@http-nio-8080-exec-8] Model:   {} 
2022-04-01 17:20:41.333 DEBUG [acme.framework.controllers.AbstractController@http-nio-8080-exec-8] Locale:  en 
2022-04-01 17:20:41.409 DEBUG [org.hibernate.SQL@http-nio-8080-exec-8] select toolkit0_.id as id1_0_, toolkit0_.version as version2_0_, toolkit0_.assembly_notes as assembly1_15_, toolkit0_.code as code2_15_, toolkit0_.description as descript3_15_, toolkit0_.link as link4_15_, toolkit0_.title as title5_15_ from toolkit toolkit0_ inner join quantity quantity1_ on (quantity1_.toolkit_id=toolkit0_.id) inner join artefact artefact2_ on (artefact2_.id=quantity1_.artefact_id) where artefact2_.inventor_id=? 
2022-04-01 17:20:41.411 TRACE [org.hibernate.type.descriptor.sql.BasicBinder@http-nio-8080-exec-8] binding parameter [1] as [INTEGER] - [16] 
2022-04-01 17:20:41.507 DEBUG [acme.framework.controllers.AbstractController@http-nio-8080-exec-8] SERVING GET /acme-toolkits-0.1/inventor/toolkit/list-mine 
2022-04-01 17:20:41.507 DEBUG [acme.framework.controllers.AbstractController@http-nio-8080-exec-8] Result: ModelAndView [view="inventor/toolkit/list"; model={link[1]= https://www.google.es, description[1]= New description 1, link[0]= https://www.google.com, title[1]= New title 1, description[0]= New description 2, version[1]=0, list$size=2, code[0]=ABB-321-A, version[0]=0, title[0]= New title 2, code[1]=AAA-123-A, id[1]=38, id[0]=39, assemblyNotes[0]= This is assembly notes 2, assemblyNotes[1]= This is assembly notes 1, command=list-mine, principal=acme.framework.entities.Principal@1976770e}] 
2022-04-01 17:20:41.520 DEBUG [acme.framework.components.tiles.DynamicTilesView@http-nio-8080-exec-8] View name 'inventor/toolkit/list', model {link[1]= https://www.google.es, description[1]= New description 1, link[0]= https://www.google.com, title[1]= New title 1, description[0]= New description 2, version[1]=0, list$size=2, code[0]=ABB-321-A, version[0]=0, title[0]= New title 2, code[1]=AAA-123-A, id[1]=38, id[0]=39, assemblyNotes[0]= This is assembly notes 2, assemblyNotes[1]= This is assembly notes 1, command=list-mine, principal=acme.framework.entities.Principal@1976770e, org.springframework.validation.BindingResult.principal=org.springframework.validation.BeanPropertyBindingResult: 0 errors} 
2022-04-01 17:20:41.524 DEBUG [org.apache.jasper.servlet.JspServlet@http-nio-8080-exec-8] JspEngine --> /WEB-INF/views/master/page.jsp 
2022-04-01 17:20:41.526 DEBUG [org.apache.jasper.servlet.JspServlet@http-nio-8080-exec-8] ServletPath: /WEB-INF/views/master/page.jsp 
2022-04-01 17:20:41.528 DEBUG [org.apache.jasper.servlet.JspServlet@http-nio-8080-exec-8] PathInfo: null 
2022-04-01 17:20:41.531 DEBUG [org.apache.jasper.servlet.JspServlet@http-nio-8080-exec-8] RealPath: D:\Mario\Universidad\3º de Carrera 2021-2022\2 - Diseño y Pruebas II (DP2)\Workspace-22.0\Projects\Acme-Toolkits\target\classes\WEB-INF\views\master\page.jsp 
2022-04-01 17:20:41.532 DEBUG [org.apache.jasper.servlet.JspServlet@http-nio-8080-exec-8] RequestURI: /acme-toolkits-0.1/WEB-INF/views/master/page.jsp 
2022-04-01 17:20:41.534 DEBUG [org.apache.jasper.servlet.JspServlet@http-nio-8080-exec-8] QueryString: null 
2022-04-01 17:20:41.761 DEBUG [org.apache.jasper.servlet.JspServlet@http-nio-8080-exec-8] JspEngine --> /WEB-INF/views/inventor/toolkit/list.jsp 
2022-04-01 17:20:41.763 DEBUG [org.apache.jasper.servlet.JspServlet@http-nio-8080-exec-8] ServletPath: /WEB-INF/views/master/page.jsp 
2022-04-01 17:20:41.765 DEBUG [org.apache.jasper.servlet.JspServlet@http-nio-8080-exec-8] PathInfo: null 
2022-04-01 17:20:41.768 DEBUG [org.apache.jasper.servlet.JspServlet@http-nio-8080-exec-8] RealPath: D:\Mario\Universidad\3º de Carrera 2021-2022\2 - Diseño y Pruebas II (DP2)\Workspace-22.0\Projects\Acme-Toolkits\target\classes\WEB-INF\views\inventor\toolkit\list.jsp 
2022-04-01 17:20:41.769 DEBUG [org.apache.jasper.servlet.JspServlet@http-nio-8080-exec-8] RequestURI: /acme-toolkits-0.1/WEB-INF/views/master/page.jsp 
2022-04-01 17:20:41.770 DEBUG [org.apache.jasper.servlet.JspServlet@http-nio-8080-exec-8] QueryString: null 
2022-04-01 17:20:44.854 DEBUG [acme.framework.controllers.AbstractController@http-nio-8080-exec-8] DISPATCHING GET /acme-toolkits-0.1/inventor/toolkit/show 
2022-04-01 17:20:44.855 DEBUG [acme.framework.controllers.AbstractController@http-nio-8080-exec-8] Command: show 
2022-04-01 17:20:44.856 DEBUG [acme.framework.controllers.AbstractController@http-nio-8080-exec-8] Model:   {id=39} 
2022-04-01 17:20:44.857 DEBUG [acme.framework.controllers.AbstractController@http-nio-8080-exec-8] Locale:  en 
2022-04-01 17:20:44.883 DEBUG [org.hibernate.SQL@http-nio-8080-exec-8] select toolkit0_.id as id1_0_, toolkit0_.version as version2_0_, toolkit0_.assembly_notes as assembly1_15_, toolkit0_.code as code2_15_, toolkit0_.description as descript3_15_, toolkit0_.link as link4_15_, toolkit0_.title as title5_15_ from toolkit toolkit0_ where toolkit0_.id=? 
2022-04-01 17:20:44.884 TRACE [org.hibernate.type.descriptor.sql.BasicBinder@http-nio-8080-exec-8] binding parameter [1] as [INTEGER] - [39] 
2022-04-01 17:20:44.894 DEBUG [acme.framework.controllers.AbstractController@http-nio-8080-exec-8] SERVING GET /acme-toolkits-0.1/inventor/toolkit/show 
2022-04-01 17:20:44.894 DEBUG [acme.framework.controllers.AbstractController@http-nio-8080-exec-8] Result: ModelAndView [view="inventor/toolkit/form"; model={assemblyNotes= This is assembly notes 2, code=ABB-321-A, link= https://www.google.com, description= New description 2, id=39, title= New title 2, version=0, command=show, principal=acme.framework.entities.Principal@1976770e}] 
2022-04-01 17:20:44.896 DEBUG [acme.framework.components.tiles.DynamicTilesView@http-nio-8080-exec-8] View name 'inventor/toolkit/form', model {assemblyNotes= This is assembly notes 2, code=ABB-321-A, link= https://www.google.com, description= New description 2, id=39, title= New title 2, version=0, command=show, principal=acme.framework.entities.Principal@1976770e, org.springframework.validation.BindingResult.principal=org.springframework.validation.BeanPropertyBindingResult: 0 errors} 
2022-04-01 17:20:44.899 DEBUG [org.apache.jasper.servlet.JspServlet@http-nio-8080-exec-8] JspEngine --> /WEB-INF/views/master/page.jsp 
2022-04-01 17:20:44.901 DEBUG [org.apache.jasper.servlet.JspServlet@http-nio-8080-exec-8] ServletPath: /WEB-INF/views/master/page.jsp 
2022-04-01 17:20:44.902 DEBUG [org.apache.jasper.servlet.JspServlet@http-nio-8080-exec-8] PathInfo: null 
2022-04-01 17:20:44.907 DEBUG [org.apache.jasper.servlet.JspServlet@http-nio-8080-exec-8] RealPath: D:\Mario\Universidad\3º de Carrera 2021-2022\2 - Diseño y Pruebas II (DP2)\Workspace-22.0\Projects\Acme-Toolkits\target\classes\WEB-INF\views\master\page.jsp 
2022-04-01 17:20:44.908 DEBUG [org.apache.jasper.servlet.JspServlet@http-nio-8080-exec-8] RequestURI: /acme-toolkits-0.1/WEB-INF/views/master/page.jsp 
2022-04-01 17:20:44.910 DEBUG [org.apache.jasper.servlet.JspServlet@http-nio-8080-exec-8] QueryString: id=39 
2022-04-01 17:20:45.244 DEBUG [org.apache.jasper.servlet.JspServlet@http-nio-8080-exec-8] JspEngine --> /WEB-INF/views/inventor/toolkit/form.jsp 
2022-04-01 17:20:45.246 DEBUG [org.apache.jasper.servlet.JspServlet@http-nio-8080-exec-8] ServletPath: /WEB-INF/views/master/page.jsp 
2022-04-01 17:20:45.247 DEBUG [org.apache.jasper.servlet.JspServlet@http-nio-8080-exec-8] PathInfo: null 
2022-04-01 17:20:45.249 DEBUG [org.apache.jasper.servlet.JspServlet@http-nio-8080-exec-8] RealPath: D:\Mario\Universidad\3º de Carrera 2021-2022\2 - Diseño y Pruebas II (DP2)\Workspace-22.0\Projects\Acme-Toolkits\target\classes\WEB-INF\views\inventor\toolkit\form.jsp 
2022-04-01 17:20:45.250 DEBUG [org.apache.jasper.servlet.JspServlet@http-nio-8080-exec-8] RequestURI: /acme-toolkits-0.1/WEB-INF/views/master/page.jsp 
2022-04-01 17:20:45.250 DEBUG [org.apache.jasper.servlet.JspServlet@http-nio-8080-exec-8] QueryString: id=39 
2022-04-01 17:20:47.501 DEBUG [acme.framework.controllers.AbstractController@http-nio-8080-exec-8] DISPATCHING GET /acme-toolkits-0.1/inventor/artefact/list-componets-toolkit 
2022-04-01 17:20:47.502 DEBUG [acme.framework.controllers.AbstractController@http-nio-8080-exec-8] Command: list-componets-toolkit 
2022-04-01 17:20:47.503 DEBUG [acme.framework.controllers.AbstractController@http-nio-8080-exec-8] Model:   {} 
2022-04-01 17:20:47.503 DEBUG [acme.framework.controllers.AbstractController@http-nio-8080-exec-8] Locale:  en 
2022-04-01 17:20:47.538 DEBUG [org.hibernate.SQL@http-nio-8080-exec-8] select distinct artefact2_.id as id1_0_, artefact2_.version as version2_0_, artefact2_.code as code1_4_, artefact2_.description as descript2_4_, artefact2_.inventor_id as inventor9_4_, artefact2_.more_info as more_inf3_4_, artefact2_.name as name4_4_, artefact2_.retail_price_amount as retail_p5_4_, artefact2_.retail_price_currency as retail_p6_4_, artefact2_.technology as technolo7_4_, artefact2_.type as type8_4_ from toolkit toolkit0_ inner join quantity quantity1_ on (quantity1_.toolkit_id=toolkit0_.id) inner join artefact artefact2_ on (artefact2_.id=quantity1_.artefact_id) where toolkit0_.id=? and artefact2_.type=0 
2022-04-01 17:20:47.540 TRACE [org.hibernate.type.descriptor.sql.BasicBinder@http-nio-8080-exec-8] binding parameter [1] as [INTEGER] - [-1] 
2022-04-01 17:20:47.646 DEBUG [acme.framework.controllers.AbstractController@http-nio-8080-exec-8] SERVING GET /acme-toolkits-0.1/inventor/artefact/list-componets-toolkit 
2022-04-01 17:20:47.647 DEBUG [acme.framework.controllers.AbstractController@http-nio-8080-exec-8] Result: ModelAndView [view="inventor/artefact/list"; model={list$size=0, command=list-componets-toolkit, principal=acme.framework.entities.Principal@1976770e}] 
2022-04-01 17:20:47.648 DEBUG [acme.framework.components.tiles.DynamicTilesView@http-nio-8080-exec-8] View name 'inventor/artefact/list', model {list$size=0, command=list-componets-toolkit, principal=acme.framework.entities.Principal@1976770e, org.springframework.validation.BindingResult.principal=org.springframework.validation.BeanPropertyBindingResult: 0 errors} 
2022-04-01 17:20:47.649 DEBUG [org.apache.jasper.servlet.JspServlet@http-nio-8080-exec-8] JspEngine --> /WEB-INF/views/master/page.jsp 
2022-04-01 17:20:47.650 DEBUG [org.apache.jasper.servlet.JspServlet@http-nio-8080-exec-8] ServletPath: /WEB-INF/views/master/page.jsp 
2022-04-01 17:20:47.651 DEBUG [org.apache.jasper.servlet.JspServlet@http-nio-8080-exec-8] PathInfo: null 
2022-04-01 17:20:47.654 DEBUG [org.apache.jasper.servlet.JspServlet@http-nio-8080-exec-8] RealPath: D:\Mario\Universidad\3º de Carrera 2021-2022\2 - Diseño y Pruebas II (DP2)\Workspace-22.0\Projects\Acme-Toolkits\target\classes\WEB-INF\views\master\page.jsp 
2022-04-01 17:20:47.655 DEBUG [org.apache.jasper.servlet.JspServlet@http-nio-8080-exec-8] RequestURI: /acme-toolkits-0.1/WEB-INF/views/master/page.jsp 
2022-04-01 17:20:47.657 DEBUG [org.apache.jasper.servlet.JspServlet@http-nio-8080-exec-8] QueryString: null 
2022-04-01 17:20:47.916 DEBUG [org.apache.jasper.servlet.JspServlet@http-nio-8080-exec-8] JspEngine --> /WEB-INF/views/inventor/artefact/list.jsp 
2022-04-01 17:20:47.917 DEBUG [org.apache.jasper.servlet.JspServlet@http-nio-8080-exec-8] ServletPath: /WEB-INF/views/master/page.jsp 
2022-04-01 17:20:47.918 DEBUG [org.apache.jasper.servlet.JspServlet@http-nio-8080-exec-8] PathInfo: null 
2022-04-01 17:20:47.919 DEBUG [org.apache.jasper.servlet.JspServlet@http-nio-8080-exec-8] RealPath: D:\Mario\Universidad\3º de Carrera 2021-2022\2 - Diseño y Pruebas II (DP2)\Workspace-22.0\Projects\Acme-Toolkits\target\classes\WEB-INF\views\inventor\artefact\list.jsp 
2022-04-01 17:20:47.920 DEBUG [org.apache.jasper.servlet.JspServlet@http-nio-8080-exec-8] RequestURI: /acme-toolkits-0.1/WEB-INF/views/master/page.jsp 
2022-04-01 17:20:47.921 DEBUG [org.apache.jasper.servlet.JspServlet@http-nio-8080-exec-8] QueryString: null 
