2022-04-17 18:24:15.592 INFO  [acme.Launcher@main] Starting Launcher using Java 1.8.0_281 on DESKTOP-N4D8411 with PID 7656 (C:\Users\DP2\Desktop\Workspace-22.0\Workspace-22.0\Frameworks\Acme-Framework-22.3\target\classes started by DP2 in C:\Users\DP2\Desktop\Workspace-22.0\Workspace-22.0\Projects\Acme-Toolkits) 
2022-04-17 18:24:15.593 DEBUG [acme.Launcher@main] Running with Spring Boot v2.4.2, Spring v5.3.3 
2022-04-17 18:24:15.594 INFO  [acme.Launcher@main] The following profiles are active: development,default 
2022-04-17 18:24:17.875 DEBUG [org.apache.jasper.servlet.JasperInitializer@main] Initializing Jasper for context [application] 
2022-04-17 18:24:22.347 DEBUG [org.apache.jasper.servlet.JspServlet@main] Scratch dir for the JSP engine is: [C:\Users\DP2\AppData\Local\Temp\tomcat.8080.345112864793969309\work\Tomcat\localhost\acme-toolkits-0.1] 
2022-04-17 18:24:22.348 DEBUG [org.apache.jasper.servlet.JspServlet@main] IMPORTANT: Do not modify the generated servlets 
2022-04-17 18:24:22.359 INFO  [acme.Launcher@main] Started Launcher in 7.442 seconds (JVM running for 7.941) 
2022-04-17 18:24:22.365 DEBUG [acme.Launcher@main] Found classpath entry '/C:/Users/DP2/Desktop/Workspace-22.0/Workspace-22.0/Projects/Acme-Toolkits/target/test-classes/' 
2022-04-17 18:24:22.366 DEBUG [acme.Launcher@main] Found classpath entry '/C:/Users/DP2/Desktop/Workspace-22.0/Workspace-22.0/Projects/Acme-Toolkits/target/classes/' 
2022-04-17 18:24:22.366 DEBUG [acme.Launcher@main] Found classpath entry '/C:/Users/DP2/Desktop/Workspace-22.0/Workspace-22.0/Frameworks/Acme-Framework-22.3/target/classes/' 
2022-04-17 18:24:22.366 DEBUG [acme.Launcher@main] Found classpath entry '/C:/Users/DP2/Desktop/Workspace-22.0/Workspace-22.0/Frameworks/Acme-Framework-22.3/target/test-classes/' 
2022-04-17 18:24:22.366 DEBUG [acme.Launcher@main] Found classpath entry '/C:/Users/DP2/.m2/repository/org/springframework/boot/spring-boot-starter-tomcat/2.4.2/spring-boot-starter-tomcat-2.4.2.jar' 
2022-04-17 18:24:22.366 DEBUG [acme.Launcher@main] Found classpath entry '/C:/Users/DP2/.m2/repository/jakarta/annotation/jakarta.annotation-api/1.3.5/jakarta.annotation-api-1.3.5.jar' 
2022-04-17 18:24:22.367 DEBUG [acme.Launcher@main] Found classpath entry '/C:/Users/DP2/.m2/repository/org/apache/tomcat/embed/tomcat-embed-core/9.0.41/tomcat-embed-core-9.0.41.jar' 
2022-04-17 18:24:22.367 DEBUG [acme.Launcher@main] Found classpath entry '/C:/Users/DP2/.m2/repository/org/glassfish/jakarta.el/3.0.3/jakarta.el-3.0.3.jar' 
2022-04-17 18:24:22.367 DEBUG [acme.Launcher@main] Found classpath entry '/C:/Users/DP2/.m2/repository/org/apache/tomcat/embed/tomcat-embed-websocket/9.0.41/tomcat-embed-websocket-9.0.41.jar' 
2022-04-17 18:24:22.367 DEBUG [acme.Launcher@main] Found classpath entry '/C:/Users/DP2/.m2/repository/org/apache/tomcat/embed/tomcat-embed-jasper/9.0.41/tomcat-embed-jasper-9.0.41.jar' 
2022-04-17 18:24:22.368 DEBUG [acme.Launcher@main] Found classpath entry '/C:/Users/DP2/.m2/repository/org/apache/tomcat/embed/tomcat-embed-el/9.0.41/tomcat-embed-el-9.0.41.jar' 
2022-04-17 18:24:22.368 DEBUG [acme.Launcher@main] Found classpath entry '/C:/Users/DP2/.m2/repository/org/eclipse/jdt/ecj/3.18.0/ecj-3.18.0.jar' 
2022-04-17 18:24:22.368 DEBUG [acme.Launcher@main] Found classpath entry '/C:/Users/DP2/.m2/repository/javax/servlet/jstl/1.2/jstl-1.2.jar' 
2022-04-17 18:24:22.368 DEBUG [acme.Launcher@main] Found classpath entry '/C:/Users/DP2/.m2/repository/org/springframework/boot/spring-boot-starter-test/2.4.2/spring-boot-starter-test-2.4.2.jar' 
2022-04-17 18:24:22.368 DEBUG [acme.Launcher@main] Found classpath entry '/C:/Users/DP2/.m2/repository/org/springframework/boot/spring-boot-starter/2.4.2/spring-boot-starter-2.4.2.jar' 
2022-04-17 18:24:22.369 DEBUG [acme.Launcher@main] Found classpath entry '/C:/Users/DP2/.m2/repository/org/springframework/boot/spring-boot/2.4.2/spring-boot-2.4.2.jar' 
2022-04-17 18:24:22.369 DEBUG [acme.Launcher@main] Found classpath entry '/C:/Users/DP2/.m2/repository/org/springframework/boot/spring-boot-autoconfigure/2.4.2/spring-boot-autoconfigure-2.4.2.jar' 
2022-04-17 18:24:22.369 DEBUG [acme.Launcher@main] Found classpath entry '/C:/Users/DP2/.m2/repository/org/springframework/boot/spring-boot-starter-logging/2.4.2/spring-boot-starter-logging-2.4.2.jar' 
2022-04-17 18:24:22.370 DEBUG [acme.Launcher@main] Found classpath entry '/C:/Users/DP2/.m2/repository/ch/qos/logback/logback-classic/1.2.3/logback-classic-1.2.3.jar' 
2022-04-17 18:24:22.370 DEBUG [acme.Launcher@main] Found classpath entry '/C:/Users/DP2/.m2/repository/ch/qos/logback/logback-core/1.2.3/logback-core-1.2.3.jar' 
2022-04-17 18:24:22.370 DEBUG [acme.Launcher@main] Found classpath entry '/C:/Users/DP2/.m2/repository/org/apache/logging/log4j/log4j-to-slf4j/2.13.3/log4j-to-slf4j-2.13.3.jar' 
2022-04-17 18:24:22.370 DEBUG [acme.Launcher@main] Found classpath entry '/C:/Users/DP2/.m2/repository/org/apache/logging/log4j/log4j-api/2.13.3/log4j-api-2.13.3.jar' 
2022-04-17 18:24:22.371 DEBUG [acme.Launcher@main] Found classpath entry '/C:/Users/DP2/.m2/repository/org/slf4j/jul-to-slf4j/1.7.30/jul-to-slf4j-1.7.30.jar' 
2022-04-17 18:24:22.371 DEBUG [acme.Launcher@main] Found classpath entry '/C:/Users/DP2/.m2/repository/org/yaml/snakeyaml/1.27/snakeyaml-1.27.jar' 
2022-04-17 18:24:22.371 DEBUG [acme.Launcher@main] Found classpath entry '/C:/Users/DP2/.m2/repository/org/springframework/boot/spring-boot-test/2.4.2/spring-boot-test-2.4.2.jar' 
2022-04-17 18:24:22.371 DEBUG [acme.Launcher@main] Found classpath entry '/C:/Users/DP2/.m2/repository/org/springframework/boot/spring-boot-test-autoconfigure/2.4.2/spring-boot-test-autoconfigure-2.4.2.jar' 
2022-04-17 18:24:22.371 DEBUG [acme.Launcher@main] Found classpath entry '/C:/Users/DP2/.m2/repository/com/jayway/jsonpath/json-path/2.4.0/json-path-2.4.0.jar' 
2022-04-17 18:24:22.372 DEBUG [acme.Launcher@main] Found classpath entry '/C:/Users/DP2/.m2/repository/net/minidev/json-smart/2.3/json-smart-2.3.jar' 
2022-04-17 18:24:22.372 DEBUG [acme.Launcher@main] Found classpath entry '/C:/Users/DP2/.m2/repository/net/minidev/accessors-smart/1.2/accessors-smart-1.2.jar' 
2022-04-17 18:24:22.372 DEBUG [acme.Launcher@main] Found classpath entry '/C:/Users/DP2/.m2/repository/org/ow2/asm/asm/5.0.4/asm-5.0.4.jar' 
2022-04-17 18:24:22.372 DEBUG [acme.Launcher@main] Found classpath entry '/C:/Users/DP2/.m2/repository/jakarta/xml/bind/jakarta.xml.bind-api/2.3.3/jakarta.xml.bind-api-2.3.3.jar' 
2022-04-17 18:24:22.372 DEBUG [acme.Launcher@main] Found classpath entry '/C:/Users/DP2/.m2/repository/jakarta/activation/jakarta.activation-api/1.2.2/jakarta.activation-api-1.2.2.jar' 
2022-04-17 18:24:22.373 DEBUG [acme.Launcher@main] Found classpath entry '/C:/Users/DP2/.m2/repository/org/assertj/assertj-core/3.18.1/assertj-core-3.18.1.jar' 
2022-04-17 18:24:22.373 DEBUG [acme.Launcher@main] Found classpath entry '/C:/Users/DP2/.m2/repository/org/hamcrest/hamcrest/2.2/hamcrest-2.2.jar' 
2022-04-17 18:24:22.373 DEBUG [acme.Launcher@main] Found classpath entry '/C:/Users/DP2/.m2/repository/org/junit/jupiter/junit-jupiter/5.7.0/junit-jupiter-5.7.0.jar' 
2022-04-17 18:24:22.373 DEBUG [acme.Launcher@main] Found classpath entry '/C:/Users/DP2/.m2/repository/org/mockito/mockito-core/3.6.28/mockito-core-3.6.28.jar' 
2022-04-17 18:24:22.373 DEBUG [acme.Launcher@main] Found classpath entry '/C:/Users/DP2/.m2/repository/net/bytebuddy/byte-buddy-agent/1.10.19/byte-buddy-agent-1.10.19.jar' 
2022-04-17 18:24:22.374 DEBUG [acme.Launcher@main] Found classpath entry '/C:/Users/DP2/.m2/repository/org/objenesis/objenesis/3.1/objenesis-3.1.jar' 
2022-04-17 18:24:22.374 DEBUG [acme.Launcher@main] Found classpath entry '/C:/Users/DP2/.m2/repository/org/mockito/mockito-junit-jupiter/3.6.28/mockito-junit-jupiter-3.6.28.jar' 
2022-04-17 18:24:22.374 DEBUG [acme.Launcher@main] Found classpath entry '/C:/Users/DP2/.m2/repository/org/skyscreamer/jsonassert/1.5.0/jsonassert-1.5.0.jar' 
2022-04-17 18:24:22.374 DEBUG [acme.Launcher@main] Found classpath entry '/C:/Users/DP2/.m2/repository/com/vaadin/external/google/android-json/0.0.20131108.vaadin1/android-json-0.0.20131108.vaadin1.jar' 
2022-04-17 18:24:22.374 DEBUG [acme.Launcher@main] Found classpath entry '/C:/Users/DP2/.m2/repository/org/springframework/spring-core/5.3.3/spring-core-5.3.3.jar' 
2022-04-17 18:24:22.375 DEBUG [acme.Launcher@main] Found classpath entry '/C:/Users/DP2/.m2/repository/org/springframework/spring-jcl/5.3.3/spring-jcl-5.3.3.jar' 
2022-04-17 18:24:22.375 DEBUG [acme.Launcher@main] Found classpath entry '/C:/Users/DP2/.m2/repository/org/springframework/spring-test/5.3.3/spring-test-5.3.3.jar' 
2022-04-17 18:24:22.375 DEBUG [acme.Launcher@main] Found classpath entry '/C:/Users/DP2/.m2/repository/org/xmlunit/xmlunit-core/2.7.0/xmlunit-core-2.7.0.jar' 
2022-04-17 18:24:22.375 DEBUG [acme.Launcher@main] Found classpath entry '/C:/Users/DP2/.m2/repository/org/springframework/boot/spring-boot-starter-security/2.4.2/spring-boot-starter-security-2.4.2.jar' 
2022-04-17 18:24:22.375 DEBUG [acme.Launcher@main] Found classpath entry '/C:/Users/DP2/.m2/repository/org/springframework/spring-aop/5.3.3/spring-aop-5.3.3.jar' 
2022-04-17 18:24:22.376 DEBUG [acme.Launcher@main] Found classpath entry '/C:/Users/DP2/.m2/repository/org/springframework/security/spring-security-web/5.4.2/spring-security-web-5.4.2.jar' 
2022-04-17 18:24:22.376 DEBUG [acme.Launcher@main] Found classpath entry '/C:/Users/DP2/.m2/repository/org/springframework/security/spring-security-core/5.4.2/spring-security-core-5.4.2.jar' 
2022-04-17 18:24:22.376 DEBUG [acme.Launcher@main] Found classpath entry '/C:/Users/DP2/.m2/repository/org/springframework/spring-beans/5.3.3/spring-beans-5.3.3.jar' 
2022-04-17 18:24:22.376 DEBUG [acme.Launcher@main] Found classpath entry '/C:/Users/DP2/.m2/repository/org/springframework/spring-context/5.3.3/spring-context-5.3.3.jar' 
2022-04-17 18:24:22.376 DEBUG [acme.Launcher@main] Found classpath entry '/C:/Users/DP2/.m2/repository/org/springframework/spring-expression/5.3.3/spring-expression-5.3.3.jar' 
2022-04-17 18:24:22.377 DEBUG [acme.Launcher@main] Found classpath entry '/C:/Users/DP2/.m2/repository/org/springframework/spring-web/5.3.3/spring-web-5.3.3.jar' 
2022-04-17 18:24:22.377 DEBUG [acme.Launcher@main] Found classpath entry '/C:/Users/DP2/.m2/repository/org/springframework/security/spring-security-config/5.4.2/spring-security-config-5.4.2.jar' 
2022-04-17 18:24:22.377 DEBUG [acme.Launcher@main] Found classpath entry '/C:/Users/DP2/.m2/repository/org/springframework/security/spring-security-taglibs/5.4.2/spring-security-taglibs-5.4.2.jar' 
2022-04-17 18:24:22.377 DEBUG [acme.Launcher@main] Found classpath entry '/C:/Users/DP2/.m2/repository/org/springframework/security/spring-security-acl/5.4.2/spring-security-acl-5.4.2.jar' 
2022-04-17 18:24:22.377 DEBUG [acme.Launcher@main] Found classpath entry '/C:/Users/DP2/.m2/repository/org/springframework/spring-jdbc/5.3.3/spring-jdbc-5.3.3.jar' 
2022-04-17 18:24:22.378 DEBUG [acme.Launcher@main] Found classpath entry '/C:/Users/DP2/.m2/repository/org/springframework/spring-tx/5.3.3/spring-tx-5.3.3.jar' 
2022-04-17 18:24:22.378 DEBUG [acme.Launcher@main] Found classpath entry '/C:/Users/DP2/.m2/repository/org/springframework/boot/spring-boot-starter-web/2.4.2/spring-boot-starter-web-2.4.2.jar' 
2022-04-17 18:24:22.378 DEBUG [acme.Launcher@main] Found classpath entry '/C:/Users/DP2/.m2/repository/org/springframework/boot/spring-boot-starter-json/2.4.2/spring-boot-starter-json-2.4.2.jar' 
2022-04-17 18:24:22.378 DEBUG [acme.Launcher@main] Found classpath entry '/C:/Users/DP2/.m2/repository/com/fasterxml/jackson/core/jackson-databind/2.11.4/jackson-databind-2.11.4.jar' 
2022-04-17 18:24:22.378 DEBUG [acme.Launcher@main] Found classpath entry '/C:/Users/DP2/.m2/repository/com/fasterxml/jackson/core/jackson-annotations/2.11.4/jackson-annotations-2.11.4.jar' 
2022-04-17 18:24:22.379 DEBUG [acme.Launcher@main] Found classpath entry '/C:/Users/DP2/.m2/repository/com/fasterxml/jackson/core/jackson-core/2.11.4/jackson-core-2.11.4.jar' 
2022-04-17 18:24:22.379 DEBUG [acme.Launcher@main] Found classpath entry '/C:/Users/DP2/.m2/repository/com/fasterxml/jackson/datatype/jackson-datatype-jdk8/2.11.4/jackson-datatype-jdk8-2.11.4.jar' 
2022-04-17 18:24:22.379 DEBUG [acme.Launcher@main] Found classpath entry '/C:/Users/DP2/.m2/repository/com/fasterxml/jackson/datatype/jackson-datatype-jsr310/2.11.4/jackson-datatype-jsr310-2.11.4.jar' 
2022-04-17 18:24:22.379 DEBUG [acme.Launcher@main] Found classpath entry '/C:/Users/DP2/.m2/repository/com/fasterxml/jackson/module/jackson-module-parameter-names/2.11.4/jackson-module-parameter-names-2.11.4.jar' 
2022-04-17 18:24:22.379 DEBUG [acme.Launcher@main] Found classpath entry '/C:/Users/DP2/.m2/repository/org/springframework/spring-webmvc/5.3.3/spring-webmvc-5.3.3.jar' 
2022-04-17 18:24:22.379 DEBUG [acme.Launcher@main] Found classpath entry '/C:/Users/DP2/.m2/repository/org/apache/tiles/tiles-jsp/3.0.8/tiles-jsp-3.0.8.jar' 
2022-04-17 18:24:22.380 DEBUG [acme.Launcher@main] Found classpath entry '/C:/Users/DP2/.m2/repository/org/apache/tiles/tiles-servlet/3.0.8/tiles-servlet-3.0.8.jar' 
2022-04-17 18:24:22.380 DEBUG [acme.Launcher@main] Found classpath entry '/C:/Users/DP2/.m2/repository/org/apache/tiles/tiles-core/3.0.8/tiles-core-3.0.8.jar' 
2022-04-17 18:24:22.380 DEBUG [acme.Launcher@main] Found classpath entry '/C:/Users/DP2/.m2/repository/commons-digester/commons-digester/2.0/commons-digester-2.0.jar' 
2022-04-17 18:24:22.380 DEBUG [acme.Launcher@main] Found classpath entry '/C:/Users/DP2/.m2/repository/org/slf4j/jcl-over-slf4j/1.7.30/jcl-over-slf4j-1.7.30.jar' 
2022-04-17 18:24:22.380 DEBUG [acme.Launcher@main] Found classpath entry '/C:/Users/DP2/.m2/repository/org/apache/tiles/tiles-request-servlet/1.0.7/tiles-request-servlet-1.0.7.jar' 
2022-04-17 18:24:22.380 DEBUG [acme.Launcher@main] Found classpath entry '/C:/Users/DP2/.m2/repository/org/apache/tiles/tiles-template/3.0.8/tiles-template-3.0.8.jar' 
2022-04-17 18:24:22.381 DEBUG [acme.Launcher@main] Found classpath entry '/C:/Users/DP2/.m2/repository/org/apache/tiles/tiles-api/3.0.8/tiles-api-3.0.8.jar' 
2022-04-17 18:24:22.381 DEBUG [acme.Launcher@main] Found classpath entry '/C:/Users/DP2/.m2/repository/org/apache/tiles/tiles-autotag-core-runtime/1.2/tiles-autotag-core-runtime-1.2.jar' 
2022-04-17 18:24:22.381 DEBUG [acme.Launcher@main] Found classpath entry '/C:/Users/DP2/.m2/repository/org/slf4j/slf4j-api/1.7.30/slf4j-api-1.7.30.jar' 
2022-04-17 18:24:22.381 DEBUG [acme.Launcher@main] Found classpath entry '/C:/Users/DP2/.m2/repository/org/apache/tiles/tiles-request-jsp/1.0.7/tiles-request-jsp-1.0.7.jar' 
2022-04-17 18:24:22.381 DEBUG [acme.Launcher@main] Found classpath entry '/C:/Users/DP2/.m2/repository/org/apache/tiles/tiles-request-api/1.0.7/tiles-request-api-1.0.7.jar' 
2022-04-17 18:24:22.381 DEBUG [acme.Launcher@main] Found classpath entry '/C:/Users/DP2/.m2/repository/org/springframework/boot/spring-boot-starter-data-jpa/2.4.2/spring-boot-starter-data-jpa-2.4.2.jar' 
2022-04-17 18:24:22.382 DEBUG [acme.Launcher@main] Found classpath entry '/C:/Users/DP2/.m2/repository/org/springframework/boot/spring-boot-starter-aop/2.4.2/spring-boot-starter-aop-2.4.2.jar' 
2022-04-17 18:24:22.382 DEBUG [acme.Launcher@main] Found classpath entry '/C:/Users/DP2/.m2/repository/org/aspectj/aspectjweaver/1.9.6/aspectjweaver-1.9.6.jar' 
2022-04-17 18:24:22.382 DEBUG [acme.Launcher@main] Found classpath entry '/C:/Users/DP2/.m2/repository/org/springframework/boot/spring-boot-starter-jdbc/2.4.2/spring-boot-starter-jdbc-2.4.2.jar' 
2022-04-17 18:24:22.382 DEBUG [acme.Launcher@main] Found classpath entry '/C:/Users/DP2/.m2/repository/jakarta/transaction/jakarta.transaction-api/1.3.3/jakarta.transaction-api-1.3.3.jar' 
2022-04-17 18:24:22.382 DEBUG [acme.Launcher@main] Found classpath entry '/C:/Users/DP2/.m2/repository/jakarta/persistence/jakarta.persistence-api/2.2.3/jakarta.persistence-api-2.2.3.jar' 
2022-04-17 18:24:22.382 DEBUG [acme.Launcher@main] Found classpath entry '/C:/Users/DP2/.m2/repository/org/hibernate/hibernate-core/5.4.27.Final/hibernate-core-5.4.27.Final.jar' 
2022-04-17 18:24:22.383 DEBUG [acme.Launcher@main] Found classpath entry '/C:/Users/DP2/.m2/repository/org/jboss/logging/jboss-logging/3.4.1.Final/jboss-logging-3.4.1.Final.jar' 
2022-04-17 18:24:22.383 DEBUG [acme.Launcher@main] Found classpath entry '/C:/Users/DP2/.m2/repository/org/javassist/javassist/3.27.0-GA/javassist-3.27.0-GA.jar' 
2022-04-17 18:24:22.383 DEBUG [acme.Launcher@main] Found classpath entry '/C:/Users/DP2/.m2/repository/antlr/antlr/2.7.7/antlr-2.7.7.jar' 
2022-04-17 18:24:22.383 DEBUG [acme.Launcher@main] Found classpath entry '/C:/Users/DP2/.m2/repository/org/jboss/jandex/2.1.3.Final/jandex-2.1.3.Final.jar' 
2022-04-17 18:24:22.383 DEBUG [acme.Launcher@main] Found classpath entry '/C:/Users/DP2/.m2/repository/com/fasterxml/classmate/1.5.1/classmate-1.5.1.jar' 
2022-04-17 18:24:22.383 DEBUG [acme.Launcher@main] Found classpath entry '/C:/Users/DP2/.m2/repository/org/dom4j/dom4j/2.1.3/dom4j-2.1.3.jar' 
2022-04-17 18:24:22.384 DEBUG [acme.Launcher@main] Found classpath entry '/C:/Users/DP2/.m2/repository/org/hibernate/common/hibernate-commons-annotations/5.1.2.Final/hibernate-commons-annotations-5.1.2.Final.jar' 
2022-04-17 18:24:22.384 DEBUG [acme.Launcher@main] Found classpath entry '/C:/Users/DP2/.m2/repository/org/glassfish/jaxb/jaxb-runtime/2.3.3/jaxb-runtime-2.3.3.jar' 
2022-04-17 18:24:22.384 DEBUG [acme.Launcher@main] Found classpath entry '/C:/Users/DP2/.m2/repository/org/glassfish/jaxb/txw2/2.3.3/txw2-2.3.3.jar' 
2022-04-17 18:24:22.384 DEBUG [acme.Launcher@main] Found classpath entry '/C:/Users/DP2/.m2/repository/com/sun/istack/istack-commons-runtime/3.0.11/istack-commons-runtime-3.0.11.jar' 
2022-04-17 18:24:22.384 DEBUG [acme.Launcher@main] Found classpath entry '/C:/Users/DP2/.m2/repository/com/sun/activation/jakarta.activation/1.2.2/jakarta.activation-1.2.2.jar' 
2022-04-17 18:24:22.384 DEBUG [acme.Launcher@main] Found classpath entry '/C:/Users/DP2/.m2/repository/org/springframework/data/spring-data-jpa/2.4.3/spring-data-jpa-2.4.3.jar' 
2022-04-17 18:24:22.385 DEBUG [acme.Launcher@main] Found classpath entry '/C:/Users/DP2/.m2/repository/org/springframework/data/spring-data-commons/2.4.3/spring-data-commons-2.4.3.jar' 
2022-04-17 18:24:22.385 DEBUG [acme.Launcher@main] Found classpath entry '/C:/Users/DP2/.m2/repository/org/springframework/spring-orm/5.3.3/spring-orm-5.3.3.jar' 
2022-04-17 18:24:22.385 DEBUG [acme.Launcher@main] Found classpath entry '/C:/Users/DP2/.m2/repository/org/springframework/spring-aspects/5.3.3/spring-aspects-5.3.3.jar' 
2022-04-17 18:24:22.385 DEBUG [acme.Launcher@main] Found classpath entry '/C:/Users/DP2/.m2/repository/org/springframework/boot/spring-boot-starter-validation/2.4.2/spring-boot-starter-validation-2.4.2.jar' 
2022-04-17 18:24:22.385 DEBUG [acme.Launcher@main] Found classpath entry '/C:/Users/DP2/.m2/repository/org/hibernate/validator/hibernate-validator/6.1.7.Final/hibernate-validator-6.1.7.Final.jar' 
2022-04-17 18:24:22.385 DEBUG [acme.Launcher@main] Found classpath entry '/C:/Users/DP2/.m2/repository/jakarta/validation/jakarta.validation-api/2.0.2/jakarta.validation-api-2.0.2.jar' 
2022-04-17 18:24:22.385 DEBUG [acme.Launcher@main] Found classpath entry '/C:/Users/DP2/.m2/repository/mysql/mysql-connector-java/8.0.22/mysql-connector-java-8.0.22.jar' 
2022-04-17 18:24:22.385 DEBUG [acme.Launcher@main] Found classpath entry '/C:/Users/DP2/.m2/repository/com/zaxxer/HikariCP/3.4.5/HikariCP-3.4.5.jar' 
2022-04-17 18:24:22.385 DEBUG [acme.Launcher@main] Found classpath entry '/C:/Users/DP2/.m2/repository/org/junit/jupiter/junit-jupiter-engine/5.7.0/junit-jupiter-engine-5.7.0.jar' 
2022-04-17 18:24:22.386 DEBUG [acme.Launcher@main] Found classpath entry '/C:/Users/DP2/.m2/repository/org/apiguardian/apiguardian-api/1.1.0/apiguardian-api-1.1.0.jar' 
2022-04-17 18:24:22.386 DEBUG [acme.Launcher@main] Found classpath entry '/C:/Users/DP2/.m2/repository/org/junit/platform/junit-platform-engine/1.7.0/junit-platform-engine-1.7.0.jar' 
2022-04-17 18:24:22.386 DEBUG [acme.Launcher@main] Found classpath entry '/C:/Users/DP2/.m2/repository/org/junit/jupiter/junit-jupiter-api/5.7.0/junit-jupiter-api-5.7.0.jar' 
2022-04-17 18:24:22.386 DEBUG [acme.Launcher@main] Found classpath entry '/C:/Users/DP2/.m2/repository/org/opentest4j/opentest4j/1.2.0/opentest4j-1.2.0.jar' 
2022-04-17 18:24:22.386 DEBUG [acme.Launcher@main] Found classpath entry '/C:/Users/DP2/.m2/repository/org/junit/platform/junit-platform-commons/1.7.0/junit-platform-commons-1.7.0.jar' 
2022-04-17 18:24:22.386 DEBUG [acme.Launcher@main] Found classpath entry '/C:/Users/DP2/.m2/repository/org/junit/jupiter/junit-jupiter-params/5.7.0/junit-jupiter-params-5.7.0.jar' 
2022-04-17 18:24:22.386 DEBUG [acme.Launcher@main] Found classpath entry '/C:/Users/DP2/.m2/repository/org/junit/platform/junit-platform-launcher/1.7.0/junit-platform-launcher-1.7.0.jar' 
2022-04-17 18:24:22.386 DEBUG [acme.Launcher@main] Found classpath entry '/C:/Users/DP2/.m2/repository/org/seleniumhq/selenium/selenium-java/3.141.59/selenium-java-3.141.59.jar' 
2022-04-17 18:24:22.386 DEBUG [acme.Launcher@main] Found classpath entry '/C:/Users/DP2/.m2/repository/org/seleniumhq/selenium/selenium-api/3.141.59/selenium-api-3.141.59.jar' 
2022-04-17 18:24:22.386 DEBUG [acme.Launcher@main] Found classpath entry '/C:/Users/DP2/.m2/repository/org/seleniumhq/selenium/selenium-chrome-driver/3.141.59/selenium-chrome-driver-3.141.59.jar' 
2022-04-17 18:24:22.387 DEBUG [acme.Launcher@main] Found classpath entry '/C:/Users/DP2/.m2/repository/org/seleniumhq/selenium/selenium-edge-driver/3.141.59/selenium-edge-driver-3.141.59.jar' 
2022-04-17 18:24:22.387 DEBUG [acme.Launcher@main] Found classpath entry '/C:/Users/DP2/.m2/repository/org/seleniumhq/selenium/selenium-firefox-driver/3.141.59/selenium-firefox-driver-3.141.59.jar' 
2022-04-17 18:24:22.387 DEBUG [acme.Launcher@main] Found classpath entry '/C:/Users/DP2/.m2/repository/org/seleniumhq/selenium/selenium-ie-driver/3.141.59/selenium-ie-driver-3.141.59.jar' 
2022-04-17 18:24:22.387 DEBUG [acme.Launcher@main] Found classpath entry '/C:/Users/DP2/.m2/repository/org/seleniumhq/selenium/selenium-opera-driver/3.141.59/selenium-opera-driver-3.141.59.jar' 
2022-04-17 18:24:22.387 DEBUG [acme.Launcher@main] Found classpath entry '/C:/Users/DP2/.m2/repository/org/seleniumhq/selenium/selenium-remote-driver/3.141.59/selenium-remote-driver-3.141.59.jar' 
2022-04-17 18:24:22.387 DEBUG [acme.Launcher@main] Found classpath entry '/C:/Users/DP2/.m2/repository/org/seleniumhq/selenium/selenium-safari-driver/3.141.59/selenium-safari-driver-3.141.59.jar' 
2022-04-17 18:24:22.387 DEBUG [acme.Launcher@main] Found classpath entry '/C:/Users/DP2/.m2/repository/org/seleniumhq/selenium/selenium-support/3.141.59/selenium-support-3.141.59.jar' 
2022-04-17 18:24:22.387 DEBUG [acme.Launcher@main] Found classpath entry '/C:/Users/DP2/.m2/repository/net/bytebuddy/byte-buddy/1.10.19/byte-buddy-1.10.19.jar' 
2022-04-17 18:24:22.387 DEBUG [acme.Launcher@main] Found classpath entry '/C:/Users/DP2/.m2/repository/org/apache/commons/commons-exec/1.3/commons-exec-1.3.jar' 
2022-04-17 18:24:22.387 DEBUG [acme.Launcher@main] Found classpath entry '/C:/Users/DP2/.m2/repository/com/google/guava/guava/25.0-jre/guava-25.0-jre.jar' 
2022-04-17 18:24:22.388 DEBUG [acme.Launcher@main] Found classpath entry '/C:/Users/DP2/.m2/repository/com/google/code/findbugs/jsr305/1.3.9/jsr305-1.3.9.jar' 
2022-04-17 18:24:22.388 DEBUG [acme.Launcher@main] Found classpath entry '/C:/Users/DP2/.m2/repository/org/checkerframework/checker-compat-qual/2.0.0/checker-compat-qual-2.0.0.jar' 
2022-04-17 18:24:22.388 DEBUG [acme.Launcher@main] Found classpath entry '/C:/Users/DP2/.m2/repository/com/google/errorprone/error_prone_annotations/2.1.3/error_prone_annotations-2.1.3.jar' 
2022-04-17 18:24:22.388 DEBUG [acme.Launcher@main] Found classpath entry '/C:/Users/DP2/.m2/repository/com/google/j2objc/j2objc-annotations/1.1/j2objc-annotations-1.1.jar' 
2022-04-17 18:24:22.388 DEBUG [acme.Launcher@main] Found classpath entry '/C:/Users/DP2/.m2/repository/org/codehaus/mojo/animal-sniffer-annotations/1.14/animal-sniffer-annotations-1.14.jar' 
2022-04-17 18:24:22.388 DEBUG [acme.Launcher@main] Found classpath entry '/C:/Users/DP2/.m2/repository/com/squareup/okhttp3/okhttp/3.14.9/okhttp-3.14.9.jar' 
2022-04-17 18:24:22.388 DEBUG [acme.Launcher@main] Found classpath entry '/C:/Users/DP2/.m2/repository/com/squareup/okio/okio/1.14.0/okio-1.14.0.jar' 
2022-04-17 18:24:22.388 DEBUG [acme.Launcher@main] Found classpath entry '/C:/Users/DP2/.m2/repository/org/apache/commons/commons-lang3/3.11/commons-lang3-3.11.jar' 
2022-04-17 18:24:22.388 DEBUG [acme.Launcher@main] Found classpath entry '/C:/Users/DP2/.m2/repository/org/apache/commons/commons-text/1.8/commons-text-1.8.jar' 
2022-04-17 18:24:22.388 DEBUG [acme.Launcher@main] Found classpath entry '/C:/Users/DP2/.m2/repository/commons-io/commons-io/2.6/commons-io-2.6.jar' 
2022-04-17 18:24:22.388 DEBUG [acme.Launcher@main] Found classpath entry '/C:/Users/DP2/.m2/repository/commons-cli/commons-cli/1.4/commons-cli-1.4.jar' 
2022-04-17 18:24:22.389 DEBUG [acme.Launcher@main] Found classpath entry '/C:/Users/DP2/.m2/repository/org/projectlombok/lombok/1.18.16/lombok-1.18.16.jar' 
2022-04-17 18:24:22.389 DEBUG [acme.Launcher@main] Found classpath entry '/C:/Users/DP2/.m2/repository/com/opencsv/opencsv/5.4/opencsv-5.4.jar' 
2022-04-17 18:24:22.389 DEBUG [acme.Launcher@main] Found classpath entry '/C:/Users/DP2/.m2/repository/commons-beanutils/commons-beanutils/1.9.4/commons-beanutils-1.9.4.jar' 
2022-04-17 18:24:22.389 DEBUG [acme.Launcher@main] Found classpath entry '/C:/Users/DP2/.m2/repository/commons-logging/commons-logging/1.2/commons-logging-1.2.jar' 
2022-04-17 18:24:22.389 DEBUG [acme.Launcher@main] Found classpath entry '/C:/Users/DP2/.m2/repository/commons-collections/commons-collections/3.2.2/commons-collections-3.2.2.jar' 
2022-04-17 18:24:22.389 DEBUG [acme.Launcher@main] Found classpath entry '/C:/Users/DP2/.m2/repository/org/apache/commons/commons-collections4/4.4/commons-collections4-4.4.jar' 
2022-04-17 18:24:22.471 DEBUG [acme.Launcher@main] Found entity class 'acme.entities.announcement.Announcement 
2022-04-17 18:24:22.471 DEBUG [acme.Launcher@main] Found entity class 'acme.entities.artefact.Artefact 
2022-04-17 18:24:22.471 DEBUG [acme.Launcher@main] Found entity class 'acme.entities.artefact.Quantity 
2022-04-17 18:24:22.471 DEBUG [acme.Launcher@main] Found entity class 'acme.entities.chirp.Chirp 
2022-04-17 18:24:22.471 DEBUG [acme.Launcher@main] Found entity class 'acme.entities.patonages.Patronages 
2022-04-17 18:24:22.472 DEBUG [acme.Launcher@main] Found entity class 'acme.entities.patronageReport.PatronageReport 
2022-04-17 18:24:22.472 DEBUG [acme.Launcher@main] Found entity class 'acme.entities.systemConfiguration.SystemConfiguration 
2022-04-17 18:24:22.472 DEBUG [acme.Launcher@main] Found entity class 'acme.entities.toolkit.Toolkit 
2022-04-17 18:24:22.472 DEBUG [acme.Launcher@main] Found entity class 'acme.roles.Consumer 
2022-04-17 18:24:22.472 DEBUG [acme.Launcher@main] Found entity class 'acme.roles.Inventor 
2022-04-17 18:24:22.472 DEBUG [acme.Launcher@main] Found entity class 'acme.roles.Patron 
2022-04-17 18:24:22.472 DEBUG [acme.Launcher@main] Found entity class 'acme.roles.Provider 
2022-04-17 18:24:22.472 DEBUG [acme.Launcher@main] Found entity class 'acme.framework.entities.UserAccount 
2022-04-17 18:24:22.472 DEBUG [acme.Launcher@main] Found entity class 'acme.framework.roles.Administrator 
2022-04-17 18:24:22.472 DEBUG [acme.Launcher@main] Found entity class 'acme.framework.roles.Anonymous 
2022-04-17 18:24:22.472 DEBUG [acme.Launcher@main] Found entity class 'acme.framework.roles.Any 
2022-04-17 18:24:22.472 DEBUG [acme.Launcher@main] Found entity class 'acme.framework.roles.Authenticated 
2022-04-17 18:24:22.475 INFO  [acme.Launcher@main] Running application (Standalone) 
2022-04-17 18:24:26.780 DEBUG [acme.framework.components.tiles.DynamicTilesView@http-nio-8080-exec-3] View name 'fragments/welcome', model {} 
2022-04-17 18:24:26.798 DEBUG [org.apache.tiles.definition.dao.BaseLocaleUrlDefinitionDAO@http-nio-8080-exec-3] File Resource file:/C:/Users/DP2/Desktop/Workspace-22.0/Workspace-22.0/Projects/Acme-Toolkits/target/classes/WEB-INF/views/master/tiles_es.xml at file:/C:/Users/DP2/Desktop/Workspace-22.0/Workspace-22.0/Projects/Acme-Toolkits/target/classes/WEB-INF/views/master/tiles_es.xml not found, continue 
2022-04-17 18:24:26.805 DEBUG [org.apache.jasper.servlet.JspServlet@http-nio-8080-exec-3] JspEngine --> /WEB-INF/views/master/page.jsp 
2022-04-17 18:24:26.806 DEBUG [org.apache.jasper.servlet.JspServlet@http-nio-8080-exec-3] ServletPath: /WEB-INF/views/master/page.jsp 
2022-04-17 18:24:26.806 DEBUG [org.apache.jasper.servlet.JspServlet@http-nio-8080-exec-3] PathInfo: null 
2022-04-17 18:24:26.807 DEBUG [org.apache.jasper.servlet.JspServlet@http-nio-8080-exec-3] RealPath: C:\Users\DP2\Desktop\Workspace-22.0\Workspace-22.0\Projects\Acme-Toolkits\target\classes\WEB-INF\views\master\page.jsp 
2022-04-17 18:24:26.808 DEBUG [org.apache.jasper.servlet.JspServlet@http-nio-8080-exec-3] RequestURI: /acme-toolkits-0.1/WEB-INF/views/master/page.jsp 
2022-04-17 18:24:26.808 DEBUG [org.apache.jasper.servlet.JspServlet@http-nio-8080-exec-3] QueryString: null 
2022-04-17 18:24:30.269 DEBUG [acme.framework.configuration.ExtendedMessageSource@http-nio-8080-exec-3] Loading properties [C:\Users\DP2\Desktop\Workspace-22.0\Workspace-22.0\Projects\Acme-Toolkits\target\classes\WEB-INF\views\administrator\artefact\messages-en.i18n] with encoding 'utf-8' 
2022-04-17 18:24:30.270 DEBUG [acme.framework.configuration.ExtendedMessageSource@http-nio-8080-exec-3] Loading properties [C:\Users\DP2\Desktop\Workspace-22.0\Workspace-22.0\Projects\Acme-Toolkits\target\classes\WEB-INF\views\administrator\user-account\messages-en.i18n] with encoding 'utf-8' 
2022-04-17 18:24:30.271 DEBUG [acme.framework.configuration.ExtendedMessageSource@http-nio-8080-exec-3] Loading properties [C:\Users\DP2\Desktop\Workspace-22.0\Workspace-22.0\Projects\Acme-Toolkits\target\classes\WEB-INF\views\anonymous\artefact\messages-en.i18n] with encoding 'utf-8' 
2022-04-17 18:24:30.272 DEBUG [acme.framework.configuration.ExtendedMessageSource@http-nio-8080-exec-3] Loading properties [C:\Users\DP2\Desktop\Workspace-22.0\Workspace-22.0\Projects\Acme-Toolkits\target\classes\WEB-INF\views\anonymous\user-account\messages-en.i18n] with encoding 'utf-8' 
2022-04-17 18:24:30.273 DEBUG [acme.framework.configuration.ExtendedMessageSource@http-nio-8080-exec-3] Loading properties [C:\Users\DP2\Desktop\Workspace-22.0\Workspace-22.0\Projects\Acme-Toolkits\target\classes\WEB-INF\views\any\announcement\messages-en.i18n] with encoding 'utf-8' 
2022-04-17 18:24:30.273 DEBUG [acme.framework.configuration.ExtendedMessageSource@http-nio-8080-exec-3] Loading properties [C:\Users\DP2\Desktop\Workspace-22.0\Workspace-22.0\Projects\Acme-Toolkits\target\classes\WEB-INF\views\any\chirp\messages-en.i18n] with encoding 'utf-8' 
2022-04-17 18:24:30.274 DEBUG [acme.framework.configuration.ExtendedMessageSource@http-nio-8080-exec-3] Loading properties [C:\Users\DP2\Desktop\Workspace-22.0\Workspace-22.0\Projects\Acme-Toolkits\target\classes\WEB-INF\views\authenticated\artefact\messages-en.i18n] with encoding 'utf-8' 
2022-04-17 18:24:30.275 DEBUG [acme.framework.configuration.ExtendedMessageSource@http-nio-8080-exec-3] Loading properties [C:\Users\DP2\Desktop\Workspace-22.0\Workspace-22.0\Projects\Acme-Toolkits\target\classes\WEB-INF\views\authenticated\consumer\messsages-en.i18n] with encoding 'utf-8' 
2022-04-17 18:24:30.275 DEBUG [acme.framework.configuration.ExtendedMessageSource@http-nio-8080-exec-3] Loading properties [C:\Users\DP2\Desktop\Workspace-22.0\Workspace-22.0\Projects\Acme-Toolkits\target\classes\WEB-INF\views\authenticated\provider\messsages-en.i18n] with encoding 'utf-8' 
2022-04-17 18:24:30.276 DEBUG [acme.framework.configuration.ExtendedMessageSource@http-nio-8080-exec-3] Loading properties [C:\Users\DP2\Desktop\Workspace-22.0\Workspace-22.0\Projects\Acme-Toolkits\target\classes\WEB-INF\views\authenticated\user-account\messages-en.i18n] with encoding 'utf-8' 
2022-04-17 18:24:30.277 DEBUG [acme.framework.configuration.ExtendedMessageSource@http-nio-8080-exec-3] Loading properties [C:\Users\DP2\Desktop\Workspace-22.0\Workspace-22.0\Projects\Acme-Toolkits\target\classes\WEB-INF\views\fragments\banner-en.i18n] with encoding 'utf-8' 
2022-04-17 18:24:30.277 DEBUG [acme.framework.configuration.ExtendedMessageSource@http-nio-8080-exec-3] Loading properties [C:\Users\DP2\Desktop\Workspace-22.0\Workspace-22.0\Projects\Acme-Toolkits\target\classes\WEB-INF\views\fragments\company-en.i18n] with encoding 'utf-8' 
2022-04-17 18:24:30.278 DEBUG [acme.framework.configuration.ExtendedMessageSource@http-nio-8080-exec-3] Loading properties [C:\Users\DP2\Desktop\Workspace-22.0\Workspace-22.0\Projects\Acme-Toolkits\target\classes\WEB-INF\views\fragments\footer-en.i18n] with encoding 'utf-8' 
2022-04-17 18:24:30.279 DEBUG [acme.framework.configuration.ExtendedMessageSource@http-nio-8080-exec-3] Loading properties [C:\Users\DP2\Desktop\Workspace-22.0\Workspace-22.0\Projects\Acme-Toolkits\target\classes\WEB-INF\views\fragments\license-en.i18n] with encoding 'utf-8' 
2022-04-17 18:24:30.280 DEBUG [acme.framework.configuration.ExtendedMessageSource@http-nio-8080-exec-3] Loading properties [C:\Users\DP2\Desktop\Workspace-22.0\Workspace-22.0\Projects\Acme-Toolkits\target\classes\WEB-INF\views\fragments\menu-en.i18n] with encoding 'utf-8' 
2022-04-17 18:24:30.281 DEBUG [acme.framework.configuration.ExtendedMessageSource@http-nio-8080-exec-3] Loading properties [C:\Users\DP2\Desktop\Workspace-22.0\Workspace-22.0\Projects\Acme-Toolkits\target\classes\WEB-INF\views\fragments\messages-en.i18n] with encoding 'utf-8' 
2022-04-17 18:24:30.282 DEBUG [acme.framework.configuration.ExtendedMessageSource@http-nio-8080-exec-3] Loading properties [C:\Users\DP2\Desktop\Workspace-22.0\Workspace-22.0\Projects\Acme-Toolkits\target\classes\WEB-INF\views\fragments\messsages-en.i18n] with encoding 'utf-8' 
2022-04-17 18:24:30.283 DEBUG [acme.framework.configuration.ExtendedMessageSource@http-nio-8080-exec-3] Loading properties [C:\Users\DP2\Desktop\Workspace-22.0\Workspace-22.0\Projects\Acme-Toolkits\target\classes\WEB-INF\views\fragments\title-en.i18n] with encoding 'utf-8' 
2022-04-17 18:24:30.283 DEBUG [acme.framework.configuration.ExtendedMessageSource@http-nio-8080-exec-3] Loading properties [C:\Users\DP2\Desktop\Workspace-22.0\Workspace-22.0\Projects\Acme-Toolkits\target\classes\WEB-INF\views\fragments\welcome-en.i18n] with encoding 'utf-8' 
2022-04-17 18:24:30.284 DEBUG [acme.framework.configuration.ExtendedMessageSource@http-nio-8080-exec-3] Loading properties [C:\Users\DP2\Desktop\Workspace-22.0\Workspace-22.0\Projects\Acme-Toolkits\target\classes\WEB-INF\views\inventor\artefact\messages-en.i18n] with encoding 'utf-8' 
2022-04-17 18:24:30.285 DEBUG [acme.framework.configuration.ExtendedMessageSource@http-nio-8080-exec-3] Loading properties [C:\Users\DP2\Desktop\Workspace-22.0\Workspace-22.0\Projects\Acme-Toolkits\target\classes\WEB-INF\views\inventor\patronages\messages-en.i18n] with encoding 'utf-8' 
2022-04-17 18:24:30.285 DEBUG [acme.framework.configuration.ExtendedMessageSource@http-nio-8080-exec-3] Loading properties [C:\Users\DP2\Desktop\Workspace-22.0\Workspace-22.0\Projects\Acme-Toolkits\target\classes\WEB-INF\views\master\defaults-en.i18n] with encoding 'utf-8' 
2022-04-17 18:24:30.286 DEBUG [acme.framework.configuration.ExtendedMessageSource@http-nio-8080-exec-3] Loading properties [C:\Users\DP2\Desktop\Workspace-22.0\Workspace-22.0\Projects\Acme-Toolkits\target\classes\WEB-INF\views\master\master-en.i18n] with encoding 'utf-8' 
2022-04-17 18:24:30.287 DEBUG [acme.framework.configuration.ExtendedMessageSource@http-nio-8080-exec-3] Loading properties [C:\Users\DP2\Desktop\Workspace-22.0\Workspace-22.0\Projects\Acme-Toolkits\target\classes\WEB-INF\views\master\throwables-en.i18n] with encoding 'utf-8' 
2022-04-17 18:24:30.287 DEBUG [acme.framework.configuration.ExtendedMessageSource@http-nio-8080-exec-3] Loading properties [C:\Users\DP2\Desktop\Workspace-22.0\Workspace-22.0\Projects\Acme-Toolkits\target\classes\WEB-INF\views\master\validation-en.i18n] with encoding 'utf-8' 
2022-04-17 18:24:30.288 DEBUG [acme.framework.configuration.ExtendedMessageSource@http-nio-8080-exec-3] Loading properties [C:\Users\DP2\Desktop\Workspace-22.0\Workspace-22.0\Projects\Acme-Toolkits\target\classes\WEB-INF\views\patron\artefact\messages-en.i18n] with encoding 'utf-8' 
2022-04-17 18:24:30.288 DEBUG [acme.framework.configuration.ExtendedMessageSource@http-nio-8080-exec-3] Loading properties [C:\Users\DP2\Desktop\Workspace-22.0\Workspace-22.0\Projects\Acme-Toolkits\target\classes\WEB-INF\views\patron\patronage-report\messages-en.i18n] with encoding 'utf-8' 
2022-04-17 18:24:30.313 DEBUG [acme.framework.configuration.ExtendedMessageSource@http-nio-8080-exec-3] Loading properties [C:\Users\DP2\Desktop\Workspace-22.0\Workspace-22.0\Projects\Acme-Toolkits\target\classes\WEB-INF\views\administrator\artefact\messages-es.i18n] with encoding 'utf-8' 
2022-04-17 18:24:30.313 DEBUG [acme.framework.configuration.ExtendedMessageSource@http-nio-8080-exec-3] Loading properties [C:\Users\DP2\Desktop\Workspace-22.0\Workspace-22.0\Projects\Acme-Toolkits\target\classes\WEB-INF\views\administrator\user-account\messages-es.i18n] with encoding 'utf-8' 
2022-04-17 18:24:30.314 DEBUG [acme.framework.configuration.ExtendedMessageSource@http-nio-8080-exec-3] Loading properties [C:\Users\DP2\Desktop\Workspace-22.0\Workspace-22.0\Projects\Acme-Toolkits\target\classes\WEB-INF\views\anonymous\artefact\messages-es.i18n] with encoding 'utf-8' 
2022-04-17 18:24:30.314 DEBUG [acme.framework.configuration.ExtendedMessageSource@http-nio-8080-exec-3] Loading properties [C:\Users\DP2\Desktop\Workspace-22.0\Workspace-22.0\Projects\Acme-Toolkits\target\classes\WEB-INF\views\anonymous\user-account\messages-es.i18n] with encoding 'utf-8' 
2022-04-17 18:24:30.315 DEBUG [acme.framework.configuration.ExtendedMessageSource@http-nio-8080-exec-3] Loading properties [C:\Users\DP2\Desktop\Workspace-22.0\Workspace-22.0\Projects\Acme-Toolkits\target\classes\WEB-INF\views\any\announcement\messages-es.i18n] with encoding 'utf-8' 
2022-04-17 18:24:30.316 DEBUG [acme.framework.configuration.ExtendedMessageSource@http-nio-8080-exec-3] Loading properties [C:\Users\DP2\Desktop\Workspace-22.0\Workspace-22.0\Projects\Acme-Toolkits\target\classes\WEB-INF\views\any\chirp\messages-es.i18n] with encoding 'utf-8' 
2022-04-17 18:24:30.317 DEBUG [acme.framework.configuration.ExtendedMessageSource@http-nio-8080-exec-3] Loading properties [C:\Users\DP2\Desktop\Workspace-22.0\Workspace-22.0\Projects\Acme-Toolkits\target\classes\WEB-INF\views\authenticated\artefact\messages-es.i18n] with encoding 'utf-8' 
2022-04-17 18:24:30.318 DEBUG [acme.framework.configuration.ExtendedMessageSource@http-nio-8080-exec-3] Loading properties [C:\Users\DP2\Desktop\Workspace-22.0\Workspace-22.0\Projects\Acme-Toolkits\target\classes\WEB-INF\views\authenticated\consumer\messsages-es.i18n] with encoding 'utf-8' 
2022-04-17 18:24:30.318 DEBUG [acme.framework.configuration.ExtendedMessageSource@http-nio-8080-exec-3] Loading properties [C:\Users\DP2\Desktop\Workspace-22.0\Workspace-22.0\Projects\Acme-Toolkits\target\classes\WEB-INF\views\authenticated\provider\messsages-es.i18n] with encoding 'utf-8' 
2022-04-17 18:24:30.319 DEBUG [acme.framework.configuration.ExtendedMessageSource@http-nio-8080-exec-3] Loading properties [C:\Users\DP2\Desktop\Workspace-22.0\Workspace-22.0\Projects\Acme-Toolkits\target\classes\WEB-INF\views\authenticated\user-account\messages-es.i18n] with encoding 'utf-8' 
2022-04-17 18:24:30.319 DEBUG [acme.framework.configuration.ExtendedMessageSource@http-nio-8080-exec-3] Loading properties [C:\Users\DP2\Desktop\Workspace-22.0\Workspace-22.0\Projects\Acme-Toolkits\target\classes\WEB-INF\views\fragments\banner-es.i18n] with encoding 'utf-8' 
2022-04-17 18:24:30.320 DEBUG [acme.framework.configuration.ExtendedMessageSource@http-nio-8080-exec-3] Loading properties [C:\Users\DP2\Desktop\Workspace-22.0\Workspace-22.0\Projects\Acme-Toolkits\target\classes\WEB-INF\views\fragments\company-es.i18n] with encoding 'utf-8' 
2022-04-17 18:24:30.321 DEBUG [acme.framework.configuration.ExtendedMessageSource@http-nio-8080-exec-3] Loading properties [C:\Users\DP2\Desktop\Workspace-22.0\Workspace-22.0\Projects\Acme-Toolkits\target\classes\WEB-INF\views\fragments\footer-es.i18n] with encoding 'utf-8' 
2022-04-17 18:24:30.321 DEBUG [acme.framework.configuration.ExtendedMessageSource@http-nio-8080-exec-3] Loading properties [C:\Users\DP2\Desktop\Workspace-22.0\Workspace-22.0\Projects\Acme-Toolkits\target\classes\WEB-INF\views\fragments\license-es.i18n] with encoding 'utf-8' 
2022-04-17 18:24:30.322 DEBUG [acme.framework.configuration.ExtendedMessageSource@http-nio-8080-exec-3] Loading properties [C:\Users\DP2\Desktop\Workspace-22.0\Workspace-22.0\Projects\Acme-Toolkits\target\classes\WEB-INF\views\fragments\menu-es.i18n] with encoding 'utf-8' 
2022-04-17 18:24:30.323 DEBUG [acme.framework.configuration.ExtendedMessageSource@http-nio-8080-exec-3] Loading properties [C:\Users\DP2\Desktop\Workspace-22.0\Workspace-22.0\Projects\Acme-Toolkits\target\classes\WEB-INF\views\fragments\messages-es.i18n] with encoding 'utf-8' 
2022-04-17 18:24:30.324 DEBUG [acme.framework.configuration.ExtendedMessageSource@http-nio-8080-exec-3] Loading properties [C:\Users\DP2\Desktop\Workspace-22.0\Workspace-22.0\Projects\Acme-Toolkits\target\classes\WEB-INF\views\fragments\messsages-es.i18n] with encoding 'utf-8' 
2022-04-17 18:24:30.324 DEBUG [acme.framework.configuration.ExtendedMessageSource@http-nio-8080-exec-3] Loading properties [C:\Users\DP2\Desktop\Workspace-22.0\Workspace-22.0\Projects\Acme-Toolkits\target\classes\WEB-INF\views\fragments\title-es.i18n] with encoding 'utf-8' 
2022-04-17 18:24:30.325 DEBUG [acme.framework.configuration.ExtendedMessageSource@http-nio-8080-exec-3] Loading properties [C:\Users\DP2\Desktop\Workspace-22.0\Workspace-22.0\Projects\Acme-Toolkits\target\classes\WEB-INF\views\fragments\welcome-es.i18n] with encoding 'utf-8' 
2022-04-17 18:24:30.326 DEBUG [acme.framework.configuration.ExtendedMessageSource@http-nio-8080-exec-3] Loading properties [C:\Users\DP2\Desktop\Workspace-22.0\Workspace-22.0\Projects\Acme-Toolkits\target\classes\WEB-INF\views\inventor\artefact\messages-es.i18n] with encoding 'utf-8' 
2022-04-17 18:24:30.326 DEBUG [acme.framework.configuration.ExtendedMessageSource@http-nio-8080-exec-3] Loading properties [C:\Users\DP2\Desktop\Workspace-22.0\Workspace-22.0\Projects\Acme-Toolkits\target\classes\WEB-INF\views\inventor\patronages\messages-es.i18n] with encoding 'utf-8' 
2022-04-17 18:24:30.327 DEBUG [acme.framework.configuration.ExtendedMessageSource@http-nio-8080-exec-3] Loading properties [C:\Users\DP2\Desktop\Workspace-22.0\Workspace-22.0\Projects\Acme-Toolkits\target\classes\WEB-INF\views\master\defaults-es.i18n] with encoding 'utf-8' 
2022-04-17 18:24:30.328 DEBUG [acme.framework.configuration.ExtendedMessageSource@http-nio-8080-exec-3] Loading properties [C:\Users\DP2\Desktop\Workspace-22.0\Workspace-22.0\Projects\Acme-Toolkits\target\classes\WEB-INF\views\master\master-es.i18n] with encoding 'utf-8' 
2022-04-17 18:24:30.328 DEBUG [acme.framework.configuration.ExtendedMessageSource@http-nio-8080-exec-3] Loading properties [C:\Users\DP2\Desktop\Workspace-22.0\Workspace-22.0\Projects\Acme-Toolkits\target\classes\WEB-INF\views\master\throwables-es.i18n] with encoding 'utf-8' 
2022-04-17 18:24:30.329 DEBUG [acme.framework.configuration.ExtendedMessageSource@http-nio-8080-exec-3] Loading properties [C:\Users\DP2\Desktop\Workspace-22.0\Workspace-22.0\Projects\Acme-Toolkits\target\classes\WEB-INF\views\master\validation-es.i18n] with encoding 'utf-8' 
2022-04-17 18:24:30.330 DEBUG [acme.framework.configuration.ExtendedMessageSource@http-nio-8080-exec-3] Loading properties [C:\Users\DP2\Desktop\Workspace-22.0\Workspace-22.0\Projects\Acme-Toolkits\target\classes\WEB-INF\views\patron\artefact\messages-es.i18n] with encoding 'utf-8' 
2022-04-17 18:24:30.331 DEBUG [acme.framework.configuration.ExtendedMessageSource@http-nio-8080-exec-3] Loading properties [C:\Users\DP2\Desktop\Workspace-22.0\Workspace-22.0\Projects\Acme-Toolkits\target\classes\WEB-INF\views\patron\patronage-report\messages-es.i18n] with encoding 'utf-8' 
2022-04-17 18:24:30.507 DEBUG [org.apache.jasper.servlet.JspServlet@http-nio-8080-exec-3] JspEngine --> /WEB-INF/views/fragments/welcome.jsp 
2022-04-17 18:24:30.507 DEBUG [org.apache.jasper.servlet.JspServlet@http-nio-8080-exec-3] ServletPath: /WEB-INF/views/master/page.jsp 
2022-04-17 18:24:30.508 DEBUG [org.apache.jasper.servlet.JspServlet@http-nio-8080-exec-3] PathInfo: null 
2022-04-17 18:24:30.509 DEBUG [org.apache.jasper.servlet.JspServlet@http-nio-8080-exec-3] RealPath: C:\Users\DP2\Desktop\Workspace-22.0\Workspace-22.0\Projects\Acme-Toolkits\target\classes\WEB-INF\views\fragments\welcome.jsp 
2022-04-17 18:24:30.510 DEBUG [org.apache.jasper.servlet.JspServlet@http-nio-8080-exec-3] RequestURI: /acme-toolkits-0.1/WEB-INF/views/master/page.jsp 
2022-04-17 18:24:30.510 DEBUG [org.apache.jasper.servlet.JspServlet@http-nio-8080-exec-3] QueryString: null 
2022-04-17 18:24:30.759 DEBUG [org.hibernate.SQL@http-nio-8080-exec-3] select useraccoun0_.id as id1_0_, useraccoun0_.version as version2_0_, useraccoun0_.enabled as enabled1_17_, useraccoun0_.identity as identity2_17_, useraccoun0_.password as password3_17_, useraccoun0_.username as username4_17_ from user_account useraccoun0_ where useraccoun0_.username=? 
2022-04-17 18:24:30.781 TRACE [org.hibernate.type.descriptor.sql.BasicBinder@http-nio-8080-exec-3] binding parameter [1] as [VARCHAR] - [anonymous] 
2022-04-17 18:24:30.856 DEBUG [org.hibernate.SQL@http-nio-8080-exec-3] select roles0_.user_account_id as user_acc1_18_0_, roles0_.id as id1_18_0_, roles0_.id as id1_0_1_, roles0_.version as version2_0_1_, roles0_.user_account_id as user_acc1_18_1_, roles0_.company as company1_8_1_, roles0_.sector as sector2_8_1_, roles0_.company as company1_9_1_, roles0_.link as link2_9_1_, roles0_.statement as statemen3_9_1_, roles0_.company as company1_10_1_, roles0_.link as link2_10_1_, roles0_.statement as statemen3_10_1_, roles0_.company as company1_13_1_, roles0_.sector as sector2_13_1_, roles0_.clazz_ as clazz_1_ from ( select id, version, user_account_id, company, sector, null as link, null as statement, 10 as clazz_ from consumer union all select id, version, user_account_id, company, null as sector, link, statement, 11 as clazz_ from inventor union all select id, version, user_account_id, company, null as sector, link, statement, 12 as clazz_ from patron union all select id, version, user_account_id, company, sector, null as link, null as statement, 13 as clazz_ from provider union all select id, version, user_account_id, null as company, null as sector, null as link, null as statement, 15 as clazz_ from administrator union all select id, version, user_account_id, null as company, null as sector, null as link, null as statement, 16 as clazz_ from anonymous union all select id, version, user_account_id, null as company, null as sector, null as link, null as statement, 17 as clazz_ from any union all select id, version, user_account_id, null as company, null as sector, null as link, null as statement, 18 as clazz_ from authenticated ) roles0_ where roles0_.user_account_id=? 
2022-04-17 18:24:30.857 TRACE [org.hibernate.type.descriptor.sql.BasicBinder@http-nio-8080-exec-3] binding parameter [1] as [INTEGER] - [1] 
2022-04-17 18:24:32.869 DEBUG [acme.framework.components.tiles.DynamicTilesView@http-nio-8080-exec-2] View name 'master/sign-in', model {username=, password=, remember=false} 
2022-04-17 18:24:32.870 DEBUG [org.apache.jasper.servlet.JspServlet@http-nio-8080-exec-2] JspEngine --> /WEB-INF/views/master/page.jsp 
2022-04-17 18:24:32.870 DEBUG [org.apache.jasper.servlet.JspServlet@http-nio-8080-exec-2] ServletPath: /WEB-INF/views/master/page.jsp 
2022-04-17 18:24:32.871 DEBUG [org.apache.jasper.servlet.JspServlet@http-nio-8080-exec-2] PathInfo: null 
2022-04-17 18:24:32.872 DEBUG [org.apache.jasper.servlet.JspServlet@http-nio-8080-exec-2] RealPath: C:\Users\DP2\Desktop\Workspace-22.0\Workspace-22.0\Projects\Acme-Toolkits\target\classes\WEB-INF\views\master\page.jsp 
2022-04-17 18:24:32.872 DEBUG [org.apache.jasper.servlet.JspServlet@http-nio-8080-exec-2] RequestURI: /acme-toolkits-0.1/WEB-INF/views/master/page.jsp 
2022-04-17 18:24:32.872 DEBUG [org.apache.jasper.servlet.JspServlet@http-nio-8080-exec-2] QueryString: null 
2022-04-17 18:24:32.973 DEBUG [org.apache.jasper.servlet.JspServlet@http-nio-8080-exec-2] JspEngine --> /WEB-INF/views/master/sign-in.jsp 
2022-04-17 18:24:32.974 DEBUG [org.apache.jasper.servlet.JspServlet@http-nio-8080-exec-2] ServletPath: /WEB-INF/views/master/page.jsp 
2022-04-17 18:24:32.974 DEBUG [org.apache.jasper.servlet.JspServlet@http-nio-8080-exec-2] PathInfo: null 
2022-04-17 18:24:32.975 DEBUG [org.apache.jasper.servlet.JspServlet@http-nio-8080-exec-2] RealPath: C:\Users\DP2\Desktop\Workspace-22.0\Workspace-22.0\Projects\Acme-Toolkits\target\classes\WEB-INF\views\master\sign-in.jsp 
2022-04-17 18:24:32.975 DEBUG [org.apache.jasper.servlet.JspServlet@http-nio-8080-exec-2] RequestURI: /acme-toolkits-0.1/WEB-INF/views/master/page.jsp 
2022-04-17 18:24:32.976 DEBUG [org.apache.jasper.servlet.JspServlet@http-nio-8080-exec-2] QueryString: null 
2022-04-17 18:24:34.369 DEBUG [org.hibernate.SQL@http-nio-8080-exec-2] select useraccoun0_.id as id1_0_, useraccoun0_.version as version2_0_, useraccoun0_.enabled as enabled1_17_, useraccoun0_.identity as identity2_17_, useraccoun0_.password as password3_17_, useraccoun0_.username as username4_17_ from user_account useraccoun0_ where useraccoun0_.username=? 
2022-04-17 18:24:34.370 TRACE [org.hibernate.type.descriptor.sql.BasicBinder@http-nio-8080-exec-2] binding parameter [1] as [VARCHAR] - [anonymous] 
2022-04-17 18:24:34.371 DEBUG [org.hibernate.SQL@http-nio-8080-exec-2] select roles0_.user_account_id as user_acc1_18_0_, roles0_.id as id1_18_0_, roles0_.id as id1_0_1_, roles0_.version as version2_0_1_, roles0_.user_account_id as user_acc1_18_1_, roles0_.company as company1_8_1_, roles0_.sector as sector2_8_1_, roles0_.company as company1_9_1_, roles0_.link as link2_9_1_, roles0_.statement as statemen3_9_1_, roles0_.company as company1_10_1_, roles0_.link as link2_10_1_, roles0_.statement as statemen3_10_1_, roles0_.company as company1_13_1_, roles0_.sector as sector2_13_1_, roles0_.clazz_ as clazz_1_ from ( select id, version, user_account_id, company, sector, null as link, null as statement, 10 as clazz_ from consumer union all select id, version, user_account_id, company, null as sector, link, statement, 11 as clazz_ from inventor union all select id, version, user_account_id, company, null as sector, link, statement, 12 as clazz_ from patron union all select id, version, user_account_id, company, sector, null as link, null as statement, 13 as clazz_ from provider union all select id, version, user_account_id, null as company, null as sector, null as link, null as statement, 15 as clazz_ from administrator union all select id, version, user_account_id, null as company, null as sector, null as link, null as statement, 16 as clazz_ from anonymous union all select id, version, user_account_id, null as company, null as sector, null as link, null as statement, 17 as clazz_ from any union all select id, version, user_account_id, null as company, null as sector, null as link, null as statement, 18 as clazz_ from authenticated ) roles0_ where roles0_.user_account_id=? 
2022-04-17 18:24:34.372 TRACE [org.hibernate.type.descriptor.sql.BasicBinder@http-nio-8080-exec-2] binding parameter [1] as [INTEGER] - [1] 
2022-04-17 18:24:38.860 DEBUG [org.hibernate.SQL@http-nio-8080-exec-2] select useraccoun0_.id as id1_0_, useraccoun0_.version as version2_0_, useraccoun0_.enabled as enabled1_17_, useraccoun0_.identity as identity2_17_, useraccoun0_.password as password3_17_, useraccoun0_.username as username4_17_ from user_account useraccoun0_ where useraccoun0_.username=? 
2022-04-17 18:24:38.861 TRACE [org.hibernate.type.descriptor.sql.BasicBinder@http-nio-8080-exec-2] binding parameter [1] as [VARCHAR] - [patron1] 
2022-04-17 18:24:38.862 DEBUG [org.hibernate.SQL@http-nio-8080-exec-2] select roles0_.user_account_id as user_acc1_18_0_, roles0_.id as id1_18_0_, roles0_.id as id1_0_1_, roles0_.version as version2_0_1_, roles0_.user_account_id as user_acc1_18_1_, roles0_.company as company1_8_1_, roles0_.sector as sector2_8_1_, roles0_.company as company1_9_1_, roles0_.link as link2_9_1_, roles0_.statement as statemen3_9_1_, roles0_.company as company1_10_1_, roles0_.link as link2_10_1_, roles0_.statement as statemen3_10_1_, roles0_.company as company1_13_1_, roles0_.sector as sector2_13_1_, roles0_.clazz_ as clazz_1_ from ( select id, version, user_account_id, company, sector, null as link, null as statement, 10 as clazz_ from consumer union all select id, version, user_account_id, company, null as sector, link, statement, 11 as clazz_ from inventor union all select id, version, user_account_id, company, null as sector, link, statement, 12 as clazz_ from patron union all select id, version, user_account_id, company, sector, null as link, null as statement, 13 as clazz_ from provider union all select id, version, user_account_id, null as company, null as sector, null as link, null as statement, 15 as clazz_ from administrator union all select id, version, user_account_id, null as company, null as sector, null as link, null as statement, 16 as clazz_ from anonymous union all select id, version, user_account_id, null as company, null as sector, null as link, null as statement, 17 as clazz_ from any union all select id, version, user_account_id, null as company, null as sector, null as link, null as statement, 18 as clazz_ from authenticated ) roles0_ where roles0_.user_account_id=? 
2022-04-17 18:24:38.863 TRACE [org.hibernate.type.descriptor.sql.BasicBinder@http-nio-8080-exec-2] binding parameter [1] as [INTEGER] - [2] 
2022-04-17 18:24:38.883 DEBUG [acme.framework.components.tiles.DynamicTilesView@http-nio-8080-exec-1] View name 'fragments/welcome', model {} 
2022-04-17 18:24:38.884 DEBUG [org.apache.jasper.servlet.JspServlet@http-nio-8080-exec-1] JspEngine --> /WEB-INF/views/master/page.jsp 
2022-04-17 18:24:38.884 DEBUG [org.apache.jasper.servlet.JspServlet@http-nio-8080-exec-1] ServletPath: /WEB-INF/views/master/page.jsp 
2022-04-17 18:24:38.884 DEBUG [org.apache.jasper.servlet.JspServlet@http-nio-8080-exec-1] PathInfo: null 
2022-04-17 18:24:38.886 DEBUG [org.apache.jasper.servlet.JspServlet@http-nio-8080-exec-1] RealPath: C:\Users\DP2\Desktop\Workspace-22.0\Workspace-22.0\Projects\Acme-Toolkits\target\classes\WEB-INF\views\master\page.jsp 
2022-04-17 18:24:38.886 DEBUG [org.apache.jasper.servlet.JspServlet@http-nio-8080-exec-1] RequestURI: /acme-toolkits-0.1/WEB-INF/views/master/page.jsp 
2022-04-17 18:24:38.886 DEBUG [org.apache.jasper.servlet.JspServlet@http-nio-8080-exec-1] QueryString: null 
2022-04-17 18:24:38.977 DEBUG [org.apache.jasper.servlet.JspServlet@http-nio-8080-exec-1] JspEngine --> /WEB-INF/views/fragments/welcome.jsp 
2022-04-17 18:24:38.977 DEBUG [org.apache.jasper.servlet.JspServlet@http-nio-8080-exec-1] ServletPath: /WEB-INF/views/master/page.jsp 
2022-04-17 18:24:38.977 DEBUG [org.apache.jasper.servlet.JspServlet@http-nio-8080-exec-1] PathInfo: null 
2022-04-17 18:24:38.978 DEBUG [org.apache.jasper.servlet.JspServlet@http-nio-8080-exec-1] RealPath: C:\Users\DP2\Desktop\Workspace-22.0\Workspace-22.0\Projects\Acme-Toolkits\target\classes\WEB-INF\views\fragments\welcome.jsp 
2022-04-17 18:24:38.979 DEBUG [org.apache.jasper.servlet.JspServlet@http-nio-8080-exec-1] RequestURI: /acme-toolkits-0.1/WEB-INF/views/master/page.jsp 
2022-04-17 18:24:38.979 DEBUG [org.apache.jasper.servlet.JspServlet@http-nio-8080-exec-1] QueryString: null 
2022-04-17 18:24:43.559 DEBUG [acme.framework.controllers.AbstractController@http-nio-8080-exec-1] DISPATCHING GET /acme-toolkits-0.1/patron/patronage-report/list 
2022-04-17 18:24:43.559 DEBUG [acme.framework.controllers.AbstractController@http-nio-8080-exec-1] Command: list 
2022-04-17 18:24:43.559 DEBUG [acme.framework.controllers.AbstractController@http-nio-8080-exec-1] Model:   {} 
2022-04-17 18:24:43.559 DEBUG [acme.framework.controllers.AbstractController@http-nio-8080-exec-1] Locale:  es 
2022-04-17 18:24:43.577 DEBUG [org.hibernate.SQL@http-nio-8080-exec-1] select patronager0_.id as id1_0_, patronager0_.version as version2_0_, patronager0_.creation_moment as creation1_11_, patronager0_.link as link2_11_, patronager0_.memorandum as memorand3_11_, patronager0_.patronage_id as patronag4_11_ from patronage_report patronager0_ cross join patronages patronages1_ where patronager0_.patronage_id=patronages1_.id and patronages1_.patron_id=? 
2022-04-17 18:24:43.578 TRACE [org.hibernate.type.descriptor.sql.BasicBinder@http-nio-8080-exec-1] binding parameter [1] as [INTEGER] - [15] 
2022-04-17 18:24:43.584 DEBUG [org.hibernate.SQL@http-nio-8080-exec-1] select patronages0_.id as id1_0_0_, patronages0_.version as version2_0_0_, patronages0_.budget_amount as budget_a1_12_0_, patronages0_.budget_currency as budget_c2_12_0_, patronages0_.code as code3_12_0_, patronages0_.final_period as final_pe4_12_0_, patronages0_.init_period as init_per5_12_0_, patronages0_.inventor_id as inventor9_12_0_, patronages0_.legal_stuff as legal_st6_12_0_, patronages0_.link as link7_12_0_, patronages0_.patron_id as patron_10_12_0_, patronages0_.status as status8_12_0_, inventor1_.id as id1_0_1_, inventor1_.version as version2_0_1_, inventor1_.user_account_id as user_acc1_18_1_, inventor1_.company as company1_9_1_, inventor1_.link as link2_9_1_, inventor1_.statement as statemen3_9_1_, useraccoun2_.id as id1_0_2_, useraccoun2_.version as version2_0_2_, useraccoun2_.enabled as enabled1_17_2_, useraccoun2_.identity as identity2_17_2_, useraccoun2_.password as password3_17_2_, useraccoun2_.username as username4_17_2_, patron3_.id as id1_0_3_, patron3_.version as version2_0_3_, patron3_.user_account_id as user_acc1_18_3_, patron3_.company as company1_10_3_, patron3_.link as link2_10_3_, patron3_.statement as statemen3_10_3_, useraccoun4_.id as id1_0_4_, useraccoun4_.version as version2_0_4_, useraccoun4_.enabled as enabled1_17_4_, useraccoun4_.identity as identity2_17_4_, useraccoun4_.password as password3_17_4_, useraccoun4_.username as username4_17_4_ from patronages patronages0_ inner join inventor inventor1_ on patronages0_.inventor_id=inventor1_.id inner join user_account useraccoun2_ on inventor1_.user_account_id=useraccoun2_.id inner join patron patron3_ on patronages0_.patron_id=patron3_.id inner join user_account useraccoun4_ on patron3_.user_account_id=useraccoun4_.id where patronages0_.id=? 
2022-04-17 18:24:43.585 TRACE [org.hibernate.type.descriptor.sql.BasicBinder@http-nio-8080-exec-1] binding parameter [1] as [INTEGER] - [21] 
2022-04-17 18:24:43.618 DEBUG [acme.framework.controllers.AbstractController@http-nio-8080-exec-1] SERVING GET /acme-toolkits-0.1/patron/patronage-report/list 
2022-04-17 18:24:43.619 DEBUG [acme.framework.controllers.AbstractController@http-nio-8080-exec-1] Result: ModelAndView [view="patron/patronage-report/list"; model={sequenceNumber[0]=ABC-012-A:java.text.DecimalFormat@674dc, link[0]=https://www.google.com, version[0]=0, creationMoment[0]=2022-03-19 12:23:00.0, id[0]=25, list$size=1, command=list, principal=acme.framework.entities.Principal@2415c606}] 
2022-04-17 18:24:43.624 DEBUG [acme.framework.components.tiles.DynamicTilesView@http-nio-8080-exec-1] View name 'patron/patronage-report/list', model {sequenceNumber[0]=ABC-012-A:java.text.DecimalFormat@674dc, link[0]=https://www.google.com, version[0]=0, creationMoment[0]=2022-03-19 12:23:00.0, id[0]=25, list$size=1, command=list, principal=acme.framework.entities.Principal@2415c606, org.springframework.validation.BindingResult.principal=org.springframework.validation.BeanPropertyBindingResult: 0 errors} 
2022-04-17 18:24:43.625 DEBUG [org.apache.jasper.servlet.JspServlet@http-nio-8080-exec-1] JspEngine --> /WEB-INF/views/master/page.jsp 
2022-04-17 18:24:43.625 DEBUG [org.apache.jasper.servlet.JspServlet@http-nio-8080-exec-1] ServletPath: /WEB-INF/views/master/page.jsp 
2022-04-17 18:24:43.625 DEBUG [org.apache.jasper.servlet.JspServlet@http-nio-8080-exec-1] PathInfo: null 
2022-04-17 18:24:43.625 DEBUG [org.apache.jasper.servlet.JspServlet@http-nio-8080-exec-1] RealPath: C:\Users\DP2\Desktop\Workspace-22.0\Workspace-22.0\Projects\Acme-Toolkits\target\classes\WEB-INF\views\master\page.jsp 
2022-04-17 18:24:43.626 DEBUG [org.apache.jasper.servlet.JspServlet@http-nio-8080-exec-1] RequestURI: /acme-toolkits-0.1/WEB-INF/views/master/page.jsp 
2022-04-17 18:24:43.626 DEBUG [org.apache.jasper.servlet.JspServlet@http-nio-8080-exec-1] QueryString: null 
2022-04-17 18:24:43.708 DEBUG [org.apache.jasper.servlet.JspServlet@http-nio-8080-exec-1] JspEngine --> /WEB-INF/views/patron/patronage-report/list.jsp 
2022-04-17 18:24:43.708 DEBUG [org.apache.jasper.servlet.JspServlet@http-nio-8080-exec-1] ServletPath: /WEB-INF/views/master/page.jsp 
2022-04-17 18:24:43.708 DEBUG [org.apache.jasper.servlet.JspServlet@http-nio-8080-exec-1] PathInfo: null 
2022-04-17 18:24:43.709 DEBUG [org.apache.jasper.servlet.JspServlet@http-nio-8080-exec-1] RealPath: C:\Users\DP2\Desktop\Workspace-22.0\Workspace-22.0\Projects\Acme-Toolkits\target\classes\WEB-INF\views\patron\patronage-report\list.jsp 
2022-04-17 18:24:43.710 DEBUG [org.apache.jasper.servlet.JspServlet@http-nio-8080-exec-1] RequestURI: /acme-toolkits-0.1/WEB-INF/views/master/page.jsp 
2022-04-17 18:24:43.710 DEBUG [org.apache.jasper.servlet.JspServlet@http-nio-8080-exec-1] QueryString: null 
2022-04-17 18:24:45.679 DEBUG [acme.framework.controllers.AbstractController@http-nio-8080-exec-10] DISPATCHING GET /acme-toolkits-0.1/patron/patronage-report/show 
2022-04-17 18:24:45.679 DEBUG [acme.framework.controllers.AbstractController@http-nio-8080-exec-10] Command: show 
2022-04-17 18:24:45.679 DEBUG [acme.framework.controllers.AbstractController@http-nio-8080-exec-10] Model:   {id=25} 
2022-04-17 18:24:45.679 DEBUG [acme.framework.controllers.AbstractController@http-nio-8080-exec-10] Locale:  es 
2022-04-17 18:24:45.691 DEBUG [acme.framework.controllers.AbstractController@http-nio-8080-exec-10] SERVING GET /acme-toolkits-0.1/patron/patronage-report/show 
2022-04-17 18:24:45.691 DEBUG [acme.framework.controllers.AbstractController@http-nio-8080-exec-10] Result: ModelAndView [view="master/panic"; model={oops=java.lang.AssertionError}] 
2022-04-17 18:24:45.691 DEBUG [acme.framework.components.tiles.DynamicTilesView@http-nio-8080-exec-10] View name 'master/panic', model {oops=java.lang.AssertionError, org.springframework.validation.BindingResult.oops=org.springframework.validation.BeanPropertyBindingResult: 0 errors} 
2022-04-17 18:24:45.692 DEBUG [org.apache.jasper.servlet.JspServlet@http-nio-8080-exec-10] JspEngine --> /WEB-INF/views/master/page.jsp 
2022-04-17 18:24:45.693 DEBUG [org.apache.jasper.servlet.JspServlet@http-nio-8080-exec-10] ServletPath: /WEB-INF/views/master/page.jsp 
2022-04-17 18:24:45.693 DEBUG [org.apache.jasper.servlet.JspServlet@http-nio-8080-exec-10] PathInfo: null 
2022-04-17 18:24:45.694 DEBUG [org.apache.jasper.servlet.JspServlet@http-nio-8080-exec-10] RealPath: C:\Users\DP2\Desktop\Workspace-22.0\Workspace-22.0\Projects\Acme-Toolkits\target\classes\WEB-INF\views\master\page.jsp 
2022-04-17 18:24:45.695 DEBUG [org.apache.jasper.servlet.JspServlet@http-nio-8080-exec-10] RequestURI: /acme-toolkits-0.1/WEB-INF/views/master/page.jsp 
2022-04-17 18:24:45.695 DEBUG [org.apache.jasper.servlet.JspServlet@http-nio-8080-exec-10] QueryString: id=25 
2022-04-17 18:24:45.778 DEBUG [org.apache.jasper.servlet.JspServlet@http-nio-8080-exec-10] JspEngine --> /WEB-INF/views/master/panic.jsp 
2022-04-17 18:24:45.779 DEBUG [org.apache.jasper.servlet.JspServlet@http-nio-8080-exec-10] ServletPath: /WEB-INF/views/master/page.jsp 
2022-04-17 18:24:45.779 DEBUG [org.apache.jasper.servlet.JspServlet@http-nio-8080-exec-10] PathInfo: null 
2022-04-17 18:24:45.780 DEBUG [org.apache.jasper.servlet.JspServlet@http-nio-8080-exec-10] RealPath: C:\Users\DP2\Desktop\Workspace-22.0\Workspace-22.0\Projects\Acme-Toolkits\target\classes\WEB-INF\views\master\panic.jsp 
2022-04-17 18:24:45.780 DEBUG [org.apache.jasper.servlet.JspServlet@http-nio-8080-exec-10] RequestURI: /acme-toolkits-0.1/WEB-INF/views/master/page.jsp 
2022-04-17 18:24:45.780 DEBUG [org.apache.jasper.servlet.JspServlet@http-nio-8080-exec-10] QueryString: id=25 
2022-04-17 18:24:45.920 ERROR [org.apache.jsp.WEB_002dINF.views.master.panic_jsp@http-nio-8080-exec-10] HTTP GET /acme-toolkits-0.1/WEB-INF/views/master/page.jsp HTTP/1.1 
2022-04-17 18:24:45.921 ERROR [org.apache.jsp.WEB_002dINF.views.master.panic_jsp@http-nio-8080-exec-10] Status: 500 
2022-04-17 18:24:45.922 ERROR [org.apache.jsp.WEB_002dINF.views.master.panic_jsp@http-nio-8080-exec-10] Exception: acme.framework.entities.Principal.hasRole(Principal.java:146): java.lang.AssertionError 
