2022-05-21 17:05:09.532 INFO  [acme.Launcher@main] Starting Launcher using Java 1.8.0_281 on DESKTOP-OMS50DK with PID 9112 (D:\Mario\Universidad\3º de Carrera 2021-2022\2 - Diseño y Pruebas II (DP2)\Workspace-22.0\Frameworks\Acme-Framework-22.5.1\target\classes started by Mario in D:\Mario\Universidad\3º de Carrera 2021-2022\2 - Diseño y Pruebas II (DP2)\Workspace-22.0\Projects\Acme-Toolkits) 
2022-05-21 17:05:09.534 DEBUG [acme.Launcher@main] Running with Spring Boot v2.4.2, Spring v5.3.3 
2022-05-21 17:05:09.536 INFO  [acme.Launcher@main] The following profiles are active: development,default 
2022-05-21 17:05:13.360 DEBUG [org.apache.jasper.servlet.JasperInitializer@main] Initializing Jasper for context [application] 
2022-05-21 17:05:24.142 DEBUG [org.apache.jasper.servlet.JspServlet@main] Scratch dir for the JSP engine is: [C:\Users\Mario\AppData\Local\Temp\tomcat.8080.8747366551357023947\work\Tomcat\localhost\acme-toolkits-0.1] 
2022-05-21 17:05:24.143 DEBUG [org.apache.jasper.servlet.JspServlet@main] IMPORTANT: Do not modify the generated servlets 
2022-05-21 17:05:24.162 INFO  [acme.Launcher@main] Started Launcher in 15.964 seconds (JVM running for 17.346) 
2022-05-21 17:05:24.169 DEBUG [acme.Launcher@main] Found classpath entry '/D:/Mario/Universidad/3%c2%ba%20de%20Carrera%202021-2022/2%20-%20Dise%c3%b1o%20y%20Pruebas%20II%20(DP2)/Workspace-22.0/Projects/Acme-Toolkits/target/test-classes/' 
2022-05-21 17:05:24.170 DEBUG [acme.Launcher@main] Found classpath entry '/D:/Mario/Universidad/3%c2%ba%20de%20Carrera%202021-2022/2%20-%20Dise%c3%b1o%20y%20Pruebas%20II%20(DP2)/Workspace-22.0/Projects/Acme-Toolkits/target/classes/' 
2022-05-21 17:05:24.170 DEBUG [acme.Launcher@main] Found classpath entry '/D:/Mario/Universidad/3%c2%ba%20de%20Carrera%202021-2022/2%20-%20Dise%c3%b1o%20y%20Pruebas%20II%20(DP2)/Workspace-22.0/Frameworks/Acme-Framework-22.5.1/target/classes/' 
2022-05-21 17:05:24.170 DEBUG [acme.Launcher@main] Found classpath entry '/D:/Mario/Universidad/3%c2%ba%20de%20Carrera%202021-2022/2%20-%20Dise%c3%b1o%20y%20Pruebas%20II%20(DP2)/Workspace-22.0/Frameworks/Acme-Framework-22.5.1/target/test-classes/' 
2022-05-21 17:05:24.171 DEBUG [acme.Launcher@main] Found classpath entry '/C:/Users/Mario/.m2/repository/org/springframework/boot/spring-boot-starter-tomcat/2.4.2/spring-boot-starter-tomcat-2.4.2.jar' 
2022-05-21 17:05:24.171 DEBUG [acme.Launcher@main] Found classpath entry '/C:/Users/Mario/.m2/repository/jakarta/annotation/jakarta.annotation-api/1.3.5/jakarta.annotation-api-1.3.5.jar' 
2022-05-21 17:05:24.171 DEBUG [acme.Launcher@main] Found classpath entry '/C:/Users/Mario/.m2/repository/org/apache/tomcat/embed/tomcat-embed-core/9.0.41/tomcat-embed-core-9.0.41.jar' 
2022-05-21 17:05:24.171 DEBUG [acme.Launcher@main] Found classpath entry '/C:/Users/Mario/.m2/repository/org/glassfish/jakarta.el/3.0.3/jakarta.el-3.0.3.jar' 
2022-05-21 17:05:24.172 DEBUG [acme.Launcher@main] Found classpath entry '/C:/Users/Mario/.m2/repository/org/apache/tomcat/embed/tomcat-embed-websocket/9.0.41/tomcat-embed-websocket-9.0.41.jar' 
2022-05-21 17:05:24.172 DEBUG [acme.Launcher@main] Found classpath entry '/C:/Users/Mario/.m2/repository/org/apache/tomcat/embed/tomcat-embed-jasper/9.0.41/tomcat-embed-jasper-9.0.41.jar' 
2022-05-21 17:05:24.172 DEBUG [acme.Launcher@main] Found classpath entry '/C:/Users/Mario/.m2/repository/org/apache/tomcat/embed/tomcat-embed-el/9.0.41/tomcat-embed-el-9.0.41.jar' 
2022-05-21 17:05:24.172 DEBUG [acme.Launcher@main] Found classpath entry '/C:/Users/Mario/.m2/repository/org/eclipse/jdt/ecj/3.18.0/ecj-3.18.0.jar' 
2022-05-21 17:05:24.172 DEBUG [acme.Launcher@main] Found classpath entry '/C:/Users/Mario/.m2/repository/javax/servlet/jstl/1.2/jstl-1.2.jar' 
2022-05-21 17:05:24.172 DEBUG [acme.Launcher@main] Found classpath entry '/C:/Users/Mario/.m2/repository/org/springframework/boot/spring-boot-starter-test/2.4.2/spring-boot-starter-test-2.4.2.jar' 
2022-05-21 17:05:24.173 DEBUG [acme.Launcher@main] Found classpath entry '/C:/Users/Mario/.m2/repository/org/springframework/boot/spring-boot-starter/2.4.2/spring-boot-starter-2.4.2.jar' 
2022-05-21 17:05:24.173 DEBUG [acme.Launcher@main] Found classpath entry '/C:/Users/Mario/.m2/repository/org/springframework/boot/spring-boot/2.4.2/spring-boot-2.4.2.jar' 
2022-05-21 17:05:24.173 DEBUG [acme.Launcher@main] Found classpath entry '/C:/Users/Mario/.m2/repository/org/springframework/boot/spring-boot-autoconfigure/2.4.2/spring-boot-autoconfigure-2.4.2.jar' 
2022-05-21 17:05:24.173 DEBUG [acme.Launcher@main] Found classpath entry '/C:/Users/Mario/.m2/repository/org/springframework/boot/spring-boot-starter-logging/2.4.2/spring-boot-starter-logging-2.4.2.jar' 
2022-05-21 17:05:24.173 DEBUG [acme.Launcher@main] Found classpath entry '/C:/Users/Mario/.m2/repository/ch/qos/logback/logback-classic/1.2.3/logback-classic-1.2.3.jar' 
2022-05-21 17:05:24.173 DEBUG [acme.Launcher@main] Found classpath entry '/C:/Users/Mario/.m2/repository/ch/qos/logback/logback-core/1.2.3/logback-core-1.2.3.jar' 
2022-05-21 17:05:24.173 DEBUG [acme.Launcher@main] Found classpath entry '/C:/Users/Mario/.m2/repository/org/apache/logging/log4j/log4j-to-slf4j/2.13.3/log4j-to-slf4j-2.13.3.jar' 
2022-05-21 17:05:24.174 DEBUG [acme.Launcher@main] Found classpath entry '/C:/Users/Mario/.m2/repository/org/apache/logging/log4j/log4j-api/2.13.3/log4j-api-2.13.3.jar' 
2022-05-21 17:05:24.174 DEBUG [acme.Launcher@main] Found classpath entry '/C:/Users/Mario/.m2/repository/org/slf4j/jul-to-slf4j/1.7.30/jul-to-slf4j-1.7.30.jar' 
2022-05-21 17:05:24.174 DEBUG [acme.Launcher@main] Found classpath entry '/C:/Users/Mario/.m2/repository/org/yaml/snakeyaml/1.27/snakeyaml-1.27.jar' 
2022-05-21 17:05:24.174 DEBUG [acme.Launcher@main] Found classpath entry '/C:/Users/Mario/.m2/repository/org/springframework/boot/spring-boot-test/2.4.2/spring-boot-test-2.4.2.jar' 
2022-05-21 17:05:24.174 DEBUG [acme.Launcher@main] Found classpath entry '/C:/Users/Mario/.m2/repository/org/springframework/boot/spring-boot-test-autoconfigure/2.4.2/spring-boot-test-autoconfigure-2.4.2.jar' 
2022-05-21 17:05:24.174 DEBUG [acme.Launcher@main] Found classpath entry '/C:/Users/Mario/.m2/repository/com/jayway/jsonpath/json-path/2.4.0/json-path-2.4.0.jar' 
2022-05-21 17:05:24.175 DEBUG [acme.Launcher@main] Found classpath entry '/C:/Users/Mario/.m2/repository/net/minidev/json-smart/2.3/json-smart-2.3.jar' 
2022-05-21 17:05:24.175 DEBUG [acme.Launcher@main] Found classpath entry '/C:/Users/Mario/.m2/repository/net/minidev/accessors-smart/1.2/accessors-smart-1.2.jar' 
2022-05-21 17:05:24.175 DEBUG [acme.Launcher@main] Found classpath entry '/C:/Users/Mario/.m2/repository/org/ow2/asm/asm/5.0.4/asm-5.0.4.jar' 
2022-05-21 17:05:24.175 DEBUG [acme.Launcher@main] Found classpath entry '/C:/Users/Mario/.m2/repository/jakarta/xml/bind/jakarta.xml.bind-api/2.3.3/jakarta.xml.bind-api-2.3.3.jar' 
2022-05-21 17:05:24.175 DEBUG [acme.Launcher@main] Found classpath entry '/C:/Users/Mario/.m2/repository/jakarta/activation/jakarta.activation-api/1.2.2/jakarta.activation-api-1.2.2.jar' 
2022-05-21 17:05:24.175 DEBUG [acme.Launcher@main] Found classpath entry '/C:/Users/Mario/.m2/repository/org/assertj/assertj-core/3.18.1/assertj-core-3.18.1.jar' 
2022-05-21 17:05:24.175 DEBUG [acme.Launcher@main] Found classpath entry '/C:/Users/Mario/.m2/repository/org/hamcrest/hamcrest/2.2/hamcrest-2.2.jar' 
2022-05-21 17:05:24.176 DEBUG [acme.Launcher@main] Found classpath entry '/C:/Users/Mario/.m2/repository/org/junit/jupiter/junit-jupiter/5.7.0/junit-jupiter-5.7.0.jar' 
2022-05-21 17:05:24.176 DEBUG [acme.Launcher@main] Found classpath entry '/C:/Users/Mario/.m2/repository/org/mockito/mockito-core/3.6.28/mockito-core-3.6.28.jar' 
2022-05-21 17:05:24.176 DEBUG [acme.Launcher@main] Found classpath entry '/C:/Users/Mario/.m2/repository/net/bytebuddy/byte-buddy-agent/1.10.19/byte-buddy-agent-1.10.19.jar' 
2022-05-21 17:05:24.176 DEBUG [acme.Launcher@main] Found classpath entry '/C:/Users/Mario/.m2/repository/org/objenesis/objenesis/3.1/objenesis-3.1.jar' 
2022-05-21 17:05:24.176 DEBUG [acme.Launcher@main] Found classpath entry '/C:/Users/Mario/.m2/repository/org/mockito/mockito-junit-jupiter/3.6.28/mockito-junit-jupiter-3.6.28.jar' 
2022-05-21 17:05:24.177 DEBUG [acme.Launcher@main] Found classpath entry '/C:/Users/Mario/.m2/repository/org/skyscreamer/jsonassert/1.5.0/jsonassert-1.5.0.jar' 
2022-05-21 17:05:24.177 DEBUG [acme.Launcher@main] Found classpath entry '/C:/Users/Mario/.m2/repository/com/vaadin/external/google/android-json/0.0.20131108.vaadin1/android-json-0.0.20131108.vaadin1.jar' 
2022-05-21 17:05:24.177 DEBUG [acme.Launcher@main] Found classpath entry '/C:/Users/Mario/.m2/repository/org/springframework/spring-core/5.3.3/spring-core-5.3.3.jar' 
2022-05-21 17:05:24.177 DEBUG [acme.Launcher@main] Found classpath entry '/C:/Users/Mario/.m2/repository/org/springframework/spring-jcl/5.3.3/spring-jcl-5.3.3.jar' 
2022-05-21 17:05:24.177 DEBUG [acme.Launcher@main] Found classpath entry '/C:/Users/Mario/.m2/repository/org/springframework/spring-test/5.3.3/spring-test-5.3.3.jar' 
2022-05-21 17:05:24.177 DEBUG [acme.Launcher@main] Found classpath entry '/C:/Users/Mario/.m2/repository/org/xmlunit/xmlunit-core/2.7.0/xmlunit-core-2.7.0.jar' 
2022-05-21 17:05:24.177 DEBUG [acme.Launcher@main] Found classpath entry '/C:/Users/Mario/.m2/repository/org/springframework/boot/spring-boot-starter-security/2.4.2/spring-boot-starter-security-2.4.2.jar' 
2022-05-21 17:05:24.178 DEBUG [acme.Launcher@main] Found classpath entry '/C:/Users/Mario/.m2/repository/org/springframework/spring-aop/5.3.3/spring-aop-5.3.3.jar' 
2022-05-21 17:05:24.178 DEBUG [acme.Launcher@main] Found classpath entry '/C:/Users/Mario/.m2/repository/org/springframework/security/spring-security-web/5.4.2/spring-security-web-5.4.2.jar' 
2022-05-21 17:05:24.178 DEBUG [acme.Launcher@main] Found classpath entry '/C:/Users/Mario/.m2/repository/org/springframework/security/spring-security-core/5.4.2/spring-security-core-5.4.2.jar' 
2022-05-21 17:05:24.178 DEBUG [acme.Launcher@main] Found classpath entry '/C:/Users/Mario/.m2/repository/org/springframework/spring-beans/5.3.3/spring-beans-5.3.3.jar' 
2022-05-21 17:05:24.178 DEBUG [acme.Launcher@main] Found classpath entry '/C:/Users/Mario/.m2/repository/org/springframework/spring-context/5.3.3/spring-context-5.3.3.jar' 
2022-05-21 17:05:24.178 DEBUG [acme.Launcher@main] Found classpath entry '/C:/Users/Mario/.m2/repository/org/springframework/spring-expression/5.3.3/spring-expression-5.3.3.jar' 
2022-05-21 17:05:24.179 DEBUG [acme.Launcher@main] Found classpath entry '/C:/Users/Mario/.m2/repository/org/springframework/spring-web/5.3.3/spring-web-5.3.3.jar' 
2022-05-21 17:05:24.179 DEBUG [acme.Launcher@main] Found classpath entry '/C:/Users/Mario/.m2/repository/org/springframework/security/spring-security-config/5.4.2/spring-security-config-5.4.2.jar' 
2022-05-21 17:05:24.179 DEBUG [acme.Launcher@main] Found classpath entry '/C:/Users/Mario/.m2/repository/org/springframework/security/spring-security-taglibs/5.4.2/spring-security-taglibs-5.4.2.jar' 
2022-05-21 17:05:24.179 DEBUG [acme.Launcher@main] Found classpath entry '/C:/Users/Mario/.m2/repository/org/springframework/security/spring-security-acl/5.4.2/spring-security-acl-5.4.2.jar' 
2022-05-21 17:05:24.179 DEBUG [acme.Launcher@main] Found classpath entry '/C:/Users/Mario/.m2/repository/org/springframework/spring-jdbc/5.3.3/spring-jdbc-5.3.3.jar' 
2022-05-21 17:05:24.179 DEBUG [acme.Launcher@main] Found classpath entry '/C:/Users/Mario/.m2/repository/org/springframework/spring-tx/5.3.3/spring-tx-5.3.3.jar' 
2022-05-21 17:05:24.180 DEBUG [acme.Launcher@main] Found classpath entry '/C:/Users/Mario/.m2/repository/org/springframework/boot/spring-boot-starter-web/2.4.2/spring-boot-starter-web-2.4.2.jar' 
2022-05-21 17:05:24.180 DEBUG [acme.Launcher@main] Found classpath entry '/C:/Users/Mario/.m2/repository/org/springframework/boot/spring-boot-starter-json/2.4.2/spring-boot-starter-json-2.4.2.jar' 
2022-05-21 17:05:24.180 DEBUG [acme.Launcher@main] Found classpath entry '/C:/Users/Mario/.m2/repository/com/fasterxml/jackson/core/jackson-databind/2.11.4/jackson-databind-2.11.4.jar' 
2022-05-21 17:05:24.180 DEBUG [acme.Launcher@main] Found classpath entry '/C:/Users/Mario/.m2/repository/com/fasterxml/jackson/core/jackson-annotations/2.11.4/jackson-annotations-2.11.4.jar' 
2022-05-21 17:05:24.180 DEBUG [acme.Launcher@main] Found classpath entry '/C:/Users/Mario/.m2/repository/com/fasterxml/jackson/core/jackson-core/2.11.4/jackson-core-2.11.4.jar' 
2022-05-21 17:05:24.180 DEBUG [acme.Launcher@main] Found classpath entry '/C:/Users/Mario/.m2/repository/com/fasterxml/jackson/datatype/jackson-datatype-jdk8/2.11.4/jackson-datatype-jdk8-2.11.4.jar' 
2022-05-21 17:05:24.180 DEBUG [acme.Launcher@main] Found classpath entry '/C:/Users/Mario/.m2/repository/com/fasterxml/jackson/datatype/jackson-datatype-jsr310/2.11.4/jackson-datatype-jsr310-2.11.4.jar' 
2022-05-21 17:05:24.180 DEBUG [acme.Launcher@main] Found classpath entry '/C:/Users/Mario/.m2/repository/com/fasterxml/jackson/module/jackson-module-parameter-names/2.11.4/jackson-module-parameter-names-2.11.4.jar' 
2022-05-21 17:05:24.180 DEBUG [acme.Launcher@main] Found classpath entry '/C:/Users/Mario/.m2/repository/org/springframework/spring-webmvc/5.3.3/spring-webmvc-5.3.3.jar' 
2022-05-21 17:05:24.181 DEBUG [acme.Launcher@main] Found classpath entry '/C:/Users/Mario/.m2/repository/org/apache/tiles/tiles-jsp/3.0.8/tiles-jsp-3.0.8.jar' 
2022-05-21 17:05:24.181 DEBUG [acme.Launcher@main] Found classpath entry '/C:/Users/Mario/.m2/repository/org/apache/tiles/tiles-servlet/3.0.8/tiles-servlet-3.0.8.jar' 
2022-05-21 17:05:24.181 DEBUG [acme.Launcher@main] Found classpath entry '/C:/Users/Mario/.m2/repository/org/apache/tiles/tiles-core/3.0.8/tiles-core-3.0.8.jar' 
2022-05-21 17:05:24.181 DEBUG [acme.Launcher@main] Found classpath entry '/C:/Users/Mario/.m2/repository/commons-digester/commons-digester/2.0/commons-digester-2.0.jar' 
2022-05-21 17:05:24.181 DEBUG [acme.Launcher@main] Found classpath entry '/C:/Users/Mario/.m2/repository/org/slf4j/jcl-over-slf4j/1.7.30/jcl-over-slf4j-1.7.30.jar' 
2022-05-21 17:05:24.181 DEBUG [acme.Launcher@main] Found classpath entry '/C:/Users/Mario/.m2/repository/org/apache/tiles/tiles-request-servlet/1.0.7/tiles-request-servlet-1.0.7.jar' 
2022-05-21 17:05:24.181 DEBUG [acme.Launcher@main] Found classpath entry '/C:/Users/Mario/.m2/repository/org/apache/tiles/tiles-template/3.0.8/tiles-template-3.0.8.jar' 
2022-05-21 17:05:24.181 DEBUG [acme.Launcher@main] Found classpath entry '/C:/Users/Mario/.m2/repository/org/apache/tiles/tiles-api/3.0.8/tiles-api-3.0.8.jar' 
2022-05-21 17:05:24.182 DEBUG [acme.Launcher@main] Found classpath entry '/C:/Users/Mario/.m2/repository/org/apache/tiles/tiles-autotag-core-runtime/1.2/tiles-autotag-core-runtime-1.2.jar' 
2022-05-21 17:05:24.182 DEBUG [acme.Launcher@main] Found classpath entry '/C:/Users/Mario/.m2/repository/org/slf4j/slf4j-api/1.7.30/slf4j-api-1.7.30.jar' 
2022-05-21 17:05:24.182 DEBUG [acme.Launcher@main] Found classpath entry '/C:/Users/Mario/.m2/repository/org/apache/tiles/tiles-request-jsp/1.0.7/tiles-request-jsp-1.0.7.jar' 
2022-05-21 17:05:24.182 DEBUG [acme.Launcher@main] Found classpath entry '/C:/Users/Mario/.m2/repository/org/apache/tiles/tiles-request-api/1.0.7/tiles-request-api-1.0.7.jar' 
2022-05-21 17:05:24.182 DEBUG [acme.Launcher@main] Found classpath entry '/C:/Users/Mario/.m2/repository/org/springframework/boot/spring-boot-starter-data-jpa/2.4.2/spring-boot-starter-data-jpa-2.4.2.jar' 
2022-05-21 17:05:24.182 DEBUG [acme.Launcher@main] Found classpath entry '/C:/Users/Mario/.m2/repository/org/springframework/boot/spring-boot-starter-aop/2.4.2/spring-boot-starter-aop-2.4.2.jar' 
2022-05-21 17:05:24.182 DEBUG [acme.Launcher@main] Found classpath entry '/C:/Users/Mario/.m2/repository/org/aspectj/aspectjweaver/1.9.6/aspectjweaver-1.9.6.jar' 
2022-05-21 17:05:24.182 DEBUG [acme.Launcher@main] Found classpath entry '/C:/Users/Mario/.m2/repository/org/springframework/boot/spring-boot-starter-jdbc/2.4.2/spring-boot-starter-jdbc-2.4.2.jar' 
2022-05-21 17:05:24.182 DEBUG [acme.Launcher@main] Found classpath entry '/C:/Users/Mario/.m2/repository/jakarta/transaction/jakarta.transaction-api/1.3.3/jakarta.transaction-api-1.3.3.jar' 
2022-05-21 17:05:24.183 DEBUG [acme.Launcher@main] Found classpath entry '/C:/Users/Mario/.m2/repository/jakarta/persistence/jakarta.persistence-api/2.2.3/jakarta.persistence-api-2.2.3.jar' 
2022-05-21 17:05:24.183 DEBUG [acme.Launcher@main] Found classpath entry '/C:/Users/Mario/.m2/repository/org/hibernate/hibernate-core/5.4.27.Final/hibernate-core-5.4.27.Final.jar' 
2022-05-21 17:05:24.183 DEBUG [acme.Launcher@main] Found classpath entry '/C:/Users/Mario/.m2/repository/org/jboss/logging/jboss-logging/3.4.1.Final/jboss-logging-3.4.1.Final.jar' 
2022-05-21 17:05:24.183 DEBUG [acme.Launcher@main] Found classpath entry '/C:/Users/Mario/.m2/repository/org/javassist/javassist/3.27.0-GA/javassist-3.27.0-GA.jar' 
2022-05-21 17:05:24.183 DEBUG [acme.Launcher@main] Found classpath entry '/C:/Users/Mario/.m2/repository/antlr/antlr/2.7.7/antlr-2.7.7.jar' 
2022-05-21 17:05:24.183 DEBUG [acme.Launcher@main] Found classpath entry '/C:/Users/Mario/.m2/repository/org/jboss/jandex/2.1.3.Final/jandex-2.1.3.Final.jar' 
2022-05-21 17:05:24.183 DEBUG [acme.Launcher@main] Found classpath entry '/C:/Users/Mario/.m2/repository/com/fasterxml/classmate/1.5.1/classmate-1.5.1.jar' 
2022-05-21 17:05:24.184 DEBUG [acme.Launcher@main] Found classpath entry '/C:/Users/Mario/.m2/repository/org/dom4j/dom4j/2.1.3/dom4j-2.1.3.jar' 
2022-05-21 17:05:24.184 DEBUG [acme.Launcher@main] Found classpath entry '/C:/Users/Mario/.m2/repository/org/hibernate/common/hibernate-commons-annotations/5.1.2.Final/hibernate-commons-annotations-5.1.2.Final.jar' 
2022-05-21 17:05:24.184 DEBUG [acme.Launcher@main] Found classpath entry '/C:/Users/Mario/.m2/repository/org/glassfish/jaxb/jaxb-runtime/2.3.3/jaxb-runtime-2.3.3.jar' 
2022-05-21 17:05:24.184 DEBUG [acme.Launcher@main] Found classpath entry '/C:/Users/Mario/.m2/repository/org/glassfish/jaxb/txw2/2.3.3/txw2-2.3.3.jar' 
2022-05-21 17:05:24.184 DEBUG [acme.Launcher@main] Found classpath entry '/C:/Users/Mario/.m2/repository/com/sun/istack/istack-commons-runtime/3.0.11/istack-commons-runtime-3.0.11.jar' 
2022-05-21 17:05:24.185 DEBUG [acme.Launcher@main] Found classpath entry '/C:/Users/Mario/.m2/repository/com/sun/activation/jakarta.activation/1.2.2/jakarta.activation-1.2.2.jar' 
2022-05-21 17:05:24.185 DEBUG [acme.Launcher@main] Found classpath entry '/C:/Users/Mario/.m2/repository/org/springframework/data/spring-data-jpa/2.4.3/spring-data-jpa-2.4.3.jar' 
2022-05-21 17:05:24.185 DEBUG [acme.Launcher@main] Found classpath entry '/C:/Users/Mario/.m2/repository/org/springframework/data/spring-data-commons/2.4.3/spring-data-commons-2.4.3.jar' 
2022-05-21 17:05:24.185 DEBUG [acme.Launcher@main] Found classpath entry '/C:/Users/Mario/.m2/repository/org/springframework/spring-orm/5.3.3/spring-orm-5.3.3.jar' 
2022-05-21 17:05:24.185 DEBUG [acme.Launcher@main] Found classpath entry '/C:/Users/Mario/.m2/repository/org/springframework/spring-aspects/5.3.3/spring-aspects-5.3.3.jar' 
2022-05-21 17:05:24.186 DEBUG [acme.Launcher@main] Found classpath entry '/C:/Users/Mario/.m2/repository/org/springframework/boot/spring-boot-starter-validation/2.4.2/spring-boot-starter-validation-2.4.2.jar' 
2022-05-21 17:05:24.186 DEBUG [acme.Launcher@main] Found classpath entry '/C:/Users/Mario/.m2/repository/org/hibernate/validator/hibernate-validator/6.1.7.Final/hibernate-validator-6.1.7.Final.jar' 
2022-05-21 17:05:24.186 DEBUG [acme.Launcher@main] Found classpath entry '/C:/Users/Mario/.m2/repository/jakarta/validation/jakarta.validation-api/2.0.2/jakarta.validation-api-2.0.2.jar' 
2022-05-21 17:05:24.186 DEBUG [acme.Launcher@main] Found classpath entry '/C:/Users/Mario/.m2/repository/mysql/mysql-connector-java/8.0.22/mysql-connector-java-8.0.22.jar' 
2022-05-21 17:05:24.187 DEBUG [acme.Launcher@main] Found classpath entry '/C:/Users/Mario/.m2/repository/com/zaxxer/HikariCP/3.4.5/HikariCP-3.4.5.jar' 
2022-05-21 17:05:24.187 DEBUG [acme.Launcher@main] Found classpath entry '/C:/Users/Mario/.m2/repository/org/junit/jupiter/junit-jupiter-engine/5.7.0/junit-jupiter-engine-5.7.0.jar' 
2022-05-21 17:05:24.187 DEBUG [acme.Launcher@main] Found classpath entry '/C:/Users/Mario/.m2/repository/org/apiguardian/apiguardian-api/1.1.0/apiguardian-api-1.1.0.jar' 
2022-05-21 17:05:24.187 DEBUG [acme.Launcher@main] Found classpath entry '/C:/Users/Mario/.m2/repository/org/junit/platform/junit-platform-engine/1.7.0/junit-platform-engine-1.7.0.jar' 
2022-05-21 17:05:24.187 DEBUG [acme.Launcher@main] Found classpath entry '/C:/Users/Mario/.m2/repository/org/junit/jupiter/junit-jupiter-api/5.7.0/junit-jupiter-api-5.7.0.jar' 
2022-05-21 17:05:24.187 DEBUG [acme.Launcher@main] Found classpath entry '/C:/Users/Mario/.m2/repository/org/opentest4j/opentest4j/1.2.0/opentest4j-1.2.0.jar' 
2022-05-21 17:05:24.188 DEBUG [acme.Launcher@main] Found classpath entry '/C:/Users/Mario/.m2/repository/org/junit/platform/junit-platform-commons/1.7.0/junit-platform-commons-1.7.0.jar' 
2022-05-21 17:05:24.188 DEBUG [acme.Launcher@main] Found classpath entry '/C:/Users/Mario/.m2/repository/org/junit/jupiter/junit-jupiter-params/5.7.0/junit-jupiter-params-5.7.0.jar' 
2022-05-21 17:05:24.188 DEBUG [acme.Launcher@main] Found classpath entry '/C:/Users/Mario/.m2/repository/org/junit/platform/junit-platform-launcher/1.7.0/junit-platform-launcher-1.7.0.jar' 
2022-05-21 17:05:24.188 DEBUG [acme.Launcher@main] Found classpath entry '/C:/Users/Mario/.m2/repository/org/seleniumhq/selenium/selenium-java/3.141.59/selenium-java-3.141.59.jar' 
2022-05-21 17:05:24.189 DEBUG [acme.Launcher@main] Found classpath entry '/C:/Users/Mario/.m2/repository/org/seleniumhq/selenium/selenium-api/3.141.59/selenium-api-3.141.59.jar' 
2022-05-21 17:05:24.189 DEBUG [acme.Launcher@main] Found classpath entry '/C:/Users/Mario/.m2/repository/org/seleniumhq/selenium/selenium-chrome-driver/3.141.59/selenium-chrome-driver-3.141.59.jar' 
2022-05-21 17:05:24.189 DEBUG [acme.Launcher@main] Found classpath entry '/C:/Users/Mario/.m2/repository/org/seleniumhq/selenium/selenium-edge-driver/3.141.59/selenium-edge-driver-3.141.59.jar' 
2022-05-21 17:05:24.189 DEBUG [acme.Launcher@main] Found classpath entry '/C:/Users/Mario/.m2/repository/org/seleniumhq/selenium/selenium-firefox-driver/3.141.59/selenium-firefox-driver-3.141.59.jar' 
2022-05-21 17:05:24.189 DEBUG [acme.Launcher@main] Found classpath entry '/C:/Users/Mario/.m2/repository/org/seleniumhq/selenium/selenium-ie-driver/3.141.59/selenium-ie-driver-3.141.59.jar' 
2022-05-21 17:05:24.190 DEBUG [acme.Launcher@main] Found classpath entry '/C:/Users/Mario/.m2/repository/org/seleniumhq/selenium/selenium-opera-driver/3.141.59/selenium-opera-driver-3.141.59.jar' 
2022-05-21 17:05:24.190 DEBUG [acme.Launcher@main] Found classpath entry '/C:/Users/Mario/.m2/repository/org/seleniumhq/selenium/selenium-remote-driver/3.141.59/selenium-remote-driver-3.141.59.jar' 
2022-05-21 17:05:24.190 DEBUG [acme.Launcher@main] Found classpath entry '/C:/Users/Mario/.m2/repository/org/seleniumhq/selenium/selenium-safari-driver/3.141.59/selenium-safari-driver-3.141.59.jar' 
2022-05-21 17:05:24.190 DEBUG [acme.Launcher@main] Found classpath entry '/C:/Users/Mario/.m2/repository/org/seleniumhq/selenium/selenium-support/3.141.59/selenium-support-3.141.59.jar' 
2022-05-21 17:05:24.190 DEBUG [acme.Launcher@main] Found classpath entry '/C:/Users/Mario/.m2/repository/net/bytebuddy/byte-buddy/1.10.19/byte-buddy-1.10.19.jar' 
2022-05-21 17:05:24.191 DEBUG [acme.Launcher@main] Found classpath entry '/C:/Users/Mario/.m2/repository/org/apache/commons/commons-exec/1.3/commons-exec-1.3.jar' 
2022-05-21 17:05:24.191 DEBUG [acme.Launcher@main] Found classpath entry '/C:/Users/Mario/.m2/repository/com/google/guava/guava/25.0-jre/guava-25.0-jre.jar' 
2022-05-21 17:05:24.191 DEBUG [acme.Launcher@main] Found classpath entry '/C:/Users/Mario/.m2/repository/com/google/code/findbugs/jsr305/1.3.9/jsr305-1.3.9.jar' 
2022-05-21 17:05:24.191 DEBUG [acme.Launcher@main] Found classpath entry '/C:/Users/Mario/.m2/repository/org/checkerframework/checker-compat-qual/2.0.0/checker-compat-qual-2.0.0.jar' 
2022-05-21 17:05:24.192 DEBUG [acme.Launcher@main] Found classpath entry '/C:/Users/Mario/.m2/repository/com/google/errorprone/error_prone_annotations/2.1.3/error_prone_annotations-2.1.3.jar' 
2022-05-21 17:05:24.192 DEBUG [acme.Launcher@main] Found classpath entry '/C:/Users/Mario/.m2/repository/com/google/j2objc/j2objc-annotations/1.1/j2objc-annotations-1.1.jar' 
2022-05-21 17:05:24.192 DEBUG [acme.Launcher@main] Found classpath entry '/C:/Users/Mario/.m2/repository/org/codehaus/mojo/animal-sniffer-annotations/1.14/animal-sniffer-annotations-1.14.jar' 
2022-05-21 17:05:24.192 DEBUG [acme.Launcher@main] Found classpath entry '/C:/Users/Mario/.m2/repository/com/squareup/okhttp3/okhttp/3.14.9/okhttp-3.14.9.jar' 
2022-05-21 17:05:24.192 DEBUG [acme.Launcher@main] Found classpath entry '/C:/Users/Mario/.m2/repository/com/squareup/okio/okio/1.14.0/okio-1.14.0.jar' 
2022-05-21 17:05:24.193 DEBUG [acme.Launcher@main] Found classpath entry '/C:/Users/Mario/.m2/repository/org/apache/commons/commons-lang3/3.11/commons-lang3-3.11.jar' 
2022-05-21 17:05:24.193 DEBUG [acme.Launcher@main] Found classpath entry '/C:/Users/Mario/.m2/repository/org/apache/commons/commons-text/1.8/commons-text-1.8.jar' 
2022-05-21 17:05:24.193 DEBUG [acme.Launcher@main] Found classpath entry '/C:/Users/Mario/.m2/repository/commons-io/commons-io/2.6/commons-io-2.6.jar' 
2022-05-21 17:05:24.193 DEBUG [acme.Launcher@main] Found classpath entry '/C:/Users/Mario/.m2/repository/commons-cli/commons-cli/1.4/commons-cli-1.4.jar' 
2022-05-21 17:05:24.193 DEBUG [acme.Launcher@main] Found classpath entry '/C:/Users/Mario/.m2/repository/org/projectlombok/lombok/1.18.16/lombok-1.18.16.jar' 
2022-05-21 17:05:24.193 DEBUG [acme.Launcher@main] Found classpath entry '/C:/Users/Mario/.m2/repository/com/opencsv/opencsv/5.4/opencsv-5.4.jar' 
2022-05-21 17:05:24.193 DEBUG [acme.Launcher@main] Found classpath entry '/C:/Users/Mario/.m2/repository/commons-beanutils/commons-beanutils/1.9.4/commons-beanutils-1.9.4.jar' 
2022-05-21 17:05:24.193 DEBUG [acme.Launcher@main] Found classpath entry '/C:/Users/Mario/.m2/repository/commons-logging/commons-logging/1.2/commons-logging-1.2.jar' 
2022-05-21 17:05:24.193 DEBUG [acme.Launcher@main] Found classpath entry '/C:/Users/Mario/.m2/repository/commons-collections/commons-collections/3.2.2/commons-collections-3.2.2.jar' 
2022-05-21 17:05:24.193 DEBUG [acme.Launcher@main] Found classpath entry '/C:/Users/Mario/.m2/repository/org/apache/commons/commons-collections4/4.4/commons-collections4-4.4.jar' 
2022-05-21 17:05:24.299 DEBUG [acme.Launcher@main] Found entity class 'acme.entities.announcement.Announcement 
2022-05-21 17:05:24.299 DEBUG [acme.Launcher@main] Found entity class 'acme.entities.artefact.Artefact 
2022-05-21 17:05:24.300 DEBUG [acme.Launcher@main] Found entity class 'acme.entities.artefact.Quantity 
2022-05-21 17:05:24.300 DEBUG [acme.Launcher@main] Found entity class 'acme.entities.chirp.Chirp 
2022-05-21 17:05:24.300 DEBUG [acme.Launcher@main] Found entity class 'acme.entities.patonages.Patronages 
2022-05-21 17:05:24.300 DEBUG [acme.Launcher@main] Found entity class 'acme.entities.patronageReport.PatronageReport 
2022-05-21 17:05:24.300 DEBUG [acme.Launcher@main] Found entity class 'acme.entities.systemConfiguration.ExchangeRate 
2022-05-21 17:05:24.301 DEBUG [acme.Launcher@main] Found entity class 'acme.entities.systemConfiguration.SystemConfiguration 
2022-05-21 17:05:24.301 DEBUG [acme.Launcher@main] Found entity class 'acme.entities.toolkit.Toolkit 
2022-05-21 17:05:24.301 DEBUG [acme.Launcher@main] Found entity class 'acme.roles.Inventor 
2022-05-21 17:05:24.301 DEBUG [acme.Launcher@main] Found entity class 'acme.roles.Patron 
2022-05-21 17:05:24.301 DEBUG [acme.Launcher@main] Found entity class 'acme.framework.entities.UserAccount 
2022-05-21 17:05:24.301 DEBUG [acme.Launcher@main] Found entity class 'acme.framework.roles.Administrator 
2022-05-21 17:05:24.301 DEBUG [acme.Launcher@main] Found entity class 'acme.framework.roles.Anonymous 
2022-05-21 17:05:24.301 DEBUG [acme.Launcher@main] Found entity class 'acme.framework.roles.Any 
2022-05-21 17:05:24.301 DEBUG [acme.Launcher@main] Found entity class 'acme.framework.roles.Authenticated 
2022-05-21 17:05:24.305 INFO  [acme.Launcher@main] Running application (Standalone) 
2022-05-21 17:05:34.088 DEBUG [org.hibernate.SQL@http-nio-8080-exec-2] select useraccoun0_.id as id1_0_, useraccoun0_.version as version2_0_, useraccoun0_.enabled as enabled1_16_, useraccoun0_.identity as identity2_16_, useraccoun0_.password as password3_16_, useraccoun0_.username as username4_16_ from user_account useraccoun0_ where useraccoun0_.username=? 
2022-05-21 17:05:34.148 TRACE [org.hibernate.type.descriptor.sql.BasicBinder@http-nio-8080-exec-2] binding parameter [1] as [VARCHAR] - [administrator] 
2022-05-21 17:05:34.396 DEBUG [org.hibernate.SQL@http-nio-8080-exec-2] select roles0_.user_account_id as user_acc1_17_0_, roles0_.id as id1_17_0_, roles0_.id as id1_0_1_, roles0_.version as version2_0_1_, roles0_.user_account_id as user_acc1_17_1_, roles0_.company as company1_9_1_, roles0_.link as link2_9_1_, roles0_.statement as statemen3_9_1_, roles0_.company as company1_10_1_, roles0_.link as link2_10_1_, roles0_.statement as statemen3_10_1_, roles0_.clazz_ as clazz_1_ from ( select id, version, user_account_id, company, link, statement, 11 as clazz_ from inventor union all select id, version, user_account_id, company, link, statement, 12 as clazz_ from patron union all select id, version, user_account_id, null as company, null as link, null as statement, 14 as clazz_ from administrator union all select id, version, user_account_id, null as company, null as link, null as statement, 15 as clazz_ from anonymous union all select id, version, user_account_id, null as company, null as link, null as statement, 16 as clazz_ from any union all select id, version, user_account_id, null as company, null as link, null as statement, 17 as clazz_ from authenticated ) roles0_ where roles0_.user_account_id=? 
2022-05-21 17:05:34.399 TRACE [org.hibernate.type.descriptor.sql.BasicBinder@http-nio-8080-exec-2] binding parameter [1] as [INTEGER] - [13] 
2022-05-21 17:05:34.742 DEBUG [acme.framework.components.tiles.DynamicTilesView@http-nio-8080-exec-3] View name 'fragments/welcome', model {} 
2022-05-21 17:05:34.806 DEBUG [org.apache.tiles.definition.dao.BaseLocaleUrlDefinitionDAO@http-nio-8080-exec-3] File Resource file:/D:/Mario/Universidad/3º%20de%20Carrera%202021-2022/2%20-%20Diseño%20y%20Pruebas%20II%20(DP2)/Workspace-22.0/Projects/Acme-Toolkits/target/classes/WEB-INF/views/master/tiles_es.xml at file:/D:/Mario/Universidad/3º%20de%20Carrera%202021-2022/2%20-%20Diseño%20y%20Pruebas%20II%20(DP2)/Workspace-22.0/Projects/Acme-Toolkits/target/classes/WEB-INF/views/master/tiles_es.xml not found, continue 
2022-05-21 17:05:34.829 DEBUG [org.apache.jasper.servlet.JspServlet@http-nio-8080-exec-3] JspEngine --> /WEB-INF/views/master/page.jsp 
2022-05-21 17:05:34.829 DEBUG [org.apache.jasper.servlet.JspServlet@http-nio-8080-exec-3] ServletPath: /WEB-INF/views/master/page.jsp 
2022-05-21 17:05:34.830 DEBUG [org.apache.jasper.servlet.JspServlet@http-nio-8080-exec-3] PathInfo: null 
2022-05-21 17:05:34.833 DEBUG [org.apache.jasper.servlet.JspServlet@http-nio-8080-exec-3] RealPath: D:\Mario\Universidad\3º de Carrera 2021-2022\2 - Diseño y Pruebas II (DP2)\Workspace-22.0\Projects\Acme-Toolkits\target\classes\WEB-INF\views\master\page.jsp 
2022-05-21 17:05:34.834 DEBUG [org.apache.jasper.servlet.JspServlet@http-nio-8080-exec-3] RequestURI: /acme-toolkits-0.1/WEB-INF/views/master/page.jsp 
2022-05-21 17:05:34.835 DEBUG [org.apache.jasper.servlet.JspServlet@http-nio-8080-exec-3] QueryString: null 
2022-05-21 17:05:46.976 DEBUG [acme.framework.configuration.ExtendedMessageSource@http-nio-8080-exec-3] Loading properties [D:\Mario\Universidad\3º de Carrera 2021-2022\2 - Diseño y Pruebas II (DP2)\Workspace-22.0\Projects\Acme-Toolkits\target\classes\WEB-INF\views\administrator\administrator-dashboard\messages-en.i18n] with encoding 'utf-8' 
2022-05-21 17:05:46.982 DEBUG [acme.framework.configuration.ExtendedMessageSource@http-nio-8080-exec-3] Loading properties [D:\Mario\Universidad\3º de Carrera 2021-2022\2 - Diseño y Pruebas II (DP2)\Workspace-22.0\Projects\Acme-Toolkits\target\classes\WEB-INF\views\administrator\announcement\messages-en.i18n] with encoding 'utf-8' 
2022-05-21 17:05:46.984 DEBUG [acme.framework.configuration.ExtendedMessageSource@http-nio-8080-exec-3] Loading properties [D:\Mario\Universidad\3º de Carrera 2021-2022\2 - Diseño y Pruebas II (DP2)\Workspace-22.0\Projects\Acme-Toolkits\target\classes\WEB-INF\views\administrator\system-configuration\messages-en.i18n] with encoding 'utf-8' 
2022-05-21 17:05:46.985 DEBUG [acme.framework.configuration.ExtendedMessageSource@http-nio-8080-exec-3] Loading properties [D:\Mario\Universidad\3º de Carrera 2021-2022\2 - Diseño y Pruebas II (DP2)\Workspace-22.0\Projects\Acme-Toolkits\target\classes\WEB-INF\views\administrator\user-account\messages-en.i18n] with encoding 'utf-8' 
2022-05-21 17:05:46.986 DEBUG [acme.framework.configuration.ExtendedMessageSource@http-nio-8080-exec-3] Loading properties [D:\Mario\Universidad\3º de Carrera 2021-2022\2 - Diseño y Pruebas II (DP2)\Workspace-22.0\Projects\Acme-Toolkits\target\classes\WEB-INF\views\anonymous\user-account\messages-en.i18n] with encoding 'utf-8' 
2022-05-21 17:05:46.987 DEBUG [acme.framework.configuration.ExtendedMessageSource@http-nio-8080-exec-3] Loading properties [D:\Mario\Universidad\3º de Carrera 2021-2022\2 - Diseño y Pruebas II (DP2)\Workspace-22.0\Projects\Acme-Toolkits\target\classes\WEB-INF\views\any\artefact\messages-en.i18n] with encoding 'utf-8' 
2022-05-21 17:05:46.988 DEBUG [acme.framework.configuration.ExtendedMessageSource@http-nio-8080-exec-3] Loading properties [D:\Mario\Universidad\3º de Carrera 2021-2022\2 - Diseño y Pruebas II (DP2)\Workspace-22.0\Projects\Acme-Toolkits\target\classes\WEB-INF\views\any\chirp\messages-en.i18n] with encoding 'utf-8' 
2022-05-21 17:05:46.989 DEBUG [acme.framework.configuration.ExtendedMessageSource@http-nio-8080-exec-3] Loading properties [D:\Mario\Universidad\3º de Carrera 2021-2022\2 - Diseño y Pruebas II (DP2)\Workspace-22.0\Projects\Acme-Toolkits\target\classes\WEB-INF\views\any\toolkit\messages-en.i18n] with encoding 'utf-8' 
2022-05-21 17:05:46.990 DEBUG [acme.framework.configuration.ExtendedMessageSource@http-nio-8080-exec-3] Loading properties [D:\Mario\Universidad\3º de Carrera 2021-2022\2 - Diseño y Pruebas II (DP2)\Workspace-22.0\Projects\Acme-Toolkits\target\classes\WEB-INF\views\any\user-account\messages-en.i18n] with encoding 'utf-8' 
2022-05-21 17:05:46.990 DEBUG [acme.framework.configuration.ExtendedMessageSource@http-nio-8080-exec-3] Loading properties [D:\Mario\Universidad\3º de Carrera 2021-2022\2 - Diseño y Pruebas II (DP2)\Workspace-22.0\Projects\Acme-Toolkits\target\classes\WEB-INF\views\authenticated\announcement\messages-en.i18n] with encoding 'utf-8' 
2022-05-21 17:05:46.992 DEBUG [acme.framework.configuration.ExtendedMessageSource@http-nio-8080-exec-3] Loading properties [D:\Mario\Universidad\3º de Carrera 2021-2022\2 - Diseño y Pruebas II (DP2)\Workspace-22.0\Projects\Acme-Toolkits\target\classes\WEB-INF\views\authenticated\consumer\messsages-en.i18n] with encoding 'utf-8' 
2022-05-21 17:05:46.993 DEBUG [acme.framework.configuration.ExtendedMessageSource@http-nio-8080-exec-3] Loading properties [D:\Mario\Universidad\3º de Carrera 2021-2022\2 - Diseño y Pruebas II (DP2)\Workspace-22.0\Projects\Acme-Toolkits\target\classes\WEB-INF\views\authenticated\inventor\messsages-en.i18n] with encoding 'utf-8' 
2022-05-21 17:05:46.994 DEBUG [acme.framework.configuration.ExtendedMessageSource@http-nio-8080-exec-3] Loading properties [D:\Mario\Universidad\3º de Carrera 2021-2022\2 - Diseño y Pruebas II (DP2)\Workspace-22.0\Projects\Acme-Toolkits\target\classes\WEB-INF\views\authenticated\money-exchange\messages-en.i18n] with encoding 'utf-8' 
2022-05-21 17:05:46.995 DEBUG [acme.framework.configuration.ExtendedMessageSource@http-nio-8080-exec-3] Loading properties [D:\Mario\Universidad\3º de Carrera 2021-2022\2 - Diseño y Pruebas II (DP2)\Workspace-22.0\Projects\Acme-Toolkits\target\classes\WEB-INF\views\authenticated\patron\messsages-en.i18n] with encoding 'utf-8' 
2022-05-21 17:05:46.996 DEBUG [acme.framework.configuration.ExtendedMessageSource@http-nio-8080-exec-3] Loading properties [D:\Mario\Universidad\3º de Carrera 2021-2022\2 - Diseño y Pruebas II (DP2)\Workspace-22.0\Projects\Acme-Toolkits\target\classes\WEB-INF\views\authenticated\provider\messsages-en.i18n] with encoding 'utf-8' 
2022-05-21 17:05:46.997 DEBUG [acme.framework.configuration.ExtendedMessageSource@http-nio-8080-exec-3] Loading properties [D:\Mario\Universidad\3º de Carrera 2021-2022\2 - Diseño y Pruebas II (DP2)\Workspace-22.0\Projects\Acme-Toolkits\target\classes\WEB-INF\views\authenticated\system-configuration\messages-en.i18n] with encoding 'utf-8' 
2022-05-21 17:05:46.999 DEBUG [acme.framework.configuration.ExtendedMessageSource@http-nio-8080-exec-3] Loading properties [D:\Mario\Universidad\3º de Carrera 2021-2022\2 - Diseño y Pruebas II (DP2)\Workspace-22.0\Projects\Acme-Toolkits\target\classes\WEB-INF\views\authenticated\user-account\messages-en.i18n] with encoding 'utf-8' 
2022-05-21 17:05:47 DEBUG [acme.framework.configuration.ExtendedMessageSource@http-nio-8080-exec-3] Loading properties [D:\Mario\Universidad\3º de Carrera 2021-2022\2 - Diseño y Pruebas II (DP2)\Workspace-22.0\Projects\Acme-Toolkits\target\classes\WEB-INF\views\fragments\banner-en.i18n] with encoding 'utf-8' 
2022-05-21 17:05:47.001 DEBUG [acme.framework.configuration.ExtendedMessageSource@http-nio-8080-exec-3] Loading properties [D:\Mario\Universidad\3º de Carrera 2021-2022\2 - Diseño y Pruebas II (DP2)\Workspace-22.0\Projects\Acme-Toolkits\target\classes\WEB-INF\views\fragments\company-en.i18n] with encoding 'utf-8' 
2022-05-21 17:05:47.002 DEBUG [acme.framework.configuration.ExtendedMessageSource@http-nio-8080-exec-3] Loading properties [D:\Mario\Universidad\3º de Carrera 2021-2022\2 - Diseño y Pruebas II (DP2)\Workspace-22.0\Projects\Acme-Toolkits\target\classes\WEB-INF\views\fragments\error-en.i18n] with encoding 'utf-8' 
2022-05-21 17:05:47.002 DEBUG [acme.framework.configuration.ExtendedMessageSource@http-nio-8080-exec-3] Loading properties [D:\Mario\Universidad\3º de Carrera 2021-2022\2 - Diseño y Pruebas II (DP2)\Workspace-22.0\Projects\Acme-Toolkits\target\classes\WEB-INF\views\fragments\footer-en.i18n] with encoding 'utf-8' 
2022-05-21 17:05:47.004 DEBUG [acme.framework.configuration.ExtendedMessageSource@http-nio-8080-exec-3] Loading properties [D:\Mario\Universidad\3º de Carrera 2021-2022\2 - Diseño y Pruebas II (DP2)\Workspace-22.0\Projects\Acme-Toolkits\target\classes\WEB-INF\views\fragments\license-en.i18n] with encoding 'utf-8' 
2022-05-21 17:05:47.005 DEBUG [acme.framework.configuration.ExtendedMessageSource@http-nio-8080-exec-3] Loading properties [D:\Mario\Universidad\3º de Carrera 2021-2022\2 - Diseño y Pruebas II (DP2)\Workspace-22.0\Projects\Acme-Toolkits\target\classes\WEB-INF\views\fragments\menu-en.i18n] with encoding 'utf-8' 
2022-05-21 17:05:47.008 DEBUG [acme.framework.configuration.ExtendedMessageSource@http-nio-8080-exec-3] Loading properties [D:\Mario\Universidad\3º de Carrera 2021-2022\2 - Diseño y Pruebas II (DP2)\Workspace-22.0\Projects\Acme-Toolkits\target\classes\WEB-INF\views\fragments\messages-en.i18n] with encoding 'utf-8' 
2022-05-21 17:05:47.020 DEBUG [acme.framework.configuration.ExtendedMessageSource@http-nio-8080-exec-3] Loading properties [D:\Mario\Universidad\3º de Carrera 2021-2022\2 - Diseño y Pruebas II (DP2)\Workspace-22.0\Projects\Acme-Toolkits\target\classes\WEB-INF\views\fragments\messsages-en.i18n] with encoding 'utf-8' 
2022-05-21 17:05:47.021 DEBUG [acme.framework.configuration.ExtendedMessageSource@http-nio-8080-exec-3] Loading properties [D:\Mario\Universidad\3º de Carrera 2021-2022\2 - Diseño y Pruebas II (DP2)\Workspace-22.0\Projects\Acme-Toolkits\target\classes\WEB-INF\views\fragments\title-en.i18n] with encoding 'utf-8' 
2022-05-21 17:05:47.022 DEBUG [acme.framework.configuration.ExtendedMessageSource@http-nio-8080-exec-3] Loading properties [D:\Mario\Universidad\3º de Carrera 2021-2022\2 - Diseño y Pruebas II (DP2)\Workspace-22.0\Projects\Acme-Toolkits\target\classes\WEB-INF\views\fragments\welcome-en.i18n] with encoding 'utf-8' 
2022-05-21 17:05:47.023 DEBUG [acme.framework.configuration.ExtendedMessageSource@http-nio-8080-exec-3] Loading properties [D:\Mario\Universidad\3º de Carrera 2021-2022\2 - Diseño y Pruebas II (DP2)\Workspace-22.0\Projects\Acme-Toolkits\target\classes\WEB-INF\views\inventor\announcement\messages-en.i18n] with encoding 'utf-8' 
2022-05-21 17:05:47.024 DEBUG [acme.framework.configuration.ExtendedMessageSource@http-nio-8080-exec-3] Loading properties [D:\Mario\Universidad\3º de Carrera 2021-2022\2 - Diseño y Pruebas II (DP2)\Workspace-22.0\Projects\Acme-Toolkits\target\classes\WEB-INF\views\inventor\artefact\messages-en.i18n] with encoding 'utf-8' 
2022-05-21 17:05:47.025 DEBUG [acme.framework.configuration.ExtendedMessageSource@http-nio-8080-exec-3] Loading properties [D:\Mario\Universidad\3º de Carrera 2021-2022\2 - Diseño y Pruebas II (DP2)\Workspace-22.0\Projects\Acme-Toolkits\target\classes\WEB-INF\views\inventor\patronage-report\messages-en.i18n] with encoding 'utf-8' 
2022-05-21 17:05:47.026 DEBUG [acme.framework.configuration.ExtendedMessageSource@http-nio-8080-exec-3] Loading properties [D:\Mario\Universidad\3º de Carrera 2021-2022\2 - Diseño y Pruebas II (DP2)\Workspace-22.0\Projects\Acme-Toolkits\target\classes\WEB-INF\views\inventor\patronages\messages-en.i18n] with encoding 'utf-8' 
2022-05-21 17:05:47.027 DEBUG [acme.framework.configuration.ExtendedMessageSource@http-nio-8080-exec-3] Loading properties [D:\Mario\Universidad\3º de Carrera 2021-2022\2 - Diseño y Pruebas II (DP2)\Workspace-22.0\Projects\Acme-Toolkits\target\classes\WEB-INF\views\inventor\toolkit\messages-en.i18n] with encoding 'utf-8' 
2022-05-21 17:05:47.028 DEBUG [acme.framework.configuration.ExtendedMessageSource@http-nio-8080-exec-3] Loading properties [D:\Mario\Universidad\3º de Carrera 2021-2022\2 - Diseño y Pruebas II (DP2)\Workspace-22.0\Projects\Acme-Toolkits\target\classes\WEB-INF\views\master\defaults-en.i18n] with encoding 'utf-8' 
2022-05-21 17:05:47.028 DEBUG [acme.framework.configuration.ExtendedMessageSource@http-nio-8080-exec-3] Loading properties [D:\Mario\Universidad\3º de Carrera 2021-2022\2 - Diseño y Pruebas II (DP2)\Workspace-22.0\Projects\Acme-Toolkits\target\classes\WEB-INF\views\master\master-en.i18n] with encoding 'utf-8' 
2022-05-21 17:05:47.029 DEBUG [acme.framework.configuration.ExtendedMessageSource@http-nio-8080-exec-3] Loading properties [D:\Mario\Universidad\3º de Carrera 2021-2022\2 - Diseño y Pruebas II (DP2)\Workspace-22.0\Projects\Acme-Toolkits\target\classes\WEB-INF\views\master\throwables-en.i18n] with encoding 'utf-8' 
2022-05-21 17:05:47.030 DEBUG [acme.framework.configuration.ExtendedMessageSource@http-nio-8080-exec-3] Loading properties [D:\Mario\Universidad\3º de Carrera 2021-2022\2 - Diseño y Pruebas II (DP2)\Workspace-22.0\Projects\Acme-Toolkits\target\classes\WEB-INF\views\master\validation-en.i18n] with encoding 'utf-8' 
2022-05-21 17:05:47.031 DEBUG [acme.framework.configuration.ExtendedMessageSource@http-nio-8080-exec-3] Loading properties [D:\Mario\Universidad\3º de Carrera 2021-2022\2 - Diseño y Pruebas II (DP2)\Workspace-22.0\Projects\Acme-Toolkits\target\classes\WEB-INF\views\patron\announcement\messages-en.i18n] with encoding 'utf-8' 
2022-05-21 17:05:47.032 DEBUG [acme.framework.configuration.ExtendedMessageSource@http-nio-8080-exec-3] Loading properties [D:\Mario\Universidad\3º de Carrera 2021-2022\2 - Diseño y Pruebas II (DP2)\Workspace-22.0\Projects\Acme-Toolkits\target\classes\WEB-INF\views\patron\patron-dashboard\messages-en.i18n] with encoding 'utf-8' 
2022-05-21 17:05:47.033 DEBUG [acme.framework.configuration.ExtendedMessageSource@http-nio-8080-exec-3] Loading properties [D:\Mario\Universidad\3º de Carrera 2021-2022\2 - Diseño y Pruebas II (DP2)\Workspace-22.0\Projects\Acme-Toolkits\target\classes\WEB-INF\views\patron\patronage-report\messages-en.i18n] with encoding 'utf-8' 
2022-05-21 17:05:47.034 DEBUG [acme.framework.configuration.ExtendedMessageSource@http-nio-8080-exec-3] Loading properties [D:\Mario\Universidad\3º de Carrera 2021-2022\2 - Diseño y Pruebas II (DP2)\Workspace-22.0\Projects\Acme-Toolkits\target\classes\WEB-INF\views\patron\patronages\messages-en.i18n] with encoding 'utf-8' 
2022-05-21 17:05:47.057 DEBUG [acme.framework.configuration.ExtendedMessageSource@http-nio-8080-exec-3] Loading properties [D:\Mario\Universidad\3º de Carrera 2021-2022\2 - Diseño y Pruebas II (DP2)\Workspace-22.0\Projects\Acme-Toolkits\target\classes\WEB-INF\views\administrator\administrator-dashboard\messages-es.i18n] with encoding 'utf-8' 
2022-05-21 17:05:47.068 DEBUG [acme.framework.configuration.ExtendedMessageSource@http-nio-8080-exec-3] Loading properties [D:\Mario\Universidad\3º de Carrera 2021-2022\2 - Diseño y Pruebas II (DP2)\Workspace-22.0\Projects\Acme-Toolkits\target\classes\WEB-INF\views\administrator\announcement\messages-es.i18n] with encoding 'utf-8' 
2022-05-21 17:05:47.071 DEBUG [acme.framework.configuration.ExtendedMessageSource@http-nio-8080-exec-3] Loading properties [D:\Mario\Universidad\3º de Carrera 2021-2022\2 - Diseño y Pruebas II (DP2)\Workspace-22.0\Projects\Acme-Toolkits\target\classes\WEB-INF\views\administrator\system-configuration\messages-es.i18n] with encoding 'utf-8' 
2022-05-21 17:05:47.073 DEBUG [acme.framework.configuration.ExtendedMessageSource@http-nio-8080-exec-3] Loading properties [D:\Mario\Universidad\3º de Carrera 2021-2022\2 - Diseño y Pruebas II (DP2)\Workspace-22.0\Projects\Acme-Toolkits\target\classes\WEB-INF\views\administrator\user-account\messages-es.i18n] with encoding 'utf-8' 
2022-05-21 17:05:47.078 DEBUG [acme.framework.configuration.ExtendedMessageSource@http-nio-8080-exec-3] Loading properties [D:\Mario\Universidad\3º de Carrera 2021-2022\2 - Diseño y Pruebas II (DP2)\Workspace-22.0\Projects\Acme-Toolkits\target\classes\WEB-INF\views\anonymous\user-account\messages-es.i18n] with encoding 'utf-8' 
2022-05-21 17:05:47.090 DEBUG [acme.framework.configuration.ExtendedMessageSource@http-nio-8080-exec-3] Loading properties [D:\Mario\Universidad\3º de Carrera 2021-2022\2 - Diseño y Pruebas II (DP2)\Workspace-22.0\Projects\Acme-Toolkits\target\classes\WEB-INF\views\any\artefact\messages-es.i18n] with encoding 'utf-8' 
2022-05-21 17:05:47.102 DEBUG [acme.framework.configuration.ExtendedMessageSource@http-nio-8080-exec-3] Loading properties [D:\Mario\Universidad\3º de Carrera 2021-2022\2 - Diseño y Pruebas II (DP2)\Workspace-22.0\Projects\Acme-Toolkits\target\classes\WEB-INF\views\any\chirp\messages-es.i18n] with encoding 'utf-8' 
2022-05-21 17:05:47.103 DEBUG [acme.framework.configuration.ExtendedMessageSource@http-nio-8080-exec-3] Loading properties [D:\Mario\Universidad\3º de Carrera 2021-2022\2 - Diseño y Pruebas II (DP2)\Workspace-22.0\Projects\Acme-Toolkits\target\classes\WEB-INF\views\any\toolkit\messages-es.i18n] with encoding 'utf-8' 
2022-05-21 17:05:47.104 DEBUG [acme.framework.configuration.ExtendedMessageSource@http-nio-8080-exec-3] Loading properties [D:\Mario\Universidad\3º de Carrera 2021-2022\2 - Diseño y Pruebas II (DP2)\Workspace-22.0\Projects\Acme-Toolkits\target\classes\WEB-INF\views\any\user-account\messages-es.i18n] with encoding 'utf-8' 
2022-05-21 17:05:47.105 DEBUG [acme.framework.configuration.ExtendedMessageSource@http-nio-8080-exec-3] Loading properties [D:\Mario\Universidad\3º de Carrera 2021-2022\2 - Diseño y Pruebas II (DP2)\Workspace-22.0\Projects\Acme-Toolkits\target\classes\WEB-INF\views\authenticated\announcement\messages-es.i18n] with encoding 'utf-8' 
2022-05-21 17:05:47.107 DEBUG [acme.framework.configuration.ExtendedMessageSource@http-nio-8080-exec-3] Loading properties [D:\Mario\Universidad\3º de Carrera 2021-2022\2 - Diseño y Pruebas II (DP2)\Workspace-22.0\Projects\Acme-Toolkits\target\classes\WEB-INF\views\authenticated\consumer\messsages-es.i18n] with encoding 'utf-8' 
2022-05-21 17:05:47.115 DEBUG [acme.framework.configuration.ExtendedMessageSource@http-nio-8080-exec-3] Loading properties [D:\Mario\Universidad\3º de Carrera 2021-2022\2 - Diseño y Pruebas II (DP2)\Workspace-22.0\Projects\Acme-Toolkits\target\classes\WEB-INF\views\authenticated\inventor\messsages-es.i18n] with encoding 'utf-8' 
2022-05-21 17:05:47.118 DEBUG [acme.framework.configuration.ExtendedMessageSource@http-nio-8080-exec-3] Loading properties [D:\Mario\Universidad\3º de Carrera 2021-2022\2 - Diseño y Pruebas II (DP2)\Workspace-22.0\Projects\Acme-Toolkits\target\classes\WEB-INF\views\authenticated\money-exchange\messages-es.i18n] with encoding 'utf-8' 
2022-05-21 17:05:47.119 DEBUG [acme.framework.configuration.ExtendedMessageSource@http-nio-8080-exec-3] Loading properties [D:\Mario\Universidad\3º de Carrera 2021-2022\2 - Diseño y Pruebas II (DP2)\Workspace-22.0\Projects\Acme-Toolkits\target\classes\WEB-INF\views\authenticated\patron\messsages-es.i18n] with encoding 'utf-8' 
2022-05-21 17:05:47.124 DEBUG [acme.framework.configuration.ExtendedMessageSource@http-nio-8080-exec-3] Loading properties [D:\Mario\Universidad\3º de Carrera 2021-2022\2 - Diseño y Pruebas II (DP2)\Workspace-22.0\Projects\Acme-Toolkits\target\classes\WEB-INF\views\authenticated\provider\messsages-es.i18n] with encoding 'utf-8' 
2022-05-21 17:05:47.135 DEBUG [acme.framework.configuration.ExtendedMessageSource@http-nio-8080-exec-3] Loading properties [D:\Mario\Universidad\3º de Carrera 2021-2022\2 - Diseño y Pruebas II (DP2)\Workspace-22.0\Projects\Acme-Toolkits\target\classes\WEB-INF\views\authenticated\system-configuration\messages-es.i18n] with encoding 'utf-8' 
2022-05-21 17:05:47.136 DEBUG [acme.framework.configuration.ExtendedMessageSource@http-nio-8080-exec-3] Loading properties [D:\Mario\Universidad\3º de Carrera 2021-2022\2 - Diseño y Pruebas II (DP2)\Workspace-22.0\Projects\Acme-Toolkits\target\classes\WEB-INF\views\authenticated\user-account\messages-es.i18n] with encoding 'utf-8' 
2022-05-21 17:05:47.137 DEBUG [acme.framework.configuration.ExtendedMessageSource@http-nio-8080-exec-3] Loading properties [D:\Mario\Universidad\3º de Carrera 2021-2022\2 - Diseño y Pruebas II (DP2)\Workspace-22.0\Projects\Acme-Toolkits\target\classes\WEB-INF\views\fragments\banner-es.i18n] with encoding 'utf-8' 
2022-05-21 17:05:47.140 DEBUG [acme.framework.configuration.ExtendedMessageSource@http-nio-8080-exec-3] Loading properties [D:\Mario\Universidad\3º de Carrera 2021-2022\2 - Diseño y Pruebas II (DP2)\Workspace-22.0\Projects\Acme-Toolkits\target\classes\WEB-INF\views\fragments\company-es.i18n] with encoding 'utf-8' 
2022-05-21 17:05:47.143 DEBUG [acme.framework.configuration.ExtendedMessageSource@http-nio-8080-exec-3] Loading properties [D:\Mario\Universidad\3º de Carrera 2021-2022\2 - Diseño y Pruebas II (DP2)\Workspace-22.0\Projects\Acme-Toolkits\target\classes\WEB-INF\views\fragments\error-es.i18n] with encoding 'utf-8' 
2022-05-21 17:05:47.147 DEBUG [acme.framework.configuration.ExtendedMessageSource@http-nio-8080-exec-3] Loading properties [D:\Mario\Universidad\3º de Carrera 2021-2022\2 - Diseño y Pruebas II (DP2)\Workspace-22.0\Projects\Acme-Toolkits\target\classes\WEB-INF\views\fragments\footer-es.i18n] with encoding 'utf-8' 
2022-05-21 17:05:47.157 DEBUG [acme.framework.configuration.ExtendedMessageSource@http-nio-8080-exec-3] Loading properties [D:\Mario\Universidad\3º de Carrera 2021-2022\2 - Diseño y Pruebas II (DP2)\Workspace-22.0\Projects\Acme-Toolkits\target\classes\WEB-INF\views\fragments\license-es.i18n] with encoding 'utf-8' 
2022-05-21 17:05:47.168 DEBUG [acme.framework.configuration.ExtendedMessageSource@http-nio-8080-exec-3] Loading properties [D:\Mario\Universidad\3º de Carrera 2021-2022\2 - Diseño y Pruebas II (DP2)\Workspace-22.0\Projects\Acme-Toolkits\target\classes\WEB-INF\views\fragments\menu-es.i18n] with encoding 'utf-8' 
2022-05-21 17:05:47.176 DEBUG [acme.framework.configuration.ExtendedMessageSource@http-nio-8080-exec-3] Loading properties [D:\Mario\Universidad\3º de Carrera 2021-2022\2 - Diseño y Pruebas II (DP2)\Workspace-22.0\Projects\Acme-Toolkits\target\classes\WEB-INF\views\fragments\messages-es.i18n] with encoding 'utf-8' 
2022-05-21 17:05:47.183 DEBUG [acme.framework.configuration.ExtendedMessageSource@http-nio-8080-exec-3] Loading properties [D:\Mario\Universidad\3º de Carrera 2021-2022\2 - Diseño y Pruebas II (DP2)\Workspace-22.0\Projects\Acme-Toolkits\target\classes\WEB-INF\views\fragments\messsages-es.i18n] with encoding 'utf-8' 
2022-05-21 17:05:47.190 DEBUG [acme.framework.configuration.ExtendedMessageSource@http-nio-8080-exec-3] Loading properties [D:\Mario\Universidad\3º de Carrera 2021-2022\2 - Diseño y Pruebas II (DP2)\Workspace-22.0\Projects\Acme-Toolkits\target\classes\WEB-INF\views\fragments\title-es.i18n] with encoding 'utf-8' 
2022-05-21 17:05:47.192 DEBUG [acme.framework.configuration.ExtendedMessageSource@http-nio-8080-exec-3] Loading properties [D:\Mario\Universidad\3º de Carrera 2021-2022\2 - Diseño y Pruebas II (DP2)\Workspace-22.0\Projects\Acme-Toolkits\target\classes\WEB-INF\views\fragments\welcome-es.i18n] with encoding 'utf-8' 
2022-05-21 17:05:47.193 DEBUG [acme.framework.configuration.ExtendedMessageSource@http-nio-8080-exec-3] Loading properties [D:\Mario\Universidad\3º de Carrera 2021-2022\2 - Diseño y Pruebas II (DP2)\Workspace-22.0\Projects\Acme-Toolkits\target\classes\WEB-INF\views\inventor\announcement\messages-es.i18n] with encoding 'utf-8' 
2022-05-21 17:05:47.194 DEBUG [acme.framework.configuration.ExtendedMessageSource@http-nio-8080-exec-3] Loading properties [D:\Mario\Universidad\3º de Carrera 2021-2022\2 - Diseño y Pruebas II (DP2)\Workspace-22.0\Projects\Acme-Toolkits\target\classes\WEB-INF\views\inventor\artefact\messages-es.i18n] with encoding 'utf-8' 
2022-05-21 17:05:47.202 DEBUG [acme.framework.configuration.ExtendedMessageSource@http-nio-8080-exec-3] Loading properties [D:\Mario\Universidad\3º de Carrera 2021-2022\2 - Diseño y Pruebas II (DP2)\Workspace-22.0\Projects\Acme-Toolkits\target\classes\WEB-INF\views\inventor\patronage-report\messages-es.i18n] with encoding 'utf-8' 
2022-05-21 17:05:47.203 DEBUG [acme.framework.configuration.ExtendedMessageSource@http-nio-8080-exec-3] Loading properties [D:\Mario\Universidad\3º de Carrera 2021-2022\2 - Diseño y Pruebas II (DP2)\Workspace-22.0\Projects\Acme-Toolkits\target\classes\WEB-INF\views\inventor\patronages\messages-es.i18n] with encoding 'utf-8' 
2022-05-21 17:05:47.205 DEBUG [acme.framework.configuration.ExtendedMessageSource@http-nio-8080-exec-3] Loading properties [D:\Mario\Universidad\3º de Carrera 2021-2022\2 - Diseño y Pruebas II (DP2)\Workspace-22.0\Projects\Acme-Toolkits\target\classes\WEB-INF\views\inventor\toolkit\messages-es.i18n] with encoding 'utf-8' 
2022-05-21 17:05:47.206 DEBUG [acme.framework.configuration.ExtendedMessageSource@http-nio-8080-exec-3] Loading properties [D:\Mario\Universidad\3º de Carrera 2021-2022\2 - Diseño y Pruebas II (DP2)\Workspace-22.0\Projects\Acme-Toolkits\target\classes\WEB-INF\views\master\defaults-es.i18n] with encoding 'utf-8' 
2022-05-21 17:05:47.208 DEBUG [acme.framework.configuration.ExtendedMessageSource@http-nio-8080-exec-3] Loading properties [D:\Mario\Universidad\3º de Carrera 2021-2022\2 - Diseño y Pruebas II (DP2)\Workspace-22.0\Projects\Acme-Toolkits\target\classes\WEB-INF\views\master\master-es.i18n] with encoding 'utf-8' 
2022-05-21 17:05:47.212 DEBUG [acme.framework.configuration.ExtendedMessageSource@http-nio-8080-exec-3] Loading properties [D:\Mario\Universidad\3º de Carrera 2021-2022\2 - Diseño y Pruebas II (DP2)\Workspace-22.0\Projects\Acme-Toolkits\target\classes\WEB-INF\views\master\throwables-es.i18n] with encoding 'utf-8' 
2022-05-21 17:05:47.217 DEBUG [acme.framework.configuration.ExtendedMessageSource@http-nio-8080-exec-3] Loading properties [D:\Mario\Universidad\3º de Carrera 2021-2022\2 - Diseño y Pruebas II (DP2)\Workspace-22.0\Projects\Acme-Toolkits\target\classes\WEB-INF\views\master\validation-es.i18n] with encoding 'utf-8' 
2022-05-21 17:05:47.221 DEBUG [acme.framework.configuration.ExtendedMessageSource@http-nio-8080-exec-3] Loading properties [D:\Mario\Universidad\3º de Carrera 2021-2022\2 - Diseño y Pruebas II (DP2)\Workspace-22.0\Projects\Acme-Toolkits\target\classes\WEB-INF\views\patron\announcement\messages-es.i18n] with encoding 'utf-8' 
2022-05-21 17:05:47.223 DEBUG [acme.framework.configuration.ExtendedMessageSource@http-nio-8080-exec-3] Loading properties [D:\Mario\Universidad\3º de Carrera 2021-2022\2 - Diseño y Pruebas II (DP2)\Workspace-22.0\Projects\Acme-Toolkits\target\classes\WEB-INF\views\patron\patron-dashboard\messages-es.i18n] with encoding 'utf-8' 
2022-05-21 17:05:47.224 DEBUG [acme.framework.configuration.ExtendedMessageSource@http-nio-8080-exec-3] Loading properties [D:\Mario\Universidad\3º de Carrera 2021-2022\2 - Diseño y Pruebas II (DP2)\Workspace-22.0\Projects\Acme-Toolkits\target\classes\WEB-INF\views\patron\patronage-report\messages-es.i18n] with encoding 'utf-8' 
2022-05-21 17:05:47.225 DEBUG [acme.framework.configuration.ExtendedMessageSource@http-nio-8080-exec-3] Loading properties [D:\Mario\Universidad\3º de Carrera 2021-2022\2 - Diseño y Pruebas II (DP2)\Workspace-22.0\Projects\Acme-Toolkits\target\classes\WEB-INF\views\patron\patronages\messages-es.i18n] with encoding 'utf-8' 
2022-05-21 17:05:47.731 DEBUG [org.apache.jasper.servlet.JspServlet@http-nio-8080-exec-3] JspEngine --> /WEB-INF/views/fragments/welcome.jsp 
2022-05-21 17:05:47.732 DEBUG [org.apache.jasper.servlet.JspServlet@http-nio-8080-exec-3] ServletPath: /WEB-INF/views/master/page.jsp 
2022-05-21 17:05:47.733 DEBUG [org.apache.jasper.servlet.JspServlet@http-nio-8080-exec-3] PathInfo: null 
2022-05-21 17:05:47.735 DEBUG [org.apache.jasper.servlet.JspServlet@http-nio-8080-exec-3] RealPath: D:\Mario\Universidad\3º de Carrera 2021-2022\2 - Diseño y Pruebas II (DP2)\Workspace-22.0\Projects\Acme-Toolkits\target\classes\WEB-INF\views\fragments\welcome.jsp 
2022-05-21 17:05:47.736 DEBUG [org.apache.jasper.servlet.JspServlet@http-nio-8080-exec-3] RequestURI: /acme-toolkits-0.1/WEB-INF/views/master/page.jsp 
2022-05-21 17:05:47.737 DEBUG [org.apache.jasper.servlet.JspServlet@http-nio-8080-exec-3] QueryString: null 
2022-05-21 17:05:48.395 DEBUG [org.hibernate.SQL@http-nio-8080-exec-3] select useraccoun0_.id as id1_0_, useraccoun0_.version as version2_0_, useraccoun0_.enabled as enabled1_16_, useraccoun0_.identity as identity2_16_, useraccoun0_.password as password3_16_, useraccoun0_.username as username4_16_ from user_account useraccoun0_ where useraccoun0_.username=? 
2022-05-21 17:05:48.396 TRACE [org.hibernate.type.descriptor.sql.BasicBinder@http-nio-8080-exec-3] binding parameter [1] as [VARCHAR] - [anonymous] 
2022-05-21 17:05:48.400 DEBUG [org.hibernate.SQL@http-nio-8080-exec-3] select roles0_.user_account_id as user_acc1_17_0_, roles0_.id as id1_17_0_, roles0_.id as id1_0_1_, roles0_.version as version2_0_1_, roles0_.user_account_id as user_acc1_17_1_, roles0_.company as company1_9_1_, roles0_.link as link2_9_1_, roles0_.statement as statemen3_9_1_, roles0_.company as company1_10_1_, roles0_.link as link2_10_1_, roles0_.statement as statemen3_10_1_, roles0_.clazz_ as clazz_1_ from ( select id, version, user_account_id, company, link, statement, 11 as clazz_ from inventor union all select id, version, user_account_id, company, link, statement, 12 as clazz_ from patron union all select id, version, user_account_id, null as company, null as link, null as statement, 14 as clazz_ from administrator union all select id, version, user_account_id, null as company, null as link, null as statement, 15 as clazz_ from anonymous union all select id, version, user_account_id, null as company, null as link, null as statement, 16 as clazz_ from any union all select id, version, user_account_id, null as company, null as link, null as statement, 17 as clazz_ from authenticated ) roles0_ where roles0_.user_account_id=? 
2022-05-21 17:05:48.402 TRACE [org.hibernate.type.descriptor.sql.BasicBinder@http-nio-8080-exec-3] binding parameter [1] as [INTEGER] - [7] 
2022-05-21 17:06:13.126 DEBUG [acme.framework.components.tiles.DynamicTilesView@http-nio-8080-exec-9] View name 'master/sign-in', model {username=, password=, remember=false} 
2022-05-21 17:06:13.132 DEBUG [org.apache.jasper.servlet.JspServlet@http-nio-8080-exec-9] JspEngine --> /WEB-INF/views/master/page.jsp 
2022-05-21 17:06:13.133 DEBUG [org.apache.jasper.servlet.JspServlet@http-nio-8080-exec-9] ServletPath: /WEB-INF/views/master/page.jsp 
2022-05-21 17:06:13.134 DEBUG [org.apache.jasper.servlet.JspServlet@http-nio-8080-exec-9] PathInfo: null 
2022-05-21 17:06:13.141 DEBUG [org.apache.jasper.servlet.JspServlet@http-nio-8080-exec-9] RealPath: D:\Mario\Universidad\3º de Carrera 2021-2022\2 - Diseño y Pruebas II (DP2)\Workspace-22.0\Projects\Acme-Toolkits\target\classes\WEB-INF\views\master\page.jsp 
2022-05-21 17:06:13.143 DEBUG [org.apache.jasper.servlet.JspServlet@http-nio-8080-exec-9] RequestURI: /acme-toolkits-0.1/WEB-INF/views/master/page.jsp 
2022-05-21 17:06:13.146 DEBUG [org.apache.jasper.servlet.JspServlet@http-nio-8080-exec-9] QueryString: null 
2022-05-21 17:06:13.621 DEBUG [org.apache.jasper.servlet.JspServlet@http-nio-8080-exec-9] JspEngine --> /WEB-INF/views/master/sign-in.jsp 
2022-05-21 17:06:13.623 DEBUG [org.apache.jasper.servlet.JspServlet@http-nio-8080-exec-9] ServletPath: /WEB-INF/views/master/page.jsp 
2022-05-21 17:06:13.625 DEBUG [org.apache.jasper.servlet.JspServlet@http-nio-8080-exec-9] PathInfo: null 
2022-05-21 17:06:13.627 DEBUG [org.apache.jasper.servlet.JspServlet@http-nio-8080-exec-9] RealPath: D:\Mario\Universidad\3º de Carrera 2021-2022\2 - Diseño y Pruebas II (DP2)\Workspace-22.0\Projects\Acme-Toolkits\target\classes\WEB-INF\views\master\sign-in.jsp 
2022-05-21 17:06:13.628 DEBUG [org.apache.jasper.servlet.JspServlet@http-nio-8080-exec-9] RequestURI: /acme-toolkits-0.1/WEB-INF/views/master/page.jsp 
2022-05-21 17:06:13.630 DEBUG [org.apache.jasper.servlet.JspServlet@http-nio-8080-exec-9] QueryString: null 
2022-05-21 17:06:17.236 DEBUG [org.hibernate.SQL@http-nio-8080-exec-9] select useraccoun0_.id as id1_0_, useraccoun0_.version as version2_0_, useraccoun0_.enabled as enabled1_16_, useraccoun0_.identity as identity2_16_, useraccoun0_.password as password3_16_, useraccoun0_.username as username4_16_ from user_account useraccoun0_ where useraccoun0_.username=? 
2022-05-21 17:06:17.237 TRACE [org.hibernate.type.descriptor.sql.BasicBinder@http-nio-8080-exec-9] binding parameter [1] as [VARCHAR] - [anonymous] 
2022-05-21 17:06:17.244 DEBUG [org.hibernate.SQL@http-nio-8080-exec-9] select roles0_.user_account_id as user_acc1_17_0_, roles0_.id as id1_17_0_, roles0_.id as id1_0_1_, roles0_.version as version2_0_1_, roles0_.user_account_id as user_acc1_17_1_, roles0_.company as company1_9_1_, roles0_.link as link2_9_1_, roles0_.statement as statemen3_9_1_, roles0_.company as company1_10_1_, roles0_.link as link2_10_1_, roles0_.statement as statemen3_10_1_, roles0_.clazz_ as clazz_1_ from ( select id, version, user_account_id, company, link, statement, 11 as clazz_ from inventor union all select id, version, user_account_id, company, link, statement, 12 as clazz_ from patron union all select id, version, user_account_id, null as company, null as link, null as statement, 14 as clazz_ from administrator union all select id, version, user_account_id, null as company, null as link, null as statement, 15 as clazz_ from anonymous union all select id, version, user_account_id, null as company, null as link, null as statement, 16 as clazz_ from any union all select id, version, user_account_id, null as company, null as link, null as statement, 17 as clazz_ from authenticated ) roles0_ where roles0_.user_account_id=? 
2022-05-21 17:06:17.245 TRACE [org.hibernate.type.descriptor.sql.BasicBinder@http-nio-8080-exec-9] binding parameter [1] as [INTEGER] - [7] 
2022-05-21 17:06:22.593 DEBUG [org.hibernate.SQL@http-nio-8080-exec-10] select useraccoun0_.id as id1_0_, useraccoun0_.version as version2_0_, useraccoun0_.enabled as enabled1_16_, useraccoun0_.identity as identity2_16_, useraccoun0_.password as password3_16_, useraccoun0_.username as username4_16_ from user_account useraccoun0_ where useraccoun0_.username=? 
2022-05-21 17:06:22.599 TRACE [org.hibernate.type.descriptor.sql.BasicBinder@http-nio-8080-exec-10] binding parameter [1] as [VARCHAR] - [administrator] 
2022-05-21 17:06:22.608 DEBUG [org.hibernate.SQL@http-nio-8080-exec-10] select roles0_.user_account_id as user_acc1_17_0_, roles0_.id as id1_17_0_, roles0_.id as id1_0_1_, roles0_.version as version2_0_1_, roles0_.user_account_id as user_acc1_17_1_, roles0_.company as company1_9_1_, roles0_.link as link2_9_1_, roles0_.statement as statemen3_9_1_, roles0_.company as company1_10_1_, roles0_.link as link2_10_1_, roles0_.statement as statemen3_10_1_, roles0_.clazz_ as clazz_1_ from ( select id, version, user_account_id, company, link, statement, 11 as clazz_ from inventor union all select id, version, user_account_id, company, link, statement, 12 as clazz_ from patron union all select id, version, user_account_id, null as company, null as link, null as statement, 14 as clazz_ from administrator union all select id, version, user_account_id, null as company, null as link, null as statement, 15 as clazz_ from anonymous union all select id, version, user_account_id, null as company, null as link, null as statement, 16 as clazz_ from any union all select id, version, user_account_id, null as company, null as link, null as statement, 17 as clazz_ from authenticated ) roles0_ where roles0_.user_account_id=? 
2022-05-21 17:06:22.612 TRACE [org.hibernate.type.descriptor.sql.BasicBinder@http-nio-8080-exec-10] binding parameter [1] as [INTEGER] - [13] 
2022-05-21 17:06:22.670 DEBUG [acme.framework.components.tiles.DynamicTilesView@http-nio-8080-exec-9] View name 'fragments/welcome', model {} 
2022-05-21 17:06:22.674 DEBUG [org.apache.jasper.servlet.JspServlet@http-nio-8080-exec-9] JspEngine --> /WEB-INF/views/master/page.jsp 
2022-05-21 17:06:22.675 DEBUG [org.apache.jasper.servlet.JspServlet@http-nio-8080-exec-9] ServletPath: /WEB-INF/views/master/page.jsp 
2022-05-21 17:06:22.676 DEBUG [org.apache.jasper.servlet.JspServlet@http-nio-8080-exec-9] PathInfo: null 
2022-05-21 17:06:22.678 DEBUG [org.apache.jasper.servlet.JspServlet@http-nio-8080-exec-9] RealPath: D:\Mario\Universidad\3º de Carrera 2021-2022\2 - Diseño y Pruebas II (DP2)\Workspace-22.0\Projects\Acme-Toolkits\target\classes\WEB-INF\views\master\page.jsp 
2022-05-21 17:06:22.679 DEBUG [org.apache.jasper.servlet.JspServlet@http-nio-8080-exec-9] RequestURI: /acme-toolkits-0.1/WEB-INF/views/master/page.jsp 
2022-05-21 17:06:22.679 DEBUG [org.apache.jasper.servlet.JspServlet@http-nio-8080-exec-9] QueryString: null 
2022-05-21 17:06:22.971 DEBUG [org.apache.jasper.servlet.JspServlet@http-nio-8080-exec-9] JspEngine --> /WEB-INF/views/fragments/welcome.jsp 
2022-05-21 17:06:22.975 DEBUG [org.apache.jasper.servlet.JspServlet@http-nio-8080-exec-9] ServletPath: /WEB-INF/views/master/page.jsp 
2022-05-21 17:06:22.976 DEBUG [org.apache.jasper.servlet.JspServlet@http-nio-8080-exec-9] PathInfo: null 
2022-05-21 17:06:22.981 DEBUG [org.apache.jasper.servlet.JspServlet@http-nio-8080-exec-9] RealPath: D:\Mario\Universidad\3º de Carrera 2021-2022\2 - Diseño y Pruebas II (DP2)\Workspace-22.0\Projects\Acme-Toolkits\target\classes\WEB-INF\views\fragments\welcome.jsp 
2022-05-21 17:06:22.982 DEBUG [org.apache.jasper.servlet.JspServlet@http-nio-8080-exec-9] RequestURI: /acme-toolkits-0.1/WEB-INF/views/master/page.jsp 
2022-05-21 17:06:22.983 DEBUG [org.apache.jasper.servlet.JspServlet@http-nio-8080-exec-9] QueryString: null 
2022-05-21 17:06:26.614 DEBUG [acme.framework.controllers.AbstractController@http-nio-8080-exec-8] DISPATCHING GET /acme-toolkits-0.1/administrator/system-configuration/show 
2022-05-21 17:06:26.615 DEBUG [acme.framework.controllers.AbstractController@http-nio-8080-exec-8] Command: show 
2022-05-21 17:06:26.615 DEBUG [acme.framework.controllers.AbstractController@http-nio-8080-exec-8] Model:   {} 
2022-05-21 17:06:26.616 DEBUG [acme.framework.controllers.AbstractController@http-nio-8080-exec-8] Locale:  es 
2022-05-21 17:06:26.705 DEBUG [org.hibernate.SQL@http-nio-8080-exec-8] select systemconf0_.id as id1_0_, systemconf0_.version as version2_0_, systemconf0_.currencies as currenci1_14_, systemconf0_.currency as currency2_14_, systemconf0_.language_system as language3_14_, systemconf0_.strong_terms as strong_t4_14_, systemconf0_.strong_threshold as strong_t5_14_, systemconf0_.weak_terms as weak_ter6_14_, systemconf0_.weak_threshold as weak_thr7_14_ from system_configuration systemconf0_ 
2022-05-21 17:06:26.763 DEBUG [org.hibernate.SQL@http-nio-8080-exec-8] select systemconf0_.id as id1_0_, systemconf0_.version as version2_0_, systemconf0_.currencies as currenci1_14_, systemconf0_.currency as currency2_14_, systemconf0_.language_system as language3_14_, systemconf0_.strong_terms as strong_t4_14_, systemconf0_.strong_threshold as strong_t5_14_, systemconf0_.weak_terms as weak_ter6_14_, systemconf0_.weak_threshold as weak_thr7_14_ from system_configuration systemconf0_ 
2022-05-21 17:06:26.783 DEBUG [org.hibernate.SQL@http-nio-8080-exec-8] select systemconf0_.id as id1_0_, systemconf0_.version as version2_0_, systemconf0_.currencies as currenci1_14_, systemconf0_.currency as currency2_14_, systemconf0_.language_system as language3_14_, systemconf0_.strong_terms as strong_t4_14_, systemconf0_.strong_threshold as strong_t5_14_, systemconf0_.weak_terms as weak_ter6_14_, systemconf0_.weak_threshold as weak_thr7_14_ from system_configuration systemconf0_ 
2022-05-21 17:06:26.816 DEBUG [acme.framework.controllers.AbstractController@http-nio-8080-exec-8] SERVING GET /acme-toolkits-0.1/administrator/system-configuration/show 
2022-05-21 17:06:26.817 DEBUG [acme.framework.controllers.AbstractController@http-nio-8080-exec-8] Result: ModelAndView [view="administrator/system-configuration/form"; model={strongThreshold=10.0, allStrongTerms=hardcore, sex, viagra, sexo, cialis, currency=EUR, id=53, version=0, allWeakTerms=atractivo, nigeria, you’ve won, sexy, un millon, one mil-lion, has ganado, currencies=EUR USD GBP, weakThreshold=25.0, command=show, principal=acme.framework.entities.Principal@4d560337}] 
2022-05-21 17:06:26.825 DEBUG [acme.framework.components.tiles.DynamicTilesView@http-nio-8080-exec-8] View name 'administrator/system-configuration/form', model {strongThreshold=10.0, allStrongTerms=hardcore, sex, viagra, sexo, cialis, currency=EUR, id=53, version=0, allWeakTerms=atractivo, nigeria, you’ve won, sexy, un millon, one mil-lion, has ganado, currencies=EUR USD GBP, weakThreshold=25.0, command=show, principal=acme.framework.entities.Principal@4d560337, org.springframework.validation.BindingResult.principal=org.springframework.validation.BeanPropertyBindingResult: 0 errors} 
2022-05-21 17:06:26.827 DEBUG [org.apache.jasper.servlet.JspServlet@http-nio-8080-exec-8] JspEngine --> /WEB-INF/views/master/page.jsp 
2022-05-21 17:06:26.827 DEBUG [org.apache.jasper.servlet.JspServlet@http-nio-8080-exec-8] ServletPath: /WEB-INF/views/master/page.jsp 
2022-05-21 17:06:26.828 DEBUG [org.apache.jasper.servlet.JspServlet@http-nio-8080-exec-8] PathInfo: null 
2022-05-21 17:06:26.829 DEBUG [org.apache.jasper.servlet.JspServlet@http-nio-8080-exec-8] RealPath: D:\Mario\Universidad\3º de Carrera 2021-2022\2 - Diseño y Pruebas II (DP2)\Workspace-22.0\Projects\Acme-Toolkits\target\classes\WEB-INF\views\master\page.jsp 
2022-05-21 17:06:26.830 DEBUG [org.apache.jasper.servlet.JspServlet@http-nio-8080-exec-8] RequestURI: /acme-toolkits-0.1/WEB-INF/views/master/page.jsp 
2022-05-21 17:06:26.831 DEBUG [org.apache.jasper.servlet.JspServlet@http-nio-8080-exec-8] QueryString: null 
2022-05-21 17:06:27.186 DEBUG [org.apache.jasper.servlet.JspServlet@http-nio-8080-exec-8] JspEngine --> /WEB-INF/views/administrator/system-configuration/form.jsp 
2022-05-21 17:06:27.188 DEBUG [org.apache.jasper.servlet.JspServlet@http-nio-8080-exec-8] ServletPath: /WEB-INF/views/master/page.jsp 
2022-05-21 17:06:27.189 DEBUG [org.apache.jasper.servlet.JspServlet@http-nio-8080-exec-8] PathInfo: null 
2022-05-21 17:06:27.193 DEBUG [org.apache.jasper.servlet.JspServlet@http-nio-8080-exec-8] RealPath: D:\Mario\Universidad\3º de Carrera 2021-2022\2 - Diseño y Pruebas II (DP2)\Workspace-22.0\Projects\Acme-Toolkits\target\classes\WEB-INF\views\administrator\system-configuration\form.jsp 
2022-05-21 17:06:27.194 DEBUG [org.apache.jasper.servlet.JspServlet@http-nio-8080-exec-8] RequestURI: /acme-toolkits-0.1/WEB-INF/views/master/page.jsp 
2022-05-21 17:06:27.195 DEBUG [org.apache.jasper.servlet.JspServlet@http-nio-8080-exec-8] QueryString: null 
2022-05-21 17:06:29.893 DEBUG [acme.framework.controllers.AbstractController@http-nio-8080-exec-5] DISPATCHING GET /acme-toolkits-0.1/administrator/system-configuration/update 
2022-05-21 17:06:29.894 DEBUG [acme.framework.controllers.AbstractController@http-nio-8080-exec-5] Command: update 
2022-05-21 17:06:29.894 DEBUG [acme.framework.controllers.AbstractController@http-nio-8080-exec-5] Model:   {} 
2022-05-21 17:06:29.894 DEBUG [acme.framework.controllers.AbstractController@http-nio-8080-exec-5] Locale:  es 
2022-05-21 17:06:29.906 DEBUG [org.hibernate.SQL@http-nio-8080-exec-5] select systemconf0_.id as id1_0_, systemconf0_.version as version2_0_, systemconf0_.currencies as currenci1_14_, systemconf0_.currency as currency2_14_, systemconf0_.language_system as language3_14_, systemconf0_.strong_terms as strong_t4_14_, systemconf0_.strong_threshold as strong_t5_14_, systemconf0_.weak_terms as weak_ter6_14_, systemconf0_.weak_threshold as weak_thr7_14_ from system_configuration systemconf0_ 
2022-05-21 17:06:29.919 DEBUG [acme.framework.controllers.AbstractController@http-nio-8080-exec-5] SERVING GET /acme-toolkits-0.1/administrator/system-configuration/update 
2022-05-21 17:06:29.919 DEBUG [acme.framework.controllers.AbstractController@http-nio-8080-exec-5] Result: ModelAndView [view="administrator/system-configuration/form"; model={weakTermsEnglish=sexy,nigeria,you’ve won,one mil-lion, strongThreshold=10.0, strongTermsEnglish=sex,hardcore,viagra,cialis, currency=EUR, weakTermsSpanish=atractivo,nigeria,has ganado,un millon, strongTermsSpanish=sexo,hardcore,viagra,cialis, id=53, version=0, currencies=EUR USD GBP, weakThreshold=25.0, command=update, principal=acme.framework.entities.Principal@4d560337}] 
2022-05-21 17:06:29.920 DEBUG [acme.framework.components.tiles.DynamicTilesView@http-nio-8080-exec-5] View name 'administrator/system-configuration/form', model {weakTermsEnglish=sexy,nigeria,you’ve won,one mil-lion, strongThreshold=10.0, strongTermsEnglish=sex,hardcore,viagra,cialis, currency=EUR, weakTermsSpanish=atractivo,nigeria,has ganado,un millon, strongTermsSpanish=sexo,hardcore,viagra,cialis, id=53, version=0, currencies=EUR USD GBP, weakThreshold=25.0, command=update, principal=acme.framework.entities.Principal@4d560337, org.springframework.validation.BindingResult.principal=org.springframework.validation.BeanPropertyBindingResult: 0 errors} 
2022-05-21 17:06:29.922 DEBUG [org.apache.jasper.servlet.JspServlet@http-nio-8080-exec-5] JspEngine --> /WEB-INF/views/master/page.jsp 
2022-05-21 17:06:29.922 DEBUG [org.apache.jasper.servlet.JspServlet@http-nio-8080-exec-5] ServletPath: /WEB-INF/views/master/page.jsp 
2022-05-21 17:06:29.923 DEBUG [org.apache.jasper.servlet.JspServlet@http-nio-8080-exec-5] PathInfo: null 
2022-05-21 17:06:29.926 DEBUG [org.apache.jasper.servlet.JspServlet@http-nio-8080-exec-5] RealPath: D:\Mario\Universidad\3º de Carrera 2021-2022\2 - Diseño y Pruebas II (DP2)\Workspace-22.0\Projects\Acme-Toolkits\target\classes\WEB-INF\views\master\page.jsp 
2022-05-21 17:06:29.928 DEBUG [org.apache.jasper.servlet.JspServlet@http-nio-8080-exec-5] RequestURI: /acme-toolkits-0.1/WEB-INF/views/master/page.jsp 
2022-05-21 17:06:29.929 DEBUG [org.apache.jasper.servlet.JspServlet@http-nio-8080-exec-5] QueryString: null 
2022-05-21 17:06:30.282 DEBUG [org.apache.jasper.servlet.JspServlet@http-nio-8080-exec-5] JspEngine --> /WEB-INF/views/administrator/system-configuration/form.jsp 
2022-05-21 17:06:30.284 DEBUG [org.apache.jasper.servlet.JspServlet@http-nio-8080-exec-5] ServletPath: /WEB-INF/views/master/page.jsp 
2022-05-21 17:06:30.285 DEBUG [org.apache.jasper.servlet.JspServlet@http-nio-8080-exec-5] PathInfo: null 
2022-05-21 17:06:30.289 DEBUG [org.apache.jasper.servlet.JspServlet@http-nio-8080-exec-5] RealPath: D:\Mario\Universidad\3º de Carrera 2021-2022\2 - Diseño y Pruebas II (DP2)\Workspace-22.0\Projects\Acme-Toolkits\target\classes\WEB-INF\views\administrator\system-configuration\form.jsp 
2022-05-21 17:06:30.290 DEBUG [org.apache.jasper.servlet.JspServlet@http-nio-8080-exec-5] RequestURI: /acme-toolkits-0.1/WEB-INF/views/master/page.jsp 
2022-05-21 17:06:30.292 DEBUG [org.apache.jasper.servlet.JspServlet@http-nio-8080-exec-5] QueryString: null 
2022-05-21 17:06:44.128 DEBUG [acme.framework.controllers.AbstractController@http-nio-8080-exec-7] DISPATCHING POST /acme-toolkits-0.1/administrator/system-configuration/update 
2022-05-21 17:06:44.129 DEBUG [acme.framework.controllers.AbstractController@http-nio-8080-exec-7] Command: update 
2022-05-21 17:06:44.131 DEBUG [acme.framework.controllers.AbstractController@http-nio-8080-exec-7] Model:   {id=53, version=0, _csrf=fa0fb4d1-80ad-42f0-857e-88f097dba9c1, currency=EUR, currencies=EUR USD GBP, weakTermsSpanish=, weakTermsEnglish=, strongTermsSpanish=, strongTermsEnglish=, weakThreshold=ds, strongThreshold=10,00} 
2022-05-21 17:06:44.131 DEBUG [acme.framework.controllers.AbstractController@http-nio-8080-exec-7] Locale:  es 
2022-05-21 17:06:44.139 DEBUG [org.hibernate.SQL@http-nio-8080-exec-7] select systemconf0_.id as id1_0_, systemconf0_.version as version2_0_, systemconf0_.currencies as currenci1_14_, systemconf0_.currency as currency2_14_, systemconf0_.language_system as language3_14_, systemconf0_.strong_terms as strong_t4_14_, systemconf0_.strong_threshold as strong_t5_14_, systemconf0_.weak_terms as weak_ter6_14_, systemconf0_.weak_threshold as weak_thr7_14_ from system_configuration systemconf0_ 
2022-05-21 17:06:44.327 DEBUG [acme.framework.controllers.AbstractController@http-nio-8080-exec-7] SERVING POST /acme-toolkits-0.1/administrator/system-configuration/update 
2022-05-21 17:06:44.328 DEBUG [acme.framework.controllers.AbstractController@http-nio-8080-exec-7] Result: ModelAndView [view="administrator/system-configuration/form"; model={weakTermsEnglish=sexy,nigeria,you’ve won,one mil-lion, strongThreshold=10.0, strongTermsEnglish=sex,hardcore,viagra,cialis, currency=EUR, weakTermsSpanish=atractivo,nigeria,has ganado,un millon, strongTermsSpanish=sexo,hardcore,viagra,cialis, id=53, version=0, currencies=EUR USD GBP, weakThreshold=ds, *$error=Los términos de spam no pueden estar vacios. Los términos de spam no pueden estar vacios. Los términos de spam no pueden estar vacios. Los términos de spam no pueden estar vacios., weakThreshold$error=Valor incorrecto., command=update, principal=acme.framework.entities.Principal@4d560337}] 
2022-05-21 17:06:44.328 DEBUG [acme.framework.components.tiles.DynamicTilesView@http-nio-8080-exec-7] View name 'administrator/system-configuration/form', model {weakTermsEnglish=sexy,nigeria,you’ve won,one mil-lion, strongThreshold=10.0, strongTermsEnglish=sex,hardcore,viagra,cialis, currency=EUR, weakTermsSpanish=atractivo,nigeria,has ganado,un millon, strongTermsSpanish=sexo,hardcore,viagra,cialis, id=53, version=0, currencies=EUR USD GBP, weakThreshold=ds, *$error=Los términos de spam no pueden estar vacios. Los términos de spam no pueden estar vacios. Los términos de spam no pueden estar vacios. Los términos de spam no pueden estar vacios., weakThreshold$error=Valor incorrecto., command=update, principal=acme.framework.entities.Principal@4d560337, org.springframework.validation.BindingResult.principal=org.springframework.validation.BeanPropertyBindingResult: 0 errors} 
2022-05-21 17:06:44.331 DEBUG [org.apache.jasper.servlet.JspServlet@http-nio-8080-exec-7] JspEngine --> /WEB-INF/views/master/page.jsp 
2022-05-21 17:06:44.332 DEBUG [org.apache.jasper.servlet.JspServlet@http-nio-8080-exec-7] ServletPath: /WEB-INF/views/master/page.jsp 
2022-05-21 17:06:44.332 DEBUG [org.apache.jasper.servlet.JspServlet@http-nio-8080-exec-7] PathInfo: null 
2022-05-21 17:06:44.333 DEBUG [org.apache.jasper.servlet.JspServlet@http-nio-8080-exec-7] RealPath: D:\Mario\Universidad\3º de Carrera 2021-2022\2 - Diseño y Pruebas II (DP2)\Workspace-22.0\Projects\Acme-Toolkits\target\classes\WEB-INF\views\master\page.jsp 
2022-05-21 17:06:44.334 DEBUG [org.apache.jasper.servlet.JspServlet@http-nio-8080-exec-7] RequestURI: /acme-toolkits-0.1/WEB-INF/views/master/page.jsp 
2022-05-21 17:06:44.334 DEBUG [org.apache.jasper.servlet.JspServlet@http-nio-8080-exec-7] QueryString: id=53 
2022-05-21 17:06:44.752 DEBUG [org.apache.jasper.servlet.JspServlet@http-nio-8080-exec-7] JspEngine --> /WEB-INF/views/administrator/system-configuration/form.jsp 
2022-05-21 17:06:44.753 DEBUG [org.apache.jasper.servlet.JspServlet@http-nio-8080-exec-7] ServletPath: /WEB-INF/views/master/page.jsp 
2022-05-21 17:06:44.755 DEBUG [org.apache.jasper.servlet.JspServlet@http-nio-8080-exec-7] PathInfo: null 
2022-05-21 17:06:44.758 DEBUG [org.apache.jasper.servlet.JspServlet@http-nio-8080-exec-7] RealPath: D:\Mario\Universidad\3º de Carrera 2021-2022\2 - Diseño y Pruebas II (DP2)\Workspace-22.0\Projects\Acme-Toolkits\target\classes\WEB-INF\views\administrator\system-configuration\form.jsp 
2022-05-21 17:06:44.759 DEBUG [org.apache.jasper.servlet.JspServlet@http-nio-8080-exec-7] RequestURI: /acme-toolkits-0.1/WEB-INF/views/master/page.jsp 
2022-05-21 17:06:44.761 DEBUG [org.apache.jasper.servlet.JspServlet@http-nio-8080-exec-7] QueryString: id=53 
