2022-03-30 23:44:25.209 INFO  [acme.Launcher@main] Starting Launcher using Java 1.8.0_281 on PC_ALVARO with PID 20616 (C:\Users\alvar\Desktop\Universidad\DP2\Workspace-22.0\Frameworks\Acme-Framework-22.2\target\classes started by alvar in C:\Users\alvar\Desktop\Universidad\DP2\Workspace-22.0\Projects\Acme-Toolkits) 
2022-03-30 23:44:25.210 DEBUG [acme.Launcher@main] Running with Spring Boot v2.4.2, Spring v5.3.3 
2022-03-30 23:44:25.211 INFO  [acme.Launcher@main] The following profiles are active: development,default 
2022-03-30 23:44:27.603 DEBUG [org.apache.jasper.servlet.JasperInitializer@main] Initializing Jasper for context [application] 
2022-03-30 23:44:31.942 DEBUG [org.apache.jasper.servlet.JspServlet@main] Scratch dir for the JSP engine is: [C:\Users\alvar\AppData\Local\Temp\tomcat.8080.6664843071695062256\work\Tomcat\localhost\acme-toolkits-0.1] 
2022-03-30 23:44:31.942 DEBUG [org.apache.jasper.servlet.JspServlet@main] IMPORTANT: Do not modify the generated servlets 
2022-03-30 23:44:31.952 INFO  [acme.Launcher@main] Started Launcher in 7.342 seconds (JVM running for 7.956) 
2022-03-30 23:44:31.957 DEBUG [acme.Launcher@main] Found classpath entry '/C:/Users/alvar/Desktop/Universidad/DP2/Workspace-22.0/Projects/Acme-Toolkits/target/test-classes/' 
2022-03-30 23:44:31.957 DEBUG [acme.Launcher@main] Found classpath entry '/C:/Users/alvar/Desktop/Universidad/DP2/Workspace-22.0/Projects/Acme-Toolkits/target/classes/' 
2022-03-30 23:44:31.957 DEBUG [acme.Launcher@main] Found classpath entry '/C:/Users/alvar/Desktop/Universidad/DP2/Workspace-22.0/Frameworks/Acme-Framework-22.2/target/classes/' 
2022-03-30 23:44:31.957 DEBUG [acme.Launcher@main] Found classpath entry '/C:/Users/alvar/Desktop/Universidad/DP2/Workspace-22.0/Frameworks/Acme-Framework-22.2/target/test-classes/' 
2022-03-30 23:44:31.958 DEBUG [acme.Launcher@main] Found classpath entry '/C:/Users/alvar/.m2/repository/org/springframework/boot/spring-boot-starter-tomcat/2.4.2/spring-boot-starter-tomcat-2.4.2.jar' 
2022-03-30 23:44:31.958 DEBUG [acme.Launcher@main] Found classpath entry '/C:/Users/alvar/.m2/repository/jakarta/annotation/jakarta.annotation-api/1.3.5/jakarta.annotation-api-1.3.5.jar' 
2022-03-30 23:44:31.958 DEBUG [acme.Launcher@main] Found classpath entry '/C:/Users/alvar/.m2/repository/org/apache/tomcat/embed/tomcat-embed-core/9.0.41/tomcat-embed-core-9.0.41.jar' 
2022-03-30 23:44:31.958 DEBUG [acme.Launcher@main] Found classpath entry '/C:/Users/alvar/.m2/repository/org/glassfish/jakarta.el/3.0.3/jakarta.el-3.0.3.jar' 
2022-03-30 23:44:31.958 DEBUG [acme.Launcher@main] Found classpath entry '/C:/Users/alvar/.m2/repository/org/apache/tomcat/embed/tomcat-embed-websocket/9.0.41/tomcat-embed-websocket-9.0.41.jar' 
2022-03-30 23:44:31.958 DEBUG [acme.Launcher@main] Found classpath entry '/C:/Users/alvar/.m2/repository/org/apache/tomcat/embed/tomcat-embed-jasper/9.0.41/tomcat-embed-jasper-9.0.41.jar' 
2022-03-30 23:44:31.958 DEBUG [acme.Launcher@main] Found classpath entry '/C:/Users/alvar/.m2/repository/org/apache/tomcat/embed/tomcat-embed-el/9.0.41/tomcat-embed-el-9.0.41.jar' 
2022-03-30 23:44:31.959 DEBUG [acme.Launcher@main] Found classpath entry '/C:/Users/alvar/.m2/repository/org/eclipse/jdt/ecj/3.18.0/ecj-3.18.0.jar' 
2022-03-30 23:44:31.959 DEBUG [acme.Launcher@main] Found classpath entry '/C:/Users/alvar/.m2/repository/javax/servlet/jstl/1.2/jstl-1.2.jar' 
2022-03-30 23:44:31.959 DEBUG [acme.Launcher@main] Found classpath entry '/C:/Users/alvar/.m2/repository/org/springframework/boot/spring-boot-starter-test/2.4.2/spring-boot-starter-test-2.4.2.jar' 
2022-03-30 23:44:31.959 DEBUG [acme.Launcher@main] Found classpath entry '/C:/Users/alvar/.m2/repository/org/springframework/boot/spring-boot-starter/2.4.2/spring-boot-starter-2.4.2.jar' 
2022-03-30 23:44:31.959 DEBUG [acme.Launcher@main] Found classpath entry '/C:/Users/alvar/.m2/repository/org/springframework/boot/spring-boot/2.4.2/spring-boot-2.4.2.jar' 
2022-03-30 23:44:31.959 DEBUG [acme.Launcher@main] Found classpath entry '/C:/Users/alvar/.m2/repository/org/springframework/boot/spring-boot-autoconfigure/2.4.2/spring-boot-autoconfigure-2.4.2.jar' 
2022-03-30 23:44:31.960 DEBUG [acme.Launcher@main] Found classpath entry '/C:/Users/alvar/.m2/repository/org/springframework/boot/spring-boot-starter-logging/2.4.2/spring-boot-starter-logging-2.4.2.jar' 
2022-03-30 23:44:31.960 DEBUG [acme.Launcher@main] Found classpath entry '/C:/Users/alvar/.m2/repository/ch/qos/logback/logback-classic/1.2.3/logback-classic-1.2.3.jar' 
2022-03-30 23:44:31.960 DEBUG [acme.Launcher@main] Found classpath entry '/C:/Users/alvar/.m2/repository/ch/qos/logback/logback-core/1.2.3/logback-core-1.2.3.jar' 
2022-03-30 23:44:31.960 DEBUG [acme.Launcher@main] Found classpath entry '/C:/Users/alvar/.m2/repository/org/apache/logging/log4j/log4j-to-slf4j/2.13.3/log4j-to-slf4j-2.13.3.jar' 
2022-03-30 23:44:31.960 DEBUG [acme.Launcher@main] Found classpath entry '/C:/Users/alvar/.m2/repository/org/apache/logging/log4j/log4j-api/2.13.3/log4j-api-2.13.3.jar' 
2022-03-30 23:44:31.960 DEBUG [acme.Launcher@main] Found classpath entry '/C:/Users/alvar/.m2/repository/org/slf4j/jul-to-slf4j/1.7.30/jul-to-slf4j-1.7.30.jar' 
2022-03-30 23:44:31.960 DEBUG [acme.Launcher@main] Found classpath entry '/C:/Users/alvar/.m2/repository/org/yaml/snakeyaml/1.27/snakeyaml-1.27.jar' 
2022-03-30 23:44:31.961 DEBUG [acme.Launcher@main] Found classpath entry '/C:/Users/alvar/.m2/repository/org/springframework/boot/spring-boot-test/2.4.2/spring-boot-test-2.4.2.jar' 
2022-03-30 23:44:31.961 DEBUG [acme.Launcher@main] Found classpath entry '/C:/Users/alvar/.m2/repository/org/springframework/boot/spring-boot-test-autoconfigure/2.4.2/spring-boot-test-autoconfigure-2.4.2.jar' 
2022-03-30 23:44:31.961 DEBUG [acme.Launcher@main] Found classpath entry '/C:/Users/alvar/.m2/repository/com/jayway/jsonpath/json-path/2.4.0/json-path-2.4.0.jar' 
2022-03-30 23:44:31.961 DEBUG [acme.Launcher@main] Found classpath entry '/C:/Users/alvar/.m2/repository/net/minidev/json-smart/2.3/json-smart-2.3.jar' 
2022-03-30 23:44:31.961 DEBUG [acme.Launcher@main] Found classpath entry '/C:/Users/alvar/.m2/repository/net/minidev/accessors-smart/1.2/accessors-smart-1.2.jar' 
2022-03-30 23:44:31.961 DEBUG [acme.Launcher@main] Found classpath entry '/C:/Users/alvar/.m2/repository/org/ow2/asm/asm/5.0.4/asm-5.0.4.jar' 
2022-03-30 23:44:31.962 DEBUG [acme.Launcher@main] Found classpath entry '/C:/Users/alvar/.m2/repository/jakarta/xml/bind/jakarta.xml.bind-api/2.3.3/jakarta.xml.bind-api-2.3.3.jar' 
2022-03-30 23:44:31.962 DEBUG [acme.Launcher@main] Found classpath entry '/C:/Users/alvar/.m2/repository/jakarta/activation/jakarta.activation-api/1.2.2/jakarta.activation-api-1.2.2.jar' 
2022-03-30 23:44:31.962 DEBUG [acme.Launcher@main] Found classpath entry '/C:/Users/alvar/.m2/repository/org/assertj/assertj-core/3.18.1/assertj-core-3.18.1.jar' 
2022-03-30 23:44:31.962 DEBUG [acme.Launcher@main] Found classpath entry '/C:/Users/alvar/.m2/repository/org/hamcrest/hamcrest/2.2/hamcrest-2.2.jar' 
2022-03-30 23:44:31.962 DEBUG [acme.Launcher@main] Found classpath entry '/C:/Users/alvar/.m2/repository/org/junit/jupiter/junit-jupiter/5.7.0/junit-jupiter-5.7.0.jar' 
2022-03-30 23:44:31.962 DEBUG [acme.Launcher@main] Found classpath entry '/C:/Users/alvar/.m2/repository/org/mockito/mockito-core/3.6.28/mockito-core-3.6.28.jar' 
2022-03-30 23:44:31.962 DEBUG [acme.Launcher@main] Found classpath entry '/C:/Users/alvar/.m2/repository/net/bytebuddy/byte-buddy-agent/1.10.19/byte-buddy-agent-1.10.19.jar' 
2022-03-30 23:44:31.963 DEBUG [acme.Launcher@main] Found classpath entry '/C:/Users/alvar/.m2/repository/org/objenesis/objenesis/3.1/objenesis-3.1.jar' 
2022-03-30 23:44:31.963 DEBUG [acme.Launcher@main] Found classpath entry '/C:/Users/alvar/.m2/repository/org/mockito/mockito-junit-jupiter/3.6.28/mockito-junit-jupiter-3.6.28.jar' 
2022-03-30 23:44:31.963 DEBUG [acme.Launcher@main] Found classpath entry '/C:/Users/alvar/.m2/repository/org/skyscreamer/jsonassert/1.5.0/jsonassert-1.5.0.jar' 
2022-03-30 23:44:31.963 DEBUG [acme.Launcher@main] Found classpath entry '/C:/Users/alvar/.m2/repository/com/vaadin/external/google/android-json/0.0.20131108.vaadin1/android-json-0.0.20131108.vaadin1.jar' 
2022-03-30 23:44:31.963 DEBUG [acme.Launcher@main] Found classpath entry '/C:/Users/alvar/.m2/repository/org/springframework/spring-core/5.3.3/spring-core-5.3.3.jar' 
2022-03-30 23:44:31.963 DEBUG [acme.Launcher@main] Found classpath entry '/C:/Users/alvar/.m2/repository/org/springframework/spring-jcl/5.3.3/spring-jcl-5.3.3.jar' 
2022-03-30 23:44:31.963 DEBUG [acme.Launcher@main] Found classpath entry '/C:/Users/alvar/.m2/repository/org/springframework/spring-test/5.3.3/spring-test-5.3.3.jar' 
2022-03-30 23:44:31.963 DEBUG [acme.Launcher@main] Found classpath entry '/C:/Users/alvar/.m2/repository/org/xmlunit/xmlunit-core/2.7.0/xmlunit-core-2.7.0.jar' 
2022-03-30 23:44:31.964 DEBUG [acme.Launcher@main] Found classpath entry '/C:/Users/alvar/.m2/repository/org/springframework/boot/spring-boot-starter-security/2.4.2/spring-boot-starter-security-2.4.2.jar' 
2022-03-30 23:44:31.964 DEBUG [acme.Launcher@main] Found classpath entry '/C:/Users/alvar/.m2/repository/org/springframework/spring-aop/5.3.3/spring-aop-5.3.3.jar' 
2022-03-30 23:44:31.964 DEBUG [acme.Launcher@main] Found classpath entry '/C:/Users/alvar/.m2/repository/org/springframework/security/spring-security-web/5.4.2/spring-security-web-5.4.2.jar' 
2022-03-30 23:44:31.964 DEBUG [acme.Launcher@main] Found classpath entry '/C:/Users/alvar/.m2/repository/org/springframework/security/spring-security-core/5.4.2/spring-security-core-5.4.2.jar' 
2022-03-30 23:44:31.964 DEBUG [acme.Launcher@main] Found classpath entry '/C:/Users/alvar/.m2/repository/org/springframework/spring-beans/5.3.3/spring-beans-5.3.3.jar' 
2022-03-30 23:44:31.964 DEBUG [acme.Launcher@main] Found classpath entry '/C:/Users/alvar/.m2/repository/org/springframework/spring-context/5.3.3/spring-context-5.3.3.jar' 
2022-03-30 23:44:31.964 DEBUG [acme.Launcher@main] Found classpath entry '/C:/Users/alvar/.m2/repository/org/springframework/spring-expression/5.3.3/spring-expression-5.3.3.jar' 
2022-03-30 23:44:31.965 DEBUG [acme.Launcher@main] Found classpath entry '/C:/Users/alvar/.m2/repository/org/springframework/spring-web/5.3.3/spring-web-5.3.3.jar' 
2022-03-30 23:44:31.965 DEBUG [acme.Launcher@main] Found classpath entry '/C:/Users/alvar/.m2/repository/org/springframework/security/spring-security-config/5.4.2/spring-security-config-5.4.2.jar' 
2022-03-30 23:44:31.965 DEBUG [acme.Launcher@main] Found classpath entry '/C:/Users/alvar/.m2/repository/org/springframework/security/spring-security-taglibs/5.4.2/spring-security-taglibs-5.4.2.jar' 
2022-03-30 23:44:31.965 DEBUG [acme.Launcher@main] Found classpath entry '/C:/Users/alvar/.m2/repository/org/springframework/security/spring-security-acl/5.4.2/spring-security-acl-5.4.2.jar' 
2022-03-30 23:44:31.965 DEBUG [acme.Launcher@main] Found classpath entry '/C:/Users/alvar/.m2/repository/org/springframework/spring-jdbc/5.3.3/spring-jdbc-5.3.3.jar' 
2022-03-30 23:44:31.965 DEBUG [acme.Launcher@main] Found classpath entry '/C:/Users/alvar/.m2/repository/org/springframework/spring-tx/5.3.3/spring-tx-5.3.3.jar' 
2022-03-30 23:44:31.965 DEBUG [acme.Launcher@main] Found classpath entry '/C:/Users/alvar/.m2/repository/org/springframework/boot/spring-boot-starter-web/2.4.2/spring-boot-starter-web-2.4.2.jar' 
2022-03-30 23:44:31.965 DEBUG [acme.Launcher@main] Found classpath entry '/C:/Users/alvar/.m2/repository/org/springframework/boot/spring-boot-starter-json/2.4.2/spring-boot-starter-json-2.4.2.jar' 
2022-03-30 23:44:31.966 DEBUG [acme.Launcher@main] Found classpath entry '/C:/Users/alvar/.m2/repository/com/fasterxml/jackson/core/jackson-databind/2.11.4/jackson-databind-2.11.4.jar' 
2022-03-30 23:44:31.966 DEBUG [acme.Launcher@main] Found classpath entry '/C:/Users/alvar/.m2/repository/com/fasterxml/jackson/core/jackson-annotations/2.11.4/jackson-annotations-2.11.4.jar' 
2022-03-30 23:44:31.966 DEBUG [acme.Launcher@main] Found classpath entry '/C:/Users/alvar/.m2/repository/com/fasterxml/jackson/core/jackson-core/2.11.4/jackson-core-2.11.4.jar' 
2022-03-30 23:44:31.966 DEBUG [acme.Launcher@main] Found classpath entry '/C:/Users/alvar/.m2/repository/com/fasterxml/jackson/datatype/jackson-datatype-jdk8/2.11.4/jackson-datatype-jdk8-2.11.4.jar' 
2022-03-30 23:44:31.966 DEBUG [acme.Launcher@main] Found classpath entry '/C:/Users/alvar/.m2/repository/com/fasterxml/jackson/datatype/jackson-datatype-jsr310/2.11.4/jackson-datatype-jsr310-2.11.4.jar' 
2022-03-30 23:44:31.966 DEBUG [acme.Launcher@main] Found classpath entry '/C:/Users/alvar/.m2/repository/com/fasterxml/jackson/module/jackson-module-parameter-names/2.11.4/jackson-module-parameter-names-2.11.4.jar' 
2022-03-30 23:44:31.966 DEBUG [acme.Launcher@main] Found classpath entry '/C:/Users/alvar/.m2/repository/org/springframework/spring-webmvc/5.3.3/spring-webmvc-5.3.3.jar' 
2022-03-30 23:44:31.967 DEBUG [acme.Launcher@main] Found classpath entry '/C:/Users/alvar/.m2/repository/org/apache/tiles/tiles-jsp/3.0.8/tiles-jsp-3.0.8.jar' 
2022-03-30 23:44:31.967 DEBUG [acme.Launcher@main] Found classpath entry '/C:/Users/alvar/.m2/repository/org/apache/tiles/tiles-servlet/3.0.8/tiles-servlet-3.0.8.jar' 
2022-03-30 23:44:31.967 DEBUG [acme.Launcher@main] Found classpath entry '/C:/Users/alvar/.m2/repository/org/apache/tiles/tiles-core/3.0.8/tiles-core-3.0.8.jar' 
2022-03-30 23:44:31.967 DEBUG [acme.Launcher@main] Found classpath entry '/C:/Users/alvar/.m2/repository/commons-digester/commons-digester/2.0/commons-digester-2.0.jar' 
2022-03-30 23:44:31.967 DEBUG [acme.Launcher@main] Found classpath entry '/C:/Users/alvar/.m2/repository/org/slf4j/jcl-over-slf4j/1.7.30/jcl-over-slf4j-1.7.30.jar' 
2022-03-30 23:44:31.967 DEBUG [acme.Launcher@main] Found classpath entry '/C:/Users/alvar/.m2/repository/org/apache/tiles/tiles-request-servlet/1.0.7/tiles-request-servlet-1.0.7.jar' 
2022-03-30 23:44:31.967 DEBUG [acme.Launcher@main] Found classpath entry '/C:/Users/alvar/.m2/repository/org/apache/tiles/tiles-template/3.0.8/tiles-template-3.0.8.jar' 
2022-03-30 23:44:31.967 DEBUG [acme.Launcher@main] Found classpath entry '/C:/Users/alvar/.m2/repository/org/apache/tiles/tiles-api/3.0.8/tiles-api-3.0.8.jar' 
2022-03-30 23:44:31.968 DEBUG [acme.Launcher@main] Found classpath entry '/C:/Users/alvar/.m2/repository/org/apache/tiles/tiles-autotag-core-runtime/1.2/tiles-autotag-core-runtime-1.2.jar' 
2022-03-30 23:44:31.968 DEBUG [acme.Launcher@main] Found classpath entry '/C:/Users/alvar/.m2/repository/org/slf4j/slf4j-api/1.7.30/slf4j-api-1.7.30.jar' 
2022-03-30 23:44:31.968 DEBUG [acme.Launcher@main] Found classpath entry '/C:/Users/alvar/.m2/repository/org/apache/tiles/tiles-request-jsp/1.0.7/tiles-request-jsp-1.0.7.jar' 
2022-03-30 23:44:31.968 DEBUG [acme.Launcher@main] Found classpath entry '/C:/Users/alvar/.m2/repository/org/apache/tiles/tiles-request-api/1.0.7/tiles-request-api-1.0.7.jar' 
2022-03-30 23:44:31.968 DEBUG [acme.Launcher@main] Found classpath entry '/C:/Users/alvar/.m2/repository/org/springframework/boot/spring-boot-starter-data-jpa/2.4.2/spring-boot-starter-data-jpa-2.4.2.jar' 
2022-03-30 23:44:31.968 DEBUG [acme.Launcher@main] Found classpath entry '/C:/Users/alvar/.m2/repository/org/springframework/boot/spring-boot-starter-aop/2.4.2/spring-boot-starter-aop-2.4.2.jar' 
2022-03-30 23:44:31.968 DEBUG [acme.Launcher@main] Found classpath entry '/C:/Users/alvar/.m2/repository/org/aspectj/aspectjweaver/1.9.6/aspectjweaver-1.9.6.jar' 
2022-03-30 23:44:31.968 DEBUG [acme.Launcher@main] Found classpath entry '/C:/Users/alvar/.m2/repository/org/springframework/boot/spring-boot-starter-jdbc/2.4.2/spring-boot-starter-jdbc-2.4.2.jar' 
2022-03-30 23:44:31.969 DEBUG [acme.Launcher@main] Found classpath entry '/C:/Users/alvar/.m2/repository/jakarta/transaction/jakarta.transaction-api/1.3.3/jakarta.transaction-api-1.3.3.jar' 
2022-03-30 23:44:31.969 DEBUG [acme.Launcher@main] Found classpath entry '/C:/Users/alvar/.m2/repository/jakarta/persistence/jakarta.persistence-api/2.2.3/jakarta.persistence-api-2.2.3.jar' 
2022-03-30 23:44:31.969 DEBUG [acme.Launcher@main] Found classpath entry '/C:/Users/alvar/.m2/repository/org/hibernate/hibernate-core/5.4.27.Final/hibernate-core-5.4.27.Final.jar' 
2022-03-30 23:44:31.969 DEBUG [acme.Launcher@main] Found classpath entry '/C:/Users/alvar/.m2/repository/org/jboss/logging/jboss-logging/3.4.1.Final/jboss-logging-3.4.1.Final.jar' 
2022-03-30 23:44:31.969 DEBUG [acme.Launcher@main] Found classpath entry '/C:/Users/alvar/.m2/repository/org/javassist/javassist/3.27.0-GA/javassist-3.27.0-GA.jar' 
2022-03-30 23:44:31.969 DEBUG [acme.Launcher@main] Found classpath entry '/C:/Users/alvar/.m2/repository/antlr/antlr/2.7.7/antlr-2.7.7.jar' 
2022-03-30 23:44:31.970 DEBUG [acme.Launcher@main] Found classpath entry '/C:/Users/alvar/.m2/repository/org/jboss/jandex/2.1.3.Final/jandex-2.1.3.Final.jar' 
2022-03-30 23:44:31.970 DEBUG [acme.Launcher@main] Found classpath entry '/C:/Users/alvar/.m2/repository/com/fasterxml/classmate/1.5.1/classmate-1.5.1.jar' 
2022-03-30 23:44:31.970 DEBUG [acme.Launcher@main] Found classpath entry '/C:/Users/alvar/.m2/repository/org/dom4j/dom4j/2.1.3/dom4j-2.1.3.jar' 
2022-03-30 23:44:31.970 DEBUG [acme.Launcher@main] Found classpath entry '/C:/Users/alvar/.m2/repository/org/hibernate/common/hibernate-commons-annotations/5.1.2.Final/hibernate-commons-annotations-5.1.2.Final.jar' 
2022-03-30 23:44:31.970 DEBUG [acme.Launcher@main] Found classpath entry '/C:/Users/alvar/.m2/repository/org/glassfish/jaxb/jaxb-runtime/2.3.3/jaxb-runtime-2.3.3.jar' 
2022-03-30 23:44:31.970 DEBUG [acme.Launcher@main] Found classpath entry '/C:/Users/alvar/.m2/repository/org/glassfish/jaxb/txw2/2.3.3/txw2-2.3.3.jar' 
2022-03-30 23:44:31.970 DEBUG [acme.Launcher@main] Found classpath entry '/C:/Users/alvar/.m2/repository/com/sun/istack/istack-commons-runtime/3.0.11/istack-commons-runtime-3.0.11.jar' 
2022-03-30 23:44:31.970 DEBUG [acme.Launcher@main] Found classpath entry '/C:/Users/alvar/.m2/repository/com/sun/activation/jakarta.activation/1.2.2/jakarta.activation-1.2.2.jar' 
2022-03-30 23:44:31.970 DEBUG [acme.Launcher@main] Found classpath entry '/C:/Users/alvar/.m2/repository/org/springframework/data/spring-data-jpa/2.4.3/spring-data-jpa-2.4.3.jar' 
2022-03-30 23:44:31.971 DEBUG [acme.Launcher@main] Found classpath entry '/C:/Users/alvar/.m2/repository/org/springframework/data/spring-data-commons/2.4.3/spring-data-commons-2.4.3.jar' 
2022-03-30 23:44:31.971 DEBUG [acme.Launcher@main] Found classpath entry '/C:/Users/alvar/.m2/repository/org/springframework/spring-orm/5.3.3/spring-orm-5.3.3.jar' 
2022-03-30 23:44:31.971 DEBUG [acme.Launcher@main] Found classpath entry '/C:/Users/alvar/.m2/repository/org/springframework/spring-aspects/5.3.3/spring-aspects-5.3.3.jar' 
2022-03-30 23:44:31.971 DEBUG [acme.Launcher@main] Found classpath entry '/C:/Users/alvar/.m2/repository/org/springframework/boot/spring-boot-starter-validation/2.4.2/spring-boot-starter-validation-2.4.2.jar' 
2022-03-30 23:44:31.971 DEBUG [acme.Launcher@main] Found classpath entry '/C:/Users/alvar/.m2/repository/org/hibernate/validator/hibernate-validator/6.1.7.Final/hibernate-validator-6.1.7.Final.jar' 
2022-03-30 23:44:31.971 DEBUG [acme.Launcher@main] Found classpath entry '/C:/Users/alvar/.m2/repository/jakarta/validation/jakarta.validation-api/2.0.2/jakarta.validation-api-2.0.2.jar' 
2022-03-30 23:44:31.971 DEBUG [acme.Launcher@main] Found classpath entry '/C:/Users/alvar/.m2/repository/mysql/mysql-connector-java/8.0.22/mysql-connector-java-8.0.22.jar' 
2022-03-30 23:44:31.972 DEBUG [acme.Launcher@main] Found classpath entry '/C:/Users/alvar/.m2/repository/com/zaxxer/HikariCP/3.4.5/HikariCP-3.4.5.jar' 
2022-03-30 23:44:31.972 DEBUG [acme.Launcher@main] Found classpath entry '/C:/Users/alvar/.m2/repository/org/junit/jupiter/junit-jupiter-engine/5.7.0/junit-jupiter-engine-5.7.0.jar' 
2022-03-30 23:44:31.972 DEBUG [acme.Launcher@main] Found classpath entry '/C:/Users/alvar/.m2/repository/org/apiguardian/apiguardian-api/1.1.0/apiguardian-api-1.1.0.jar' 
2022-03-30 23:44:31.972 DEBUG [acme.Launcher@main] Found classpath entry '/C:/Users/alvar/.m2/repository/org/junit/platform/junit-platform-engine/1.7.0/junit-platform-engine-1.7.0.jar' 
2022-03-30 23:44:31.972 DEBUG [acme.Launcher@main] Found classpath entry '/C:/Users/alvar/.m2/repository/org/junit/jupiter/junit-jupiter-api/5.7.0/junit-jupiter-api-5.7.0.jar' 
2022-03-30 23:44:31.972 DEBUG [acme.Launcher@main] Found classpath entry '/C:/Users/alvar/.m2/repository/org/opentest4j/opentest4j/1.2.0/opentest4j-1.2.0.jar' 
2022-03-30 23:44:31.972 DEBUG [acme.Launcher@main] Found classpath entry '/C:/Users/alvar/.m2/repository/org/junit/platform/junit-platform-commons/1.7.0/junit-platform-commons-1.7.0.jar' 
2022-03-30 23:44:31.972 DEBUG [acme.Launcher@main] Found classpath entry '/C:/Users/alvar/.m2/repository/org/junit/jupiter/junit-jupiter-params/5.7.0/junit-jupiter-params-5.7.0.jar' 
2022-03-30 23:44:31.972 DEBUG [acme.Launcher@main] Found classpath entry '/C:/Users/alvar/.m2/repository/org/junit/platform/junit-platform-launcher/1.7.0/junit-platform-launcher-1.7.0.jar' 
2022-03-30 23:44:31.973 DEBUG [acme.Launcher@main] Found classpath entry '/C:/Users/alvar/.m2/repository/org/seleniumhq/selenium/selenium-java/3.141.59/selenium-java-3.141.59.jar' 
2022-03-30 23:44:31.973 DEBUG [acme.Launcher@main] Found classpath entry '/C:/Users/alvar/.m2/repository/org/seleniumhq/selenium/selenium-api/3.141.59/selenium-api-3.141.59.jar' 
2022-03-30 23:44:31.973 DEBUG [acme.Launcher@main] Found classpath entry '/C:/Users/alvar/.m2/repository/org/seleniumhq/selenium/selenium-chrome-driver/3.141.59/selenium-chrome-driver-3.141.59.jar' 
2022-03-30 23:44:31.973 DEBUG [acme.Launcher@main] Found classpath entry '/C:/Users/alvar/.m2/repository/org/seleniumhq/selenium/selenium-edge-driver/3.141.59/selenium-edge-driver-3.141.59.jar' 
2022-03-30 23:44:31.973 DEBUG [acme.Launcher@main] Found classpath entry '/C:/Users/alvar/.m2/repository/org/seleniumhq/selenium/selenium-firefox-driver/3.141.59/selenium-firefox-driver-3.141.59.jar' 
2022-03-30 23:44:31.973 DEBUG [acme.Launcher@main] Found classpath entry '/C:/Users/alvar/.m2/repository/org/seleniumhq/selenium/selenium-ie-driver/3.141.59/selenium-ie-driver-3.141.59.jar' 
2022-03-30 23:44:31.973 DEBUG [acme.Launcher@main] Found classpath entry '/C:/Users/alvar/.m2/repository/org/seleniumhq/selenium/selenium-opera-driver/3.141.59/selenium-opera-driver-3.141.59.jar' 
2022-03-30 23:44:31.973 DEBUG [acme.Launcher@main] Found classpath entry '/C:/Users/alvar/.m2/repository/org/seleniumhq/selenium/selenium-remote-driver/3.141.59/selenium-remote-driver-3.141.59.jar' 
2022-03-30 23:44:31.974 DEBUG [acme.Launcher@main] Found classpath entry '/C:/Users/alvar/.m2/repository/org/seleniumhq/selenium/selenium-safari-driver/3.141.59/selenium-safari-driver-3.141.59.jar' 
2022-03-30 23:44:31.974 DEBUG [acme.Launcher@main] Found classpath entry '/C:/Users/alvar/.m2/repository/org/seleniumhq/selenium/selenium-support/3.141.59/selenium-support-3.141.59.jar' 
2022-03-30 23:44:31.974 DEBUG [acme.Launcher@main] Found classpath entry '/C:/Users/alvar/.m2/repository/net/bytebuddy/byte-buddy/1.10.19/byte-buddy-1.10.19.jar' 
2022-03-30 23:44:31.974 DEBUG [acme.Launcher@main] Found classpath entry '/C:/Users/alvar/.m2/repository/org/apache/commons/commons-exec/1.3/commons-exec-1.3.jar' 
2022-03-30 23:44:31.974 DEBUG [acme.Launcher@main] Found classpath entry '/C:/Users/alvar/.m2/repository/com/google/guava/guava/25.0-jre/guava-25.0-jre.jar' 
2022-03-30 23:44:31.974 DEBUG [acme.Launcher@main] Found classpath entry '/C:/Users/alvar/.m2/repository/com/google/code/findbugs/jsr305/1.3.9/jsr305-1.3.9.jar' 
2022-03-30 23:44:31.974 DEBUG [acme.Launcher@main] Found classpath entry '/C:/Users/alvar/.m2/repository/org/checkerframework/checker-compat-qual/2.0.0/checker-compat-qual-2.0.0.jar' 
2022-03-30 23:44:31.974 DEBUG [acme.Launcher@main] Found classpath entry '/C:/Users/alvar/.m2/repository/com/google/errorprone/error_prone_annotations/2.1.3/error_prone_annotations-2.1.3.jar' 
2022-03-30 23:44:31.974 DEBUG [acme.Launcher@main] Found classpath entry '/C:/Users/alvar/.m2/repository/com/google/j2objc/j2objc-annotations/1.1/j2objc-annotations-1.1.jar' 
2022-03-30 23:44:31.975 DEBUG [acme.Launcher@main] Found classpath entry '/C:/Users/alvar/.m2/repository/org/codehaus/mojo/animal-sniffer-annotations/1.14/animal-sniffer-annotations-1.14.jar' 
2022-03-30 23:44:31.975 DEBUG [acme.Launcher@main] Found classpath entry '/C:/Users/alvar/.m2/repository/com/squareup/okhttp3/okhttp/3.14.9/okhttp-3.14.9.jar' 
2022-03-30 23:44:31.975 DEBUG [acme.Launcher@main] Found classpath entry '/C:/Users/alvar/.m2/repository/com/squareup/okio/okio/1.14.0/okio-1.14.0.jar' 
2022-03-30 23:44:31.975 DEBUG [acme.Launcher@main] Found classpath entry '/C:/Users/alvar/.m2/repository/org/apache/commons/commons-lang3/3.11/commons-lang3-3.11.jar' 
2022-03-30 23:44:31.975 DEBUG [acme.Launcher@main] Found classpath entry '/C:/Users/alvar/.m2/repository/org/apache/commons/commons-text/1.8/commons-text-1.8.jar' 
2022-03-30 23:44:31.975 DEBUG [acme.Launcher@main] Found classpath entry '/C:/Users/alvar/.m2/repository/commons-io/commons-io/2.6/commons-io-2.6.jar' 
2022-03-30 23:44:31.975 DEBUG [acme.Launcher@main] Found classpath entry '/C:/Users/alvar/.m2/repository/commons-cli/commons-cli/1.4/commons-cli-1.4.jar' 
2022-03-30 23:44:31.975 DEBUG [acme.Launcher@main] Found classpath entry '/C:/Users/alvar/.m2/repository/org/projectlombok/lombok/1.18.16/lombok-1.18.16.jar' 
2022-03-30 23:44:31.975 DEBUG [acme.Launcher@main] Found classpath entry '/C:/Users/alvar/.m2/repository/com/opencsv/opencsv/5.4/opencsv-5.4.jar' 
2022-03-30 23:44:31.975 DEBUG [acme.Launcher@main] Found classpath entry '/C:/Users/alvar/.m2/repository/commons-beanutils/commons-beanutils/1.9.4/commons-beanutils-1.9.4.jar' 
2022-03-30 23:44:31.976 DEBUG [acme.Launcher@main] Found classpath entry '/C:/Users/alvar/.m2/repository/commons-logging/commons-logging/1.2/commons-logging-1.2.jar' 
2022-03-30 23:44:31.976 DEBUG [acme.Launcher@main] Found classpath entry '/C:/Users/alvar/.m2/repository/commons-collections/commons-collections/3.2.2/commons-collections-3.2.2.jar' 
2022-03-30 23:44:31.976 DEBUG [acme.Launcher@main] Found classpath entry '/C:/Users/alvar/.m2/repository/org/apache/commons/commons-collections4/4.4/commons-collections4-4.4.jar' 
2022-03-30 23:44:32.072 DEBUG [acme.Launcher@main] Found entity class 'acme.entities.announcement.Announcement 
2022-03-30 23:44:32.072 DEBUG [acme.Launcher@main] Found entity class 'acme.entities.artefact.Artefact 
2022-03-30 23:44:32.073 DEBUG [acme.Launcher@main] Found entity class 'acme.entities.artefact.Quantity 
2022-03-30 23:44:32.073 DEBUG [acme.Launcher@main] Found entity class 'acme.entities.chirp.Chirp 
2022-03-30 23:44:32.073 DEBUG [acme.Launcher@main] Found entity class 'acme.entities.patonages.Patronages 
2022-03-30 23:44:32.073 DEBUG [acme.Launcher@main] Found entity class 'acme.entities.patronageReport.PatronageReport 
2022-03-30 23:44:32.073 DEBUG [acme.Launcher@main] Found entity class 'acme.entities.systemConfiguration.SystemConfiguration 
2022-03-30 23:44:32.073 DEBUG [acme.Launcher@main] Found entity class 'acme.entities.toolkit.Toolkit 
2022-03-30 23:44:32.074 DEBUG [acme.Launcher@main] Found entity class 'acme.roles.Consumer 
2022-03-30 23:44:32.074 DEBUG [acme.Launcher@main] Found entity class 'acme.roles.Inventor 
2022-03-30 23:44:32.074 DEBUG [acme.Launcher@main] Found entity class 'acme.roles.Patron 
2022-03-30 23:44:32.074 DEBUG [acme.Launcher@main] Found entity class 'acme.roles.Provider 
2022-03-30 23:44:32.074 DEBUG [acme.Launcher@main] Found entity class 'acme.framework.entities.UserAccount 
2022-03-30 23:44:32.074 DEBUG [acme.Launcher@main] Found entity class 'acme.framework.roles.Administrator 
2022-03-30 23:44:32.074 DEBUG [acme.Launcher@main] Found entity class 'acme.framework.roles.Anonymous 
2022-03-30 23:44:32.075 DEBUG [acme.Launcher@main] Found entity class 'acme.framework.roles.Authenticated 
2022-03-30 23:44:32.080 INFO  [acme.Launcher@main] Running application (Standalone) 
2022-03-30 23:44:39.441 DEBUG [acme.framework.components.tiles.DynamicTilesView@http-nio-8080-exec-2] View name 'fragments/welcome', model {} 
2022-03-30 23:44:39.457 DEBUG [org.apache.tiles.definition.dao.BaseLocaleUrlDefinitionDAO@http-nio-8080-exec-2] File Resource file:/C:/Users/alvar/Desktop/Universidad/DP2/Workspace-22.0/Projects/Acme-Toolkits/target/classes/WEB-INF/views/master/tiles_es.xml at file:/C:/Users/alvar/Desktop/Universidad/DP2/Workspace-22.0/Projects/Acme-Toolkits/target/classes/WEB-INF/views/master/tiles_es.xml not found, continue 
2022-03-30 23:44:39.466 DEBUG [org.apache.jasper.servlet.JspServlet@http-nio-8080-exec-2] JspEngine --> /WEB-INF/views/master/page.jsp 
2022-03-30 23:44:39.466 DEBUG [org.apache.jasper.servlet.JspServlet@http-nio-8080-exec-2] ServletPath: /WEB-INF/views/master/page.jsp 
2022-03-30 23:44:39.467 DEBUG [org.apache.jasper.servlet.JspServlet@http-nio-8080-exec-2] PathInfo: null 
2022-03-30 23:44:39.469 DEBUG [org.apache.jasper.servlet.JspServlet@http-nio-8080-exec-2] RealPath: C:\Users\alvar\Desktop\Universidad\DP2\Workspace-22.0\Projects\Acme-Toolkits\target\classes\WEB-INF\views\master\page.jsp 
2022-03-30 23:44:39.469 DEBUG [org.apache.jasper.servlet.JspServlet@http-nio-8080-exec-2] RequestURI: /acme-toolkits-0.1/WEB-INF/views/master/page.jsp 
2022-03-30 23:44:39.470 DEBUG [org.apache.jasper.servlet.JspServlet@http-nio-8080-exec-2] QueryString: null 
2022-03-30 23:44:42.718 DEBUG [acme.framework.configuration.ExtendedMessageSource@http-nio-8080-exec-2] Loading properties [C:\Users\alvar\Desktop\Universidad\DP2\Workspace-22.0\Projects\Acme-Toolkits\target\classes\WEB-INF\views\administrator\artefact\messages-en.i18n] with encoding 'utf-8' 
2022-03-30 23:44:42.719 DEBUG [acme.framework.configuration.ExtendedMessageSource@http-nio-8080-exec-2] Loading properties [C:\Users\alvar\Desktop\Universidad\DP2\Workspace-22.0\Projects\Acme-Toolkits\target\classes\WEB-INF\views\administrator\user-account\messages-en.i18n] with encoding 'utf-8' 
2022-03-30 23:44:42.720 DEBUG [acme.framework.configuration.ExtendedMessageSource@http-nio-8080-exec-2] Loading properties [C:\Users\alvar\Desktop\Universidad\DP2\Workspace-22.0\Projects\Acme-Toolkits\target\classes\WEB-INF\views\anonymous\artefact\messages-en.i18n] with encoding 'utf-8' 
2022-03-30 23:44:42.721 DEBUG [acme.framework.configuration.ExtendedMessageSource@http-nio-8080-exec-2] Loading properties [C:\Users\alvar\Desktop\Universidad\DP2\Workspace-22.0\Projects\Acme-Toolkits\target\classes\WEB-INF\views\anonymous\user-account\messages-en.i18n] with encoding 'utf-8' 
2022-03-30 23:44:42.722 DEBUG [acme.framework.configuration.ExtendedMessageSource@http-nio-8080-exec-2] Loading properties [C:\Users\alvar\Desktop\Universidad\DP2\Workspace-22.0\Projects\Acme-Toolkits\target\classes\WEB-INF\views\authenticated\artefact\messages-en.i18n] with encoding 'utf-8' 
2022-03-30 23:44:42.723 DEBUG [acme.framework.configuration.ExtendedMessageSource@http-nio-8080-exec-2] Loading properties [C:\Users\alvar\Desktop\Universidad\DP2\Workspace-22.0\Projects\Acme-Toolkits\target\classes\WEB-INF\views\authenticated\consumer\messsages-en.i18n] with encoding 'utf-8' 
2022-03-30 23:44:42.723 DEBUG [acme.framework.configuration.ExtendedMessageSource@http-nio-8080-exec-2] Loading properties [C:\Users\alvar\Desktop\Universidad\DP2\Workspace-22.0\Projects\Acme-Toolkits\target\classes\WEB-INF\views\authenticated\provider\messsages-en.i18n] with encoding 'utf-8' 
2022-03-30 23:44:42.724 DEBUG [acme.framework.configuration.ExtendedMessageSource@http-nio-8080-exec-2] Loading properties [C:\Users\alvar\Desktop\Universidad\DP2\Workspace-22.0\Projects\Acme-Toolkits\target\classes\WEB-INF\views\authenticated\user-account\messages-en.i18n] with encoding 'utf-8' 
2022-03-30 23:44:42.725 DEBUG [acme.framework.configuration.ExtendedMessageSource@http-nio-8080-exec-2] Loading properties [C:\Users\alvar\Desktop\Universidad\DP2\Workspace-22.0\Projects\Acme-Toolkits\target\classes\WEB-INF\views\fragments\banner-en.i18n] with encoding 'utf-8' 
2022-03-30 23:44:42.726 DEBUG [acme.framework.configuration.ExtendedMessageSource@http-nio-8080-exec-2] Loading properties [C:\Users\alvar\Desktop\Universidad\DP2\Workspace-22.0\Projects\Acme-Toolkits\target\classes\WEB-INF\views\fragments\company-en.i18n] with encoding 'utf-8' 
2022-03-30 23:44:42.726 DEBUG [acme.framework.configuration.ExtendedMessageSource@http-nio-8080-exec-2] Loading properties [C:\Users\alvar\Desktop\Universidad\DP2\Workspace-22.0\Projects\Acme-Toolkits\target\classes\WEB-INF\views\fragments\footer-en.i18n] with encoding 'utf-8' 
2022-03-30 23:44:42.727 DEBUG [acme.framework.configuration.ExtendedMessageSource@http-nio-8080-exec-2] Loading properties [C:\Users\alvar\Desktop\Universidad\DP2\Workspace-22.0\Projects\Acme-Toolkits\target\classes\WEB-INF\views\fragments\license-en.i18n] with encoding 'utf-8' 
2022-03-30 23:44:42.728 DEBUG [acme.framework.configuration.ExtendedMessageSource@http-nio-8080-exec-2] Loading properties [C:\Users\alvar\Desktop\Universidad\DP2\Workspace-22.0\Projects\Acme-Toolkits\target\classes\WEB-INF\views\fragments\menu-en.i18n] with encoding 'utf-8' 
2022-03-30 23:44:42.729 DEBUG [acme.framework.configuration.ExtendedMessageSource@http-nio-8080-exec-2] Loading properties [C:\Users\alvar\Desktop\Universidad\DP2\Workspace-22.0\Projects\Acme-Toolkits\target\classes\WEB-INF\views\fragments\messages-en.i18n] with encoding 'utf-8' 
2022-03-30 23:44:42.730 DEBUG [acme.framework.configuration.ExtendedMessageSource@http-nio-8080-exec-2] Loading properties [C:\Users\alvar\Desktop\Universidad\DP2\Workspace-22.0\Projects\Acme-Toolkits\target\classes\WEB-INF\views\fragments\messsages-en.i18n] with encoding 'utf-8' 
2022-03-30 23:44:42.730 DEBUG [acme.framework.configuration.ExtendedMessageSource@http-nio-8080-exec-2] Loading properties [C:\Users\alvar\Desktop\Universidad\DP2\Workspace-22.0\Projects\Acme-Toolkits\target\classes\WEB-INF\views\fragments\title-en.i18n] with encoding 'utf-8' 
2022-03-30 23:44:42.731 DEBUG [acme.framework.configuration.ExtendedMessageSource@http-nio-8080-exec-2] Loading properties [C:\Users\alvar\Desktop\Universidad\DP2\Workspace-22.0\Projects\Acme-Toolkits\target\classes\WEB-INF\views\fragments\welcome-en.i18n] with encoding 'utf-8' 
2022-03-30 23:44:42.732 DEBUG [acme.framework.configuration.ExtendedMessageSource@http-nio-8080-exec-2] Loading properties [C:\Users\alvar\Desktop\Universidad\DP2\Workspace-22.0\Projects\Acme-Toolkits\target\classes\WEB-INF\views\inventor\artefact\messages-en.i18n] with encoding 'utf-8' 
2022-03-30 23:44:42.732 DEBUG [acme.framework.configuration.ExtendedMessageSource@http-nio-8080-exec-2] Loading properties [C:\Users\alvar\Desktop\Universidad\DP2\Workspace-22.0\Projects\Acme-Toolkits\target\classes\WEB-INF\views\inventor\patronages\messages-en.i18n] with encoding 'utf-8' 
2022-03-30 23:44:42.733 DEBUG [acme.framework.configuration.ExtendedMessageSource@http-nio-8080-exec-2] Loading properties [C:\Users\alvar\Desktop\Universidad\DP2\Workspace-22.0\Projects\Acme-Toolkits\target\classes\WEB-INF\views\master\defaults-en.i18n] with encoding 'utf-8' 
2022-03-30 23:44:42.734 DEBUG [acme.framework.configuration.ExtendedMessageSource@http-nio-8080-exec-2] Loading properties [C:\Users\alvar\Desktop\Universidad\DP2\Workspace-22.0\Projects\Acme-Toolkits\target\classes\WEB-INF\views\master\master-en.i18n] with encoding 'utf-8' 
2022-03-30 23:44:42.735 DEBUG [acme.framework.configuration.ExtendedMessageSource@http-nio-8080-exec-2] Loading properties [C:\Users\alvar\Desktop\Universidad\DP2\Workspace-22.0\Projects\Acme-Toolkits\target\classes\WEB-INF\views\master\throwables-en.i18n] with encoding 'utf-8' 
2022-03-30 23:44:42.735 DEBUG [acme.framework.configuration.ExtendedMessageSource@http-nio-8080-exec-2] Loading properties [C:\Users\alvar\Desktop\Universidad\DP2\Workspace-22.0\Projects\Acme-Toolkits\target\classes\WEB-INF\views\master\validation-en.i18n] with encoding 'utf-8' 
2022-03-30 23:44:42.736 DEBUG [acme.framework.configuration.ExtendedMessageSource@http-nio-8080-exec-2] Loading properties [C:\Users\alvar\Desktop\Universidad\DP2\Workspace-22.0\Projects\Acme-Toolkits\target\classes\WEB-INF\views\patron\artefact\messages-en.i18n] with encoding 'utf-8' 
2022-03-30 23:44:42.742 DEBUG [acme.framework.configuration.ExtendedMessageSource@http-nio-8080-exec-2] Loading properties [C:\Users\alvar\Desktop\Universidad\DP2\Workspace-22.0\Projects\Acme-Toolkits\target\classes\WEB-INF\views\administrator\artefact\messages-es.i18n] with encoding 'utf-8' 
2022-03-30 23:44:42.743 DEBUG [acme.framework.configuration.ExtendedMessageSource@http-nio-8080-exec-2] Loading properties [C:\Users\alvar\Desktop\Universidad\DP2\Workspace-22.0\Projects\Acme-Toolkits\target\classes\WEB-INF\views\administrator\user-account\messages-es.i18n] with encoding 'utf-8' 
2022-03-30 23:44:42.744 DEBUG [acme.framework.configuration.ExtendedMessageSource@http-nio-8080-exec-2] Loading properties [C:\Users\alvar\Desktop\Universidad\DP2\Workspace-22.0\Projects\Acme-Toolkits\target\classes\WEB-INF\views\anonymous\artefact\messages-es.i18n] with encoding 'utf-8' 
2022-03-30 23:44:42.745 DEBUG [acme.framework.configuration.ExtendedMessageSource@http-nio-8080-exec-2] Loading properties [C:\Users\alvar\Desktop\Universidad\DP2\Workspace-22.0\Projects\Acme-Toolkits\target\classes\WEB-INF\views\anonymous\user-account\messages-es.i18n] with encoding 'utf-8' 
2022-03-30 23:44:42.747 DEBUG [acme.framework.configuration.ExtendedMessageSource@http-nio-8080-exec-2] Loading properties [C:\Users\alvar\Desktop\Universidad\DP2\Workspace-22.0\Projects\Acme-Toolkits\target\classes\WEB-INF\views\authenticated\artefact\messages-es.i18n] with encoding 'utf-8' 
2022-03-30 23:44:42.748 DEBUG [acme.framework.configuration.ExtendedMessageSource@http-nio-8080-exec-2] Loading properties [C:\Users\alvar\Desktop\Universidad\DP2\Workspace-22.0\Projects\Acme-Toolkits\target\classes\WEB-INF\views\authenticated\consumer\messsages-es.i18n] with encoding 'utf-8' 
2022-03-30 23:44:42.749 DEBUG [acme.framework.configuration.ExtendedMessageSource@http-nio-8080-exec-2] Loading properties [C:\Users\alvar\Desktop\Universidad\DP2\Workspace-22.0\Projects\Acme-Toolkits\target\classes\WEB-INF\views\authenticated\provider\messsages-es.i18n] with encoding 'utf-8' 
2022-03-30 23:44:42.750 DEBUG [acme.framework.configuration.ExtendedMessageSource@http-nio-8080-exec-2] Loading properties [C:\Users\alvar\Desktop\Universidad\DP2\Workspace-22.0\Projects\Acme-Toolkits\target\classes\WEB-INF\views\authenticated\user-account\messages-es.i18n] with encoding 'utf-8' 
2022-03-30 23:44:42.751 DEBUG [acme.framework.configuration.ExtendedMessageSource@http-nio-8080-exec-2] Loading properties [C:\Users\alvar\Desktop\Universidad\DP2\Workspace-22.0\Projects\Acme-Toolkits\target\classes\WEB-INF\views\fragments\banner-es.i18n] with encoding 'utf-8' 
2022-03-30 23:44:42.752 DEBUG [acme.framework.configuration.ExtendedMessageSource@http-nio-8080-exec-2] Loading properties [C:\Users\alvar\Desktop\Universidad\DP2\Workspace-22.0\Projects\Acme-Toolkits\target\classes\WEB-INF\views\fragments\company-es.i18n] with encoding 'utf-8' 
2022-03-30 23:44:42.752 DEBUG [acme.framework.configuration.ExtendedMessageSource@http-nio-8080-exec-2] Loading properties [C:\Users\alvar\Desktop\Universidad\DP2\Workspace-22.0\Projects\Acme-Toolkits\target\classes\WEB-INF\views\fragments\footer-es.i18n] with encoding 'utf-8' 
2022-03-30 23:44:42.753 DEBUG [acme.framework.configuration.ExtendedMessageSource@http-nio-8080-exec-2] Loading properties [C:\Users\alvar\Desktop\Universidad\DP2\Workspace-22.0\Projects\Acme-Toolkits\target\classes\WEB-INF\views\fragments\license-es.i18n] with encoding 'utf-8' 
2022-03-30 23:44:42.754 DEBUG [acme.framework.configuration.ExtendedMessageSource@http-nio-8080-exec-2] Loading properties [C:\Users\alvar\Desktop\Universidad\DP2\Workspace-22.0\Projects\Acme-Toolkits\target\classes\WEB-INF\views\fragments\menu-es.i18n] with encoding 'utf-8' 
2022-03-30 23:44:42.754 DEBUG [acme.framework.configuration.ExtendedMessageSource@http-nio-8080-exec-2] Loading properties [C:\Users\alvar\Desktop\Universidad\DP2\Workspace-22.0\Projects\Acme-Toolkits\target\classes\WEB-INF\views\fragments\messages-es.i18n] with encoding 'utf-8' 
2022-03-30 23:44:42.755 DEBUG [acme.framework.configuration.ExtendedMessageSource@http-nio-8080-exec-2] Loading properties [C:\Users\alvar\Desktop\Universidad\DP2\Workspace-22.0\Projects\Acme-Toolkits\target\classes\WEB-INF\views\fragments\messsages-es.i18n] with encoding 'utf-8' 
2022-03-30 23:44:42.756 DEBUG [acme.framework.configuration.ExtendedMessageSource@http-nio-8080-exec-2] Loading properties [C:\Users\alvar\Desktop\Universidad\DP2\Workspace-22.0\Projects\Acme-Toolkits\target\classes\WEB-INF\views\fragments\title-es.i18n] with encoding 'utf-8' 
2022-03-30 23:44:42.757 DEBUG [acme.framework.configuration.ExtendedMessageSource@http-nio-8080-exec-2] Loading properties [C:\Users\alvar\Desktop\Universidad\DP2\Workspace-22.0\Projects\Acme-Toolkits\target\classes\WEB-INF\views\fragments\welcome-es.i18n] with encoding 'utf-8' 
2022-03-30 23:44:42.757 DEBUG [acme.framework.configuration.ExtendedMessageSource@http-nio-8080-exec-2] Loading properties [C:\Users\alvar\Desktop\Universidad\DP2\Workspace-22.0\Projects\Acme-Toolkits\target\classes\WEB-INF\views\inventor\artefact\messages-es.i18n] with encoding 'utf-8' 
2022-03-30 23:44:42.758 DEBUG [acme.framework.configuration.ExtendedMessageSource@http-nio-8080-exec-2] Loading properties [C:\Users\alvar\Desktop\Universidad\DP2\Workspace-22.0\Projects\Acme-Toolkits\target\classes\WEB-INF\views\inventor\patronages\messages-es.i18n] with encoding 'utf-8' 
2022-03-30 23:44:42.758 DEBUG [acme.framework.configuration.ExtendedMessageSource@http-nio-8080-exec-2] Loading properties [C:\Users\alvar\Desktop\Universidad\DP2\Workspace-22.0\Projects\Acme-Toolkits\target\classes\WEB-INF\views\master\defaults-es.i18n] with encoding 'utf-8' 
2022-03-30 23:44:42.759 DEBUG [acme.framework.configuration.ExtendedMessageSource@http-nio-8080-exec-2] Loading properties [C:\Users\alvar\Desktop\Universidad\DP2\Workspace-22.0\Projects\Acme-Toolkits\target\classes\WEB-INF\views\master\master-es.i18n] with encoding 'utf-8' 
2022-03-30 23:44:42.760 DEBUG [acme.framework.configuration.ExtendedMessageSource@http-nio-8080-exec-2] Loading properties [C:\Users\alvar\Desktop\Universidad\DP2\Workspace-22.0\Projects\Acme-Toolkits\target\classes\WEB-INF\views\master\throwables-es.i18n] with encoding 'utf-8' 
2022-03-30 23:44:42.760 DEBUG [acme.framework.configuration.ExtendedMessageSource@http-nio-8080-exec-2] Loading properties [C:\Users\alvar\Desktop\Universidad\DP2\Workspace-22.0\Projects\Acme-Toolkits\target\classes\WEB-INF\views\master\validation-es.i18n] with encoding 'utf-8' 
2022-03-30 23:44:42.761 DEBUG [acme.framework.configuration.ExtendedMessageSource@http-nio-8080-exec-2] Loading properties [C:\Users\alvar\Desktop\Universidad\DP2\Workspace-22.0\Projects\Acme-Toolkits\target\classes\WEB-INF\views\patron\artefact\messages-es.i18n] with encoding 'utf-8' 
2022-03-30 23:44:42.892 DEBUG [org.apache.jasper.servlet.JspServlet@http-nio-8080-exec-2] JspEngine --> /WEB-INF/views/fragments/welcome.jsp 
2022-03-30 23:44:42.892 DEBUG [org.apache.jasper.servlet.JspServlet@http-nio-8080-exec-2] ServletPath: /WEB-INF/views/master/page.jsp 
2022-03-30 23:44:42.893 DEBUG [org.apache.jasper.servlet.JspServlet@http-nio-8080-exec-2] PathInfo: null 
2022-03-30 23:44:42.894 DEBUG [org.apache.jasper.servlet.JspServlet@http-nio-8080-exec-2] RealPath: C:\Users\alvar\Desktop\Universidad\DP2\Workspace-22.0\Projects\Acme-Toolkits\target\classes\WEB-INF\views\fragments\welcome.jsp 
2022-03-30 23:44:42.894 DEBUG [org.apache.jasper.servlet.JspServlet@http-nio-8080-exec-2] RequestURI: /acme-toolkits-0.1/WEB-INF/views/master/page.jsp 
2022-03-30 23:44:42.894 DEBUG [org.apache.jasper.servlet.JspServlet@http-nio-8080-exec-2] QueryString: null 
2022-03-30 23:44:43.122 DEBUG [org.hibernate.SQL@http-nio-8080-exec-2] select useraccoun0_.id as id1_0_, useraccoun0_.version as version2_0_, useraccoun0_.enabled as enabled1_16_, useraccoun0_.identity as identity2_16_, useraccoun0_.password as password3_16_, useraccoun0_.username as username4_16_ from user_account useraccoun0_ where useraccoun0_.username=? 
2022-03-30 23:44:43.141 TRACE [org.hibernate.type.descriptor.sql.BasicBinder@http-nio-8080-exec-2] binding parameter [1] as [VARCHAR] - [anonymous] 
2022-03-30 23:44:43.187 DEBUG [org.hibernate.SQL@http-nio-8080-exec-2] select roles0_.user_account_id as user_acc1_17_0_, roles0_.id as id1_17_0_, roles0_.id as id1_0_1_, roles0_.version as version2_0_1_, roles0_.user_account_id as user_acc1_17_1_, roles0_.company as company1_7_1_, roles0_.sector as sector2_7_1_, roles0_.company as company1_8_1_, roles0_.link as link2_8_1_, roles0_.statement as statemen3_8_1_, roles0_.company as company1_9_1_, roles0_.link as link2_9_1_, roles0_.statement as statemen3_9_1_, roles0_.company as company1_12_1_, roles0_.sector as sector2_12_1_, roles0_.clazz_ as clazz_1_ from ( select id, version, user_account_id, company, sector, null as link, null as statement, 10 as clazz_ from consumer union all select id, version, user_account_id, company, null as sector, link, statement, 11 as clazz_ from inventor union all select id, version, user_account_id, company, null as sector, link, statement, 12 as clazz_ from patron union all select id, version, user_account_id, company, sector, null as link, null as statement, 13 as clazz_ from provider union all select id, version, user_account_id, null as company, null as sector, null as link, null as statement, 15 as clazz_ from administrator union all select id, version, user_account_id, null as company, null as sector, null as link, null as statement, 16 as clazz_ from anonymous union all select id, version, user_account_id, null as company, null as sector, null as link, null as statement, 17 as clazz_ from authenticated ) roles0_ where roles0_.user_account_id=? 
2022-03-30 23:44:43.188 TRACE [org.hibernate.type.descriptor.sql.BasicBinder@http-nio-8080-exec-2] binding parameter [1] as [INTEGER] - [1] 
2022-03-30 23:44:44.964 DEBUG [acme.framework.components.tiles.DynamicTilesView@http-nio-8080-exec-3] View name 'master/sign-in', model {username=, password=, remember=false} 
2022-03-30 23:44:44.964 DEBUG [org.apache.jasper.servlet.JspServlet@http-nio-8080-exec-3] JspEngine --> /WEB-INF/views/master/page.jsp 
2022-03-30 23:44:44.965 DEBUG [org.apache.jasper.servlet.JspServlet@http-nio-8080-exec-3] ServletPath: /WEB-INF/views/master/page.jsp 
2022-03-30 23:44:44.965 DEBUG [org.apache.jasper.servlet.JspServlet@http-nio-8080-exec-3] PathInfo: null 
2022-03-30 23:44:44.967 DEBUG [org.apache.jasper.servlet.JspServlet@http-nio-8080-exec-3] RealPath: C:\Users\alvar\Desktop\Universidad\DP2\Workspace-22.0\Projects\Acme-Toolkits\target\classes\WEB-INF\views\master\page.jsp 
2022-03-30 23:44:44.967 DEBUG [org.apache.jasper.servlet.JspServlet@http-nio-8080-exec-3] RequestURI: /acme-toolkits-0.1/WEB-INF/views/master/page.jsp 
2022-03-30 23:44:44.968 DEBUG [org.apache.jasper.servlet.JspServlet@http-nio-8080-exec-3] QueryString: null 
2022-03-30 23:44:45.043 DEBUG [org.apache.jasper.servlet.JspServlet@http-nio-8080-exec-3] JspEngine --> /WEB-INF/views/master/sign-in.jsp 
2022-03-30 23:44:45.043 DEBUG [org.apache.jasper.servlet.JspServlet@http-nio-8080-exec-3] ServletPath: /WEB-INF/views/master/page.jsp 
2022-03-30 23:44:45.044 DEBUG [org.apache.jasper.servlet.JspServlet@http-nio-8080-exec-3] PathInfo: null 
2022-03-30 23:44:45.044 DEBUG [org.apache.jasper.servlet.JspServlet@http-nio-8080-exec-3] RealPath: C:\Users\alvar\Desktop\Universidad\DP2\Workspace-22.0\Projects\Acme-Toolkits\target\classes\WEB-INF\views\master\sign-in.jsp 
2022-03-30 23:44:45.045 DEBUG [org.apache.jasper.servlet.JspServlet@http-nio-8080-exec-3] RequestURI: /acme-toolkits-0.1/WEB-INF/views/master/page.jsp 
2022-03-30 23:44:45.045 DEBUG [org.apache.jasper.servlet.JspServlet@http-nio-8080-exec-3] QueryString: null 
2022-03-30 23:44:46.594 DEBUG [org.hibernate.SQL@http-nio-8080-exec-3] select useraccoun0_.id as id1_0_, useraccoun0_.version as version2_0_, useraccoun0_.enabled as enabled1_16_, useraccoun0_.identity as identity2_16_, useraccoun0_.password as password3_16_, useraccoun0_.username as username4_16_ from user_account useraccoun0_ where useraccoun0_.username=? 
2022-03-30 23:44:46.594 TRACE [org.hibernate.type.descriptor.sql.BasicBinder@http-nio-8080-exec-3] binding parameter [1] as [VARCHAR] - [anonymous] 
2022-03-30 23:44:46.596 DEBUG [org.hibernate.SQL@http-nio-8080-exec-3] select roles0_.user_account_id as user_acc1_17_0_, roles0_.id as id1_17_0_, roles0_.id as id1_0_1_, roles0_.version as version2_0_1_, roles0_.user_account_id as user_acc1_17_1_, roles0_.company as company1_7_1_, roles0_.sector as sector2_7_1_, roles0_.company as company1_8_1_, roles0_.link as link2_8_1_, roles0_.statement as statemen3_8_1_, roles0_.company as company1_9_1_, roles0_.link as link2_9_1_, roles0_.statement as statemen3_9_1_, roles0_.company as company1_12_1_, roles0_.sector as sector2_12_1_, roles0_.clazz_ as clazz_1_ from ( select id, version, user_account_id, company, sector, null as link, null as statement, 10 as clazz_ from consumer union all select id, version, user_account_id, company, null as sector, link, statement, 11 as clazz_ from inventor union all select id, version, user_account_id, company, null as sector, link, statement, 12 as clazz_ from patron union all select id, version, user_account_id, company, sector, null as link, null as statement, 13 as clazz_ from provider union all select id, version, user_account_id, null as company, null as sector, null as link, null as statement, 15 as clazz_ from administrator union all select id, version, user_account_id, null as company, null as sector, null as link, null as statement, 16 as clazz_ from anonymous union all select id, version, user_account_id, null as company, null as sector, null as link, null as statement, 17 as clazz_ from authenticated ) roles0_ where roles0_.user_account_id=? 
2022-03-30 23:44:46.596 TRACE [org.hibernate.type.descriptor.sql.BasicBinder@http-nio-8080-exec-3] binding parameter [1] as [INTEGER] - [1] 
2022-03-30 23:44:55.173 DEBUG [org.hibernate.SQL@http-nio-8080-exec-3] select useraccoun0_.id as id1_0_, useraccoun0_.version as version2_0_, useraccoun0_.enabled as enabled1_16_, useraccoun0_.identity as identity2_16_, useraccoun0_.password as password3_16_, useraccoun0_.username as username4_16_ from user_account useraccoun0_ where useraccoun0_.username=? 
2022-03-30 23:44:55.174 TRACE [org.hibernate.type.descriptor.sql.BasicBinder@http-nio-8080-exec-3] binding parameter [1] as [VARCHAR] - [inventor1] 
2022-03-30 23:44:55.175 DEBUG [org.hibernate.SQL@http-nio-8080-exec-3] select roles0_.user_account_id as user_acc1_17_0_, roles0_.id as id1_17_0_, roles0_.id as id1_0_1_, roles0_.version as version2_0_1_, roles0_.user_account_id as user_acc1_17_1_, roles0_.company as company1_7_1_, roles0_.sector as sector2_7_1_, roles0_.company as company1_8_1_, roles0_.link as link2_8_1_, roles0_.statement as statemen3_8_1_, roles0_.company as company1_9_1_, roles0_.link as link2_9_1_, roles0_.statement as statemen3_9_1_, roles0_.company as company1_12_1_, roles0_.sector as sector2_12_1_, roles0_.clazz_ as clazz_1_ from ( select id, version, user_account_id, company, sector, null as link, null as statement, 10 as clazz_ from consumer union all select id, version, user_account_id, company, null as sector, link, statement, 11 as clazz_ from inventor union all select id, version, user_account_id, company, null as sector, link, statement, 12 as clazz_ from patron union all select id, version, user_account_id, company, sector, null as link, null as statement, 13 as clazz_ from provider union all select id, version, user_account_id, null as company, null as sector, null as link, null as statement, 15 as clazz_ from administrator union all select id, version, user_account_id, null as company, null as sector, null as link, null as statement, 16 as clazz_ from anonymous union all select id, version, user_account_id, null as company, null as sector, null as link, null as statement, 17 as clazz_ from authenticated ) roles0_ where roles0_.user_account_id=? 
2022-03-30 23:44:55.177 TRACE [org.hibernate.type.descriptor.sql.BasicBinder@http-nio-8080-exec-3] binding parameter [1] as [INTEGER] - [8] 
2022-03-30 23:44:55.203 DEBUG [acme.framework.components.tiles.DynamicTilesView@http-nio-8080-exec-8] View name 'fragments/welcome', model {} 
2022-03-30 23:44:55.204 DEBUG [org.apache.jasper.servlet.JspServlet@http-nio-8080-exec-8] JspEngine --> /WEB-INF/views/master/page.jsp 
2022-03-30 23:44:55.204 DEBUG [org.apache.jasper.servlet.JspServlet@http-nio-8080-exec-8] ServletPath: /WEB-INF/views/master/page.jsp 
2022-03-30 23:44:55.204 DEBUG [org.apache.jasper.servlet.JspServlet@http-nio-8080-exec-8] PathInfo: null 
2022-03-30 23:44:55.206 DEBUG [org.apache.jasper.servlet.JspServlet@http-nio-8080-exec-8] RealPath: C:\Users\alvar\Desktop\Universidad\DP2\Workspace-22.0\Projects\Acme-Toolkits\target\classes\WEB-INF\views\master\page.jsp 
2022-03-30 23:44:55.206 DEBUG [org.apache.jasper.servlet.JspServlet@http-nio-8080-exec-8] RequestURI: /acme-toolkits-0.1/WEB-INF/views/master/page.jsp 
2022-03-30 23:44:55.206 DEBUG [org.apache.jasper.servlet.JspServlet@http-nio-8080-exec-8] QueryString: null 
2022-03-30 23:44:55.288 DEBUG [org.apache.jasper.servlet.JspServlet@http-nio-8080-exec-8] JspEngine --> /WEB-INF/views/fragments/welcome.jsp 
2022-03-30 23:44:55.289 DEBUG [org.apache.jasper.servlet.JspServlet@http-nio-8080-exec-8] ServletPath: /WEB-INF/views/master/page.jsp 
2022-03-30 23:44:55.289 DEBUG [org.apache.jasper.servlet.JspServlet@http-nio-8080-exec-8] PathInfo: null 
2022-03-30 23:44:55.290 DEBUG [org.apache.jasper.servlet.JspServlet@http-nio-8080-exec-8] RealPath: C:\Users\alvar\Desktop\Universidad\DP2\Workspace-22.0\Projects\Acme-Toolkits\target\classes\WEB-INF\views\fragments\welcome.jsp 
2022-03-30 23:44:55.291 DEBUG [org.apache.jasper.servlet.JspServlet@http-nio-8080-exec-8] RequestURI: /acme-toolkits-0.1/WEB-INF/views/master/page.jsp 
2022-03-30 23:44:55.291 DEBUG [org.apache.jasper.servlet.JspServlet@http-nio-8080-exec-8] QueryString: null 
2022-03-30 23:44:57.663 DEBUG [acme.framework.controllers.AbstractController@http-nio-8080-exec-10] DISPATCHING GET /acme-toolkits-0.1/inventor/patronages/list-mine 
2022-03-30 23:44:57.663 DEBUG [acme.framework.controllers.AbstractController@http-nio-8080-exec-10] Command: list-mine 
2022-03-30 23:44:57.663 DEBUG [acme.framework.controllers.AbstractController@http-nio-8080-exec-10] Model:   {} 
2022-03-30 23:44:57.663 DEBUG [acme.framework.controllers.AbstractController@http-nio-8080-exec-10] Locale:  es 
2022-03-30 23:44:57.686 DEBUG [org.hibernate.SQL@http-nio-8080-exec-10] select patronages0_.id as id1_0_, patronages0_.version as version2_0_, patronages0_.budget_amount as budget_a1_11_, patronages0_.budget_currency as budget_c2_11_, patronages0_.code as code3_11_, patronages0_.final_period as final_pe4_11_, patronages0_.init_period as init_per5_11_, patronages0_.inventor_id as inventor9_11_, patronages0_.legal_stuff as legal_st6_11_, patronages0_.link as link7_11_, patronages0_.patron_id as patron_10_11_, patronages0_.status as status8_11_ from patronages patronages0_ where patronages0_.inventor_id=? 
2022-03-30 23:44:57.686 TRACE [org.hibernate.type.descriptor.sql.BasicBinder@http-nio-8080-exec-10] binding parameter [1] as [INTEGER] - [20] 
2022-03-30 23:44:57.690 DEBUG [org.hibernate.SQL@http-nio-8080-exec-10] select inventor0_.id as id1_0_0_, inventor0_.version as version2_0_0_, inventor0_.user_account_id as user_acc1_17_0_, inventor0_.company as company1_8_0_, inventor0_.link as link2_8_0_, inventor0_.statement as statemen3_8_0_, useraccoun1_.id as id1_0_1_, useraccoun1_.version as version2_0_1_, useraccoun1_.enabled as enabled1_16_1_, useraccoun1_.identity as identity2_16_1_, useraccoun1_.password as password3_16_1_, useraccoun1_.username as username4_16_1_ from inventor inventor0_ inner join user_account useraccoun1_ on inventor0_.user_account_id=useraccoun1_.id where inventor0_.id=? 
2022-03-30 23:44:57.690 TRACE [org.hibernate.type.descriptor.sql.BasicBinder@http-nio-8080-exec-10] binding parameter [1] as [INTEGER] - [20] 
2022-03-30 23:44:57.693 DEBUG [org.hibernate.SQL@http-nio-8080-exec-10] select patron0_.id as id1_0_0_, patron0_.version as version2_0_0_, patron0_.user_account_id as user_acc1_17_0_, patron0_.company as company1_9_0_, patron0_.link as link2_9_0_, patron0_.statement as statemen3_9_0_, useraccoun1_.id as id1_0_1_, useraccoun1_.version as version2_0_1_, useraccoun1_.enabled as enabled1_16_1_, useraccoun1_.identity as identity2_16_1_, useraccoun1_.password as password3_16_1_, useraccoun1_.username as username4_16_1_ from patron patron0_ inner join user_account useraccoun1_ on patron0_.user_account_id=useraccoun1_.id where patron0_.id=? 
2022-03-30 23:44:57.693 TRACE [org.hibernate.type.descriptor.sql.BasicBinder@http-nio-8080-exec-10] binding parameter [1] as [INTEGER] - [9] 
2022-03-30 23:44:57.724 DEBUG [acme.framework.controllers.AbstractController@http-nio-8080-exec-10] SERVING GET /acme-toolkits-0.1/inventor/patronages/list-mine 
2022-03-30 23:44:57.725 DEBUG [acme.framework.controllers.AbstractController@http-nio-8080-exec-10] Result: ModelAndView [view="inventor/patronages/list"; model={budget[0]=<<EUR 25.00>>, legalStuff[0]=legal stuff 1, link[0]=null, code[0]=ABC-012-A, creationTime[0]=null, patronages.patron[0]=null, version[0]=0, initPeriod[0]=2022-02-20, id[0]=31, finalPeriod[0]=2022-03-19, status[0]=PROPOSED, list$size=1, command=list-mine, principal=acme.framework.entities.Principal@4aa2debd}] 
2022-03-30 23:44:57.732 DEBUG [acme.framework.components.tiles.DynamicTilesView@http-nio-8080-exec-10] View name 'inventor/patronages/list', model {budget[0]=<<EUR 25.00>>, legalStuff[0]=legal stuff 1, link[0]=null, code[0]=ABC-012-A, creationTime[0]=null, patronages.patron[0]=null, version[0]=0, initPeriod[0]=2022-02-20, id[0]=31, finalPeriod[0]=2022-03-19, status[0]=PROPOSED, list$size=1, command=list-mine, principal=acme.framework.entities.Principal@4aa2debd, org.springframework.validation.BindingResult.budget[0]=org.springframework.validation.BeanPropertyBindingResult: 0 errors, org.springframework.validation.BindingResult.principal=org.springframework.validation.BeanPropertyBindingResult: 0 errors} 
2022-03-30 23:44:57.733 DEBUG [org.apache.jasper.servlet.JspServlet@http-nio-8080-exec-10] JspEngine --> /WEB-INF/views/master/page.jsp 
2022-03-30 23:44:57.734 DEBUG [org.apache.jasper.servlet.JspServlet@http-nio-8080-exec-10] ServletPath: /WEB-INF/views/master/page.jsp 
2022-03-30 23:44:57.734 DEBUG [org.apache.jasper.servlet.JspServlet@http-nio-8080-exec-10] PathInfo: null 
2022-03-30 23:44:57.734 DEBUG [org.apache.jasper.servlet.JspServlet@http-nio-8080-exec-10] RealPath: C:\Users\alvar\Desktop\Universidad\DP2\Workspace-22.0\Projects\Acme-Toolkits\target\classes\WEB-INF\views\master\page.jsp 
2022-03-30 23:44:57.735 DEBUG [org.apache.jasper.servlet.JspServlet@http-nio-8080-exec-10] RequestURI: /acme-toolkits-0.1/WEB-INF/views/master/page.jsp 
2022-03-30 23:44:57.735 DEBUG [org.apache.jasper.servlet.JspServlet@http-nio-8080-exec-10] QueryString: null 
2022-03-30 23:44:57.792 DEBUG [org.apache.jasper.servlet.JspServlet@http-nio-8080-exec-10] JspEngine --> /WEB-INF/views/inventor/patronages/list.jsp 
2022-03-30 23:44:57.792 DEBUG [org.apache.jasper.servlet.JspServlet@http-nio-8080-exec-10] ServletPath: /WEB-INF/views/master/page.jsp 
2022-03-30 23:44:57.792 DEBUG [org.apache.jasper.servlet.JspServlet@http-nio-8080-exec-10] PathInfo: null 
2022-03-30 23:44:57.793 DEBUG [org.apache.jasper.servlet.JspServlet@http-nio-8080-exec-10] RealPath: C:\Users\alvar\Desktop\Universidad\DP2\Workspace-22.0\Projects\Acme-Toolkits\target\classes\WEB-INF\views\inventor\patronages\list.jsp 
2022-03-30 23:44:57.794 DEBUG [org.apache.jasper.servlet.JspServlet@http-nio-8080-exec-10] RequestURI: /acme-toolkits-0.1/WEB-INF/views/master/page.jsp 
2022-03-30 23:44:57.794 DEBUG [org.apache.jasper.servlet.JspServlet@http-nio-8080-exec-10] QueryString: null 
2022-03-30 23:45:01.727 DEBUG [acme.framework.controllers.AbstractController@http-nio-8080-exec-8] DISPATCHING GET /acme-toolkits-0.1/inventor/patronages/show 
2022-03-30 23:45:01.727 DEBUG [acme.framework.controllers.AbstractController@http-nio-8080-exec-8] Command: show 
2022-03-30 23:45:01.727 DEBUG [acme.framework.controllers.AbstractController@http-nio-8080-exec-8] Model:   {id=31} 
2022-03-30 23:45:01.727 DEBUG [acme.framework.controllers.AbstractController@http-nio-8080-exec-8] Locale:  es 
2022-03-30 23:45:01.733 DEBUG [org.hibernate.SQL@http-nio-8080-exec-8] select patronages0_.id as id1_0_, patronages0_.version as version2_0_, patronages0_.budget_amount as budget_a1_11_, patronages0_.budget_currency as budget_c2_11_, patronages0_.code as code3_11_, patronages0_.final_period as final_pe4_11_, patronages0_.init_period as init_per5_11_, patronages0_.inventor_id as inventor9_11_, patronages0_.legal_stuff as legal_st6_11_, patronages0_.link as link7_11_, patronages0_.patron_id as patron_10_11_, patronages0_.status as status8_11_ from patronages patronages0_ where patronages0_.id=? 
2022-03-30 23:45:01.734 TRACE [org.hibernate.type.descriptor.sql.BasicBinder@http-nio-8080-exec-8] binding parameter [1] as [INTEGER] - [31] 
2022-03-30 23:45:01.735 DEBUG [org.hibernate.SQL@http-nio-8080-exec-8] select inventor0_.id as id1_0_0_, inventor0_.version as version2_0_0_, inventor0_.user_account_id as user_acc1_17_0_, inventor0_.company as company1_8_0_, inventor0_.link as link2_8_0_, inventor0_.statement as statemen3_8_0_, useraccoun1_.id as id1_0_1_, useraccoun1_.version as version2_0_1_, useraccoun1_.enabled as enabled1_16_1_, useraccoun1_.identity as identity2_16_1_, useraccoun1_.password as password3_16_1_, useraccoun1_.username as username4_16_1_ from inventor inventor0_ inner join user_account useraccoun1_ on inventor0_.user_account_id=useraccoun1_.id where inventor0_.id=? 
2022-03-30 23:45:01.735 TRACE [org.hibernate.type.descriptor.sql.BasicBinder@http-nio-8080-exec-8] binding parameter [1] as [INTEGER] - [20] 
2022-03-30 23:45:01.739 DEBUG [org.hibernate.SQL@http-nio-8080-exec-8] select patron0_.id as id1_0_0_, patron0_.version as version2_0_0_, patron0_.user_account_id as user_acc1_17_0_, patron0_.company as company1_9_0_, patron0_.link as link2_9_0_, patron0_.statement as statemen3_9_0_, useraccoun1_.id as id1_0_1_, useraccoun1_.version as version2_0_1_, useraccoun1_.enabled as enabled1_16_1_, useraccoun1_.identity as identity2_16_1_, useraccoun1_.password as password3_16_1_, useraccoun1_.username as username4_16_1_ from patron patron0_ inner join user_account useraccoun1_ on patron0_.user_account_id=useraccoun1_.id where patron0_.id=? 
2022-03-30 23:45:01.739 TRACE [org.hibernate.type.descriptor.sql.BasicBinder@http-nio-8080-exec-8] binding parameter [1] as [INTEGER] - [9] 
2022-03-30 23:45:01.744 DEBUG [acme.framework.controllers.AbstractController@http-nio-8080-exec-8] SERVING GET /acme-toolkits-0.1/inventor/patronages/show 
2022-03-30 23:45:01.744 DEBUG [acme.framework.controllers.AbstractController@http-nio-8080-exec-8] Result: ModelAndView [view="inventor/patronages/form"; model={code=ABC-012-A, creationTime=null, finalPeriod=2022-03-19, link=null, patronages.patron=null, id=31, initPeriod=2022-02-20, version=0, status=PROPOSED, legalStuff=legal stuff 1, budget=<<EUR 25.00>>, command=show, principal=acme.framework.entities.Principal@4aa2debd}] 
2022-03-30 23:45:01.745 DEBUG [acme.framework.components.tiles.DynamicTilesView@http-nio-8080-exec-8] View name 'inventor/patronages/form', model {code=ABC-012-A, creationTime=null, finalPeriod=2022-03-19, link=null, patronages.patron=null, id=31, initPeriod=2022-02-20, version=0, status=PROPOSED, legalStuff=legal stuff 1, budget=<<EUR 25.00>>, command=show, principal=acme.framework.entities.Principal@4aa2debd, org.springframework.validation.BindingResult.budget=org.springframework.validation.BeanPropertyBindingResult: 0 errors, org.springframework.validation.BindingResult.principal=org.springframework.validation.BeanPropertyBindingResult: 0 errors} 
2022-03-30 23:45:01.746 DEBUG [org.apache.jasper.servlet.JspServlet@http-nio-8080-exec-8] JspEngine --> /WEB-INF/views/master/page.jsp 
2022-03-30 23:45:01.746 DEBUG [org.apache.jasper.servlet.JspServlet@http-nio-8080-exec-8] ServletPath: /WEB-INF/views/master/page.jsp 
2022-03-30 23:45:01.747 DEBUG [org.apache.jasper.servlet.JspServlet@http-nio-8080-exec-8] PathInfo: null 
2022-03-30 23:45:01.749 DEBUG [org.apache.jasper.servlet.JspServlet@http-nio-8080-exec-8] RealPath: C:\Users\alvar\Desktop\Universidad\DP2\Workspace-22.0\Projects\Acme-Toolkits\target\classes\WEB-INF\views\master\page.jsp 
2022-03-30 23:45:01.749 DEBUG [org.apache.jasper.servlet.JspServlet@http-nio-8080-exec-8] RequestURI: /acme-toolkits-0.1/WEB-INF/views/master/page.jsp 
2022-03-30 23:45:01.750 DEBUG [org.apache.jasper.servlet.JspServlet@http-nio-8080-exec-8] QueryString: id=31 
2022-03-30 23:45:01.827 DEBUG [org.apache.jasper.servlet.JspServlet@http-nio-8080-exec-8] JspEngine --> /WEB-INF/views/inventor/patronages/form.jsp 
2022-03-30 23:45:01.827 DEBUG [org.apache.jasper.servlet.JspServlet@http-nio-8080-exec-8] ServletPath: /WEB-INF/views/master/page.jsp 
2022-03-30 23:45:01.828 DEBUG [org.apache.jasper.servlet.JspServlet@http-nio-8080-exec-8] PathInfo: null 
2022-03-30 23:45:01.829 DEBUG [org.apache.jasper.servlet.JspServlet@http-nio-8080-exec-8] RealPath: C:\Users\alvar\Desktop\Universidad\DP2\Workspace-22.0\Projects\Acme-Toolkits\target\classes\WEB-INF\views\inventor\patronages\form.jsp 
2022-03-30 23:45:01.829 DEBUG [org.apache.jasper.servlet.JspServlet@http-nio-8080-exec-8] RequestURI: /acme-toolkits-0.1/WEB-INF/views/master/page.jsp 
2022-03-30 23:45:01.830 DEBUG [org.apache.jasper.servlet.JspServlet@http-nio-8080-exec-8] QueryString: id=31 
