2022-03-30 20:30:28.009 INFO  [acme.Launcher@main] Starting Launcher using Java 1.8.0_281 on DESKTOP-OMS50DK with PID 18176 (D:\Mario\Universidad\3º de Carrera 2021-2022\2 - Diseño y Pruebas II (DP2)\Workspace-22.0\Frameworks\Acme-Framework-22.2\target\classes started by Mario in D:\Mario\Universidad\3º de Carrera 2021-2022\2 - Diseño y Pruebas II (DP2)\Workspace-22.0\Projects\Acme-Toolkits) 
2022-03-30 20:30:28.010 DEBUG [acme.Launcher@main] Running with Spring Boot v2.4.2, Spring v5.3.3 
2022-03-30 20:30:28.011 INFO  [acme.Launcher@main] The following profiles are active: development,default 
2022-03-30 20:30:30.983 DEBUG [org.apache.jasper.servlet.JasperInitializer@main] Initializing Jasper for context [application] 
2022-03-30 20:30:36.114 DEBUG [org.apache.jasper.servlet.JspServlet@main] Scratch dir for the JSP engine is: [C:\Users\Mario\AppData\Local\Temp\tomcat.8080.2321586976147732196\work\Tomcat\localhost\acme-toolkits-0.1] 
2022-03-30 20:30:36.115 DEBUG [org.apache.jasper.servlet.JspServlet@main] IMPORTANT: Do not modify the generated servlets 
2022-03-30 20:30:36.126 INFO  [acme.Launcher@main] Started Launcher in 8.783 seconds (JVM running for 9.385) 
2022-03-30 20:30:36.132 DEBUG [acme.Launcher@main] Found classpath entry '/D:/Mario/Universidad/3%c2%ba%20de%20Carrera%202021-2022/2%20-%20Dise%c3%b1o%20y%20Pruebas%20II%20(DP2)/Workspace-22.0/Projects/Acme-Toolkits/target/test-classes/' 
2022-03-30 20:30:36.132 DEBUG [acme.Launcher@main] Found classpath entry '/D:/Mario/Universidad/3%c2%ba%20de%20Carrera%202021-2022/2%20-%20Dise%c3%b1o%20y%20Pruebas%20II%20(DP2)/Workspace-22.0/Projects/Acme-Toolkits/target/classes/' 
2022-03-30 20:30:36.132 DEBUG [acme.Launcher@main] Found classpath entry '/D:/Mario/Universidad/3%c2%ba%20de%20Carrera%202021-2022/2%20-%20Dise%c3%b1o%20y%20Pruebas%20II%20(DP2)/Workspace-22.0/Frameworks/Acme-Framework-22.2/target/classes/' 
2022-03-30 20:30:36.132 DEBUG [acme.Launcher@main] Found classpath entry '/D:/Mario/Universidad/3%c2%ba%20de%20Carrera%202021-2022/2%20-%20Dise%c3%b1o%20y%20Pruebas%20II%20(DP2)/Workspace-22.0/Frameworks/Acme-Framework-22.2/target/test-classes/' 
2022-03-30 20:30:36.133 DEBUG [acme.Launcher@main] Found classpath entry '/C:/Users/Mario/.m2/repository/org/springframework/boot/spring-boot-starter-tomcat/2.4.2/spring-boot-starter-tomcat-2.4.2.jar' 
2022-03-30 20:30:36.133 DEBUG [acme.Launcher@main] Found classpath entry '/C:/Users/Mario/.m2/repository/jakarta/annotation/jakarta.annotation-api/1.3.5/jakarta.annotation-api-1.3.5.jar' 
2022-03-30 20:30:36.133 DEBUG [acme.Launcher@main] Found classpath entry '/C:/Users/Mario/.m2/repository/org/apache/tomcat/embed/tomcat-embed-core/9.0.41/tomcat-embed-core-9.0.41.jar' 
2022-03-30 20:30:36.133 DEBUG [acme.Launcher@main] Found classpath entry '/C:/Users/Mario/.m2/repository/org/glassfish/jakarta.el/3.0.3/jakarta.el-3.0.3.jar' 
2022-03-30 20:30:36.134 DEBUG [acme.Launcher@main] Found classpath entry '/C:/Users/Mario/.m2/repository/org/apache/tomcat/embed/tomcat-embed-websocket/9.0.41/tomcat-embed-websocket-9.0.41.jar' 
2022-03-30 20:30:36.134 DEBUG [acme.Launcher@main] Found classpath entry '/C:/Users/Mario/.m2/repository/org/apache/tomcat/embed/tomcat-embed-jasper/9.0.41/tomcat-embed-jasper-9.0.41.jar' 
2022-03-30 20:30:36.134 DEBUG [acme.Launcher@main] Found classpath entry '/C:/Users/Mario/.m2/repository/org/apache/tomcat/embed/tomcat-embed-el/9.0.41/tomcat-embed-el-9.0.41.jar' 
2022-03-30 20:30:36.134 DEBUG [acme.Launcher@main] Found classpath entry '/C:/Users/Mario/.m2/repository/org/eclipse/jdt/ecj/3.18.0/ecj-3.18.0.jar' 
2022-03-30 20:30:36.135 DEBUG [acme.Launcher@main] Found classpath entry '/C:/Users/Mario/.m2/repository/javax/servlet/jstl/1.2/jstl-1.2.jar' 
2022-03-30 20:30:36.135 DEBUG [acme.Launcher@main] Found classpath entry '/C:/Users/Mario/.m2/repository/org/springframework/boot/spring-boot-starter-test/2.4.2/spring-boot-starter-test-2.4.2.jar' 
2022-03-30 20:30:36.135 DEBUG [acme.Launcher@main] Found classpath entry '/C:/Users/Mario/.m2/repository/org/springframework/boot/spring-boot-starter/2.4.2/spring-boot-starter-2.4.2.jar' 
2022-03-30 20:30:36.135 DEBUG [acme.Launcher@main] Found classpath entry '/C:/Users/Mario/.m2/repository/org/springframework/boot/spring-boot/2.4.2/spring-boot-2.4.2.jar' 
2022-03-30 20:30:36.136 DEBUG [acme.Launcher@main] Found classpath entry '/C:/Users/Mario/.m2/repository/org/springframework/boot/spring-boot-autoconfigure/2.4.2/spring-boot-autoconfigure-2.4.2.jar' 
2022-03-30 20:30:36.136 DEBUG [acme.Launcher@main] Found classpath entry '/C:/Users/Mario/.m2/repository/org/springframework/boot/spring-boot-starter-logging/2.4.2/spring-boot-starter-logging-2.4.2.jar' 
2022-03-30 20:30:36.136 DEBUG [acme.Launcher@main] Found classpath entry '/C:/Users/Mario/.m2/repository/ch/qos/logback/logback-classic/1.2.3/logback-classic-1.2.3.jar' 
2022-03-30 20:30:36.136 DEBUG [acme.Launcher@main] Found classpath entry '/C:/Users/Mario/.m2/repository/ch/qos/logback/logback-core/1.2.3/logback-core-1.2.3.jar' 
2022-03-30 20:30:36.136 DEBUG [acme.Launcher@main] Found classpath entry '/C:/Users/Mario/.m2/repository/org/apache/logging/log4j/log4j-to-slf4j/2.13.3/log4j-to-slf4j-2.13.3.jar' 
2022-03-30 20:30:36.137 DEBUG [acme.Launcher@main] Found classpath entry '/C:/Users/Mario/.m2/repository/org/apache/logging/log4j/log4j-api/2.13.3/log4j-api-2.13.3.jar' 
2022-03-30 20:30:36.137 DEBUG [acme.Launcher@main] Found classpath entry '/C:/Users/Mario/.m2/repository/org/slf4j/jul-to-slf4j/1.7.30/jul-to-slf4j-1.7.30.jar' 
2022-03-30 20:30:36.137 DEBUG [acme.Launcher@main] Found classpath entry '/C:/Users/Mario/.m2/repository/org/yaml/snakeyaml/1.27/snakeyaml-1.27.jar' 
2022-03-30 20:30:36.137 DEBUG [acme.Launcher@main] Found classpath entry '/C:/Users/Mario/.m2/repository/org/springframework/boot/spring-boot-test/2.4.2/spring-boot-test-2.4.2.jar' 
2022-03-30 20:30:36.137 DEBUG [acme.Launcher@main] Found classpath entry '/C:/Users/Mario/.m2/repository/org/springframework/boot/spring-boot-test-autoconfigure/2.4.2/spring-boot-test-autoconfigure-2.4.2.jar' 
2022-03-30 20:30:36.138 DEBUG [acme.Launcher@main] Found classpath entry '/C:/Users/Mario/.m2/repository/com/jayway/jsonpath/json-path/2.4.0/json-path-2.4.0.jar' 
2022-03-30 20:30:36.138 DEBUG [acme.Launcher@main] Found classpath entry '/C:/Users/Mario/.m2/repository/net/minidev/json-smart/2.3/json-smart-2.3.jar' 
2022-03-30 20:30:36.138 DEBUG [acme.Launcher@main] Found classpath entry '/C:/Users/Mario/.m2/repository/net/minidev/accessors-smart/1.2/accessors-smart-1.2.jar' 
2022-03-30 20:30:36.138 DEBUG [acme.Launcher@main] Found classpath entry '/C:/Users/Mario/.m2/repository/org/ow2/asm/asm/5.0.4/asm-5.0.4.jar' 
2022-03-30 20:30:36.138 DEBUG [acme.Launcher@main] Found classpath entry '/C:/Users/Mario/.m2/repository/jakarta/xml/bind/jakarta.xml.bind-api/2.3.3/jakarta.xml.bind-api-2.3.3.jar' 
2022-03-30 20:30:36.139 DEBUG [acme.Launcher@main] Found classpath entry '/C:/Users/Mario/.m2/repository/jakarta/activation/jakarta.activation-api/1.2.2/jakarta.activation-api-1.2.2.jar' 
2022-03-30 20:30:36.139 DEBUG [acme.Launcher@main] Found classpath entry '/C:/Users/Mario/.m2/repository/org/assertj/assertj-core/3.18.1/assertj-core-3.18.1.jar' 
2022-03-30 20:30:36.139 DEBUG [acme.Launcher@main] Found classpath entry '/C:/Users/Mario/.m2/repository/org/hamcrest/hamcrest/2.2/hamcrest-2.2.jar' 
2022-03-30 20:30:36.140 DEBUG [acme.Launcher@main] Found classpath entry '/C:/Users/Mario/.m2/repository/org/junit/jupiter/junit-jupiter/5.7.0/junit-jupiter-5.7.0.jar' 
2022-03-30 20:30:36.140 DEBUG [acme.Launcher@main] Found classpath entry '/C:/Users/Mario/.m2/repository/org/mockito/mockito-core/3.6.28/mockito-core-3.6.28.jar' 
2022-03-30 20:30:36.140 DEBUG [acme.Launcher@main] Found classpath entry '/C:/Users/Mario/.m2/repository/net/bytebuddy/byte-buddy-agent/1.10.19/byte-buddy-agent-1.10.19.jar' 
2022-03-30 20:30:36.140 DEBUG [acme.Launcher@main] Found classpath entry '/C:/Users/Mario/.m2/repository/org/objenesis/objenesis/3.1/objenesis-3.1.jar' 
2022-03-30 20:30:36.140 DEBUG [acme.Launcher@main] Found classpath entry '/C:/Users/Mario/.m2/repository/org/mockito/mockito-junit-jupiter/3.6.28/mockito-junit-jupiter-3.6.28.jar' 
2022-03-30 20:30:36.141 DEBUG [acme.Launcher@main] Found classpath entry '/C:/Users/Mario/.m2/repository/org/skyscreamer/jsonassert/1.5.0/jsonassert-1.5.0.jar' 
2022-03-30 20:30:36.141 DEBUG [acme.Launcher@main] Found classpath entry '/C:/Users/Mario/.m2/repository/com/vaadin/external/google/android-json/0.0.20131108.vaadin1/android-json-0.0.20131108.vaadin1.jar' 
2022-03-30 20:30:36.141 DEBUG [acme.Launcher@main] Found classpath entry '/C:/Users/Mario/.m2/repository/org/springframework/spring-core/5.3.3/spring-core-5.3.3.jar' 
2022-03-30 20:30:36.141 DEBUG [acme.Launcher@main] Found classpath entry '/C:/Users/Mario/.m2/repository/org/springframework/spring-jcl/5.3.3/spring-jcl-5.3.3.jar' 
2022-03-30 20:30:36.141 DEBUG [acme.Launcher@main] Found classpath entry '/C:/Users/Mario/.m2/repository/org/springframework/spring-test/5.3.3/spring-test-5.3.3.jar' 
2022-03-30 20:30:36.141 DEBUG [acme.Launcher@main] Found classpath entry '/C:/Users/Mario/.m2/repository/org/xmlunit/xmlunit-core/2.7.0/xmlunit-core-2.7.0.jar' 
2022-03-30 20:30:36.142 DEBUG [acme.Launcher@main] Found classpath entry '/C:/Users/Mario/.m2/repository/org/springframework/boot/spring-boot-starter-security/2.4.2/spring-boot-starter-security-2.4.2.jar' 
2022-03-30 20:30:36.142 DEBUG [acme.Launcher@main] Found classpath entry '/C:/Users/Mario/.m2/repository/org/springframework/spring-aop/5.3.3/spring-aop-5.3.3.jar' 
2022-03-30 20:30:36.142 DEBUG [acme.Launcher@main] Found classpath entry '/C:/Users/Mario/.m2/repository/org/springframework/security/spring-security-web/5.4.2/spring-security-web-5.4.2.jar' 
2022-03-30 20:30:36.142 DEBUG [acme.Launcher@main] Found classpath entry '/C:/Users/Mario/.m2/repository/org/springframework/security/spring-security-core/5.4.2/spring-security-core-5.4.2.jar' 
2022-03-30 20:30:36.142 DEBUG [acme.Launcher@main] Found classpath entry '/C:/Users/Mario/.m2/repository/org/springframework/spring-beans/5.3.3/spring-beans-5.3.3.jar' 
2022-03-30 20:30:36.142 DEBUG [acme.Launcher@main] Found classpath entry '/C:/Users/Mario/.m2/repository/org/springframework/spring-context/5.3.3/spring-context-5.3.3.jar' 
2022-03-30 20:30:36.143 DEBUG [acme.Launcher@main] Found classpath entry '/C:/Users/Mario/.m2/repository/org/springframework/spring-expression/5.3.3/spring-expression-5.3.3.jar' 
2022-03-30 20:30:36.143 DEBUG [acme.Launcher@main] Found classpath entry '/C:/Users/Mario/.m2/repository/org/springframework/spring-web/5.3.3/spring-web-5.3.3.jar' 
2022-03-30 20:30:36.143 DEBUG [acme.Launcher@main] Found classpath entry '/C:/Users/Mario/.m2/repository/org/springframework/security/spring-security-config/5.4.2/spring-security-config-5.4.2.jar' 
2022-03-30 20:30:36.143 DEBUG [acme.Launcher@main] Found classpath entry '/C:/Users/Mario/.m2/repository/org/springframework/security/spring-security-taglibs/5.4.2/spring-security-taglibs-5.4.2.jar' 
2022-03-30 20:30:36.143 DEBUG [acme.Launcher@main] Found classpath entry '/C:/Users/Mario/.m2/repository/org/springframework/security/spring-security-acl/5.4.2/spring-security-acl-5.4.2.jar' 
2022-03-30 20:30:36.144 DEBUG [acme.Launcher@main] Found classpath entry '/C:/Users/Mario/.m2/repository/org/springframework/spring-jdbc/5.3.3/spring-jdbc-5.3.3.jar' 
2022-03-30 20:30:36.144 DEBUG [acme.Launcher@main] Found classpath entry '/C:/Users/Mario/.m2/repository/org/springframework/spring-tx/5.3.3/spring-tx-5.3.3.jar' 
2022-03-30 20:30:36.144 DEBUG [acme.Launcher@main] Found classpath entry '/C:/Users/Mario/.m2/repository/org/springframework/boot/spring-boot-starter-web/2.4.2/spring-boot-starter-web-2.4.2.jar' 
2022-03-30 20:30:36.144 DEBUG [acme.Launcher@main] Found classpath entry '/C:/Users/Mario/.m2/repository/org/springframework/boot/spring-boot-starter-json/2.4.2/spring-boot-starter-json-2.4.2.jar' 
2022-03-30 20:30:36.144 DEBUG [acme.Launcher@main] Found classpath entry '/C:/Users/Mario/.m2/repository/com/fasterxml/jackson/core/jackson-databind/2.11.4/jackson-databind-2.11.4.jar' 
2022-03-30 20:30:36.145 DEBUG [acme.Launcher@main] Found classpath entry '/C:/Users/Mario/.m2/repository/com/fasterxml/jackson/core/jackson-annotations/2.11.4/jackson-annotations-2.11.4.jar' 
2022-03-30 20:30:36.145 DEBUG [acme.Launcher@main] Found classpath entry '/C:/Users/Mario/.m2/repository/com/fasterxml/jackson/core/jackson-core/2.11.4/jackson-core-2.11.4.jar' 
2022-03-30 20:30:36.146 DEBUG [acme.Launcher@main] Found classpath entry '/C:/Users/Mario/.m2/repository/com/fasterxml/jackson/datatype/jackson-datatype-jdk8/2.11.4/jackson-datatype-jdk8-2.11.4.jar' 
2022-03-30 20:30:36.146 DEBUG [acme.Launcher@main] Found classpath entry '/C:/Users/Mario/.m2/repository/com/fasterxml/jackson/datatype/jackson-datatype-jsr310/2.11.4/jackson-datatype-jsr310-2.11.4.jar' 
2022-03-30 20:30:36.146 DEBUG [acme.Launcher@main] Found classpath entry '/C:/Users/Mario/.m2/repository/com/fasterxml/jackson/module/jackson-module-parameter-names/2.11.4/jackson-module-parameter-names-2.11.4.jar' 
2022-03-30 20:30:36.146 DEBUG [acme.Launcher@main] Found classpath entry '/C:/Users/Mario/.m2/repository/org/springframework/spring-webmvc/5.3.3/spring-webmvc-5.3.3.jar' 
2022-03-30 20:30:36.146 DEBUG [acme.Launcher@main] Found classpath entry '/C:/Users/Mario/.m2/repository/org/apache/tiles/tiles-jsp/3.0.8/tiles-jsp-3.0.8.jar' 
2022-03-30 20:30:36.146 DEBUG [acme.Launcher@main] Found classpath entry '/C:/Users/Mario/.m2/repository/org/apache/tiles/tiles-servlet/3.0.8/tiles-servlet-3.0.8.jar' 
2022-03-30 20:30:36.146 DEBUG [acme.Launcher@main] Found classpath entry '/C:/Users/Mario/.m2/repository/org/apache/tiles/tiles-core/3.0.8/tiles-core-3.0.8.jar' 
2022-03-30 20:30:36.147 DEBUG [acme.Launcher@main] Found classpath entry '/C:/Users/Mario/.m2/repository/commons-digester/commons-digester/2.0/commons-digester-2.0.jar' 
2022-03-30 20:30:36.147 DEBUG [acme.Launcher@main] Found classpath entry '/C:/Users/Mario/.m2/repository/org/slf4j/jcl-over-slf4j/1.7.30/jcl-over-slf4j-1.7.30.jar' 
2022-03-30 20:30:36.147 DEBUG [acme.Launcher@main] Found classpath entry '/C:/Users/Mario/.m2/repository/org/apache/tiles/tiles-request-servlet/1.0.7/tiles-request-servlet-1.0.7.jar' 
2022-03-30 20:30:36.147 DEBUG [acme.Launcher@main] Found classpath entry '/C:/Users/Mario/.m2/repository/org/apache/tiles/tiles-template/3.0.8/tiles-template-3.0.8.jar' 
2022-03-30 20:30:36.147 DEBUG [acme.Launcher@main] Found classpath entry '/C:/Users/Mario/.m2/repository/org/apache/tiles/tiles-api/3.0.8/tiles-api-3.0.8.jar' 
2022-03-30 20:30:36.147 DEBUG [acme.Launcher@main] Found classpath entry '/C:/Users/Mario/.m2/repository/org/apache/tiles/tiles-autotag-core-runtime/1.2/tiles-autotag-core-runtime-1.2.jar' 
2022-03-30 20:30:36.148 DEBUG [acme.Launcher@main] Found classpath entry '/C:/Users/Mario/.m2/repository/org/slf4j/slf4j-api/1.7.30/slf4j-api-1.7.30.jar' 
2022-03-30 20:30:36.148 DEBUG [acme.Launcher@main] Found classpath entry '/C:/Users/Mario/.m2/repository/org/apache/tiles/tiles-request-jsp/1.0.7/tiles-request-jsp-1.0.7.jar' 
2022-03-30 20:30:36.148 DEBUG [acme.Launcher@main] Found classpath entry '/C:/Users/Mario/.m2/repository/org/apache/tiles/tiles-request-api/1.0.7/tiles-request-api-1.0.7.jar' 
2022-03-30 20:30:36.148 DEBUG [acme.Launcher@main] Found classpath entry '/C:/Users/Mario/.m2/repository/org/springframework/boot/spring-boot-starter-data-jpa/2.4.2/spring-boot-starter-data-jpa-2.4.2.jar' 
2022-03-30 20:30:36.148 DEBUG [acme.Launcher@main] Found classpath entry '/C:/Users/Mario/.m2/repository/org/springframework/boot/spring-boot-starter-aop/2.4.2/spring-boot-starter-aop-2.4.2.jar' 
2022-03-30 20:30:36.148 DEBUG [acme.Launcher@main] Found classpath entry '/C:/Users/Mario/.m2/repository/org/aspectj/aspectjweaver/1.9.6/aspectjweaver-1.9.6.jar' 
2022-03-30 20:30:36.148 DEBUG [acme.Launcher@main] Found classpath entry '/C:/Users/Mario/.m2/repository/org/springframework/boot/spring-boot-starter-jdbc/2.4.2/spring-boot-starter-jdbc-2.4.2.jar' 
2022-03-30 20:30:36.149 DEBUG [acme.Launcher@main] Found classpath entry '/C:/Users/Mario/.m2/repository/jakarta/transaction/jakarta.transaction-api/1.3.3/jakarta.transaction-api-1.3.3.jar' 
2022-03-30 20:30:36.149 DEBUG [acme.Launcher@main] Found classpath entry '/C:/Users/Mario/.m2/repository/jakarta/persistence/jakarta.persistence-api/2.2.3/jakarta.persistence-api-2.2.3.jar' 
2022-03-30 20:30:36.149 DEBUG [acme.Launcher@main] Found classpath entry '/C:/Users/Mario/.m2/repository/org/hibernate/hibernate-core/5.4.27.Final/hibernate-core-5.4.27.Final.jar' 
2022-03-30 20:30:36.149 DEBUG [acme.Launcher@main] Found classpath entry '/C:/Users/Mario/.m2/repository/org/jboss/logging/jboss-logging/3.4.1.Final/jboss-logging-3.4.1.Final.jar' 
2022-03-30 20:30:36.149 DEBUG [acme.Launcher@main] Found classpath entry '/C:/Users/Mario/.m2/repository/org/javassist/javassist/3.27.0-GA/javassist-3.27.0-GA.jar' 
2022-03-30 20:30:36.149 DEBUG [acme.Launcher@main] Found classpath entry '/C:/Users/Mario/.m2/repository/antlr/antlr/2.7.7/antlr-2.7.7.jar' 
2022-03-30 20:30:36.150 DEBUG [acme.Launcher@main] Found classpath entry '/C:/Users/Mario/.m2/repository/org/jboss/jandex/2.1.3.Final/jandex-2.1.3.Final.jar' 
2022-03-30 20:30:36.150 DEBUG [acme.Launcher@main] Found classpath entry '/C:/Users/Mario/.m2/repository/com/fasterxml/classmate/1.5.1/classmate-1.5.1.jar' 
2022-03-30 20:30:36.150 DEBUG [acme.Launcher@main] Found classpath entry '/C:/Users/Mario/.m2/repository/org/dom4j/dom4j/2.1.3/dom4j-2.1.3.jar' 
2022-03-30 20:30:36.150 DEBUG [acme.Launcher@main] Found classpath entry '/C:/Users/Mario/.m2/repository/org/hibernate/common/hibernate-commons-annotations/5.1.2.Final/hibernate-commons-annotations-5.1.2.Final.jar' 
2022-03-30 20:30:36.150 DEBUG [acme.Launcher@main] Found classpath entry '/C:/Users/Mario/.m2/repository/org/glassfish/jaxb/jaxb-runtime/2.3.3/jaxb-runtime-2.3.3.jar' 
2022-03-30 20:30:36.150 DEBUG [acme.Launcher@main] Found classpath entry '/C:/Users/Mario/.m2/repository/org/glassfish/jaxb/txw2/2.3.3/txw2-2.3.3.jar' 
2022-03-30 20:30:36.150 DEBUG [acme.Launcher@main] Found classpath entry '/C:/Users/Mario/.m2/repository/com/sun/istack/istack-commons-runtime/3.0.11/istack-commons-runtime-3.0.11.jar' 
2022-03-30 20:30:36.150 DEBUG [acme.Launcher@main] Found classpath entry '/C:/Users/Mario/.m2/repository/com/sun/activation/jakarta.activation/1.2.2/jakarta.activation-1.2.2.jar' 
2022-03-30 20:30:36.151 DEBUG [acme.Launcher@main] Found classpath entry '/C:/Users/Mario/.m2/repository/org/springframework/data/spring-data-jpa/2.4.3/spring-data-jpa-2.4.3.jar' 
2022-03-30 20:30:36.151 DEBUG [acme.Launcher@main] Found classpath entry '/C:/Users/Mario/.m2/repository/org/springframework/data/spring-data-commons/2.4.3/spring-data-commons-2.4.3.jar' 
2022-03-30 20:30:36.151 DEBUG [acme.Launcher@main] Found classpath entry '/C:/Users/Mario/.m2/repository/org/springframework/spring-orm/5.3.3/spring-orm-5.3.3.jar' 
2022-03-30 20:30:36.151 DEBUG [acme.Launcher@main] Found classpath entry '/C:/Users/Mario/.m2/repository/org/springframework/spring-aspects/5.3.3/spring-aspects-5.3.3.jar' 
2022-03-30 20:30:36.151 DEBUG [acme.Launcher@main] Found classpath entry '/C:/Users/Mario/.m2/repository/org/springframework/boot/spring-boot-starter-validation/2.4.2/spring-boot-starter-validation-2.4.2.jar' 
2022-03-30 20:30:36.151 DEBUG [acme.Launcher@main] Found classpath entry '/C:/Users/Mario/.m2/repository/org/hibernate/validator/hibernate-validator/6.1.7.Final/hibernate-validator-6.1.7.Final.jar' 
2022-03-30 20:30:36.151 DEBUG [acme.Launcher@main] Found classpath entry '/C:/Users/Mario/.m2/repository/jakarta/validation/jakarta.validation-api/2.0.2/jakarta.validation-api-2.0.2.jar' 
2022-03-30 20:30:36.151 DEBUG [acme.Launcher@main] Found classpath entry '/C:/Users/Mario/.m2/repository/mysql/mysql-connector-java/8.0.22/mysql-connector-java-8.0.22.jar' 
2022-03-30 20:30:36.151 DEBUG [acme.Launcher@main] Found classpath entry '/C:/Users/Mario/.m2/repository/com/zaxxer/HikariCP/3.4.5/HikariCP-3.4.5.jar' 
2022-03-30 20:30:36.152 DEBUG [acme.Launcher@main] Found classpath entry '/C:/Users/Mario/.m2/repository/org/junit/jupiter/junit-jupiter-engine/5.7.0/junit-jupiter-engine-5.7.0.jar' 
2022-03-30 20:30:36.152 DEBUG [acme.Launcher@main] Found classpath entry '/C:/Users/Mario/.m2/repository/org/apiguardian/apiguardian-api/1.1.0/apiguardian-api-1.1.0.jar' 
2022-03-30 20:30:36.152 DEBUG [acme.Launcher@main] Found classpath entry '/C:/Users/Mario/.m2/repository/org/junit/platform/junit-platform-engine/1.7.0/junit-platform-engine-1.7.0.jar' 
2022-03-30 20:30:36.152 DEBUG [acme.Launcher@main] Found classpath entry '/C:/Users/Mario/.m2/repository/org/junit/jupiter/junit-jupiter-api/5.7.0/junit-jupiter-api-5.7.0.jar' 
2022-03-30 20:30:36.152 DEBUG [acme.Launcher@main] Found classpath entry '/C:/Users/Mario/.m2/repository/org/opentest4j/opentest4j/1.2.0/opentest4j-1.2.0.jar' 
2022-03-30 20:30:36.152 DEBUG [acme.Launcher@main] Found classpath entry '/C:/Users/Mario/.m2/repository/org/junit/platform/junit-platform-commons/1.7.0/junit-platform-commons-1.7.0.jar' 
2022-03-30 20:30:36.152 DEBUG [acme.Launcher@main] Found classpath entry '/C:/Users/Mario/.m2/repository/org/junit/jupiter/junit-jupiter-params/5.7.0/junit-jupiter-params-5.7.0.jar' 
2022-03-30 20:30:36.152 DEBUG [acme.Launcher@main] Found classpath entry '/C:/Users/Mario/.m2/repository/org/junit/platform/junit-platform-launcher/1.7.0/junit-platform-launcher-1.7.0.jar' 
2022-03-30 20:30:36.153 DEBUG [acme.Launcher@main] Found classpath entry '/C:/Users/Mario/.m2/repository/org/seleniumhq/selenium/selenium-java/3.141.59/selenium-java-3.141.59.jar' 
2022-03-30 20:30:36.153 DEBUG [acme.Launcher@main] Found classpath entry '/C:/Users/Mario/.m2/repository/org/seleniumhq/selenium/selenium-api/3.141.59/selenium-api-3.141.59.jar' 
2022-03-30 20:30:36.153 DEBUG [acme.Launcher@main] Found classpath entry '/C:/Users/Mario/.m2/repository/org/seleniumhq/selenium/selenium-chrome-driver/3.141.59/selenium-chrome-driver-3.141.59.jar' 
2022-03-30 20:30:36.153 DEBUG [acme.Launcher@main] Found classpath entry '/C:/Users/Mario/.m2/repository/org/seleniumhq/selenium/selenium-edge-driver/3.141.59/selenium-edge-driver-3.141.59.jar' 
2022-03-30 20:30:36.153 DEBUG [acme.Launcher@main] Found classpath entry '/C:/Users/Mario/.m2/repository/org/seleniumhq/selenium/selenium-firefox-driver/3.141.59/selenium-firefox-driver-3.141.59.jar' 
2022-03-30 20:30:36.153 DEBUG [acme.Launcher@main] Found classpath entry '/C:/Users/Mario/.m2/repository/org/seleniumhq/selenium/selenium-ie-driver/3.141.59/selenium-ie-driver-3.141.59.jar' 
2022-03-30 20:30:36.153 DEBUG [acme.Launcher@main] Found classpath entry '/C:/Users/Mario/.m2/repository/org/seleniumhq/selenium/selenium-opera-driver/3.141.59/selenium-opera-driver-3.141.59.jar' 
2022-03-30 20:30:36.153 DEBUG [acme.Launcher@main] Found classpath entry '/C:/Users/Mario/.m2/repository/org/seleniumhq/selenium/selenium-remote-driver/3.141.59/selenium-remote-driver-3.141.59.jar' 
2022-03-30 20:30:36.154 DEBUG [acme.Launcher@main] Found classpath entry '/C:/Users/Mario/.m2/repository/org/seleniumhq/selenium/selenium-safari-driver/3.141.59/selenium-safari-driver-3.141.59.jar' 
2022-03-30 20:30:36.154 DEBUG [acme.Launcher@main] Found classpath entry '/C:/Users/Mario/.m2/repository/org/seleniumhq/selenium/selenium-support/3.141.59/selenium-support-3.141.59.jar' 
2022-03-30 20:30:36.154 DEBUG [acme.Launcher@main] Found classpath entry '/C:/Users/Mario/.m2/repository/net/bytebuddy/byte-buddy/1.10.19/byte-buddy-1.10.19.jar' 
2022-03-30 20:30:36.154 DEBUG [acme.Launcher@main] Found classpath entry '/C:/Users/Mario/.m2/repository/org/apache/commons/commons-exec/1.3/commons-exec-1.3.jar' 
2022-03-30 20:30:36.154 DEBUG [acme.Launcher@main] Found classpath entry '/C:/Users/Mario/.m2/repository/com/google/guava/guava/25.0-jre/guava-25.0-jre.jar' 
2022-03-30 20:30:36.154 DEBUG [acme.Launcher@main] Found classpath entry '/C:/Users/Mario/.m2/repository/com/google/code/findbugs/jsr305/1.3.9/jsr305-1.3.9.jar' 
2022-03-30 20:30:36.154 DEBUG [acme.Launcher@main] Found classpath entry '/C:/Users/Mario/.m2/repository/org/checkerframework/checker-compat-qual/2.0.0/checker-compat-qual-2.0.0.jar' 
2022-03-30 20:30:36.155 DEBUG [acme.Launcher@main] Found classpath entry '/C:/Users/Mario/.m2/repository/com/google/errorprone/error_prone_annotations/2.1.3/error_prone_annotations-2.1.3.jar' 
2022-03-30 20:30:36.155 DEBUG [acme.Launcher@main] Found classpath entry '/C:/Users/Mario/.m2/repository/com/google/j2objc/j2objc-annotations/1.1/j2objc-annotations-1.1.jar' 
2022-03-30 20:30:36.155 DEBUG [acme.Launcher@main] Found classpath entry '/C:/Users/Mario/.m2/repository/org/codehaus/mojo/animal-sniffer-annotations/1.14/animal-sniffer-annotations-1.14.jar' 
2022-03-30 20:30:36.155 DEBUG [acme.Launcher@main] Found classpath entry '/C:/Users/Mario/.m2/repository/com/squareup/okhttp3/okhttp/3.14.9/okhttp-3.14.9.jar' 
2022-03-30 20:30:36.155 DEBUG [acme.Launcher@main] Found classpath entry '/C:/Users/Mario/.m2/repository/com/squareup/okio/okio/1.14.0/okio-1.14.0.jar' 
2022-03-30 20:30:36.155 DEBUG [acme.Launcher@main] Found classpath entry '/C:/Users/Mario/.m2/repository/org/apache/commons/commons-lang3/3.11/commons-lang3-3.11.jar' 
2022-03-30 20:30:36.155 DEBUG [acme.Launcher@main] Found classpath entry '/C:/Users/Mario/.m2/repository/org/apache/commons/commons-text/1.8/commons-text-1.8.jar' 
2022-03-30 20:30:36.155 DEBUG [acme.Launcher@main] Found classpath entry '/C:/Users/Mario/.m2/repository/commons-io/commons-io/2.6/commons-io-2.6.jar' 
2022-03-30 20:30:36.155 DEBUG [acme.Launcher@main] Found classpath entry '/C:/Users/Mario/.m2/repository/commons-cli/commons-cli/1.4/commons-cli-1.4.jar' 
2022-03-30 20:30:36.156 DEBUG [acme.Launcher@main] Found classpath entry '/C:/Users/Mario/.m2/repository/org/projectlombok/lombok/1.18.16/lombok-1.18.16.jar' 
2022-03-30 20:30:36.156 DEBUG [acme.Launcher@main] Found classpath entry '/C:/Users/Mario/.m2/repository/com/opencsv/opencsv/5.4/opencsv-5.4.jar' 
2022-03-30 20:30:36.156 DEBUG [acme.Launcher@main] Found classpath entry '/C:/Users/Mario/.m2/repository/commons-beanutils/commons-beanutils/1.9.4/commons-beanutils-1.9.4.jar' 
2022-03-30 20:30:36.156 DEBUG [acme.Launcher@main] Found classpath entry '/C:/Users/Mario/.m2/repository/commons-logging/commons-logging/1.2/commons-logging-1.2.jar' 
2022-03-30 20:30:36.156 DEBUG [acme.Launcher@main] Found classpath entry '/C:/Users/Mario/.m2/repository/commons-collections/commons-collections/3.2.2/commons-collections-3.2.2.jar' 
2022-03-30 20:30:36.156 DEBUG [acme.Launcher@main] Found classpath entry '/C:/Users/Mario/.m2/repository/org/apache/commons/commons-collections4/4.4/commons-collections4-4.4.jar' 
2022-03-30 20:30:36.241 DEBUG [acme.Launcher@main] Found entity class 'acme.entities.announcement.Announcement 
2022-03-30 20:30:36.242 DEBUG [acme.Launcher@main] Found entity class 'acme.entities.artefact.Artefact 
2022-03-30 20:30:36.242 DEBUG [acme.Launcher@main] Found entity class 'acme.entities.artefact.Quantity 
2022-03-30 20:30:36.242 DEBUG [acme.Launcher@main] Found entity class 'acme.entities.chirp.Chirp 
2022-03-30 20:30:36.242 DEBUG [acme.Launcher@main] Found entity class 'acme.entities.patonages.Patronages 
2022-03-30 20:30:36.242 DEBUG [acme.Launcher@main] Found entity class 'acme.entities.patronageReport.PatronageReport 
2022-03-30 20:30:36.242 DEBUG [acme.Launcher@main] Found entity class 'acme.entities.systemConfiguration.SystemConfiguration 
2022-03-30 20:30:36.242 DEBUG [acme.Launcher@main] Found entity class 'acme.entities.toolkit.Toolkit 
2022-03-30 20:30:36.242 DEBUG [acme.Launcher@main] Found entity class 'acme.roles.Consumer 
2022-03-30 20:30:36.242 DEBUG [acme.Launcher@main] Found entity class 'acme.roles.Inventor 
2022-03-30 20:30:36.242 DEBUG [acme.Launcher@main] Found entity class 'acme.roles.Patron 
2022-03-30 20:30:36.242 DEBUG [acme.Launcher@main] Found entity class 'acme.roles.Provider 
2022-03-30 20:30:36.243 DEBUG [acme.Launcher@main] Found entity class 'acme.framework.entities.UserAccount 
2022-03-30 20:30:36.243 DEBUG [acme.Launcher@main] Found entity class 'acme.framework.roles.Administrator 
2022-03-30 20:30:36.243 DEBUG [acme.Launcher@main] Found entity class 'acme.framework.roles.Anonymous 
2022-03-30 20:30:36.243 DEBUG [acme.Launcher@main] Found entity class 'acme.framework.roles.Authenticated 
2022-03-30 20:30:36.248 INFO  [acme.Launcher@main] Running application (Standalone) 
2022-03-30 20:30:44.422 DEBUG [acme.framework.components.tiles.DynamicTilesView@http-nio-8080-exec-3] View name 'fragments/welcome', model {} 
2022-03-30 20:30:44.438 DEBUG [org.apache.tiles.definition.dao.BaseLocaleUrlDefinitionDAO@http-nio-8080-exec-3] File Resource file:/D:/Mario/Universidad/3º%20de%20Carrera%202021-2022/2%20-%20Diseño%20y%20Pruebas%20II%20(DP2)/Workspace-22.0/Projects/Acme-Toolkits/target/classes/WEB-INF/views/master/tiles_en.xml at file:/D:/Mario/Universidad/3º%20de%20Carrera%202021-2022/2%20-%20Diseño%20y%20Pruebas%20II%20(DP2)/Workspace-22.0/Projects/Acme-Toolkits/target/classes/WEB-INF/views/master/tiles_en.xml not found, continue 
2022-03-30 20:30:44.446 DEBUG [org.apache.jasper.servlet.JspServlet@http-nio-8080-exec-3] JspEngine --> /WEB-INF/views/master/page.jsp 
2022-03-30 20:30:44.446 DEBUG [org.apache.jasper.servlet.JspServlet@http-nio-8080-exec-3] ServletPath: /WEB-INF/views/master/page.jsp 
2022-03-30 20:30:44.446 DEBUG [org.apache.jasper.servlet.JspServlet@http-nio-8080-exec-3] PathInfo: null 
2022-03-30 20:30:44.447 DEBUG [org.apache.jasper.servlet.JspServlet@http-nio-8080-exec-3] RealPath: D:\Mario\Universidad\3º de Carrera 2021-2022\2 - Diseño y Pruebas II (DP2)\Workspace-22.0\Projects\Acme-Toolkits\target\classes\WEB-INF\views\master\page.jsp 
2022-03-30 20:30:44.448 DEBUG [org.apache.jasper.servlet.JspServlet@http-nio-8080-exec-3] RequestURI: /acme-toolkits-0.1/WEB-INF/views/master/page.jsp 
2022-03-30 20:30:44.448 DEBUG [org.apache.jasper.servlet.JspServlet@http-nio-8080-exec-3] QueryString: null 
2022-03-30 20:30:49.927 DEBUG [acme.framework.configuration.ExtendedMessageSource@http-nio-8080-exec-3] Loading properties [D:\Mario\Universidad\3º de Carrera 2021-2022\2 - Diseño y Pruebas II (DP2)\Workspace-22.0\Projects\Acme-Toolkits\target\classes\WEB-INF\views\administrator\artefact\messages-en.i18n] with encoding 'utf-8' 
2022-03-30 20:30:49.929 DEBUG [acme.framework.configuration.ExtendedMessageSource@http-nio-8080-exec-3] Loading properties [D:\Mario\Universidad\3º de Carrera 2021-2022\2 - Diseño y Pruebas II (DP2)\Workspace-22.0\Projects\Acme-Toolkits\target\classes\WEB-INF\views\administrator\user-account\messages-en.i18n] with encoding 'utf-8' 
2022-03-30 20:30:49.929 DEBUG [acme.framework.configuration.ExtendedMessageSource@http-nio-8080-exec-3] Loading properties [D:\Mario\Universidad\3º de Carrera 2021-2022\2 - Diseño y Pruebas II (DP2)\Workspace-22.0\Projects\Acme-Toolkits\target\classes\WEB-INF\views\anonymous\artefact\messages-en.i18n] with encoding 'utf-8' 
2022-03-30 20:30:49.930 DEBUG [acme.framework.configuration.ExtendedMessageSource@http-nio-8080-exec-3] Loading properties [D:\Mario\Universidad\3º de Carrera 2021-2022\2 - Diseño y Pruebas II (DP2)\Workspace-22.0\Projects\Acme-Toolkits\target\classes\WEB-INF\views\anonymous\user-account\messages-en.i18n] with encoding 'utf-8' 
2022-03-30 20:30:49.930 DEBUG [acme.framework.configuration.ExtendedMessageSource@http-nio-8080-exec-3] Loading properties [D:\Mario\Universidad\3º de Carrera 2021-2022\2 - Diseño y Pruebas II (DP2)\Workspace-22.0\Projects\Acme-Toolkits\target\classes\WEB-INF\views\authenticated\artefact\messages-en.i18n] with encoding 'utf-8' 
2022-03-30 20:30:49.930 DEBUG [acme.framework.configuration.ExtendedMessageSource@http-nio-8080-exec-3] Loading properties [D:\Mario\Universidad\3º de Carrera 2021-2022\2 - Diseño y Pruebas II (DP2)\Workspace-22.0\Projects\Acme-Toolkits\target\classes\WEB-INF\views\authenticated\consumer\messsages-en.i18n] with encoding 'utf-8' 
2022-03-30 20:30:49.931 DEBUG [acme.framework.configuration.ExtendedMessageSource@http-nio-8080-exec-3] Loading properties [D:\Mario\Universidad\3º de Carrera 2021-2022\2 - Diseño y Pruebas II (DP2)\Workspace-22.0\Projects\Acme-Toolkits\target\classes\WEB-INF\views\authenticated\provider\messsages-en.i18n] with encoding 'utf-8' 
2022-03-30 20:30:49.938 DEBUG [acme.framework.configuration.ExtendedMessageSource@http-nio-8080-exec-3] Loading properties [D:\Mario\Universidad\3º de Carrera 2021-2022\2 - Diseño y Pruebas II (DP2)\Workspace-22.0\Projects\Acme-Toolkits\target\classes\WEB-INF\views\authenticated\user-account\messages-en.i18n] with encoding 'utf-8' 
2022-03-30 20:30:49.939 DEBUG [acme.framework.configuration.ExtendedMessageSource@http-nio-8080-exec-3] Loading properties [D:\Mario\Universidad\3º de Carrera 2021-2022\2 - Diseño y Pruebas II (DP2)\Workspace-22.0\Projects\Acme-Toolkits\target\classes\WEB-INF\views\fragments\banner-en.i18n] with encoding 'utf-8' 
2022-03-30 20:30:49.940 DEBUG [acme.framework.configuration.ExtendedMessageSource@http-nio-8080-exec-3] Loading properties [D:\Mario\Universidad\3º de Carrera 2021-2022\2 - Diseño y Pruebas II (DP2)\Workspace-22.0\Projects\Acme-Toolkits\target\classes\WEB-INF\views\fragments\company-en.i18n] with encoding 'utf-8' 
2022-03-30 20:30:49.941 DEBUG [acme.framework.configuration.ExtendedMessageSource@http-nio-8080-exec-3] Loading properties [D:\Mario\Universidad\3º de Carrera 2021-2022\2 - Diseño y Pruebas II (DP2)\Workspace-22.0\Projects\Acme-Toolkits\target\classes\WEB-INF\views\fragments\footer-en.i18n] with encoding 'utf-8' 
2022-03-30 20:30:49.942 DEBUG [acme.framework.configuration.ExtendedMessageSource@http-nio-8080-exec-3] Loading properties [D:\Mario\Universidad\3º de Carrera 2021-2022\2 - Diseño y Pruebas II (DP2)\Workspace-22.0\Projects\Acme-Toolkits\target\classes\WEB-INF\views\fragments\license-en.i18n] with encoding 'utf-8' 
2022-03-30 20:30:49.943 DEBUG [acme.framework.configuration.ExtendedMessageSource@http-nio-8080-exec-3] Loading properties [D:\Mario\Universidad\3º de Carrera 2021-2022\2 - Diseño y Pruebas II (DP2)\Workspace-22.0\Projects\Acme-Toolkits\target\classes\WEB-INF\views\fragments\menu-en.i18n] with encoding 'utf-8' 
2022-03-30 20:30:49.944 DEBUG [acme.framework.configuration.ExtendedMessageSource@http-nio-8080-exec-3] Loading properties [D:\Mario\Universidad\3º de Carrera 2021-2022\2 - Diseño y Pruebas II (DP2)\Workspace-22.0\Projects\Acme-Toolkits\target\classes\WEB-INF\views\fragments\messages-en.i18n] with encoding 'utf-8' 
2022-03-30 20:30:49.944 DEBUG [acme.framework.configuration.ExtendedMessageSource@http-nio-8080-exec-3] Loading properties [D:\Mario\Universidad\3º de Carrera 2021-2022\2 - Diseño y Pruebas II (DP2)\Workspace-22.0\Projects\Acme-Toolkits\target\classes\WEB-INF\views\fragments\messsages-en.i18n] with encoding 'utf-8' 
2022-03-30 20:30:49.945 DEBUG [acme.framework.configuration.ExtendedMessageSource@http-nio-8080-exec-3] Loading properties [D:\Mario\Universidad\3º de Carrera 2021-2022\2 - Diseño y Pruebas II (DP2)\Workspace-22.0\Projects\Acme-Toolkits\target\classes\WEB-INF\views\fragments\title-en.i18n] with encoding 'utf-8' 
2022-03-30 20:30:49.946 DEBUG [acme.framework.configuration.ExtendedMessageSource@http-nio-8080-exec-3] Loading properties [D:\Mario\Universidad\3º de Carrera 2021-2022\2 - Diseño y Pruebas II (DP2)\Workspace-22.0\Projects\Acme-Toolkits\target\classes\WEB-INF\views\fragments\welcome-en.i18n] with encoding 'utf-8' 
2022-03-30 20:30:49.947 DEBUG [acme.framework.configuration.ExtendedMessageSource@http-nio-8080-exec-3] Loading properties [D:\Mario\Universidad\3º de Carrera 2021-2022\2 - Diseño y Pruebas II (DP2)\Workspace-22.0\Projects\Acme-Toolkits\target\classes\WEB-INF\views\inventor\artefact\messages-en.i18n] with encoding 'utf-8' 
2022-03-30 20:30:49.948 DEBUG [acme.framework.configuration.ExtendedMessageSource@http-nio-8080-exec-3] Loading properties [D:\Mario\Universidad\3º de Carrera 2021-2022\2 - Diseño y Pruebas II (DP2)\Workspace-22.0\Projects\Acme-Toolkits\target\classes\WEB-INF\views\inventor\toolkit\messages-en.i18n] with encoding 'utf-8' 
2022-03-30 20:30:49.951 DEBUG [acme.framework.configuration.ExtendedMessageSource@http-nio-8080-exec-3] Loading properties [D:\Mario\Universidad\3º de Carrera 2021-2022\2 - Diseño y Pruebas II (DP2)\Workspace-22.0\Projects\Acme-Toolkits\target\classes\WEB-INF\views\master\defaults-en.i18n] with encoding 'utf-8' 
2022-03-30 20:30:49.953 DEBUG [acme.framework.configuration.ExtendedMessageSource@http-nio-8080-exec-3] Loading properties [D:\Mario\Universidad\3º de Carrera 2021-2022\2 - Diseño y Pruebas II (DP2)\Workspace-22.0\Projects\Acme-Toolkits\target\classes\WEB-INF\views\master\master-en.i18n] with encoding 'utf-8' 
2022-03-30 20:30:49.955 DEBUG [acme.framework.configuration.ExtendedMessageSource@http-nio-8080-exec-3] Loading properties [D:\Mario\Universidad\3º de Carrera 2021-2022\2 - Diseño y Pruebas II (DP2)\Workspace-22.0\Projects\Acme-Toolkits\target\classes\WEB-INF\views\master\throwables-en.i18n] with encoding 'utf-8' 
2022-03-30 20:30:49.956 DEBUG [acme.framework.configuration.ExtendedMessageSource@http-nio-8080-exec-3] Loading properties [D:\Mario\Universidad\3º de Carrera 2021-2022\2 - Diseño y Pruebas II (DP2)\Workspace-22.0\Projects\Acme-Toolkits\target\classes\WEB-INF\views\master\validation-en.i18n] with encoding 'utf-8' 
2022-03-30 20:30:49.957 DEBUG [acme.framework.configuration.ExtendedMessageSource@http-nio-8080-exec-3] Loading properties [D:\Mario\Universidad\3º de Carrera 2021-2022\2 - Diseño y Pruebas II (DP2)\Workspace-22.0\Projects\Acme-Toolkits\target\classes\WEB-INF\views\patron\artefact\messages-en.i18n] with encoding 'utf-8' 
2022-03-30 20:30:50.325 DEBUG [org.apache.jasper.servlet.JspServlet@http-nio-8080-exec-3] JspEngine --> /WEB-INF/views/fragments/welcome.jsp 
2022-03-30 20:30:50.326 DEBUG [org.apache.jasper.servlet.JspServlet@http-nio-8080-exec-3] ServletPath: /WEB-INF/views/master/page.jsp 
2022-03-30 20:30:50.326 DEBUG [org.apache.jasper.servlet.JspServlet@http-nio-8080-exec-3] PathInfo: null 
2022-03-30 20:30:50.328 DEBUG [org.apache.jasper.servlet.JspServlet@http-nio-8080-exec-3] RealPath: D:\Mario\Universidad\3º de Carrera 2021-2022\2 - Diseño y Pruebas II (DP2)\Workspace-22.0\Projects\Acme-Toolkits\target\classes\WEB-INF\views\fragments\welcome.jsp 
2022-03-30 20:30:50.329 DEBUG [org.apache.jasper.servlet.JspServlet@http-nio-8080-exec-3] RequestURI: /acme-toolkits-0.1/WEB-INF/views/master/page.jsp 
2022-03-30 20:30:50.330 DEBUG [org.apache.jasper.servlet.JspServlet@http-nio-8080-exec-3] QueryString: null 
2022-03-30 20:30:50.924 DEBUG [org.hibernate.SQL@http-nio-8080-exec-3] select useraccoun0_.id as id1_0_, useraccoun0_.version as version2_0_, useraccoun0_.enabled as enabled1_16_, useraccoun0_.identity as identity2_16_, useraccoun0_.password as password3_16_, useraccoun0_.username as username4_16_ from user_account useraccoun0_ where useraccoun0_.username=? 
2022-03-30 20:30:50.952 TRACE [org.hibernate.type.descriptor.sql.BasicBinder@http-nio-8080-exec-3] binding parameter [1] as [VARCHAR] - [anonymous] 
2022-03-30 20:30:51.009 DEBUG [org.hibernate.SQL@http-nio-8080-exec-3] select roles0_.user_account_id as user_acc1_17_0_, roles0_.id as id1_17_0_, roles0_.id as id1_0_1_, roles0_.version as version2_0_1_, roles0_.user_account_id as user_acc1_17_1_, roles0_.company as company1_7_1_, roles0_.sector as sector2_7_1_, roles0_.company as company1_8_1_, roles0_.link as link2_8_1_, roles0_.statement as statemen3_8_1_, roles0_.company as company1_9_1_, roles0_.link as link2_9_1_, roles0_.statement as statemen3_9_1_, roles0_.company as company1_12_1_, roles0_.sector as sector2_12_1_, roles0_.clazz_ as clazz_1_ from ( select id, version, user_account_id, company, sector, null as link, null as statement, 10 as clazz_ from consumer union all select id, version, user_account_id, company, null as sector, link, statement, 11 as clazz_ from inventor union all select id, version, user_account_id, company, null as sector, link, statement, 12 as clazz_ from patron union all select id, version, user_account_id, company, sector, null as link, null as statement, 13 as clazz_ from provider union all select id, version, user_account_id, null as company, null as sector, null as link, null as statement, 15 as clazz_ from administrator union all select id, version, user_account_id, null as company, null as sector, null as link, null as statement, 16 as clazz_ from anonymous union all select id, version, user_account_id, null as company, null as sector, null as link, null as statement, 17 as clazz_ from authenticated ) roles0_ where roles0_.user_account_id=? 
2022-03-30 20:30:51.010 TRACE [org.hibernate.type.descriptor.sql.BasicBinder@http-nio-8080-exec-3] binding parameter [1] as [INTEGER] - [1] 
2022-03-30 20:31:05.736 DEBUG [acme.framework.components.tiles.DynamicTilesView@http-nio-8080-exec-10] View name 'master/sign-in', model {username=, password=, remember=false} 
2022-03-30 20:31:05.738 DEBUG [org.apache.jasper.servlet.JspServlet@http-nio-8080-exec-10] JspEngine --> /WEB-INF/views/master/page.jsp 
2022-03-30 20:31:05.738 DEBUG [org.apache.jasper.servlet.JspServlet@http-nio-8080-exec-10] ServletPath: /WEB-INF/views/master/page.jsp 
2022-03-30 20:31:05.738 DEBUG [org.apache.jasper.servlet.JspServlet@http-nio-8080-exec-10] PathInfo: null 
2022-03-30 20:31:05.739 DEBUG [org.apache.jasper.servlet.JspServlet@http-nio-8080-exec-10] RealPath: D:\Mario\Universidad\3º de Carrera 2021-2022\2 - Diseño y Pruebas II (DP2)\Workspace-22.0\Projects\Acme-Toolkits\target\classes\WEB-INF\views\master\page.jsp 
2022-03-30 20:31:05.739 DEBUG [org.apache.jasper.servlet.JspServlet@http-nio-8080-exec-10] RequestURI: /acme-toolkits-0.1/WEB-INF/views/master/page.jsp 
2022-03-30 20:31:05.740 DEBUG [org.apache.jasper.servlet.JspServlet@http-nio-8080-exec-10] QueryString: null 
2022-03-30 20:31:05.831 DEBUG [org.apache.jasper.servlet.JspServlet@http-nio-8080-exec-10] JspEngine --> /WEB-INF/views/master/sign-in.jsp 
2022-03-30 20:31:05.832 DEBUG [org.apache.jasper.servlet.JspServlet@http-nio-8080-exec-10] ServletPath: /WEB-INF/views/master/page.jsp 
2022-03-30 20:31:05.832 DEBUG [org.apache.jasper.servlet.JspServlet@http-nio-8080-exec-10] PathInfo: null 
2022-03-30 20:31:05.834 DEBUG [org.apache.jasper.servlet.JspServlet@http-nio-8080-exec-10] RealPath: D:\Mario\Universidad\3º de Carrera 2021-2022\2 - Diseño y Pruebas II (DP2)\Workspace-22.0\Projects\Acme-Toolkits\target\classes\WEB-INF\views\master\sign-in.jsp 
2022-03-30 20:31:05.835 DEBUG [org.apache.jasper.servlet.JspServlet@http-nio-8080-exec-10] RequestURI: /acme-toolkits-0.1/WEB-INF/views/master/page.jsp 
2022-03-30 20:31:05.835 DEBUG [org.apache.jasper.servlet.JspServlet@http-nio-8080-exec-10] QueryString: null 
2022-03-30 20:31:07.506 DEBUG [org.hibernate.SQL@http-nio-8080-exec-10] select useraccoun0_.id as id1_0_, useraccoun0_.version as version2_0_, useraccoun0_.enabled as enabled1_16_, useraccoun0_.identity as identity2_16_, useraccoun0_.password as password3_16_, useraccoun0_.username as username4_16_ from user_account useraccoun0_ where useraccoun0_.username=? 
2022-03-30 20:31:07.507 TRACE [org.hibernate.type.descriptor.sql.BasicBinder@http-nio-8080-exec-10] binding parameter [1] as [VARCHAR] - [anonymous] 
2022-03-30 20:31:07.509 DEBUG [org.hibernate.SQL@http-nio-8080-exec-10] select roles0_.user_account_id as user_acc1_17_0_, roles0_.id as id1_17_0_, roles0_.id as id1_0_1_, roles0_.version as version2_0_1_, roles0_.user_account_id as user_acc1_17_1_, roles0_.company as company1_7_1_, roles0_.sector as sector2_7_1_, roles0_.company as company1_8_1_, roles0_.link as link2_8_1_, roles0_.statement as statemen3_8_1_, roles0_.company as company1_9_1_, roles0_.link as link2_9_1_, roles0_.statement as statemen3_9_1_, roles0_.company as company1_12_1_, roles0_.sector as sector2_12_1_, roles0_.clazz_ as clazz_1_ from ( select id, version, user_account_id, company, sector, null as link, null as statement, 10 as clazz_ from consumer union all select id, version, user_account_id, company, null as sector, link, statement, 11 as clazz_ from inventor union all select id, version, user_account_id, company, null as sector, link, statement, 12 as clazz_ from patron union all select id, version, user_account_id, company, sector, null as link, null as statement, 13 as clazz_ from provider union all select id, version, user_account_id, null as company, null as sector, null as link, null as statement, 15 as clazz_ from administrator union all select id, version, user_account_id, null as company, null as sector, null as link, null as statement, 16 as clazz_ from anonymous union all select id, version, user_account_id, null as company, null as sector, null as link, null as statement, 17 as clazz_ from authenticated ) roles0_ where roles0_.user_account_id=? 
2022-03-30 20:31:07.510 TRACE [org.hibernate.type.descriptor.sql.BasicBinder@http-nio-8080-exec-10] binding parameter [1] as [INTEGER] - [1] 
2022-03-30 20:31:15.331 DEBUG [org.hibernate.SQL@http-nio-8080-exec-6] select useraccoun0_.id as id1_0_, useraccoun0_.version as version2_0_, useraccoun0_.enabled as enabled1_16_, useraccoun0_.identity as identity2_16_, useraccoun0_.password as password3_16_, useraccoun0_.username as username4_16_ from user_account useraccoun0_ where useraccoun0_.username=? 
2022-03-30 20:31:15.332 TRACE [org.hibernate.type.descriptor.sql.BasicBinder@http-nio-8080-exec-6] binding parameter [1] as [VARCHAR] - [inventor1] 
2022-03-30 20:31:15.336 DEBUG [org.hibernate.SQL@http-nio-8080-exec-6] select roles0_.user_account_id as user_acc1_17_0_, roles0_.id as id1_17_0_, roles0_.id as id1_0_1_, roles0_.version as version2_0_1_, roles0_.user_account_id as user_acc1_17_1_, roles0_.company as company1_7_1_, roles0_.sector as sector2_7_1_, roles0_.company as company1_8_1_, roles0_.link as link2_8_1_, roles0_.statement as statemen3_8_1_, roles0_.company as company1_9_1_, roles0_.link as link2_9_1_, roles0_.statement as statemen3_9_1_, roles0_.company as company1_12_1_, roles0_.sector as sector2_12_1_, roles0_.clazz_ as clazz_1_ from ( select id, version, user_account_id, company, sector, null as link, null as statement, 10 as clazz_ from consumer union all select id, version, user_account_id, company, null as sector, link, statement, 11 as clazz_ from inventor union all select id, version, user_account_id, company, null as sector, link, statement, 12 as clazz_ from patron union all select id, version, user_account_id, company, sector, null as link, null as statement, 13 as clazz_ from provider union all select id, version, user_account_id, null as company, null as sector, null as link, null as statement, 15 as clazz_ from administrator union all select id, version, user_account_id, null as company, null as sector, null as link, null as statement, 16 as clazz_ from anonymous union all select id, version, user_account_id, null as company, null as sector, null as link, null as statement, 17 as clazz_ from authenticated ) roles0_ where roles0_.user_account_id=? 
2022-03-30 20:31:15.337 TRACE [org.hibernate.type.descriptor.sql.BasicBinder@http-nio-8080-exec-6] binding parameter [1] as [INTEGER] - [8] 
2022-03-30 20:31:15.356 DEBUG [acme.framework.configuration.ExtendedMessageSource@http-nio-8080-exec-6] Loading properties [D:\Mario\Universidad\3º de Carrera 2021-2022\2 - Diseño y Pruebas II (DP2)\Workspace-22.0\Projects\Acme-Toolkits\target\classes\WEB-INF\views\administrator\artefact\messages-en.i18n] with encoding 'utf-8' 
2022-03-30 20:31:15.356 DEBUG [acme.framework.configuration.ExtendedMessageSource@http-nio-8080-exec-6] Loading properties [D:\Mario\Universidad\3º de Carrera 2021-2022\2 - Diseño y Pruebas II (DP2)\Workspace-22.0\Projects\Acme-Toolkits\target\classes\WEB-INF\views\administrator\user-account\messages-en.i18n] with encoding 'utf-8' 
2022-03-30 20:31:15.357 DEBUG [acme.framework.configuration.ExtendedMessageSource@http-nio-8080-exec-6] Loading properties [D:\Mario\Universidad\3º de Carrera 2021-2022\2 - Diseño y Pruebas II (DP2)\Workspace-22.0\Projects\Acme-Toolkits\target\classes\WEB-INF\views\anonymous\artefact\messages-en.i18n] with encoding 'utf-8' 
2022-03-30 20:31:15.358 DEBUG [acme.framework.configuration.ExtendedMessageSource@http-nio-8080-exec-6] Loading properties [D:\Mario\Universidad\3º de Carrera 2021-2022\2 - Diseño y Pruebas II (DP2)\Workspace-22.0\Projects\Acme-Toolkits\target\classes\WEB-INF\views\anonymous\user-account\messages-en.i18n] with encoding 'utf-8' 
2022-03-30 20:31:15.358 DEBUG [acme.framework.configuration.ExtendedMessageSource@http-nio-8080-exec-6] Loading properties [D:\Mario\Universidad\3º de Carrera 2021-2022\2 - Diseño y Pruebas II (DP2)\Workspace-22.0\Projects\Acme-Toolkits\target\classes\WEB-INF\views\authenticated\artefact\messages-en.i18n] with encoding 'utf-8' 
2022-03-30 20:31:15.359 DEBUG [acme.framework.configuration.ExtendedMessageSource@http-nio-8080-exec-6] Loading properties [D:\Mario\Universidad\3º de Carrera 2021-2022\2 - Diseño y Pruebas II (DP2)\Workspace-22.0\Projects\Acme-Toolkits\target\classes\WEB-INF\views\authenticated\consumer\messsages-en.i18n] with encoding 'utf-8' 
2022-03-30 20:31:15.359 DEBUG [acme.framework.configuration.ExtendedMessageSource@http-nio-8080-exec-6] Loading properties [D:\Mario\Universidad\3º de Carrera 2021-2022\2 - Diseño y Pruebas II (DP2)\Workspace-22.0\Projects\Acme-Toolkits\target\classes\WEB-INF\views\authenticated\provider\messsages-en.i18n] with encoding 'utf-8' 
2022-03-30 20:31:15.359 DEBUG [acme.framework.configuration.ExtendedMessageSource@http-nio-8080-exec-6] Loading properties [D:\Mario\Universidad\3º de Carrera 2021-2022\2 - Diseño y Pruebas II (DP2)\Workspace-22.0\Projects\Acme-Toolkits\target\classes\WEB-INF\views\authenticated\user-account\messages-en.i18n] with encoding 'utf-8' 
2022-03-30 20:31:15.359 DEBUG [acme.framework.configuration.ExtendedMessageSource@http-nio-8080-exec-6] Loading properties [D:\Mario\Universidad\3º de Carrera 2021-2022\2 - Diseño y Pruebas II (DP2)\Workspace-22.0\Projects\Acme-Toolkits\target\classes\WEB-INF\views\fragments\banner-en.i18n] with encoding 'utf-8' 
2022-03-30 20:31:15.360 DEBUG [acme.framework.configuration.ExtendedMessageSource@http-nio-8080-exec-6] Loading properties [D:\Mario\Universidad\3º de Carrera 2021-2022\2 - Diseño y Pruebas II (DP2)\Workspace-22.0\Projects\Acme-Toolkits\target\classes\WEB-INF\views\fragments\company-en.i18n] with encoding 'utf-8' 
2022-03-30 20:31:15.360 DEBUG [acme.framework.configuration.ExtendedMessageSource@http-nio-8080-exec-6] Loading properties [D:\Mario\Universidad\3º de Carrera 2021-2022\2 - Diseño y Pruebas II (DP2)\Workspace-22.0\Projects\Acme-Toolkits\target\classes\WEB-INF\views\fragments\footer-en.i18n] with encoding 'utf-8' 
2022-03-30 20:31:15.360 DEBUG [acme.framework.configuration.ExtendedMessageSource@http-nio-8080-exec-6] Loading properties [D:\Mario\Universidad\3º de Carrera 2021-2022\2 - Diseño y Pruebas II (DP2)\Workspace-22.0\Projects\Acme-Toolkits\target\classes\WEB-INF\views\fragments\license-en.i18n] with encoding 'utf-8' 
2022-03-30 20:31:15.361 DEBUG [acme.framework.configuration.ExtendedMessageSource@http-nio-8080-exec-6] Loading properties [D:\Mario\Universidad\3º de Carrera 2021-2022\2 - Diseño y Pruebas II (DP2)\Workspace-22.0\Projects\Acme-Toolkits\target\classes\WEB-INF\views\fragments\menu-en.i18n] with encoding 'utf-8' 
2022-03-30 20:31:15.361 DEBUG [acme.framework.configuration.ExtendedMessageSource@http-nio-8080-exec-6] Loading properties [D:\Mario\Universidad\3º de Carrera 2021-2022\2 - Diseño y Pruebas II (DP2)\Workspace-22.0\Projects\Acme-Toolkits\target\classes\WEB-INF\views\fragments\messages-en.i18n] with encoding 'utf-8' 
2022-03-30 20:31:15.361 DEBUG [acme.framework.configuration.ExtendedMessageSource@http-nio-8080-exec-6] Loading properties [D:\Mario\Universidad\3º de Carrera 2021-2022\2 - Diseño y Pruebas II (DP2)\Workspace-22.0\Projects\Acme-Toolkits\target\classes\WEB-INF\views\fragments\messsages-en.i18n] with encoding 'utf-8' 
2022-03-30 20:31:15.362 DEBUG [acme.framework.configuration.ExtendedMessageSource@http-nio-8080-exec-6] Loading properties [D:\Mario\Universidad\3º de Carrera 2021-2022\2 - Diseño y Pruebas II (DP2)\Workspace-22.0\Projects\Acme-Toolkits\target\classes\WEB-INF\views\fragments\title-en.i18n] with encoding 'utf-8' 
2022-03-30 20:31:15.362 DEBUG [acme.framework.configuration.ExtendedMessageSource@http-nio-8080-exec-6] Loading properties [D:\Mario\Universidad\3º de Carrera 2021-2022\2 - Diseño y Pruebas II (DP2)\Workspace-22.0\Projects\Acme-Toolkits\target\classes\WEB-INF\views\fragments\welcome-en.i18n] with encoding 'utf-8' 
2022-03-30 20:31:15.362 DEBUG [acme.framework.configuration.ExtendedMessageSource@http-nio-8080-exec-6] Loading properties [D:\Mario\Universidad\3º de Carrera 2021-2022\2 - Diseño y Pruebas II (DP2)\Workspace-22.0\Projects\Acme-Toolkits\target\classes\WEB-INF\views\inventor\artefact\messages-en.i18n] with encoding 'utf-8' 
2022-03-30 20:31:15.363 DEBUG [acme.framework.configuration.ExtendedMessageSource@http-nio-8080-exec-6] Loading properties [D:\Mario\Universidad\3º de Carrera 2021-2022\2 - Diseño y Pruebas II (DP2)\Workspace-22.0\Projects\Acme-Toolkits\target\classes\WEB-INF\views\inventor\toolkit\messages-en.i18n] with encoding 'utf-8' 
2022-03-30 20:31:15.363 DEBUG [acme.framework.configuration.ExtendedMessageSource@http-nio-8080-exec-6] Loading properties [D:\Mario\Universidad\3º de Carrera 2021-2022\2 - Diseño y Pruebas II (DP2)\Workspace-22.0\Projects\Acme-Toolkits\target\classes\WEB-INF\views\master\defaults-en.i18n] with encoding 'utf-8' 
2022-03-30 20:31:15.364 DEBUG [acme.framework.configuration.ExtendedMessageSource@http-nio-8080-exec-6] Loading properties [D:\Mario\Universidad\3º de Carrera 2021-2022\2 - Diseño y Pruebas II (DP2)\Workspace-22.0\Projects\Acme-Toolkits\target\classes\WEB-INF\views\master\master-en.i18n] with encoding 'utf-8' 
2022-03-30 20:31:15.364 DEBUG [acme.framework.configuration.ExtendedMessageSource@http-nio-8080-exec-6] Loading properties [D:\Mario\Universidad\3º de Carrera 2021-2022\2 - Diseño y Pruebas II (DP2)\Workspace-22.0\Projects\Acme-Toolkits\target\classes\WEB-INF\views\master\throwables-en.i18n] with encoding 'utf-8' 
2022-03-30 20:31:15.365 DEBUG [acme.framework.configuration.ExtendedMessageSource@http-nio-8080-exec-6] Loading properties [D:\Mario\Universidad\3º de Carrera 2021-2022\2 - Diseño y Pruebas II (DP2)\Workspace-22.0\Projects\Acme-Toolkits\target\classes\WEB-INF\views\master\validation-en.i18n] with encoding 'utf-8' 
2022-03-30 20:31:15.365 DEBUG [acme.framework.configuration.ExtendedMessageSource@http-nio-8080-exec-6] Loading properties [D:\Mario\Universidad\3º de Carrera 2021-2022\2 - Diseño y Pruebas II (DP2)\Workspace-22.0\Projects\Acme-Toolkits\target\classes\WEB-INF\views\patron\artefact\messages-en.i18n] with encoding 'utf-8' 
2022-03-30 20:31:15.417 DEBUG [acme.framework.configuration.ExtendedMessageSource@http-nio-8080-exec-6] Loading properties [D:\Mario\Universidad\3º de Carrera 2021-2022\2 - Diseño y Pruebas II (DP2)\Workspace-22.0\Projects\Acme-Toolkits\target\classes\WEB-INF\views\administrator\artefact\messages-es.i18n] with encoding 'utf-8' 
2022-03-30 20:31:15.429 DEBUG [acme.framework.configuration.ExtendedMessageSource@http-nio-8080-exec-6] Loading properties [D:\Mario\Universidad\3º de Carrera 2021-2022\2 - Diseño y Pruebas II (DP2)\Workspace-22.0\Projects\Acme-Toolkits\target\classes\WEB-INF\views\administrator\user-account\messages-es.i18n] with encoding 'utf-8' 
2022-03-30 20:31:15.440 DEBUG [acme.framework.configuration.ExtendedMessageSource@http-nio-8080-exec-6] Loading properties [D:\Mario\Universidad\3º de Carrera 2021-2022\2 - Diseño y Pruebas II (DP2)\Workspace-22.0\Projects\Acme-Toolkits\target\classes\WEB-INF\views\anonymous\artefact\messages-es.i18n] with encoding 'utf-8' 
2022-03-30 20:31:15.455 DEBUG [acme.framework.configuration.ExtendedMessageSource@http-nio-8080-exec-6] Loading properties [D:\Mario\Universidad\3º de Carrera 2021-2022\2 - Diseño y Pruebas II (DP2)\Workspace-22.0\Projects\Acme-Toolkits\target\classes\WEB-INF\views\anonymous\user-account\messages-es.i18n] with encoding 'utf-8' 
2022-03-30 20:31:15.460 DEBUG [acme.framework.configuration.ExtendedMessageSource@http-nio-8080-exec-6] Loading properties [D:\Mario\Universidad\3º de Carrera 2021-2022\2 - Diseño y Pruebas II (DP2)\Workspace-22.0\Projects\Acme-Toolkits\target\classes\WEB-INF\views\authenticated\artefact\messages-es.i18n] with encoding 'utf-8' 
2022-03-30 20:31:15.465 DEBUG [acme.framework.configuration.ExtendedMessageSource@http-nio-8080-exec-6] Loading properties [D:\Mario\Universidad\3º de Carrera 2021-2022\2 - Diseño y Pruebas II (DP2)\Workspace-22.0\Projects\Acme-Toolkits\target\classes\WEB-INF\views\authenticated\consumer\messsages-es.i18n] with encoding 'utf-8' 
2022-03-30 20:31:15.486 DEBUG [acme.framework.configuration.ExtendedMessageSource@http-nio-8080-exec-6] Loading properties [D:\Mario\Universidad\3º de Carrera 2021-2022\2 - Diseño y Pruebas II (DP2)\Workspace-22.0\Projects\Acme-Toolkits\target\classes\WEB-INF\views\authenticated\provider\messsages-es.i18n] with encoding 'utf-8' 
2022-03-30 20:31:15.488 DEBUG [acme.framework.configuration.ExtendedMessageSource@http-nio-8080-exec-6] Loading properties [D:\Mario\Universidad\3º de Carrera 2021-2022\2 - Diseño y Pruebas II (DP2)\Workspace-22.0\Projects\Acme-Toolkits\target\classes\WEB-INF\views\authenticated\user-account\messages-es.i18n] with encoding 'utf-8' 
2022-03-30 20:31:15.492 DEBUG [acme.framework.configuration.ExtendedMessageSource@http-nio-8080-exec-6] Loading properties [D:\Mario\Universidad\3º de Carrera 2021-2022\2 - Diseño y Pruebas II (DP2)\Workspace-22.0\Projects\Acme-Toolkits\target\classes\WEB-INF\views\fragments\banner-es.i18n] with encoding 'utf-8' 
2022-03-30 20:31:15.497 DEBUG [acme.framework.configuration.ExtendedMessageSource@http-nio-8080-exec-6] Loading properties [D:\Mario\Universidad\3º de Carrera 2021-2022\2 - Diseño y Pruebas II (DP2)\Workspace-22.0\Projects\Acme-Toolkits\target\classes\WEB-INF\views\fragments\company-es.i18n] with encoding 'utf-8' 
2022-03-30 20:31:15.508 DEBUG [acme.framework.configuration.ExtendedMessageSource@http-nio-8080-exec-6] Loading properties [D:\Mario\Universidad\3º de Carrera 2021-2022\2 - Diseño y Pruebas II (DP2)\Workspace-22.0\Projects\Acme-Toolkits\target\classes\WEB-INF\views\fragments\footer-es.i18n] with encoding 'utf-8' 
2022-03-30 20:31:15.513 DEBUG [acme.framework.configuration.ExtendedMessageSource@http-nio-8080-exec-6] Loading properties [D:\Mario\Universidad\3º de Carrera 2021-2022\2 - Diseño y Pruebas II (DP2)\Workspace-22.0\Projects\Acme-Toolkits\target\classes\WEB-INF\views\fragments\license-es.i18n] with encoding 'utf-8' 
2022-03-30 20:31:15.535 DEBUG [acme.framework.configuration.ExtendedMessageSource@http-nio-8080-exec-6] Loading properties [D:\Mario\Universidad\3º de Carrera 2021-2022\2 - Diseño y Pruebas II (DP2)\Workspace-22.0\Projects\Acme-Toolkits\target\classes\WEB-INF\views\fragments\menu-es.i18n] with encoding 'utf-8' 
2022-03-30 20:31:15.537 DEBUG [acme.framework.configuration.ExtendedMessageSource@http-nio-8080-exec-6] Loading properties [D:\Mario\Universidad\3º de Carrera 2021-2022\2 - Diseño y Pruebas II (DP2)\Workspace-22.0\Projects\Acme-Toolkits\target\classes\WEB-INF\views\fragments\messages-es.i18n] with encoding 'utf-8' 
2022-03-30 20:31:15.555 DEBUG [acme.framework.configuration.ExtendedMessageSource@http-nio-8080-exec-6] Loading properties [D:\Mario\Universidad\3º de Carrera 2021-2022\2 - Diseño y Pruebas II (DP2)\Workspace-22.0\Projects\Acme-Toolkits\target\classes\WEB-INF\views\fragments\messsages-es.i18n] with encoding 'utf-8' 
2022-03-30 20:31:15.559 DEBUG [acme.framework.configuration.ExtendedMessageSource@http-nio-8080-exec-6] Loading properties [D:\Mario\Universidad\3º de Carrera 2021-2022\2 - Diseño y Pruebas II (DP2)\Workspace-22.0\Projects\Acme-Toolkits\target\classes\WEB-INF\views\fragments\title-es.i18n] with encoding 'utf-8' 
2022-03-30 20:31:15.563 DEBUG [acme.framework.configuration.ExtendedMessageSource@http-nio-8080-exec-6] Loading properties [D:\Mario\Universidad\3º de Carrera 2021-2022\2 - Diseño y Pruebas II (DP2)\Workspace-22.0\Projects\Acme-Toolkits\target\classes\WEB-INF\views\fragments\welcome-es.i18n] with encoding 'utf-8' 
2022-03-30 20:31:15.569 DEBUG [acme.framework.configuration.ExtendedMessageSource@http-nio-8080-exec-6] Loading properties [D:\Mario\Universidad\3º de Carrera 2021-2022\2 - Diseño y Pruebas II (DP2)\Workspace-22.0\Projects\Acme-Toolkits\target\classes\WEB-INF\views\inventor\artefact\messages-es.i18n] with encoding 'utf-8' 
2022-03-30 20:31:15.570 DEBUG [acme.framework.configuration.ExtendedMessageSource@http-nio-8080-exec-6] Loading properties [D:\Mario\Universidad\3º de Carrera 2021-2022\2 - Diseño y Pruebas II (DP2)\Workspace-22.0\Projects\Acme-Toolkits\target\classes\WEB-INF\views\inventor\toolkit\messages-es.i18n] with encoding 'utf-8' 
2022-03-30 20:31:15.594 DEBUG [acme.framework.configuration.ExtendedMessageSource@http-nio-8080-exec-6] Loading properties [D:\Mario\Universidad\3º de Carrera 2021-2022\2 - Diseño y Pruebas II (DP2)\Workspace-22.0\Projects\Acme-Toolkits\target\classes\WEB-INF\views\master\defaults-es.i18n] with encoding 'utf-8' 
2022-03-30 20:31:15.606 DEBUG [acme.framework.configuration.ExtendedMessageSource@http-nio-8080-exec-6] Loading properties [D:\Mario\Universidad\3º de Carrera 2021-2022\2 - Diseño y Pruebas II (DP2)\Workspace-22.0\Projects\Acme-Toolkits\target\classes\WEB-INF\views\master\master-es.i18n] with encoding 'utf-8' 
2022-03-30 20:31:15.610 DEBUG [acme.framework.configuration.ExtendedMessageSource@http-nio-8080-exec-6] Loading properties [D:\Mario\Universidad\3º de Carrera 2021-2022\2 - Diseño y Pruebas II (DP2)\Workspace-22.0\Projects\Acme-Toolkits\target\classes\WEB-INF\views\master\throwables-es.i18n] with encoding 'utf-8' 
2022-03-30 20:31:15.616 DEBUG [acme.framework.configuration.ExtendedMessageSource@http-nio-8080-exec-6] Loading properties [D:\Mario\Universidad\3º de Carrera 2021-2022\2 - Diseño y Pruebas II (DP2)\Workspace-22.0\Projects\Acme-Toolkits\target\classes\WEB-INF\views\master\validation-es.i18n] with encoding 'utf-8' 
2022-03-30 20:31:15.621 DEBUG [acme.framework.configuration.ExtendedMessageSource@http-nio-8080-exec-6] Loading properties [D:\Mario\Universidad\3º de Carrera 2021-2022\2 - Diseño y Pruebas II (DP2)\Workspace-22.0\Projects\Acme-Toolkits\target\classes\WEB-INF\views\patron\artefact\messages-es.i18n] with encoding 'utf-8' 
2022-03-30 20:31:15.629 DEBUG [acme.framework.components.tiles.DynamicTilesView@http-nio-8080-exec-2] View name 'master/sign-in', model {username=, password=, remember=false} 
2022-03-30 20:31:15.630 DEBUG [org.apache.jasper.servlet.JspServlet@http-nio-8080-exec-2] JspEngine --> /WEB-INF/views/master/page.jsp 
2022-03-30 20:31:15.630 DEBUG [org.apache.jasper.servlet.JspServlet@http-nio-8080-exec-2] ServletPath: /WEB-INF/views/master/page.jsp 
2022-03-30 20:31:15.631 DEBUG [org.apache.jasper.servlet.JspServlet@http-nio-8080-exec-2] PathInfo: null 
2022-03-30 20:31:15.632 DEBUG [org.apache.jasper.servlet.JspServlet@http-nio-8080-exec-2] RealPath: D:\Mario\Universidad\3º de Carrera 2021-2022\2 - Diseño y Pruebas II (DP2)\Workspace-22.0\Projects\Acme-Toolkits\target\classes\WEB-INF\views\master\page.jsp 
2022-03-30 20:31:15.632 DEBUG [org.apache.jasper.servlet.JspServlet@http-nio-8080-exec-2] RequestURI: /acme-toolkits-0.1/WEB-INF/views/master/page.jsp 
2022-03-30 20:31:15.632 DEBUG [org.apache.jasper.servlet.JspServlet@http-nio-8080-exec-2] QueryString: error 
2022-03-30 20:31:15.706 DEBUG [org.apache.jasper.servlet.JspServlet@http-nio-8080-exec-2] JspEngine --> /WEB-INF/views/master/sign-in.jsp 
2022-03-30 20:31:15.707 DEBUG [org.apache.jasper.servlet.JspServlet@http-nio-8080-exec-2] ServletPath: /WEB-INF/views/master/page.jsp 
2022-03-30 20:31:15.707 DEBUG [org.apache.jasper.servlet.JspServlet@http-nio-8080-exec-2] PathInfo: null 
2022-03-30 20:31:15.707 DEBUG [org.apache.jasper.servlet.JspServlet@http-nio-8080-exec-2] RealPath: D:\Mario\Universidad\3º de Carrera 2021-2022\2 - Diseño y Pruebas II (DP2)\Workspace-22.0\Projects\Acme-Toolkits\target\classes\WEB-INF\views\master\sign-in.jsp 
2022-03-30 20:31:15.708 DEBUG [org.apache.jasper.servlet.JspServlet@http-nio-8080-exec-2] RequestURI: /acme-toolkits-0.1/WEB-INF/views/master/page.jsp 
2022-03-30 20:31:15.708 DEBUG [org.apache.jasper.servlet.JspServlet@http-nio-8080-exec-2] QueryString: error 
2022-03-30 20:31:15.778 DEBUG [org.hibernate.SQL@http-nio-8080-exec-2] select useraccoun0_.id as id1_0_, useraccoun0_.version as version2_0_, useraccoun0_.enabled as enabled1_16_, useraccoun0_.identity as identity2_16_, useraccoun0_.password as password3_16_, useraccoun0_.username as username4_16_ from user_account useraccoun0_ where useraccoun0_.username=? 
2022-03-30 20:31:15.779 TRACE [org.hibernate.type.descriptor.sql.BasicBinder@http-nio-8080-exec-2] binding parameter [1] as [VARCHAR] - [anonymous] 
2022-03-30 20:31:15.781 DEBUG [org.hibernate.SQL@http-nio-8080-exec-2] select roles0_.user_account_id as user_acc1_17_0_, roles0_.id as id1_17_0_, roles0_.id as id1_0_1_, roles0_.version as version2_0_1_, roles0_.user_account_id as user_acc1_17_1_, roles0_.company as company1_7_1_, roles0_.sector as sector2_7_1_, roles0_.company as company1_8_1_, roles0_.link as link2_8_1_, roles0_.statement as statemen3_8_1_, roles0_.company as company1_9_1_, roles0_.link as link2_9_1_, roles0_.statement as statemen3_9_1_, roles0_.company as company1_12_1_, roles0_.sector as sector2_12_1_, roles0_.clazz_ as clazz_1_ from ( select id, version, user_account_id, company, sector, null as link, null as statement, 10 as clazz_ from consumer union all select id, version, user_account_id, company, null as sector, link, statement, 11 as clazz_ from inventor union all select id, version, user_account_id, company, null as sector, link, statement, 12 as clazz_ from patron union all select id, version, user_account_id, company, sector, null as link, null as statement, 13 as clazz_ from provider union all select id, version, user_account_id, null as company, null as sector, null as link, null as statement, 15 as clazz_ from administrator union all select id, version, user_account_id, null as company, null as sector, null as link, null as statement, 16 as clazz_ from anonymous union all select id, version, user_account_id, null as company, null as sector, null as link, null as statement, 17 as clazz_ from authenticated ) roles0_ where roles0_.user_account_id=? 
2022-03-30 20:31:15.781 TRACE [org.hibernate.type.descriptor.sql.BasicBinder@http-nio-8080-exec-2] binding parameter [1] as [INTEGER] - [1] 
2022-03-30 20:31:22.620 DEBUG [org.hibernate.SQL@http-nio-8080-exec-8] select useraccoun0_.id as id1_0_, useraccoun0_.version as version2_0_, useraccoun0_.enabled as enabled1_16_, useraccoun0_.identity as identity2_16_, useraccoun0_.password as password3_16_, useraccoun0_.username as username4_16_ from user_account useraccoun0_ where useraccoun0_.username=? 
2022-03-30 20:31:22.622 TRACE [org.hibernate.type.descriptor.sql.BasicBinder@http-nio-8080-exec-8] binding parameter [1] as [VARCHAR] - [inventor1] 
2022-03-30 20:31:22.625 DEBUG [org.hibernate.SQL@http-nio-8080-exec-8] select roles0_.user_account_id as user_acc1_17_0_, roles0_.id as id1_17_0_, roles0_.id as id1_0_1_, roles0_.version as version2_0_1_, roles0_.user_account_id as user_acc1_17_1_, roles0_.company as company1_7_1_, roles0_.sector as sector2_7_1_, roles0_.company as company1_8_1_, roles0_.link as link2_8_1_, roles0_.statement as statemen3_8_1_, roles0_.company as company1_9_1_, roles0_.link as link2_9_1_, roles0_.statement as statemen3_9_1_, roles0_.company as company1_12_1_, roles0_.sector as sector2_12_1_, roles0_.clazz_ as clazz_1_ from ( select id, version, user_account_id, company, sector, null as link, null as statement, 10 as clazz_ from consumer union all select id, version, user_account_id, company, null as sector, link, statement, 11 as clazz_ from inventor union all select id, version, user_account_id, company, null as sector, link, statement, 12 as clazz_ from patron union all select id, version, user_account_id, company, sector, null as link, null as statement, 13 as clazz_ from provider union all select id, version, user_account_id, null as company, null as sector, null as link, null as statement, 15 as clazz_ from administrator union all select id, version, user_account_id, null as company, null as sector, null as link, null as statement, 16 as clazz_ from anonymous union all select id, version, user_account_id, null as company, null as sector, null as link, null as statement, 17 as clazz_ from authenticated ) roles0_ where roles0_.user_account_id=? 
2022-03-30 20:31:22.626 TRACE [org.hibernate.type.descriptor.sql.BasicBinder@http-nio-8080-exec-8] binding parameter [1] as [INTEGER] - [8] 
2022-03-30 20:31:22.663 DEBUG [acme.framework.components.tiles.DynamicTilesView@http-nio-8080-exec-1] View name 'fragments/welcome', model {} 
2022-03-30 20:31:22.664 DEBUG [org.apache.jasper.servlet.JspServlet@http-nio-8080-exec-1] JspEngine --> /WEB-INF/views/master/page.jsp 
2022-03-30 20:31:22.665 DEBUG [org.apache.jasper.servlet.JspServlet@http-nio-8080-exec-1] ServletPath: /WEB-INF/views/master/page.jsp 
2022-03-30 20:31:22.665 DEBUG [org.apache.jasper.servlet.JspServlet@http-nio-8080-exec-1] PathInfo: null 
2022-03-30 20:31:22.666 DEBUG [org.apache.jasper.servlet.JspServlet@http-nio-8080-exec-1] RealPath: D:\Mario\Universidad\3º de Carrera 2021-2022\2 - Diseño y Pruebas II (DP2)\Workspace-22.0\Projects\Acme-Toolkits\target\classes\WEB-INF\views\master\page.jsp 
2022-03-30 20:31:22.666 DEBUG [org.apache.jasper.servlet.JspServlet@http-nio-8080-exec-1] RequestURI: /acme-toolkits-0.1/WEB-INF/views/master/page.jsp 
2022-03-30 20:31:22.669 DEBUG [org.apache.jasper.servlet.JspServlet@http-nio-8080-exec-1] QueryString: null 
2022-03-30 20:31:22.755 DEBUG [org.apache.jasper.servlet.JspServlet@http-nio-8080-exec-1] JspEngine --> /WEB-INF/views/fragments/welcome.jsp 
2022-03-30 20:31:22.756 DEBUG [org.apache.jasper.servlet.JspServlet@http-nio-8080-exec-1] ServletPath: /WEB-INF/views/master/page.jsp 
2022-03-30 20:31:22.756 DEBUG [org.apache.jasper.servlet.JspServlet@http-nio-8080-exec-1] PathInfo: null 
2022-03-30 20:31:22.757 DEBUG [org.apache.jasper.servlet.JspServlet@http-nio-8080-exec-1] RealPath: D:\Mario\Universidad\3º de Carrera 2021-2022\2 - Diseño y Pruebas II (DP2)\Workspace-22.0\Projects\Acme-Toolkits\target\classes\WEB-INF\views\fragments\welcome.jsp 
2022-03-30 20:31:22.757 DEBUG [org.apache.jasper.servlet.JspServlet@http-nio-8080-exec-1] RequestURI: /acme-toolkits-0.1/WEB-INF/views/master/page.jsp 
2022-03-30 20:31:22.757 DEBUG [org.apache.jasper.servlet.JspServlet@http-nio-8080-exec-1] QueryString: null 
2022-03-30 20:31:25.461 DEBUG [acme.framework.controllers.AbstractController@http-nio-8080-exec-5] DISPATCHING GET /acme-toolkits-0.1/inventor/toolkit/list-mine 
2022-03-30 20:31:25.462 DEBUG [acme.framework.controllers.AbstractController@http-nio-8080-exec-5] Command: list-mine 
2022-03-30 20:31:25.462 DEBUG [acme.framework.controllers.AbstractController@http-nio-8080-exec-5] Model:   {} 
2022-03-30 20:31:25.462 DEBUG [acme.framework.controllers.AbstractController@http-nio-8080-exec-5] Locale:  en 
2022-03-30 20:31:25.487 DEBUG [org.hibernate.SQL@http-nio-8080-exec-5] select toolkit0_.id as id1_0_, toolkit0_.version as version2_0_, toolkit0_.assembly_notes as assembly1_15_, toolkit0_.code as code2_15_, toolkit0_.description as descript3_15_, toolkit0_.link as link4_15_, toolkit0_.title as title5_15_ from toolkit toolkit0_ inner join quantity quantity1_ on (quantity1_.toolkit_id=toolkit0_.id) inner join artefact artefact2_ on (artefact2_.id=quantity1_.artefact_id) where artefact2_.inventor_id=? 
2022-03-30 20:31:25.487 TRACE [org.hibernate.type.descriptor.sql.BasicBinder@http-nio-8080-exec-5] binding parameter [1] as [INTEGER] - [16] 
2022-03-30 20:31:25.520 DEBUG [acme.framework.controllers.AbstractController@http-nio-8080-exec-5] SERVING GET /acme-toolkits-0.1/inventor/toolkit/list-mine 
2022-03-30 20:31:25.521 DEBUG [acme.framework.controllers.AbstractController@http-nio-8080-exec-5] Result: ModelAndView [view="inventor/toolkit/list"; model={link[1]= https://www.google.es, description[1]= New description 1, link[0]= https://www.google.com, title[1]= New title 1, description[0]= New description 2, version[1]=0, list$size=2, code[0]=ABB-321-A, version[0]=0, title[0]= New title 2, code[1]=AAA-123-A, id[1]=38, id[0]=39, assemblyNotes[0]= This is assembly notes 2, assemblyNotes[1]= This is assembly notes 1, command=list-mine, principal=acme.framework.entities.Principal@2d7a623b}] 
2022-03-30 20:31:25.524 DEBUG [acme.framework.components.tiles.DynamicTilesView@http-nio-8080-exec-5] View name 'inventor/toolkit/list', model {link[1]= https://www.google.es, description[1]= New description 1, link[0]= https://www.google.com, title[1]= New title 1, description[0]= New description 2, version[1]=0, list$size=2, code[0]=ABB-321-A, version[0]=0, title[0]= New title 2, code[1]=AAA-123-A, id[1]=38, id[0]=39, assemblyNotes[0]= This is assembly notes 2, assemblyNotes[1]= This is assembly notes 1, command=list-mine, principal=acme.framework.entities.Principal@2d7a623b, org.springframework.validation.BindingResult.principal=org.springframework.validation.BeanPropertyBindingResult: 0 errors} 
2022-03-30 20:31:25.526 DEBUG [org.apache.jasper.servlet.JspServlet@http-nio-8080-exec-5] JspEngine --> /WEB-INF/views/master/page.jsp 
2022-03-30 20:31:25.526 DEBUG [org.apache.jasper.servlet.JspServlet@http-nio-8080-exec-5] ServletPath: /WEB-INF/views/master/page.jsp 
2022-03-30 20:31:25.527 DEBUG [org.apache.jasper.servlet.JspServlet@http-nio-8080-exec-5] PathInfo: null 
2022-03-30 20:31:25.527 DEBUG [org.apache.jasper.servlet.JspServlet@http-nio-8080-exec-5] RealPath: D:\Mario\Universidad\3º de Carrera 2021-2022\2 - Diseño y Pruebas II (DP2)\Workspace-22.0\Projects\Acme-Toolkits\target\classes\WEB-INF\views\master\page.jsp 
2022-03-30 20:31:25.528 DEBUG [org.apache.jasper.servlet.JspServlet@http-nio-8080-exec-5] RequestURI: /acme-toolkits-0.1/WEB-INF/views/master/page.jsp 
2022-03-30 20:31:25.528 DEBUG [org.apache.jasper.servlet.JspServlet@http-nio-8080-exec-5] QueryString: null 
2022-03-30 20:31:25.588 DEBUG [org.apache.jasper.servlet.JspServlet@http-nio-8080-exec-5] JspEngine --> /WEB-INF/views/inventor/toolkit/list.jsp 
2022-03-30 20:31:25.589 DEBUG [org.apache.jasper.servlet.JspServlet@http-nio-8080-exec-5] ServletPath: /WEB-INF/views/master/page.jsp 
2022-03-30 20:31:25.589 DEBUG [org.apache.jasper.servlet.JspServlet@http-nio-8080-exec-5] PathInfo: null 
2022-03-30 20:31:25.590 DEBUG [org.apache.jasper.servlet.JspServlet@http-nio-8080-exec-5] RealPath: D:\Mario\Universidad\3º de Carrera 2021-2022\2 - Diseño y Pruebas II (DP2)\Workspace-22.0\Projects\Acme-Toolkits\target\classes\WEB-INF\views\inventor\toolkit\list.jsp 
2022-03-30 20:31:25.590 DEBUG [org.apache.jasper.servlet.JspServlet@http-nio-8080-exec-5] RequestURI: /acme-toolkits-0.1/WEB-INF/views/master/page.jsp 
2022-03-30 20:31:25.590 DEBUG [org.apache.jasper.servlet.JspServlet@http-nio-8080-exec-5] QueryString: null 
2022-03-30 20:31:27.753 DEBUG [acme.framework.controllers.AbstractController@http-nio-8080-exec-3] DISPATCHING GET /acme-toolkits-0.1/inventor/toolkit/show 
2022-03-30 20:31:27.754 DEBUG [acme.framework.controllers.AbstractController@http-nio-8080-exec-3] Command: show 
2022-03-30 20:31:27.754 DEBUG [acme.framework.controllers.AbstractController@http-nio-8080-exec-3] Model:   {id=39} 
2022-03-30 20:31:27.754 DEBUG [acme.framework.controllers.AbstractController@http-nio-8080-exec-3] Locale:  en 
2022-03-30 20:31:27.763 DEBUG [org.hibernate.SQL@http-nio-8080-exec-3] select toolkit0_.id as id1_0_, toolkit0_.version as version2_0_, toolkit0_.assembly_notes as assembly1_15_, toolkit0_.code as code2_15_, toolkit0_.description as descript3_15_, toolkit0_.link as link4_15_, toolkit0_.title as title5_15_ from toolkit toolkit0_ where toolkit0_.id=? 
2022-03-30 20:31:27.764 TRACE [org.hibernate.type.descriptor.sql.BasicBinder@http-nio-8080-exec-3] binding parameter [1] as [INTEGER] - [39] 
2022-03-30 20:31:27.778 DEBUG [acme.framework.controllers.AbstractController@http-nio-8080-exec-3] SERVING GET /acme-toolkits-0.1/inventor/toolkit/show 
2022-03-30 20:31:27.778 DEBUG [acme.framework.controllers.AbstractController@http-nio-8080-exec-3] Result: ModelAndView [view="inventor/toolkit/form"; model={assemblyNotes= This is assembly notes 2, code=ABB-321-A, link= https://www.google.com, description= New description 2, id=39, title= New title 2, version=0, command=show, principal=acme.framework.entities.Principal@2d7a623b}] 
2022-03-30 20:31:27.779 DEBUG [acme.framework.components.tiles.DynamicTilesView@http-nio-8080-exec-3] View name 'inventor/toolkit/form', model {assemblyNotes= This is assembly notes 2, code=ABB-321-A, link= https://www.google.com, description= New description 2, id=39, title= New title 2, version=0, command=show, principal=acme.framework.entities.Principal@2d7a623b, org.springframework.validation.BindingResult.principal=org.springframework.validation.BeanPropertyBindingResult: 0 errors} 
2022-03-30 20:31:27.780 DEBUG [org.apache.jasper.servlet.JspServlet@http-nio-8080-exec-3] JspEngine --> /WEB-INF/views/master/page.jsp 
2022-03-30 20:31:27.781 DEBUG [org.apache.jasper.servlet.JspServlet@http-nio-8080-exec-3] ServletPath: /WEB-INF/views/master/page.jsp 
2022-03-30 20:31:27.781 DEBUG [org.apache.jasper.servlet.JspServlet@http-nio-8080-exec-3] PathInfo: null 
2022-03-30 20:31:27.783 DEBUG [org.apache.jasper.servlet.JspServlet@http-nio-8080-exec-3] RealPath: D:\Mario\Universidad\3º de Carrera 2021-2022\2 - Diseño y Pruebas II (DP2)\Workspace-22.0\Projects\Acme-Toolkits\target\classes\WEB-INF\views\master\page.jsp 
2022-03-30 20:31:27.784 DEBUG [org.apache.jasper.servlet.JspServlet@http-nio-8080-exec-3] RequestURI: /acme-toolkits-0.1/WEB-INF/views/master/page.jsp 
2022-03-30 20:31:27.784 DEBUG [org.apache.jasper.servlet.JspServlet@http-nio-8080-exec-3] QueryString: id=39 
2022-03-30 20:31:27.860 DEBUG [org.apache.jasper.servlet.JspServlet@http-nio-8080-exec-3] JspEngine --> /WEB-INF/views/inventor/toolkit/form.jsp 
2022-03-30 20:31:27.860 DEBUG [org.apache.jasper.servlet.JspServlet@http-nio-8080-exec-3] ServletPath: /WEB-INF/views/master/page.jsp 
2022-03-30 20:31:27.860 DEBUG [org.apache.jasper.servlet.JspServlet@http-nio-8080-exec-3] PathInfo: null 
2022-03-30 20:31:27.861 DEBUG [org.apache.jasper.servlet.JspServlet@http-nio-8080-exec-3] RealPath: D:\Mario\Universidad\3º de Carrera 2021-2022\2 - Diseño y Pruebas II (DP2)\Workspace-22.0\Projects\Acme-Toolkits\target\classes\WEB-INF\views\inventor\toolkit\form.jsp 
2022-03-30 20:31:27.861 DEBUG [org.apache.jasper.servlet.JspServlet@http-nio-8080-exec-3] RequestURI: /acme-toolkits-0.1/WEB-INF/views/master/page.jsp 
2022-03-30 20:31:27.861 DEBUG [org.apache.jasper.servlet.JspServlet@http-nio-8080-exec-3] QueryString: id=39 
