2022-03-31 21:02:45.594 INFO  [acme.Launcher@main] Starting Launcher using Java 1.8.0_281 on DESKTOP-OMS50DK with PID 6052 (D:\Mario\Universidad\3º de Carrera 2021-2022\2 - Diseño y Pruebas II (DP2)\Workspace-22.0\Frameworks\Acme-Framework-22.2\target\classes started by Mario in D:\Mario\Universidad\3º de Carrera 2021-2022\2 - Diseño y Pruebas II (DP2)\Workspace-22.0\Projects\Acme-Toolkits) 
2022-03-31 21:02:45.595 DEBUG [acme.Launcher@main] Running with Spring Boot v2.4.2, Spring v5.3.3 
2022-03-31 21:02:45.596 INFO  [acme.Launcher@main] The following profiles are active: development,default 
2022-03-31 21:02:48.931 DEBUG [org.apache.jasper.servlet.JasperInitializer@main] Initializing Jasper for context [application] 
2022-03-31 21:02:55.680 DEBUG [org.apache.jasper.servlet.JspServlet@main] Scratch dir for the JSP engine is: [C:\Users\Mario\AppData\Local\Temp\tomcat.8080.5853161350910875652\work\Tomcat\localhost\acme-toolkits-0.1] 
2022-03-31 21:02:55.680 DEBUG [org.apache.jasper.servlet.JspServlet@main] IMPORTANT: Do not modify the generated servlets 
2022-03-31 21:02:55.692 INFO  [acme.Launcher@main] Started Launcher in 10.983 seconds (JVM running for 12.276) 
2022-03-31 21:02:55.698 DEBUG [acme.Launcher@main] Found classpath entry '/D:/Mario/Universidad/3%c2%ba%20de%20Carrera%202021-2022/2%20-%20Dise%c3%b1o%20y%20Pruebas%20II%20(DP2)/Workspace-22.0/Projects/Acme-Toolkits/target/test-classes/' 
2022-03-31 21:02:55.699 DEBUG [acme.Launcher@main] Found classpath entry '/D:/Mario/Universidad/3%c2%ba%20de%20Carrera%202021-2022/2%20-%20Dise%c3%b1o%20y%20Pruebas%20II%20(DP2)/Workspace-22.0/Projects/Acme-Toolkits/target/classes/' 
2022-03-31 21:02:55.699 DEBUG [acme.Launcher@main] Found classpath entry '/D:/Mario/Universidad/3%c2%ba%20de%20Carrera%202021-2022/2%20-%20Dise%c3%b1o%20y%20Pruebas%20II%20(DP2)/Workspace-22.0/Frameworks/Acme-Framework-22.2/target/classes/' 
2022-03-31 21:02:55.699 DEBUG [acme.Launcher@main] Found classpath entry '/D:/Mario/Universidad/3%c2%ba%20de%20Carrera%202021-2022/2%20-%20Dise%c3%b1o%20y%20Pruebas%20II%20(DP2)/Workspace-22.0/Frameworks/Acme-Framework-22.2/target/test-classes/' 
2022-03-31 21:02:55.699 DEBUG [acme.Launcher@main] Found classpath entry '/C:/Users/Mario/.m2/repository/org/springframework/boot/spring-boot-starter-tomcat/2.4.2/spring-boot-starter-tomcat-2.4.2.jar' 
2022-03-31 21:02:55.699 DEBUG [acme.Launcher@main] Found classpath entry '/C:/Users/Mario/.m2/repository/jakarta/annotation/jakarta.annotation-api/1.3.5/jakarta.annotation-api-1.3.5.jar' 
2022-03-31 21:02:55.700 DEBUG [acme.Launcher@main] Found classpath entry '/C:/Users/Mario/.m2/repository/org/apache/tomcat/embed/tomcat-embed-core/9.0.41/tomcat-embed-core-9.0.41.jar' 
2022-03-31 21:02:55.700 DEBUG [acme.Launcher@main] Found classpath entry '/C:/Users/Mario/.m2/repository/org/glassfish/jakarta.el/3.0.3/jakarta.el-3.0.3.jar' 
2022-03-31 21:02:55.700 DEBUG [acme.Launcher@main] Found classpath entry '/C:/Users/Mario/.m2/repository/org/apache/tomcat/embed/tomcat-embed-websocket/9.0.41/tomcat-embed-websocket-9.0.41.jar' 
2022-03-31 21:02:55.700 DEBUG [acme.Launcher@main] Found classpath entry '/C:/Users/Mario/.m2/repository/org/apache/tomcat/embed/tomcat-embed-jasper/9.0.41/tomcat-embed-jasper-9.0.41.jar' 
2022-03-31 21:02:55.700 DEBUG [acme.Launcher@main] Found classpath entry '/C:/Users/Mario/.m2/repository/org/apache/tomcat/embed/tomcat-embed-el/9.0.41/tomcat-embed-el-9.0.41.jar' 
2022-03-31 21:02:55.701 DEBUG [acme.Launcher@main] Found classpath entry '/C:/Users/Mario/.m2/repository/org/eclipse/jdt/ecj/3.18.0/ecj-3.18.0.jar' 
2022-03-31 21:02:55.701 DEBUG [acme.Launcher@main] Found classpath entry '/C:/Users/Mario/.m2/repository/javax/servlet/jstl/1.2/jstl-1.2.jar' 
2022-03-31 21:02:55.701 DEBUG [acme.Launcher@main] Found classpath entry '/C:/Users/Mario/.m2/repository/org/springframework/boot/spring-boot-starter-test/2.4.2/spring-boot-starter-test-2.4.2.jar' 
2022-03-31 21:02:55.701 DEBUG [acme.Launcher@main] Found classpath entry '/C:/Users/Mario/.m2/repository/org/springframework/boot/spring-boot-starter/2.4.2/spring-boot-starter-2.4.2.jar' 
2022-03-31 21:02:55.702 DEBUG [acme.Launcher@main] Found classpath entry '/C:/Users/Mario/.m2/repository/org/springframework/boot/spring-boot/2.4.2/spring-boot-2.4.2.jar' 
2022-03-31 21:02:55.702 DEBUG [acme.Launcher@main] Found classpath entry '/C:/Users/Mario/.m2/repository/org/springframework/boot/spring-boot-autoconfigure/2.4.2/spring-boot-autoconfigure-2.4.2.jar' 
2022-03-31 21:02:55.702 DEBUG [acme.Launcher@main] Found classpath entry '/C:/Users/Mario/.m2/repository/org/springframework/boot/spring-boot-starter-logging/2.4.2/spring-boot-starter-logging-2.4.2.jar' 
2022-03-31 21:02:55.702 DEBUG [acme.Launcher@main] Found classpath entry '/C:/Users/Mario/.m2/repository/ch/qos/logback/logback-classic/1.2.3/logback-classic-1.2.3.jar' 
2022-03-31 21:02:55.702 DEBUG [acme.Launcher@main] Found classpath entry '/C:/Users/Mario/.m2/repository/ch/qos/logback/logback-core/1.2.3/logback-core-1.2.3.jar' 
2022-03-31 21:02:55.703 DEBUG [acme.Launcher@main] Found classpath entry '/C:/Users/Mario/.m2/repository/org/apache/logging/log4j/log4j-to-slf4j/2.13.3/log4j-to-slf4j-2.13.3.jar' 
2022-03-31 21:02:55.703 DEBUG [acme.Launcher@main] Found classpath entry '/C:/Users/Mario/.m2/repository/org/apache/logging/log4j/log4j-api/2.13.3/log4j-api-2.13.3.jar' 
2022-03-31 21:02:55.703 DEBUG [acme.Launcher@main] Found classpath entry '/C:/Users/Mario/.m2/repository/org/slf4j/jul-to-slf4j/1.7.30/jul-to-slf4j-1.7.30.jar' 
2022-03-31 21:02:55.703 DEBUG [acme.Launcher@main] Found classpath entry '/C:/Users/Mario/.m2/repository/org/yaml/snakeyaml/1.27/snakeyaml-1.27.jar' 
2022-03-31 21:02:55.703 DEBUG [acme.Launcher@main] Found classpath entry '/C:/Users/Mario/.m2/repository/org/springframework/boot/spring-boot-test/2.4.2/spring-boot-test-2.4.2.jar' 
2022-03-31 21:02:55.704 DEBUG [acme.Launcher@main] Found classpath entry '/C:/Users/Mario/.m2/repository/org/springframework/boot/spring-boot-test-autoconfigure/2.4.2/spring-boot-test-autoconfigure-2.4.2.jar' 
2022-03-31 21:02:55.704 DEBUG [acme.Launcher@main] Found classpath entry '/C:/Users/Mario/.m2/repository/com/jayway/jsonpath/json-path/2.4.0/json-path-2.4.0.jar' 
2022-03-31 21:02:55.704 DEBUG [acme.Launcher@main] Found classpath entry '/C:/Users/Mario/.m2/repository/net/minidev/json-smart/2.3/json-smart-2.3.jar' 
2022-03-31 21:02:55.704 DEBUG [acme.Launcher@main] Found classpath entry '/C:/Users/Mario/.m2/repository/net/minidev/accessors-smart/1.2/accessors-smart-1.2.jar' 
2022-03-31 21:02:55.704 DEBUG [acme.Launcher@main] Found classpath entry '/C:/Users/Mario/.m2/repository/org/ow2/asm/asm/5.0.4/asm-5.0.4.jar' 
2022-03-31 21:02:55.705 DEBUG [acme.Launcher@main] Found classpath entry '/C:/Users/Mario/.m2/repository/jakarta/xml/bind/jakarta.xml.bind-api/2.3.3/jakarta.xml.bind-api-2.3.3.jar' 
2022-03-31 21:02:55.705 DEBUG [acme.Launcher@main] Found classpath entry '/C:/Users/Mario/.m2/repository/jakarta/activation/jakarta.activation-api/1.2.2/jakarta.activation-api-1.2.2.jar' 
2022-03-31 21:02:55.705 DEBUG [acme.Launcher@main] Found classpath entry '/C:/Users/Mario/.m2/repository/org/assertj/assertj-core/3.18.1/assertj-core-3.18.1.jar' 
2022-03-31 21:02:55.705 DEBUG [acme.Launcher@main] Found classpath entry '/C:/Users/Mario/.m2/repository/org/hamcrest/hamcrest/2.2/hamcrest-2.2.jar' 
2022-03-31 21:02:55.705 DEBUG [acme.Launcher@main] Found classpath entry '/C:/Users/Mario/.m2/repository/org/junit/jupiter/junit-jupiter/5.7.0/junit-jupiter-5.7.0.jar' 
2022-03-31 21:02:55.705 DEBUG [acme.Launcher@main] Found classpath entry '/C:/Users/Mario/.m2/repository/org/mockito/mockito-core/3.6.28/mockito-core-3.6.28.jar' 
2022-03-31 21:02:55.706 DEBUG [acme.Launcher@main] Found classpath entry '/C:/Users/Mario/.m2/repository/net/bytebuddy/byte-buddy-agent/1.10.19/byte-buddy-agent-1.10.19.jar' 
2022-03-31 21:02:55.706 DEBUG [acme.Launcher@main] Found classpath entry '/C:/Users/Mario/.m2/repository/org/objenesis/objenesis/3.1/objenesis-3.1.jar' 
2022-03-31 21:02:55.706 DEBUG [acme.Launcher@main] Found classpath entry '/C:/Users/Mario/.m2/repository/org/mockito/mockito-junit-jupiter/3.6.28/mockito-junit-jupiter-3.6.28.jar' 
2022-03-31 21:02:55.706 DEBUG [acme.Launcher@main] Found classpath entry '/C:/Users/Mario/.m2/repository/org/skyscreamer/jsonassert/1.5.0/jsonassert-1.5.0.jar' 
2022-03-31 21:02:55.707 DEBUG [acme.Launcher@main] Found classpath entry '/C:/Users/Mario/.m2/repository/com/vaadin/external/google/android-json/0.0.20131108.vaadin1/android-json-0.0.20131108.vaadin1.jar' 
2022-03-31 21:02:55.707 DEBUG [acme.Launcher@main] Found classpath entry '/C:/Users/Mario/.m2/repository/org/springframework/spring-core/5.3.3/spring-core-5.3.3.jar' 
2022-03-31 21:02:55.707 DEBUG [acme.Launcher@main] Found classpath entry '/C:/Users/Mario/.m2/repository/org/springframework/spring-jcl/5.3.3/spring-jcl-5.3.3.jar' 
2022-03-31 21:02:55.707 DEBUG [acme.Launcher@main] Found classpath entry '/C:/Users/Mario/.m2/repository/org/springframework/spring-test/5.3.3/spring-test-5.3.3.jar' 
2022-03-31 21:02:55.707 DEBUG [acme.Launcher@main] Found classpath entry '/C:/Users/Mario/.m2/repository/org/xmlunit/xmlunit-core/2.7.0/xmlunit-core-2.7.0.jar' 
2022-03-31 21:02:55.707 DEBUG [acme.Launcher@main] Found classpath entry '/C:/Users/Mario/.m2/repository/org/springframework/boot/spring-boot-starter-security/2.4.2/spring-boot-starter-security-2.4.2.jar' 
2022-03-31 21:02:55.708 DEBUG [acme.Launcher@main] Found classpath entry '/C:/Users/Mario/.m2/repository/org/springframework/spring-aop/5.3.3/spring-aop-5.3.3.jar' 
2022-03-31 21:02:55.708 DEBUG [acme.Launcher@main] Found classpath entry '/C:/Users/Mario/.m2/repository/org/springframework/security/spring-security-web/5.4.2/spring-security-web-5.4.2.jar' 
2022-03-31 21:02:55.708 DEBUG [acme.Launcher@main] Found classpath entry '/C:/Users/Mario/.m2/repository/org/springframework/security/spring-security-core/5.4.2/spring-security-core-5.4.2.jar' 
2022-03-31 21:02:55.708 DEBUG [acme.Launcher@main] Found classpath entry '/C:/Users/Mario/.m2/repository/org/springframework/spring-beans/5.3.3/spring-beans-5.3.3.jar' 
2022-03-31 21:02:55.708 DEBUG [acme.Launcher@main] Found classpath entry '/C:/Users/Mario/.m2/repository/org/springframework/spring-context/5.3.3/spring-context-5.3.3.jar' 
2022-03-31 21:02:55.709 DEBUG [acme.Launcher@main] Found classpath entry '/C:/Users/Mario/.m2/repository/org/springframework/spring-expression/5.3.3/spring-expression-5.3.3.jar' 
2022-03-31 21:02:55.709 DEBUG [acme.Launcher@main] Found classpath entry '/C:/Users/Mario/.m2/repository/org/springframework/spring-web/5.3.3/spring-web-5.3.3.jar' 
2022-03-31 21:02:55.709 DEBUG [acme.Launcher@main] Found classpath entry '/C:/Users/Mario/.m2/repository/org/springframework/security/spring-security-config/5.4.2/spring-security-config-5.4.2.jar' 
2022-03-31 21:02:55.710 DEBUG [acme.Launcher@main] Found classpath entry '/C:/Users/Mario/.m2/repository/org/springframework/security/spring-security-taglibs/5.4.2/spring-security-taglibs-5.4.2.jar' 
2022-03-31 21:02:55.710 DEBUG [acme.Launcher@main] Found classpath entry '/C:/Users/Mario/.m2/repository/org/springframework/security/spring-security-acl/5.4.2/spring-security-acl-5.4.2.jar' 
2022-03-31 21:02:55.710 DEBUG [acme.Launcher@main] Found classpath entry '/C:/Users/Mario/.m2/repository/org/springframework/spring-jdbc/5.3.3/spring-jdbc-5.3.3.jar' 
2022-03-31 21:02:55.711 DEBUG [acme.Launcher@main] Found classpath entry '/C:/Users/Mario/.m2/repository/org/springframework/spring-tx/5.3.3/spring-tx-5.3.3.jar' 
2022-03-31 21:02:55.711 DEBUG [acme.Launcher@main] Found classpath entry '/C:/Users/Mario/.m2/repository/org/springframework/boot/spring-boot-starter-web/2.4.2/spring-boot-starter-web-2.4.2.jar' 
2022-03-31 21:02:55.711 DEBUG [acme.Launcher@main] Found classpath entry '/C:/Users/Mario/.m2/repository/org/springframework/boot/spring-boot-starter-json/2.4.2/spring-boot-starter-json-2.4.2.jar' 
2022-03-31 21:02:55.712 DEBUG [acme.Launcher@main] Found classpath entry '/C:/Users/Mario/.m2/repository/com/fasterxml/jackson/core/jackson-databind/2.11.4/jackson-databind-2.11.4.jar' 
2022-03-31 21:02:55.712 DEBUG [acme.Launcher@main] Found classpath entry '/C:/Users/Mario/.m2/repository/com/fasterxml/jackson/core/jackson-annotations/2.11.4/jackson-annotations-2.11.4.jar' 
2022-03-31 21:02:55.712 DEBUG [acme.Launcher@main] Found classpath entry '/C:/Users/Mario/.m2/repository/com/fasterxml/jackson/core/jackson-core/2.11.4/jackson-core-2.11.4.jar' 
2022-03-31 21:02:55.712 DEBUG [acme.Launcher@main] Found classpath entry '/C:/Users/Mario/.m2/repository/com/fasterxml/jackson/datatype/jackson-datatype-jdk8/2.11.4/jackson-datatype-jdk8-2.11.4.jar' 
2022-03-31 21:02:55.713 DEBUG [acme.Launcher@main] Found classpath entry '/C:/Users/Mario/.m2/repository/com/fasterxml/jackson/datatype/jackson-datatype-jsr310/2.11.4/jackson-datatype-jsr310-2.11.4.jar' 
2022-03-31 21:02:55.713 DEBUG [acme.Launcher@main] Found classpath entry '/C:/Users/Mario/.m2/repository/com/fasterxml/jackson/module/jackson-module-parameter-names/2.11.4/jackson-module-parameter-names-2.11.4.jar' 
2022-03-31 21:02:55.713 DEBUG [acme.Launcher@main] Found classpath entry '/C:/Users/Mario/.m2/repository/org/springframework/spring-webmvc/5.3.3/spring-webmvc-5.3.3.jar' 
2022-03-31 21:02:55.714 DEBUG [acme.Launcher@main] Found classpath entry '/C:/Users/Mario/.m2/repository/org/apache/tiles/tiles-jsp/3.0.8/tiles-jsp-3.0.8.jar' 
2022-03-31 21:02:55.714 DEBUG [acme.Launcher@main] Found classpath entry '/C:/Users/Mario/.m2/repository/org/apache/tiles/tiles-servlet/3.0.8/tiles-servlet-3.0.8.jar' 
2022-03-31 21:02:55.714 DEBUG [acme.Launcher@main] Found classpath entry '/C:/Users/Mario/.m2/repository/org/apache/tiles/tiles-core/3.0.8/tiles-core-3.0.8.jar' 
2022-03-31 21:02:55.714 DEBUG [acme.Launcher@main] Found classpath entry '/C:/Users/Mario/.m2/repository/commons-digester/commons-digester/2.0/commons-digester-2.0.jar' 
2022-03-31 21:02:55.715 DEBUG [acme.Launcher@main] Found classpath entry '/C:/Users/Mario/.m2/repository/org/slf4j/jcl-over-slf4j/1.7.30/jcl-over-slf4j-1.7.30.jar' 
2022-03-31 21:02:55.715 DEBUG [acme.Launcher@main] Found classpath entry '/C:/Users/Mario/.m2/repository/org/apache/tiles/tiles-request-servlet/1.0.7/tiles-request-servlet-1.0.7.jar' 
2022-03-31 21:02:55.715 DEBUG [acme.Launcher@main] Found classpath entry '/C:/Users/Mario/.m2/repository/org/apache/tiles/tiles-template/3.0.8/tiles-template-3.0.8.jar' 
2022-03-31 21:02:55.715 DEBUG [acme.Launcher@main] Found classpath entry '/C:/Users/Mario/.m2/repository/org/apache/tiles/tiles-api/3.0.8/tiles-api-3.0.8.jar' 
2022-03-31 21:02:55.716 DEBUG [acme.Launcher@main] Found classpath entry '/C:/Users/Mario/.m2/repository/org/apache/tiles/tiles-autotag-core-runtime/1.2/tiles-autotag-core-runtime-1.2.jar' 
2022-03-31 21:02:55.716 DEBUG [acme.Launcher@main] Found classpath entry '/C:/Users/Mario/.m2/repository/org/slf4j/slf4j-api/1.7.30/slf4j-api-1.7.30.jar' 
2022-03-31 21:02:55.716 DEBUG [acme.Launcher@main] Found classpath entry '/C:/Users/Mario/.m2/repository/org/apache/tiles/tiles-request-jsp/1.0.7/tiles-request-jsp-1.0.7.jar' 
2022-03-31 21:02:55.716 DEBUG [acme.Launcher@main] Found classpath entry '/C:/Users/Mario/.m2/repository/org/apache/tiles/tiles-request-api/1.0.7/tiles-request-api-1.0.7.jar' 
2022-03-31 21:02:55.717 DEBUG [acme.Launcher@main] Found classpath entry '/C:/Users/Mario/.m2/repository/org/springframework/boot/spring-boot-starter-data-jpa/2.4.2/spring-boot-starter-data-jpa-2.4.2.jar' 
2022-03-31 21:02:55.717 DEBUG [acme.Launcher@main] Found classpath entry '/C:/Users/Mario/.m2/repository/org/springframework/boot/spring-boot-starter-aop/2.4.2/spring-boot-starter-aop-2.4.2.jar' 
2022-03-31 21:02:55.717 DEBUG [acme.Launcher@main] Found classpath entry '/C:/Users/Mario/.m2/repository/org/aspectj/aspectjweaver/1.9.6/aspectjweaver-1.9.6.jar' 
2022-03-31 21:02:55.717 DEBUG [acme.Launcher@main] Found classpath entry '/C:/Users/Mario/.m2/repository/org/springframework/boot/spring-boot-starter-jdbc/2.4.2/spring-boot-starter-jdbc-2.4.2.jar' 
2022-03-31 21:02:55.717 DEBUG [acme.Launcher@main] Found classpath entry '/C:/Users/Mario/.m2/repository/jakarta/transaction/jakarta.transaction-api/1.3.3/jakarta.transaction-api-1.3.3.jar' 
2022-03-31 21:02:55.718 DEBUG [acme.Launcher@main] Found classpath entry '/C:/Users/Mario/.m2/repository/jakarta/persistence/jakarta.persistence-api/2.2.3/jakarta.persistence-api-2.2.3.jar' 
2022-03-31 21:02:55.718 DEBUG [acme.Launcher@main] Found classpath entry '/C:/Users/Mario/.m2/repository/org/hibernate/hibernate-core/5.4.27.Final/hibernate-core-5.4.27.Final.jar' 
2022-03-31 21:02:55.718 DEBUG [acme.Launcher@main] Found classpath entry '/C:/Users/Mario/.m2/repository/org/jboss/logging/jboss-logging/3.4.1.Final/jboss-logging-3.4.1.Final.jar' 
2022-03-31 21:02:55.718 DEBUG [acme.Launcher@main] Found classpath entry '/C:/Users/Mario/.m2/repository/org/javassist/javassist/3.27.0-GA/javassist-3.27.0-GA.jar' 
2022-03-31 21:02:55.718 DEBUG [acme.Launcher@main] Found classpath entry '/C:/Users/Mario/.m2/repository/antlr/antlr/2.7.7/antlr-2.7.7.jar' 
2022-03-31 21:02:55.718 DEBUG [acme.Launcher@main] Found classpath entry '/C:/Users/Mario/.m2/repository/org/jboss/jandex/2.1.3.Final/jandex-2.1.3.Final.jar' 
2022-03-31 21:02:55.718 DEBUG [acme.Launcher@main] Found classpath entry '/C:/Users/Mario/.m2/repository/com/fasterxml/classmate/1.5.1/classmate-1.5.1.jar' 
2022-03-31 21:02:55.719 DEBUG [acme.Launcher@main] Found classpath entry '/C:/Users/Mario/.m2/repository/org/dom4j/dom4j/2.1.3/dom4j-2.1.3.jar' 
2022-03-31 21:02:55.719 DEBUG [acme.Launcher@main] Found classpath entry '/C:/Users/Mario/.m2/repository/org/hibernate/common/hibernate-commons-annotations/5.1.2.Final/hibernate-commons-annotations-5.1.2.Final.jar' 
2022-03-31 21:02:55.719 DEBUG [acme.Launcher@main] Found classpath entry '/C:/Users/Mario/.m2/repository/org/glassfish/jaxb/jaxb-runtime/2.3.3/jaxb-runtime-2.3.3.jar' 
2022-03-31 21:02:55.719 DEBUG [acme.Launcher@main] Found classpath entry '/C:/Users/Mario/.m2/repository/org/glassfish/jaxb/txw2/2.3.3/txw2-2.3.3.jar' 
2022-03-31 21:02:55.719 DEBUG [acme.Launcher@main] Found classpath entry '/C:/Users/Mario/.m2/repository/com/sun/istack/istack-commons-runtime/3.0.11/istack-commons-runtime-3.0.11.jar' 
2022-03-31 21:02:55.719 DEBUG [acme.Launcher@main] Found classpath entry '/C:/Users/Mario/.m2/repository/com/sun/activation/jakarta.activation/1.2.2/jakarta.activation-1.2.2.jar' 
2022-03-31 21:02:55.720 DEBUG [acme.Launcher@main] Found classpath entry '/C:/Users/Mario/.m2/repository/org/springframework/data/spring-data-jpa/2.4.3/spring-data-jpa-2.4.3.jar' 
2022-03-31 21:02:55.720 DEBUG [acme.Launcher@main] Found classpath entry '/C:/Users/Mario/.m2/repository/org/springframework/data/spring-data-commons/2.4.3/spring-data-commons-2.4.3.jar' 
2022-03-31 21:02:55.720 DEBUG [acme.Launcher@main] Found classpath entry '/C:/Users/Mario/.m2/repository/org/springframework/spring-orm/5.3.3/spring-orm-5.3.3.jar' 
2022-03-31 21:02:55.720 DEBUG [acme.Launcher@main] Found classpath entry '/C:/Users/Mario/.m2/repository/org/springframework/spring-aspects/5.3.3/spring-aspects-5.3.3.jar' 
2022-03-31 21:02:55.720 DEBUG [acme.Launcher@main] Found classpath entry '/C:/Users/Mario/.m2/repository/org/springframework/boot/spring-boot-starter-validation/2.4.2/spring-boot-starter-validation-2.4.2.jar' 
2022-03-31 21:02:55.720 DEBUG [acme.Launcher@main] Found classpath entry '/C:/Users/Mario/.m2/repository/org/hibernate/validator/hibernate-validator/6.1.7.Final/hibernate-validator-6.1.7.Final.jar' 
2022-03-31 21:02:55.720 DEBUG [acme.Launcher@main] Found classpath entry '/C:/Users/Mario/.m2/repository/jakarta/validation/jakarta.validation-api/2.0.2/jakarta.validation-api-2.0.2.jar' 
2022-03-31 21:02:55.721 DEBUG [acme.Launcher@main] Found classpath entry '/C:/Users/Mario/.m2/repository/mysql/mysql-connector-java/8.0.22/mysql-connector-java-8.0.22.jar' 
2022-03-31 21:02:55.721 DEBUG [acme.Launcher@main] Found classpath entry '/C:/Users/Mario/.m2/repository/com/zaxxer/HikariCP/3.4.5/HikariCP-3.4.5.jar' 
2022-03-31 21:02:55.721 DEBUG [acme.Launcher@main] Found classpath entry '/C:/Users/Mario/.m2/repository/org/junit/jupiter/junit-jupiter-engine/5.7.0/junit-jupiter-engine-5.7.0.jar' 
2022-03-31 21:02:55.721 DEBUG [acme.Launcher@main] Found classpath entry '/C:/Users/Mario/.m2/repository/org/apiguardian/apiguardian-api/1.1.0/apiguardian-api-1.1.0.jar' 
2022-03-31 21:02:55.721 DEBUG [acme.Launcher@main] Found classpath entry '/C:/Users/Mario/.m2/repository/org/junit/platform/junit-platform-engine/1.7.0/junit-platform-engine-1.7.0.jar' 
2022-03-31 21:02:55.721 DEBUG [acme.Launcher@main] Found classpath entry '/C:/Users/Mario/.m2/repository/org/junit/jupiter/junit-jupiter-api/5.7.0/junit-jupiter-api-5.7.0.jar' 
2022-03-31 21:02:55.721 DEBUG [acme.Launcher@main] Found classpath entry '/C:/Users/Mario/.m2/repository/org/opentest4j/opentest4j/1.2.0/opentest4j-1.2.0.jar' 
2022-03-31 21:02:55.722 DEBUG [acme.Launcher@main] Found classpath entry '/C:/Users/Mario/.m2/repository/org/junit/platform/junit-platform-commons/1.7.0/junit-platform-commons-1.7.0.jar' 
2022-03-31 21:02:55.722 DEBUG [acme.Launcher@main] Found classpath entry '/C:/Users/Mario/.m2/repository/org/junit/jupiter/junit-jupiter-params/5.7.0/junit-jupiter-params-5.7.0.jar' 
2022-03-31 21:02:55.722 DEBUG [acme.Launcher@main] Found classpath entry '/C:/Users/Mario/.m2/repository/org/junit/platform/junit-platform-launcher/1.7.0/junit-platform-launcher-1.7.0.jar' 
2022-03-31 21:02:55.722 DEBUG [acme.Launcher@main] Found classpath entry '/C:/Users/Mario/.m2/repository/org/seleniumhq/selenium/selenium-java/3.141.59/selenium-java-3.141.59.jar' 
2022-03-31 21:02:55.722 DEBUG [acme.Launcher@main] Found classpath entry '/C:/Users/Mario/.m2/repository/org/seleniumhq/selenium/selenium-api/3.141.59/selenium-api-3.141.59.jar' 
2022-03-31 21:02:55.722 DEBUG [acme.Launcher@main] Found classpath entry '/C:/Users/Mario/.m2/repository/org/seleniumhq/selenium/selenium-chrome-driver/3.141.59/selenium-chrome-driver-3.141.59.jar' 
2022-03-31 21:02:55.722 DEBUG [acme.Launcher@main] Found classpath entry '/C:/Users/Mario/.m2/repository/org/seleniumhq/selenium/selenium-edge-driver/3.141.59/selenium-edge-driver-3.141.59.jar' 
2022-03-31 21:02:55.723 DEBUG [acme.Launcher@main] Found classpath entry '/C:/Users/Mario/.m2/repository/org/seleniumhq/selenium/selenium-firefox-driver/3.141.59/selenium-firefox-driver-3.141.59.jar' 
2022-03-31 21:02:55.723 DEBUG [acme.Launcher@main] Found classpath entry '/C:/Users/Mario/.m2/repository/org/seleniumhq/selenium/selenium-ie-driver/3.141.59/selenium-ie-driver-3.141.59.jar' 
2022-03-31 21:02:55.723 DEBUG [acme.Launcher@main] Found classpath entry '/C:/Users/Mario/.m2/repository/org/seleniumhq/selenium/selenium-opera-driver/3.141.59/selenium-opera-driver-3.141.59.jar' 
2022-03-31 21:02:55.723 DEBUG [acme.Launcher@main] Found classpath entry '/C:/Users/Mario/.m2/repository/org/seleniumhq/selenium/selenium-remote-driver/3.141.59/selenium-remote-driver-3.141.59.jar' 
2022-03-31 21:02:55.723 DEBUG [acme.Launcher@main] Found classpath entry '/C:/Users/Mario/.m2/repository/org/seleniumhq/selenium/selenium-safari-driver/3.141.59/selenium-safari-driver-3.141.59.jar' 
2022-03-31 21:02:55.723 DEBUG [acme.Launcher@main] Found classpath entry '/C:/Users/Mario/.m2/repository/org/seleniumhq/selenium/selenium-support/3.141.59/selenium-support-3.141.59.jar' 
2022-03-31 21:02:55.724 DEBUG [acme.Launcher@main] Found classpath entry '/C:/Users/Mario/.m2/repository/net/bytebuddy/byte-buddy/1.10.19/byte-buddy-1.10.19.jar' 
2022-03-31 21:02:55.724 DEBUG [acme.Launcher@main] Found classpath entry '/C:/Users/Mario/.m2/repository/org/apache/commons/commons-exec/1.3/commons-exec-1.3.jar' 
2022-03-31 21:02:55.724 DEBUG [acme.Launcher@main] Found classpath entry '/C:/Users/Mario/.m2/repository/com/google/guava/guava/25.0-jre/guava-25.0-jre.jar' 
2022-03-31 21:02:55.724 DEBUG [acme.Launcher@main] Found classpath entry '/C:/Users/Mario/.m2/repository/com/google/code/findbugs/jsr305/1.3.9/jsr305-1.3.9.jar' 
2022-03-31 21:02:55.724 DEBUG [acme.Launcher@main] Found classpath entry '/C:/Users/Mario/.m2/repository/org/checkerframework/checker-compat-qual/2.0.0/checker-compat-qual-2.0.0.jar' 
2022-03-31 21:02:55.724 DEBUG [acme.Launcher@main] Found classpath entry '/C:/Users/Mario/.m2/repository/com/google/errorprone/error_prone_annotations/2.1.3/error_prone_annotations-2.1.3.jar' 
2022-03-31 21:02:55.724 DEBUG [acme.Launcher@main] Found classpath entry '/C:/Users/Mario/.m2/repository/com/google/j2objc/j2objc-annotations/1.1/j2objc-annotations-1.1.jar' 
2022-03-31 21:02:55.724 DEBUG [acme.Launcher@main] Found classpath entry '/C:/Users/Mario/.m2/repository/org/codehaus/mojo/animal-sniffer-annotations/1.14/animal-sniffer-annotations-1.14.jar' 
2022-03-31 21:02:55.725 DEBUG [acme.Launcher@main] Found classpath entry '/C:/Users/Mario/.m2/repository/com/squareup/okhttp3/okhttp/3.14.9/okhttp-3.14.9.jar' 
2022-03-31 21:02:55.725 DEBUG [acme.Launcher@main] Found classpath entry '/C:/Users/Mario/.m2/repository/com/squareup/okio/okio/1.14.0/okio-1.14.0.jar' 
2022-03-31 21:02:55.725 DEBUG [acme.Launcher@main] Found classpath entry '/C:/Users/Mario/.m2/repository/org/apache/commons/commons-lang3/3.11/commons-lang3-3.11.jar' 
2022-03-31 21:02:55.725 DEBUG [acme.Launcher@main] Found classpath entry '/C:/Users/Mario/.m2/repository/org/apache/commons/commons-text/1.8/commons-text-1.8.jar' 
2022-03-31 21:02:55.725 DEBUG [acme.Launcher@main] Found classpath entry '/C:/Users/Mario/.m2/repository/commons-io/commons-io/2.6/commons-io-2.6.jar' 
2022-03-31 21:02:55.725 DEBUG [acme.Launcher@main] Found classpath entry '/C:/Users/Mario/.m2/repository/commons-cli/commons-cli/1.4/commons-cli-1.4.jar' 
2022-03-31 21:02:55.725 DEBUG [acme.Launcher@main] Found classpath entry '/C:/Users/Mario/.m2/repository/org/projectlombok/lombok/1.18.16/lombok-1.18.16.jar' 
2022-03-31 21:02:55.725 DEBUG [acme.Launcher@main] Found classpath entry '/C:/Users/Mario/.m2/repository/com/opencsv/opencsv/5.4/opencsv-5.4.jar' 
2022-03-31 21:02:55.726 DEBUG [acme.Launcher@main] Found classpath entry '/C:/Users/Mario/.m2/repository/commons-beanutils/commons-beanutils/1.9.4/commons-beanutils-1.9.4.jar' 
2022-03-31 21:02:55.726 DEBUG [acme.Launcher@main] Found classpath entry '/C:/Users/Mario/.m2/repository/commons-logging/commons-logging/1.2/commons-logging-1.2.jar' 
2022-03-31 21:02:55.726 DEBUG [acme.Launcher@main] Found classpath entry '/C:/Users/Mario/.m2/repository/commons-collections/commons-collections/3.2.2/commons-collections-3.2.2.jar' 
2022-03-31 21:02:55.726 DEBUG [acme.Launcher@main] Found classpath entry '/C:/Users/Mario/.m2/repository/org/apache/commons/commons-collections4/4.4/commons-collections4-4.4.jar' 
2022-03-31 21:02:55.854 DEBUG [acme.Launcher@main] Found entity class 'acme.entities.announcement.Announcement 
2022-03-31 21:02:55.855 DEBUG [acme.Launcher@main] Found entity class 'acme.entities.artefact.Artefact 
2022-03-31 21:02:55.855 DEBUG [acme.Launcher@main] Found entity class 'acme.entities.artefact.Quantity 
2022-03-31 21:02:55.855 DEBUG [acme.Launcher@main] Found entity class 'acme.entities.chirp.Chirp 
2022-03-31 21:02:55.855 DEBUG [acme.Launcher@main] Found entity class 'acme.entities.patonages.Patronages 
2022-03-31 21:02:55.855 DEBUG [acme.Launcher@main] Found entity class 'acme.entities.patronageReport.PatronageReport 
2022-03-31 21:02:55.855 DEBUG [acme.Launcher@main] Found entity class 'acme.entities.systemConfiguration.SystemConfiguration 
2022-03-31 21:02:55.855 DEBUG [acme.Launcher@main] Found entity class 'acme.entities.toolkit.Toolkit 
2022-03-31 21:02:55.856 DEBUG [acme.Launcher@main] Found entity class 'acme.roles.Consumer 
2022-03-31 21:02:55.856 DEBUG [acme.Launcher@main] Found entity class 'acme.roles.Inventor 
2022-03-31 21:02:55.857 DEBUG [acme.Launcher@main] Found entity class 'acme.roles.Patron 
2022-03-31 21:02:55.857 DEBUG [acme.Launcher@main] Found entity class 'acme.roles.Provider 
2022-03-31 21:02:55.857 DEBUG [acme.Launcher@main] Found entity class 'acme.framework.entities.UserAccount 
2022-03-31 21:02:55.857 DEBUG [acme.Launcher@main] Found entity class 'acme.framework.roles.Administrator 
2022-03-31 21:02:55.857 DEBUG [acme.Launcher@main] Found entity class 'acme.framework.roles.Anonymous 
2022-03-31 21:02:55.857 DEBUG [acme.Launcher@main] Found entity class 'acme.framework.roles.Authenticated 
2022-03-31 21:02:55.861 INFO  [acme.Launcher@main] Running application (Standalone) 
2022-03-31 21:03:12.873 DEBUG [acme.framework.components.tiles.DynamicTilesView@http-nio-8080-exec-3] View name 'fragments/welcome', model {} 
2022-03-31 21:03:12.892 DEBUG [org.apache.tiles.definition.dao.BaseLocaleUrlDefinitionDAO@http-nio-8080-exec-3] File Resource file:/D:/Mario/Universidad/3º%20de%20Carrera%202021-2022/2%20-%20Diseño%20y%20Pruebas%20II%20(DP2)/Workspace-22.0/Projects/Acme-Toolkits/target/classes/WEB-INF/views/master/tiles_en.xml at file:/D:/Mario/Universidad/3º%20de%20Carrera%202021-2022/2%20-%20Diseño%20y%20Pruebas%20II%20(DP2)/Workspace-22.0/Projects/Acme-Toolkits/target/classes/WEB-INF/views/master/tiles_en.xml not found, continue 
2022-03-31 21:03:12.901 DEBUG [org.apache.jasper.servlet.JspServlet@http-nio-8080-exec-3] JspEngine --> /WEB-INF/views/master/page.jsp 
2022-03-31 21:03:12.901 DEBUG [org.apache.jasper.servlet.JspServlet@http-nio-8080-exec-3] ServletPath: /WEB-INF/views/master/page.jsp 
2022-03-31 21:03:12.901 DEBUG [org.apache.jasper.servlet.JspServlet@http-nio-8080-exec-3] PathInfo: null 
2022-03-31 21:03:12.902 DEBUG [org.apache.jasper.servlet.JspServlet@http-nio-8080-exec-3] RealPath: D:\Mario\Universidad\3º de Carrera 2021-2022\2 - Diseño y Pruebas II (DP2)\Workspace-22.0\Projects\Acme-Toolkits\target\classes\WEB-INF\views\master\page.jsp 
2022-03-31 21:03:12.903 DEBUG [org.apache.jasper.servlet.JspServlet@http-nio-8080-exec-3] RequestURI: /acme-toolkits-0.1/WEB-INF/views/master/page.jsp 
2022-03-31 21:03:12.903 DEBUG [org.apache.jasper.servlet.JspServlet@http-nio-8080-exec-3] QueryString: null 
2022-03-31 21:03:21.244 DEBUG [acme.framework.configuration.ExtendedMessageSource@http-nio-8080-exec-3] Loading properties [D:\Mario\Universidad\3º de Carrera 2021-2022\2 - Diseño y Pruebas II (DP2)\Workspace-22.0\Projects\Acme-Toolkits\target\classes\WEB-INF\views\administrator\artefact\messages-en.i18n] with encoding 'utf-8' 
2022-03-31 21:03:21.257 DEBUG [acme.framework.configuration.ExtendedMessageSource@http-nio-8080-exec-3] Loading properties [D:\Mario\Universidad\3º de Carrera 2021-2022\2 - Diseño y Pruebas II (DP2)\Workspace-22.0\Projects\Acme-Toolkits\target\classes\WEB-INF\views\administrator\user-account\messages-en.i18n] with encoding 'utf-8' 
2022-03-31 21:03:21.267 DEBUG [acme.framework.configuration.ExtendedMessageSource@http-nio-8080-exec-3] Loading properties [D:\Mario\Universidad\3º de Carrera 2021-2022\2 - Diseño y Pruebas II (DP2)\Workspace-22.0\Projects\Acme-Toolkits\target\classes\WEB-INF\views\anonymous\artefact\messages-en.i18n] with encoding 'utf-8' 
2022-03-31 21:03:21.278 DEBUG [acme.framework.configuration.ExtendedMessageSource@http-nio-8080-exec-3] Loading properties [D:\Mario\Universidad\3º de Carrera 2021-2022\2 - Diseño y Pruebas II (DP2)\Workspace-22.0\Projects\Acme-Toolkits\target\classes\WEB-INF\views\anonymous\user-account\messages-en.i18n] with encoding 'utf-8' 
2022-03-31 21:03:21.291 DEBUG [acme.framework.configuration.ExtendedMessageSource@http-nio-8080-exec-3] Loading properties [D:\Mario\Universidad\3º de Carrera 2021-2022\2 - Diseño y Pruebas II (DP2)\Workspace-22.0\Projects\Acme-Toolkits\target\classes\WEB-INF\views\authenticated\artefact\messages-en.i18n] with encoding 'utf-8' 
2022-03-31 21:03:21.305 DEBUG [acme.framework.configuration.ExtendedMessageSource@http-nio-8080-exec-3] Loading properties [D:\Mario\Universidad\3º de Carrera 2021-2022\2 - Diseño y Pruebas II (DP2)\Workspace-22.0\Projects\Acme-Toolkits\target\classes\WEB-INF\views\authenticated\consumer\messsages-en.i18n] with encoding 'utf-8' 
2022-03-31 21:03:21.315 DEBUG [acme.framework.configuration.ExtendedMessageSource@http-nio-8080-exec-3] Loading properties [D:\Mario\Universidad\3º de Carrera 2021-2022\2 - Diseño y Pruebas II (DP2)\Workspace-22.0\Projects\Acme-Toolkits\target\classes\WEB-INF\views\authenticated\provider\messsages-en.i18n] with encoding 'utf-8' 
2022-03-31 21:03:21.325 DEBUG [acme.framework.configuration.ExtendedMessageSource@http-nio-8080-exec-3] Loading properties [D:\Mario\Universidad\3º de Carrera 2021-2022\2 - Diseño y Pruebas II (DP2)\Workspace-22.0\Projects\Acme-Toolkits\target\classes\WEB-INF\views\authenticated\user-account\messages-en.i18n] with encoding 'utf-8' 
2022-03-31 21:03:21.338 DEBUG [acme.framework.configuration.ExtendedMessageSource@http-nio-8080-exec-3] Loading properties [D:\Mario\Universidad\3º de Carrera 2021-2022\2 - Diseño y Pruebas II (DP2)\Workspace-22.0\Projects\Acme-Toolkits\target\classes\WEB-INF\views\fragments\banner-en.i18n] with encoding 'utf-8' 
2022-03-31 21:03:21.350 DEBUG [acme.framework.configuration.ExtendedMessageSource@http-nio-8080-exec-3] Loading properties [D:\Mario\Universidad\3º de Carrera 2021-2022\2 - Diseño y Pruebas II (DP2)\Workspace-22.0\Projects\Acme-Toolkits\target\classes\WEB-INF\views\fragments\company-en.i18n] with encoding 'utf-8' 
2022-03-31 21:03:21.362 DEBUG [acme.framework.configuration.ExtendedMessageSource@http-nio-8080-exec-3] Loading properties [D:\Mario\Universidad\3º de Carrera 2021-2022\2 - Diseño y Pruebas II (DP2)\Workspace-22.0\Projects\Acme-Toolkits\target\classes\WEB-INF\views\fragments\footer-en.i18n] with encoding 'utf-8' 
2022-03-31 21:03:21.375 DEBUG [acme.framework.configuration.ExtendedMessageSource@http-nio-8080-exec-3] Loading properties [D:\Mario\Universidad\3º de Carrera 2021-2022\2 - Diseño y Pruebas II (DP2)\Workspace-22.0\Projects\Acme-Toolkits\target\classes\WEB-INF\views\fragments\license-en.i18n] with encoding 'utf-8' 
2022-03-31 21:03:21.385 DEBUG [acme.framework.configuration.ExtendedMessageSource@http-nio-8080-exec-3] Loading properties [D:\Mario\Universidad\3º de Carrera 2021-2022\2 - Diseño y Pruebas II (DP2)\Workspace-22.0\Projects\Acme-Toolkits\target\classes\WEB-INF\views\fragments\menu-en.i18n] with encoding 'utf-8' 
2022-03-31 21:03:21.394 DEBUG [acme.framework.configuration.ExtendedMessageSource@http-nio-8080-exec-3] Loading properties [D:\Mario\Universidad\3º de Carrera 2021-2022\2 - Diseño y Pruebas II (DP2)\Workspace-22.0\Projects\Acme-Toolkits\target\classes\WEB-INF\views\fragments\messages-en.i18n] with encoding 'utf-8' 
2022-03-31 21:03:21.407 DEBUG [acme.framework.configuration.ExtendedMessageSource@http-nio-8080-exec-3] Loading properties [D:\Mario\Universidad\3º de Carrera 2021-2022\2 - Diseño y Pruebas II (DP2)\Workspace-22.0\Projects\Acme-Toolkits\target\classes\WEB-INF\views\fragments\messsages-en.i18n] with encoding 'utf-8' 
2022-03-31 21:03:21.419 DEBUG [acme.framework.configuration.ExtendedMessageSource@http-nio-8080-exec-3] Loading properties [D:\Mario\Universidad\3º de Carrera 2021-2022\2 - Diseño y Pruebas II (DP2)\Workspace-22.0\Projects\Acme-Toolkits\target\classes\WEB-INF\views\fragments\title-en.i18n] with encoding 'utf-8' 
2022-03-31 21:03:21.427 DEBUG [acme.framework.configuration.ExtendedMessageSource@http-nio-8080-exec-3] Loading properties [D:\Mario\Universidad\3º de Carrera 2021-2022\2 - Diseño y Pruebas II (DP2)\Workspace-22.0\Projects\Acme-Toolkits\target\classes\WEB-INF\views\fragments\welcome-en.i18n] with encoding 'utf-8' 
2022-03-31 21:03:21.435 DEBUG [acme.framework.configuration.ExtendedMessageSource@http-nio-8080-exec-3] Loading properties [D:\Mario\Universidad\3º de Carrera 2021-2022\2 - Diseño y Pruebas II (DP2)\Workspace-22.0\Projects\Acme-Toolkits\target\classes\WEB-INF\views\inventor\artefact\messages-en.i18n] with encoding 'utf-8' 
2022-03-31 21:03:21.436 DEBUG [acme.framework.configuration.ExtendedMessageSource@http-nio-8080-exec-3] Loading properties [D:\Mario\Universidad\3º de Carrera 2021-2022\2 - Diseño y Pruebas II (DP2)\Workspace-22.0\Projects\Acme-Toolkits\target\classes\WEB-INF\views\inventor\toolkit\messages-en.i18n] with encoding 'utf-8' 
2022-03-31 21:03:21.445 DEBUG [acme.framework.configuration.ExtendedMessageSource@http-nio-8080-exec-3] Loading properties [D:\Mario\Universidad\3º de Carrera 2021-2022\2 - Diseño y Pruebas II (DP2)\Workspace-22.0\Projects\Acme-Toolkits\target\classes\WEB-INF\views\master\defaults-en.i18n] with encoding 'utf-8' 
2022-03-31 21:03:21.453 DEBUG [acme.framework.configuration.ExtendedMessageSource@http-nio-8080-exec-3] Loading properties [D:\Mario\Universidad\3º de Carrera 2021-2022\2 - Diseño y Pruebas II (DP2)\Workspace-22.0\Projects\Acme-Toolkits\target\classes\WEB-INF\views\master\master-en.i18n] with encoding 'utf-8' 
2022-03-31 21:03:21.461 DEBUG [acme.framework.configuration.ExtendedMessageSource@http-nio-8080-exec-3] Loading properties [D:\Mario\Universidad\3º de Carrera 2021-2022\2 - Diseño y Pruebas II (DP2)\Workspace-22.0\Projects\Acme-Toolkits\target\classes\WEB-INF\views\master\throwables-en.i18n] with encoding 'utf-8' 
2022-03-31 21:03:21.471 DEBUG [acme.framework.configuration.ExtendedMessageSource@http-nio-8080-exec-3] Loading properties [D:\Mario\Universidad\3º de Carrera 2021-2022\2 - Diseño y Pruebas II (DP2)\Workspace-22.0\Projects\Acme-Toolkits\target\classes\WEB-INF\views\master\validation-en.i18n] with encoding 'utf-8' 
2022-03-31 21:03:21.479 DEBUG [acme.framework.configuration.ExtendedMessageSource@http-nio-8080-exec-3] Loading properties [D:\Mario\Universidad\3º de Carrera 2021-2022\2 - Diseño y Pruebas II (DP2)\Workspace-22.0\Projects\Acme-Toolkits\target\classes\WEB-INF\views\patron\artefact\messages-en.i18n] with encoding 'utf-8' 
2022-03-31 21:03:21.855 DEBUG [org.apache.jasper.servlet.JspServlet@http-nio-8080-exec-3] JspEngine --> /WEB-INF/views/fragments/welcome.jsp 
2022-03-31 21:03:21.856 DEBUG [org.apache.jasper.servlet.JspServlet@http-nio-8080-exec-3] ServletPath: /WEB-INF/views/master/page.jsp 
2022-03-31 21:03:21.857 DEBUG [org.apache.jasper.servlet.JspServlet@http-nio-8080-exec-3] PathInfo: null 
2022-03-31 21:03:21.860 DEBUG [org.apache.jasper.servlet.JspServlet@http-nio-8080-exec-3] RealPath: D:\Mario\Universidad\3º de Carrera 2021-2022\2 - Diseño y Pruebas II (DP2)\Workspace-22.0\Projects\Acme-Toolkits\target\classes\WEB-INF\views\fragments\welcome.jsp 
2022-03-31 21:03:21.861 DEBUG [org.apache.jasper.servlet.JspServlet@http-nio-8080-exec-3] RequestURI: /acme-toolkits-0.1/WEB-INF/views/master/page.jsp 
2022-03-31 21:03:21.862 DEBUG [org.apache.jasper.servlet.JspServlet@http-nio-8080-exec-3] QueryString: null 
2022-03-31 21:03:22.396 DEBUG [org.hibernate.SQL@http-nio-8080-exec-3] select useraccoun0_.id as id1_0_, useraccoun0_.version as version2_0_, useraccoun0_.enabled as enabled1_16_, useraccoun0_.identity as identity2_16_, useraccoun0_.password as password3_16_, useraccoun0_.username as username4_16_ from user_account useraccoun0_ where useraccoun0_.username=? 
2022-03-31 21:03:22.444 TRACE [org.hibernate.type.descriptor.sql.BasicBinder@http-nio-8080-exec-3] binding parameter [1] as [VARCHAR] - [anonymous] 
2022-03-31 21:03:22.547 DEBUG [org.hibernate.SQL@http-nio-8080-exec-3] select roles0_.user_account_id as user_acc1_17_0_, roles0_.id as id1_17_0_, roles0_.id as id1_0_1_, roles0_.version as version2_0_1_, roles0_.user_account_id as user_acc1_17_1_, roles0_.company as company1_7_1_, roles0_.sector as sector2_7_1_, roles0_.company as company1_8_1_, roles0_.link as link2_8_1_, roles0_.statement as statemen3_8_1_, roles0_.company as company1_9_1_, roles0_.link as link2_9_1_, roles0_.statement as statemen3_9_1_, roles0_.company as company1_12_1_, roles0_.sector as sector2_12_1_, roles0_.clazz_ as clazz_1_ from ( select id, version, user_account_id, company, sector, null as link, null as statement, 10 as clazz_ from consumer union all select id, version, user_account_id, company, null as sector, link, statement, 11 as clazz_ from inventor union all select id, version, user_account_id, company, null as sector, link, statement, 12 as clazz_ from patron union all select id, version, user_account_id, company, sector, null as link, null as statement, 13 as clazz_ from provider union all select id, version, user_account_id, null as company, null as sector, null as link, null as statement, 15 as clazz_ from administrator union all select id, version, user_account_id, null as company, null as sector, null as link, null as statement, 16 as clazz_ from anonymous union all select id, version, user_account_id, null as company, null as sector, null as link, null as statement, 17 as clazz_ from authenticated ) roles0_ where roles0_.user_account_id=? 
2022-03-31 21:03:22.549 TRACE [org.hibernate.type.descriptor.sql.BasicBinder@http-nio-8080-exec-3] binding parameter [1] as [INTEGER] - [1] 
2022-03-31 21:03:25.829 DEBUG [acme.framework.components.tiles.DynamicTilesView@http-nio-8080-exec-7] View name 'master/sign-in', model {username=, password=, remember=false} 
2022-03-31 21:03:25.832 DEBUG [org.apache.jasper.servlet.JspServlet@http-nio-8080-exec-7] JspEngine --> /WEB-INF/views/master/page.jsp 
2022-03-31 21:03:25.833 DEBUG [org.apache.jasper.servlet.JspServlet@http-nio-8080-exec-7] ServletPath: /WEB-INF/views/master/page.jsp 
2022-03-31 21:03:25.834 DEBUG [org.apache.jasper.servlet.JspServlet@http-nio-8080-exec-7] PathInfo: null 
2022-03-31 21:03:25.838 DEBUG [org.apache.jasper.servlet.JspServlet@http-nio-8080-exec-7] RealPath: D:\Mario\Universidad\3º de Carrera 2021-2022\2 - Diseño y Pruebas II (DP2)\Workspace-22.0\Projects\Acme-Toolkits\target\classes\WEB-INF\views\master\page.jsp 
2022-03-31 21:03:25.839 DEBUG [org.apache.jasper.servlet.JspServlet@http-nio-8080-exec-7] RequestURI: /acme-toolkits-0.1/WEB-INF/views/master/page.jsp 
2022-03-31 21:03:25.840 DEBUG [org.apache.jasper.servlet.JspServlet@http-nio-8080-exec-7] QueryString: null 
2022-03-31 21:03:26.126 DEBUG [org.apache.jasper.servlet.JspServlet@http-nio-8080-exec-7] JspEngine --> /WEB-INF/views/master/sign-in.jsp 
2022-03-31 21:03:26.127 DEBUG [org.apache.jasper.servlet.JspServlet@http-nio-8080-exec-7] ServletPath: /WEB-INF/views/master/page.jsp 
2022-03-31 21:03:26.127 DEBUG [org.apache.jasper.servlet.JspServlet@http-nio-8080-exec-7] PathInfo: null 
2022-03-31 21:03:26.128 DEBUG [org.apache.jasper.servlet.JspServlet@http-nio-8080-exec-7] RealPath: D:\Mario\Universidad\3º de Carrera 2021-2022\2 - Diseño y Pruebas II (DP2)\Workspace-22.0\Projects\Acme-Toolkits\target\classes\WEB-INF\views\master\sign-in.jsp 
2022-03-31 21:03:26.129 DEBUG [org.apache.jasper.servlet.JspServlet@http-nio-8080-exec-7] RequestURI: /acme-toolkits-0.1/WEB-INF/views/master/page.jsp 
2022-03-31 21:03:26.130 DEBUG [org.apache.jasper.servlet.JspServlet@http-nio-8080-exec-7] QueryString: null 
2022-03-31 21:03:29.524 DEBUG [org.hibernate.SQL@http-nio-8080-exec-7] select useraccoun0_.id as id1_0_, useraccoun0_.version as version2_0_, useraccoun0_.enabled as enabled1_16_, useraccoun0_.identity as identity2_16_, useraccoun0_.password as password3_16_, useraccoun0_.username as username4_16_ from user_account useraccoun0_ where useraccoun0_.username=? 
2022-03-31 21:03:29.526 TRACE [org.hibernate.type.descriptor.sql.BasicBinder@http-nio-8080-exec-7] binding parameter [1] as [VARCHAR] - [anonymous] 
2022-03-31 21:03:29.530 DEBUG [org.hibernate.SQL@http-nio-8080-exec-7] select roles0_.user_account_id as user_acc1_17_0_, roles0_.id as id1_17_0_, roles0_.id as id1_0_1_, roles0_.version as version2_0_1_, roles0_.user_account_id as user_acc1_17_1_, roles0_.company as company1_7_1_, roles0_.sector as sector2_7_1_, roles0_.company as company1_8_1_, roles0_.link as link2_8_1_, roles0_.statement as statemen3_8_1_, roles0_.company as company1_9_1_, roles0_.link as link2_9_1_, roles0_.statement as statemen3_9_1_, roles0_.company as company1_12_1_, roles0_.sector as sector2_12_1_, roles0_.clazz_ as clazz_1_ from ( select id, version, user_account_id, company, sector, null as link, null as statement, 10 as clazz_ from consumer union all select id, version, user_account_id, company, null as sector, link, statement, 11 as clazz_ from inventor union all select id, version, user_account_id, company, null as sector, link, statement, 12 as clazz_ from patron union all select id, version, user_account_id, company, sector, null as link, null as statement, 13 as clazz_ from provider union all select id, version, user_account_id, null as company, null as sector, null as link, null as statement, 15 as clazz_ from administrator union all select id, version, user_account_id, null as company, null as sector, null as link, null as statement, 16 as clazz_ from anonymous union all select id, version, user_account_id, null as company, null as sector, null as link, null as statement, 17 as clazz_ from authenticated ) roles0_ where roles0_.user_account_id=? 
2022-03-31 21:03:29.532 TRACE [org.hibernate.type.descriptor.sql.BasicBinder@http-nio-8080-exec-7] binding parameter [1] as [INTEGER] - [1] 
2022-03-31 21:03:37.055 DEBUG [org.hibernate.SQL@http-nio-8080-exec-2] select useraccoun0_.id as id1_0_, useraccoun0_.version as version2_0_, useraccoun0_.enabled as enabled1_16_, useraccoun0_.identity as identity2_16_, useraccoun0_.password as password3_16_, useraccoun0_.username as username4_16_ from user_account useraccoun0_ where useraccoun0_.username=? 
2022-03-31 21:03:37.057 TRACE [org.hibernate.type.descriptor.sql.BasicBinder@http-nio-8080-exec-2] binding parameter [1] as [VARCHAR] - [inventor1] 
2022-03-31 21:03:37.064 DEBUG [org.hibernate.SQL@http-nio-8080-exec-2] select roles0_.user_account_id as user_acc1_17_0_, roles0_.id as id1_17_0_, roles0_.id as id1_0_1_, roles0_.version as version2_0_1_, roles0_.user_account_id as user_acc1_17_1_, roles0_.company as company1_7_1_, roles0_.sector as sector2_7_1_, roles0_.company as company1_8_1_, roles0_.link as link2_8_1_, roles0_.statement as statemen3_8_1_, roles0_.company as company1_9_1_, roles0_.link as link2_9_1_, roles0_.statement as statemen3_9_1_, roles0_.company as company1_12_1_, roles0_.sector as sector2_12_1_, roles0_.clazz_ as clazz_1_ from ( select id, version, user_account_id, company, sector, null as link, null as statement, 10 as clazz_ from consumer union all select id, version, user_account_id, company, null as sector, link, statement, 11 as clazz_ from inventor union all select id, version, user_account_id, company, null as sector, link, statement, 12 as clazz_ from patron union all select id, version, user_account_id, company, sector, null as link, null as statement, 13 as clazz_ from provider union all select id, version, user_account_id, null as company, null as sector, null as link, null as statement, 15 as clazz_ from administrator union all select id, version, user_account_id, null as company, null as sector, null as link, null as statement, 16 as clazz_ from anonymous union all select id, version, user_account_id, null as company, null as sector, null as link, null as statement, 17 as clazz_ from authenticated ) roles0_ where roles0_.user_account_id=? 
2022-03-31 21:03:37.066 TRACE [org.hibernate.type.descriptor.sql.BasicBinder@http-nio-8080-exec-2] binding parameter [1] as [INTEGER] - [8] 
2022-03-31 21:03:37.141 DEBUG [acme.framework.components.tiles.DynamicTilesView@http-nio-8080-exec-9] View name 'fragments/welcome', model {} 
2022-03-31 21:03:37.145 DEBUG [org.apache.jasper.servlet.JspServlet@http-nio-8080-exec-9] JspEngine --> /WEB-INF/views/master/page.jsp 
2022-03-31 21:03:37.146 DEBUG [org.apache.jasper.servlet.JspServlet@http-nio-8080-exec-9] ServletPath: /WEB-INF/views/master/page.jsp 
2022-03-31 21:03:37.146 DEBUG [org.apache.jasper.servlet.JspServlet@http-nio-8080-exec-9] PathInfo: null 
2022-03-31 21:03:37.152 DEBUG [org.apache.jasper.servlet.JspServlet@http-nio-8080-exec-9] RealPath: D:\Mario\Universidad\3º de Carrera 2021-2022\2 - Diseño y Pruebas II (DP2)\Workspace-22.0\Projects\Acme-Toolkits\target\classes\WEB-INF\views\master\page.jsp 
2022-03-31 21:03:37.153 DEBUG [org.apache.jasper.servlet.JspServlet@http-nio-8080-exec-9] RequestURI: /acme-toolkits-0.1/WEB-INF/views/master/page.jsp 
2022-03-31 21:03:37.155 DEBUG [org.apache.jasper.servlet.JspServlet@http-nio-8080-exec-9] QueryString: null 
2022-03-31 21:03:37.485 DEBUG [org.apache.jasper.servlet.JspServlet@http-nio-8080-exec-9] JspEngine --> /WEB-INF/views/fragments/welcome.jsp 
2022-03-31 21:03:37.485 DEBUG [org.apache.jasper.servlet.JspServlet@http-nio-8080-exec-9] ServletPath: /WEB-INF/views/master/page.jsp 
2022-03-31 21:03:37.486 DEBUG [org.apache.jasper.servlet.JspServlet@http-nio-8080-exec-9] PathInfo: null 
2022-03-31 21:03:37.488 DEBUG [org.apache.jasper.servlet.JspServlet@http-nio-8080-exec-9] RealPath: D:\Mario\Universidad\3º de Carrera 2021-2022\2 - Diseño y Pruebas II (DP2)\Workspace-22.0\Projects\Acme-Toolkits\target\classes\WEB-INF\views\fragments\welcome.jsp 
2022-03-31 21:03:37.489 DEBUG [org.apache.jasper.servlet.JspServlet@http-nio-8080-exec-9] RequestURI: /acme-toolkits-0.1/WEB-INF/views/master/page.jsp 
2022-03-31 21:03:37.490 DEBUG [org.apache.jasper.servlet.JspServlet@http-nio-8080-exec-9] QueryString: null 
2022-03-31 21:03:40.341 DEBUG [acme.framework.controllers.AbstractController@http-nio-8080-exec-10] DISPATCHING GET /acme-toolkits-0.1/inventor/toolkit/list-mine 
2022-03-31 21:03:40.342 DEBUG [acme.framework.controllers.AbstractController@http-nio-8080-exec-10] Command: list-mine 
2022-03-31 21:03:40.342 DEBUG [acme.framework.controllers.AbstractController@http-nio-8080-exec-10] Model:   {} 
2022-03-31 21:03:40.343 DEBUG [acme.framework.controllers.AbstractController@http-nio-8080-exec-10] Locale:  en 
2022-03-31 21:03:40.418 DEBUG [org.hibernate.SQL@http-nio-8080-exec-10] select toolkit0_.id as id1_0_, toolkit0_.version as version2_0_, toolkit0_.assembly_notes as assembly1_15_, toolkit0_.code as code2_15_, toolkit0_.description as descript3_15_, toolkit0_.link as link4_15_, toolkit0_.title as title5_15_ from toolkit toolkit0_ inner join quantity quantity1_ on (quantity1_.toolkit_id=toolkit0_.id) inner join artefact artefact2_ on (artefact2_.id=quantity1_.artefact_id) where artefact2_.inventor_id=? 
2022-03-31 21:03:40.421 TRACE [org.hibernate.type.descriptor.sql.BasicBinder@http-nio-8080-exec-10] binding parameter [1] as [INTEGER] - [16] 
2022-03-31 21:03:40.521 DEBUG [acme.framework.controllers.AbstractController@http-nio-8080-exec-10] SERVING GET /acme-toolkits-0.1/inventor/toolkit/list-mine 
2022-03-31 21:03:40.523 DEBUG [acme.framework.controllers.AbstractController@http-nio-8080-exec-10] Result: ModelAndView [view="inventor/toolkit/list"; model={link[1]= https://www.google.es, description[1]= New description 1, link[0]= https://www.google.com, title[1]= New title 1, description[0]= New description 2, version[1]=0, list$size=2, code[0]=ABB-321-A, version[0]=0, title[0]= New title 2, code[1]=AAA-123-A, id[1]=38, id[0]=39, assemblyNotes[0]= This is assembly notes 2, assemblyNotes[1]= This is assembly notes 1, command=list-mine, principal=acme.framework.entities.Principal@100e068}] 
2022-03-31 21:03:40.539 DEBUG [acme.framework.components.tiles.DynamicTilesView@http-nio-8080-exec-10] View name 'inventor/toolkit/list', model {link[1]= https://www.google.es, description[1]= New description 1, link[0]= https://www.google.com, title[1]= New title 1, description[0]= New description 2, version[1]=0, list$size=2, code[0]=ABB-321-A, version[0]=0, title[0]= New title 2, code[1]=AAA-123-A, id[1]=38, id[0]=39, assemblyNotes[0]= This is assembly notes 2, assemblyNotes[1]= This is assembly notes 1, command=list-mine, principal=acme.framework.entities.Principal@100e068, org.springframework.validation.BindingResult.principal=org.springframework.validation.BeanPropertyBindingResult: 0 errors} 
2022-03-31 21:03:40.542 DEBUG [org.apache.jasper.servlet.JspServlet@http-nio-8080-exec-10] JspEngine --> /WEB-INF/views/master/page.jsp 
2022-03-31 21:03:40.544 DEBUG [org.apache.jasper.servlet.JspServlet@http-nio-8080-exec-10] ServletPath: /WEB-INF/views/master/page.jsp 
2022-03-31 21:03:40.545 DEBUG [org.apache.jasper.servlet.JspServlet@http-nio-8080-exec-10] PathInfo: null 
2022-03-31 21:03:40.546 DEBUG [org.apache.jasper.servlet.JspServlet@http-nio-8080-exec-10] RealPath: D:\Mario\Universidad\3º de Carrera 2021-2022\2 - Diseño y Pruebas II (DP2)\Workspace-22.0\Projects\Acme-Toolkits\target\classes\WEB-INF\views\master\page.jsp 
2022-03-31 21:03:40.547 DEBUG [org.apache.jasper.servlet.JspServlet@http-nio-8080-exec-10] RequestURI: /acme-toolkits-0.1/WEB-INF/views/master/page.jsp 
2022-03-31 21:03:40.548 DEBUG [org.apache.jasper.servlet.JspServlet@http-nio-8080-exec-10] QueryString: null 
2022-03-31 21:03:40.788 DEBUG [org.apache.jasper.servlet.JspServlet@http-nio-8080-exec-10] JspEngine --> /WEB-INF/views/inventor/toolkit/list.jsp 
2022-03-31 21:03:40.790 DEBUG [org.apache.jasper.servlet.JspServlet@http-nio-8080-exec-10] ServletPath: /WEB-INF/views/master/page.jsp 
2022-03-31 21:03:40.791 DEBUG [org.apache.jasper.servlet.JspServlet@http-nio-8080-exec-10] PathInfo: null 
2022-03-31 21:03:40.794 DEBUG [org.apache.jasper.servlet.JspServlet@http-nio-8080-exec-10] RealPath: D:\Mario\Universidad\3º de Carrera 2021-2022\2 - Diseño y Pruebas II (DP2)\Workspace-22.0\Projects\Acme-Toolkits\target\classes\WEB-INF\views\inventor\toolkit\list.jsp 
2022-03-31 21:03:40.796 DEBUG [org.apache.jasper.servlet.JspServlet@http-nio-8080-exec-10] RequestURI: /acme-toolkits-0.1/WEB-INF/views/master/page.jsp 
2022-03-31 21:03:40.797 DEBUG [org.apache.jasper.servlet.JspServlet@http-nio-8080-exec-10] QueryString: null 
2022-03-31 21:03:43.878 DEBUG [acme.framework.controllers.AbstractController@http-nio-8080-exec-9] DISPATCHING GET /acme-toolkits-0.1/inventor/toolkit/show 
2022-03-31 21:03:43.879 DEBUG [acme.framework.controllers.AbstractController@http-nio-8080-exec-9] Command: show 
2022-03-31 21:03:43.879 DEBUG [acme.framework.controllers.AbstractController@http-nio-8080-exec-9] Model:   {id=39} 
2022-03-31 21:03:43.879 DEBUG [acme.framework.controllers.AbstractController@http-nio-8080-exec-9] Locale:  en 
2022-03-31 21:03:43.911 DEBUG [org.hibernate.SQL@http-nio-8080-exec-9] select toolkit0_.id as id1_0_, toolkit0_.version as version2_0_, toolkit0_.assembly_notes as assembly1_15_, toolkit0_.code as code2_15_, toolkit0_.description as descript3_15_, toolkit0_.link as link4_15_, toolkit0_.title as title5_15_ from toolkit toolkit0_ where toolkit0_.id=? 
2022-03-31 21:03:43.912 TRACE [org.hibernate.type.descriptor.sql.BasicBinder@http-nio-8080-exec-9] binding parameter [1] as [INTEGER] - [39] 
2022-03-31 21:03:43.921 DEBUG [org.hibernate.SQL@http-nio-8080-exec-9] select artefact2_.retail_price_amount as col_0_0_, artefact2_.retail_price_currency as col_0_1_ from toolkit toolkit0_ inner join quantity quantity1_ on (quantity1_.toolkit_id=toolkit0_.id) inner join artefact artefact2_ on (artefact2_.id=quantity1_.artefact_id) where toolkit0_.id=? 
2022-03-31 21:03:43.922 TRACE [org.hibernate.type.descriptor.sql.BasicBinder@http-nio-8080-exec-9] binding parameter [1] as [INTEGER] - [39] 
2022-03-31 21:03:43.933 DEBUG [acme.framework.controllers.AbstractController@http-nio-8080-exec-9] SERVING GET /acme-toolkits-0.1/inventor/toolkit/show 
2022-03-31 21:03:43.940 DEBUG [acme.framework.controllers.AbstractController@http-nio-8080-exec-9] Result: ModelAndView [view="inventor/toolkit/form"; model={assemblyNotes= This is assembly notes 2, code=ABB-321-A, price=<<EUR 10.00>>, link= https://www.google.com, description= New description 2, id=39, title= New title 2, version=0, command=show, principal=acme.framework.entities.Principal@100e068}] 
2022-03-31 21:03:43.943 DEBUG [acme.framework.components.tiles.DynamicTilesView@http-nio-8080-exec-9] View name 'inventor/toolkit/form', model {assemblyNotes= This is assembly notes 2, code=ABB-321-A, price=<<EUR 10.00>>, link= https://www.google.com, description= New description 2, id=39, title= New title 2, version=0, command=show, principal=acme.framework.entities.Principal@100e068, org.springframework.validation.BindingResult.price=org.springframework.validation.BeanPropertyBindingResult: 0 errors, org.springframework.validation.BindingResult.principal=org.springframework.validation.BeanPropertyBindingResult: 0 errors} 
2022-03-31 21:03:43.946 DEBUG [org.apache.jasper.servlet.JspServlet@http-nio-8080-exec-9] JspEngine --> /WEB-INF/views/master/page.jsp 
2022-03-31 21:03:43.948 DEBUG [org.apache.jasper.servlet.JspServlet@http-nio-8080-exec-9] ServletPath: /WEB-INF/views/master/page.jsp 
2022-03-31 21:03:43.949 DEBUG [org.apache.jasper.servlet.JspServlet@http-nio-8080-exec-9] PathInfo: null 
2022-03-31 21:03:43.954 DEBUG [org.apache.jasper.servlet.JspServlet@http-nio-8080-exec-9] RealPath: D:\Mario\Universidad\3º de Carrera 2021-2022\2 - Diseño y Pruebas II (DP2)\Workspace-22.0\Projects\Acme-Toolkits\target\classes\WEB-INF\views\master\page.jsp 
2022-03-31 21:03:43.957 DEBUG [org.apache.jasper.servlet.JspServlet@http-nio-8080-exec-9] RequestURI: /acme-toolkits-0.1/WEB-INF/views/master/page.jsp 
2022-03-31 21:03:43.958 DEBUG [org.apache.jasper.servlet.JspServlet@http-nio-8080-exec-9] QueryString: id=39 
2022-03-31 21:03:44.210 DEBUG [org.apache.jasper.servlet.JspServlet@http-nio-8080-exec-9] JspEngine --> /WEB-INF/views/inventor/toolkit/form.jsp 
2022-03-31 21:03:44.211 DEBUG [org.apache.jasper.servlet.JspServlet@http-nio-8080-exec-9] ServletPath: /WEB-INF/views/master/page.jsp 
2022-03-31 21:03:44.212 DEBUG [org.apache.jasper.servlet.JspServlet@http-nio-8080-exec-9] PathInfo: null 
2022-03-31 21:03:44.217 DEBUG [org.apache.jasper.servlet.JspServlet@http-nio-8080-exec-9] RealPath: D:\Mario\Universidad\3º de Carrera 2021-2022\2 - Diseño y Pruebas II (DP2)\Workspace-22.0\Projects\Acme-Toolkits\target\classes\WEB-INF\views\inventor\toolkit\form.jsp 
2022-03-31 21:03:44.219 DEBUG [org.apache.jasper.servlet.JspServlet@http-nio-8080-exec-9] RequestURI: /acme-toolkits-0.1/WEB-INF/views/master/page.jsp 
2022-03-31 21:03:44.221 DEBUG [org.apache.jasper.servlet.JspServlet@http-nio-8080-exec-9] QueryString: id=39 
2022-03-31 21:03:47.341 DEBUG [acme.framework.components.tiles.DynamicTilesView@http-nio-8080-exec-10] View name 'master/panic', model {} 
2022-03-31 21:03:47.346 DEBUG [org.apache.jasper.servlet.JspServlet@http-nio-8080-exec-10] JspEngine --> /WEB-INF/views/master/page.jsp 
2022-03-31 21:03:47.349 DEBUG [org.apache.jasper.servlet.JspServlet@http-nio-8080-exec-10] ServletPath: /WEB-INF/views/master/page.jsp 
2022-03-31 21:03:47.351 DEBUG [org.apache.jasper.servlet.JspServlet@http-nio-8080-exec-10] PathInfo: null 
2022-03-31 21:03:47.356 DEBUG [org.apache.jasper.servlet.JspServlet@http-nio-8080-exec-10] RealPath: D:\Mario\Universidad\3º de Carrera 2021-2022\2 - Diseño y Pruebas II (DP2)\Workspace-22.0\Projects\Acme-Toolkits\target\classes\WEB-INF\views\master\page.jsp 
2022-03-31 21:03:47.357 DEBUG [org.apache.jasper.servlet.JspServlet@http-nio-8080-exec-10] RequestURI: /acme-toolkits-0.1/WEB-INF/views/master/page.jsp 
2022-03-31 21:03:47.358 DEBUG [org.apache.jasper.servlet.JspServlet@http-nio-8080-exec-10] QueryString: masterId=39 
2022-03-31 21:03:47.560 DEBUG [org.apache.jasper.servlet.JspServlet@http-nio-8080-exec-10] JspEngine --> /WEB-INF/views/master/panic.jsp 
2022-03-31 21:03:47.561 DEBUG [org.apache.jasper.servlet.JspServlet@http-nio-8080-exec-10] ServletPath: /WEB-INF/views/master/page.jsp 
2022-03-31 21:03:47.562 DEBUG [org.apache.jasper.servlet.JspServlet@http-nio-8080-exec-10] PathInfo: null 
2022-03-31 21:03:47.564 DEBUG [org.apache.jasper.servlet.JspServlet@http-nio-8080-exec-10] RealPath: D:\Mario\Universidad\3º de Carrera 2021-2022\2 - Diseño y Pruebas II (DP2)\Workspace-22.0\Projects\Acme-Toolkits\target\classes\WEB-INF\views\master\panic.jsp 
2022-03-31 21:03:47.564 DEBUG [org.apache.jasper.servlet.JspServlet@http-nio-8080-exec-10] RequestURI: /acme-toolkits-0.1/WEB-INF/views/master/page.jsp 
2022-03-31 21:03:47.565 DEBUG [org.apache.jasper.servlet.JspServlet@http-nio-8080-exec-10] QueryString: masterId=39 
2022-03-31 21:03:47.880 ERROR [org.apache.jsp.WEB_002dINF.views.master.panic_jsp@http-nio-8080-exec-10] HTTP GET /acme-toolkits-0.1/WEB-INF/views/master/page.jsp HTTP/1.1 
2022-03-31 21:03:47.881 ERROR [org.apache.jsp.WEB_002dINF.views.master.panic_jsp@http-nio-8080-exec-10] Status: 404 
2022-03-31 21:03:50.920 DEBUG [acme.framework.controllers.AbstractController@http-nio-8080-exec-10] DISPATCHING GET /acme-toolkits-0.1/inventor/toolkit/show 
2022-03-31 21:03:50.921 DEBUG [acme.framework.controllers.AbstractController@http-nio-8080-exec-10] Command: show 
2022-03-31 21:03:50.921 DEBUG [acme.framework.controllers.AbstractController@http-nio-8080-exec-10] Model:   {id=39} 
2022-03-31 21:03:50.922 DEBUG [acme.framework.controllers.AbstractController@http-nio-8080-exec-10] Locale:  en 
2022-03-31 21:03:50.927 DEBUG [org.hibernate.SQL@http-nio-8080-exec-10] select toolkit0_.id as id1_0_, toolkit0_.version as version2_0_, toolkit0_.assembly_notes as assembly1_15_, toolkit0_.code as code2_15_, toolkit0_.description as descript3_15_, toolkit0_.link as link4_15_, toolkit0_.title as title5_15_ from toolkit toolkit0_ where toolkit0_.id=? 
2022-03-31 21:03:50.927 TRACE [org.hibernate.type.descriptor.sql.BasicBinder@http-nio-8080-exec-10] binding parameter [1] as [INTEGER] - [39] 
2022-03-31 21:03:50.936 DEBUG [org.hibernate.SQL@http-nio-8080-exec-10] select artefact2_.retail_price_amount as col_0_0_, artefact2_.retail_price_currency as col_0_1_ from toolkit toolkit0_ inner join quantity quantity1_ on (quantity1_.toolkit_id=toolkit0_.id) inner join artefact artefact2_ on (artefact2_.id=quantity1_.artefact_id) where toolkit0_.id=? 
2022-03-31 21:03:50.937 TRACE [org.hibernate.type.descriptor.sql.BasicBinder@http-nio-8080-exec-10] binding parameter [1] as [INTEGER] - [39] 
2022-03-31 21:03:50.945 DEBUG [acme.framework.controllers.AbstractController@http-nio-8080-exec-10] SERVING GET /acme-toolkits-0.1/inventor/toolkit/show 
2022-03-31 21:03:50.947 DEBUG [acme.framework.controllers.AbstractController@http-nio-8080-exec-10] Result: ModelAndView [view="inventor/toolkit/form"; model={assemblyNotes= This is assembly notes 2, code=ABB-321-A, price=<<EUR 10.00>>, link= https://www.google.com, description= New description 2, id=39, title= New title 2, version=0, command=show, principal=acme.framework.entities.Principal@100e068}] 
2022-03-31 21:03:50.949 DEBUG [acme.framework.components.tiles.DynamicTilesView@http-nio-8080-exec-10] View name 'inventor/toolkit/form', model {assemblyNotes= This is assembly notes 2, code=ABB-321-A, price=<<EUR 10.00>>, link= https://www.google.com, description= New description 2, id=39, title= New title 2, version=0, command=show, principal=acme.framework.entities.Principal@100e068, org.springframework.validation.BindingResult.price=org.springframework.validation.BeanPropertyBindingResult: 0 errors, org.springframework.validation.BindingResult.principal=org.springframework.validation.BeanPropertyBindingResult: 0 errors} 
2022-03-31 21:03:50.954 DEBUG [org.apache.jasper.servlet.JspServlet@http-nio-8080-exec-10] JspEngine --> /WEB-INF/views/master/page.jsp 
2022-03-31 21:03:50.956 DEBUG [org.apache.jasper.servlet.JspServlet@http-nio-8080-exec-10] ServletPath: /WEB-INF/views/master/page.jsp 
2022-03-31 21:03:50.957 DEBUG [org.apache.jasper.servlet.JspServlet@http-nio-8080-exec-10] PathInfo: null 
2022-03-31 21:03:50.962 DEBUG [org.apache.jasper.servlet.JspServlet@http-nio-8080-exec-10] RealPath: D:\Mario\Universidad\3º de Carrera 2021-2022\2 - Diseño y Pruebas II (DP2)\Workspace-22.0\Projects\Acme-Toolkits\target\classes\WEB-INF\views\master\page.jsp 
2022-03-31 21:03:50.965 DEBUG [org.apache.jasper.servlet.JspServlet@http-nio-8080-exec-10] RequestURI: /acme-toolkits-0.1/WEB-INF/views/master/page.jsp 
2022-03-31 21:03:50.966 DEBUG [org.apache.jasper.servlet.JspServlet@http-nio-8080-exec-10] QueryString: id=39 
2022-03-31 21:03:51.227 DEBUG [org.apache.jasper.servlet.JspServlet@http-nio-8080-exec-10] JspEngine --> /WEB-INF/views/inventor/toolkit/form.jsp 
2022-03-31 21:03:51.228 DEBUG [org.apache.jasper.servlet.JspServlet@http-nio-8080-exec-10] ServletPath: /WEB-INF/views/master/page.jsp 
2022-03-31 21:03:51.229 DEBUG [org.apache.jasper.servlet.JspServlet@http-nio-8080-exec-10] PathInfo: null 
2022-03-31 21:03:51.233 DEBUG [org.apache.jasper.servlet.JspServlet@http-nio-8080-exec-10] RealPath: D:\Mario\Universidad\3º de Carrera 2021-2022\2 - Diseño y Pruebas II (DP2)\Workspace-22.0\Projects\Acme-Toolkits\target\classes\WEB-INF\views\inventor\toolkit\form.jsp 
2022-03-31 21:03:51.234 DEBUG [org.apache.jasper.servlet.JspServlet@http-nio-8080-exec-10] RequestURI: /acme-toolkits-0.1/WEB-INF/views/master/page.jsp 
2022-03-31 21:03:51.236 DEBUG [org.apache.jasper.servlet.JspServlet@http-nio-8080-exec-10] QueryString: id=39 
2022-03-31 21:03:53.166 DEBUG [acme.framework.components.tiles.DynamicTilesView@http-nio-8080-exec-8] View name 'master/panic', model {} 
2022-03-31 21:03:53.170 DEBUG [org.apache.jasper.servlet.JspServlet@http-nio-8080-exec-8] JspEngine --> /WEB-INF/views/master/page.jsp 
2022-03-31 21:03:53.173 DEBUG [org.apache.jasper.servlet.JspServlet@http-nio-8080-exec-8] ServletPath: /WEB-INF/views/master/page.jsp 
2022-03-31 21:03:53.174 DEBUG [org.apache.jasper.servlet.JspServlet@http-nio-8080-exec-8] PathInfo: null 
2022-03-31 21:03:53.175 DEBUG [org.apache.jasper.servlet.JspServlet@http-nio-8080-exec-8] RealPath: D:\Mario\Universidad\3º de Carrera 2021-2022\2 - Diseño y Pruebas II (DP2)\Workspace-22.0\Projects\Acme-Toolkits\target\classes\WEB-INF\views\master\page.jsp 
2022-03-31 21:03:53.176 DEBUG [org.apache.jasper.servlet.JspServlet@http-nio-8080-exec-8] RequestURI: /acme-toolkits-0.1/WEB-INF/views/master/page.jsp 
2022-03-31 21:03:53.177 DEBUG [org.apache.jasper.servlet.JspServlet@http-nio-8080-exec-8] QueryString: masterId=39 
2022-03-31 21:03:53.404 DEBUG [org.apache.jasper.servlet.JspServlet@http-nio-8080-exec-8] JspEngine --> /WEB-INF/views/master/panic.jsp 
2022-03-31 21:03:53.406 DEBUG [org.apache.jasper.servlet.JspServlet@http-nio-8080-exec-8] ServletPath: /WEB-INF/views/master/page.jsp 
2022-03-31 21:03:53.407 DEBUG [org.apache.jasper.servlet.JspServlet@http-nio-8080-exec-8] PathInfo: null 
2022-03-31 21:03:53.409 DEBUG [org.apache.jasper.servlet.JspServlet@http-nio-8080-exec-8] RealPath: D:\Mario\Universidad\3º de Carrera 2021-2022\2 - Diseño y Pruebas II (DP2)\Workspace-22.0\Projects\Acme-Toolkits\target\classes\WEB-INF\views\master\panic.jsp 
2022-03-31 21:03:53.410 DEBUG [org.apache.jasper.servlet.JspServlet@http-nio-8080-exec-8] RequestURI: /acme-toolkits-0.1/WEB-INF/views/master/page.jsp 
2022-03-31 21:03:53.412 DEBUG [org.apache.jasper.servlet.JspServlet@http-nio-8080-exec-8] QueryString: masterId=39 
2022-03-31 21:03:53.412 ERROR [org.apache.jsp.WEB_002dINF.views.master.panic_jsp@http-nio-8080-exec-8] HTTP GET /acme-toolkits-0.1/WEB-INF/views/master/page.jsp HTTP/1.1 
2022-03-31 21:03:53.413 ERROR [org.apache.jsp.WEB_002dINF.views.master.panic_jsp@http-nio-8080-exec-8] Status: 404 
2022-03-31 21:03:55.298 DEBUG [acme.framework.controllers.AbstractController@http-nio-8080-exec-4] DISPATCHING GET /acme-toolkits-0.1/inventor/toolkit/show 
2022-03-31 21:03:55.299 DEBUG [acme.framework.controllers.AbstractController@http-nio-8080-exec-4] Command: show 
2022-03-31 21:03:55.299 DEBUG [acme.framework.controllers.AbstractController@http-nio-8080-exec-4] Model:   {id=39} 
2022-03-31 21:03:55.300 DEBUG [acme.framework.controllers.AbstractController@http-nio-8080-exec-4] Locale:  en 
2022-03-31 21:03:55.304 DEBUG [org.hibernate.SQL@http-nio-8080-exec-4] select toolkit0_.id as id1_0_, toolkit0_.version as version2_0_, toolkit0_.assembly_notes as assembly1_15_, toolkit0_.code as code2_15_, toolkit0_.description as descript3_15_, toolkit0_.link as link4_15_, toolkit0_.title as title5_15_ from toolkit toolkit0_ where toolkit0_.id=? 
2022-03-31 21:03:55.305 TRACE [org.hibernate.type.descriptor.sql.BasicBinder@http-nio-8080-exec-4] binding parameter [1] as [INTEGER] - [39] 
2022-03-31 21:03:55.312 DEBUG [org.hibernate.SQL@http-nio-8080-exec-4] select artefact2_.retail_price_amount as col_0_0_, artefact2_.retail_price_currency as col_0_1_ from toolkit toolkit0_ inner join quantity quantity1_ on (quantity1_.toolkit_id=toolkit0_.id) inner join artefact artefact2_ on (artefact2_.id=quantity1_.artefact_id) where toolkit0_.id=? 
2022-03-31 21:03:55.315 TRACE [org.hibernate.type.descriptor.sql.BasicBinder@http-nio-8080-exec-4] binding parameter [1] as [INTEGER] - [39] 
2022-03-31 21:03:55.324 DEBUG [acme.framework.controllers.AbstractController@http-nio-8080-exec-4] SERVING GET /acme-toolkits-0.1/inventor/toolkit/show 
2022-03-31 21:03:55.325 DEBUG [acme.framework.controllers.AbstractController@http-nio-8080-exec-4] Result: ModelAndView [view="inventor/toolkit/form"; model={assemblyNotes= This is assembly notes 2, code=ABB-321-A, price=<<EUR 10.00>>, link= https://www.google.com, description= New description 2, id=39, title= New title 2, version=0, command=show, principal=acme.framework.entities.Principal@100e068}] 
2022-03-31 21:03:55.326 DEBUG [acme.framework.components.tiles.DynamicTilesView@http-nio-8080-exec-4] View name 'inventor/toolkit/form', model {assemblyNotes= This is assembly notes 2, code=ABB-321-A, price=<<EUR 10.00>>, link= https://www.google.com, description= New description 2, id=39, title= New title 2, version=0, command=show, principal=acme.framework.entities.Principal@100e068, org.springframework.validation.BindingResult.price=org.springframework.validation.BeanPropertyBindingResult: 0 errors, org.springframework.validation.BindingResult.principal=org.springframework.validation.BeanPropertyBindingResult: 0 errors} 
2022-03-31 21:03:55.330 DEBUG [org.apache.jasper.servlet.JspServlet@http-nio-8080-exec-4] JspEngine --> /WEB-INF/views/master/page.jsp 
2022-03-31 21:03:55.332 DEBUG [org.apache.jasper.servlet.JspServlet@http-nio-8080-exec-4] ServletPath: /WEB-INF/views/master/page.jsp 
2022-03-31 21:03:55.333 DEBUG [org.apache.jasper.servlet.JspServlet@http-nio-8080-exec-4] PathInfo: null 
2022-03-31 21:03:55.334 DEBUG [org.apache.jasper.servlet.JspServlet@http-nio-8080-exec-4] RealPath: D:\Mario\Universidad\3º de Carrera 2021-2022\2 - Diseño y Pruebas II (DP2)\Workspace-22.0\Projects\Acme-Toolkits\target\classes\WEB-INF\views\master\page.jsp 
2022-03-31 21:03:55.336 DEBUG [org.apache.jasper.servlet.JspServlet@http-nio-8080-exec-4] RequestURI: /acme-toolkits-0.1/WEB-INF/views/master/page.jsp 
2022-03-31 21:03:55.337 DEBUG [org.apache.jasper.servlet.JspServlet@http-nio-8080-exec-4] QueryString: id=39 
2022-03-31 21:03:55.585 DEBUG [org.apache.jasper.servlet.JspServlet@http-nio-8080-exec-4] JspEngine --> /WEB-INF/views/inventor/toolkit/form.jsp 
2022-03-31 21:03:55.585 DEBUG [org.apache.jasper.servlet.JspServlet@http-nio-8080-exec-4] ServletPath: /WEB-INF/views/master/page.jsp 
2022-03-31 21:03:55.586 DEBUG [org.apache.jasper.servlet.JspServlet@http-nio-8080-exec-4] PathInfo: null 
2022-03-31 21:03:55.587 DEBUG [org.apache.jasper.servlet.JspServlet@http-nio-8080-exec-4] RealPath: D:\Mario\Universidad\3º de Carrera 2021-2022\2 - Diseño y Pruebas II (DP2)\Workspace-22.0\Projects\Acme-Toolkits\target\classes\WEB-INF\views\inventor\toolkit\form.jsp 
2022-03-31 21:03:55.588 DEBUG [org.apache.jasper.servlet.JspServlet@http-nio-8080-exec-4] RequestURI: /acme-toolkits-0.1/WEB-INF/views/master/page.jsp 
2022-03-31 21:03:55.589 DEBUG [org.apache.jasper.servlet.JspServlet@http-nio-8080-exec-4] QueryString: id=39 
2022-03-31 21:04:40.687 DEBUG [acme.framework.components.tiles.DynamicTilesView@http-nio-8080-exec-8] View name 'master/panic', model {} 
2022-03-31 21:04:40.691 DEBUG [org.apache.jasper.servlet.JspServlet@http-nio-8080-exec-8] JspEngine --> /WEB-INF/views/master/page.jsp 
2022-03-31 21:04:40.693 DEBUG [org.apache.jasper.servlet.JspServlet@http-nio-8080-exec-8] ServletPath: /WEB-INF/views/master/page.jsp 
2022-03-31 21:04:40.695 DEBUG [org.apache.jasper.servlet.JspServlet@http-nio-8080-exec-8] PathInfo: null 
2022-03-31 21:04:40.700 DEBUG [org.apache.jasper.servlet.JspServlet@http-nio-8080-exec-8] RealPath: D:\Mario\Universidad\3º de Carrera 2021-2022\2 - Diseño y Pruebas II (DP2)\Workspace-22.0\Projects\Acme-Toolkits\target\classes\WEB-INF\views\master\page.jsp 
2022-03-31 21:04:40.701 DEBUG [org.apache.jasper.servlet.JspServlet@http-nio-8080-exec-8] RequestURI: /acme-toolkits-0.1/WEB-INF/views/master/page.jsp 
2022-03-31 21:04:40.702 DEBUG [org.apache.jasper.servlet.JspServlet@http-nio-8080-exec-8] QueryString: masterId=39 
2022-03-31 21:04:40.900 DEBUG [org.apache.jasper.servlet.JspServlet@http-nio-8080-exec-8] JspEngine --> /WEB-INF/views/master/panic.jsp 
2022-03-31 21:04:40.901 DEBUG [org.apache.jasper.servlet.JspServlet@http-nio-8080-exec-8] ServletPath: /WEB-INF/views/master/page.jsp 
2022-03-31 21:04:40.902 DEBUG [org.apache.jasper.servlet.JspServlet@http-nio-8080-exec-8] PathInfo: null 
2022-03-31 21:04:40.903 DEBUG [org.apache.jasper.servlet.JspServlet@http-nio-8080-exec-8] RealPath: D:\Mario\Universidad\3º de Carrera 2021-2022\2 - Diseño y Pruebas II (DP2)\Workspace-22.0\Projects\Acme-Toolkits\target\classes\WEB-INF\views\master\panic.jsp 
2022-03-31 21:04:40.904 DEBUG [org.apache.jasper.servlet.JspServlet@http-nio-8080-exec-8] RequestURI: /acme-toolkits-0.1/WEB-INF/views/master/page.jsp 
2022-03-31 21:04:40.905 DEBUG [org.apache.jasper.servlet.JspServlet@http-nio-8080-exec-8] QueryString: masterId=39 
2022-03-31 21:04:40.906 ERROR [org.apache.jsp.WEB_002dINF.views.master.panic_jsp@http-nio-8080-exec-8] HTTP GET /acme-toolkits-0.1/WEB-INF/views/master/page.jsp HTTP/1.1 
2022-03-31 21:04:40.906 ERROR [org.apache.jsp.WEB_002dINF.views.master.panic_jsp@http-nio-8080-exec-8] Status: 404 
2022-03-31 21:04:46.953 DEBUG [acme.framework.components.tiles.DynamicTilesView@http-nio-8080-exec-3] View name 'master/panic', model {} 
2022-03-31 21:04:46.956 DEBUG [org.apache.jasper.servlet.JspServlet@http-nio-8080-exec-3] JspEngine --> /WEB-INF/views/master/page.jsp 
2022-03-31 21:04:46.956 DEBUG [org.apache.jasper.servlet.JspServlet@http-nio-8080-exec-3] ServletPath: /WEB-INF/views/master/page.jsp 
2022-03-31 21:04:46.957 DEBUG [org.apache.jasper.servlet.JspServlet@http-nio-8080-exec-3] PathInfo: null 
2022-03-31 21:04:46.959 DEBUG [org.apache.jasper.servlet.JspServlet@http-nio-8080-exec-3] RealPath: D:\Mario\Universidad\3º de Carrera 2021-2022\2 - Diseño y Pruebas II (DP2)\Workspace-22.0\Projects\Acme-Toolkits\target\classes\WEB-INF\views\master\page.jsp 
2022-03-31 21:04:46.960 DEBUG [org.apache.jasper.servlet.JspServlet@http-nio-8080-exec-3] RequestURI: /acme-toolkits-0.1/WEB-INF/views/master/page.jsp 
2022-03-31 21:04:46.961 DEBUG [org.apache.jasper.servlet.JspServlet@http-nio-8080-exec-3] QueryString: masterId=29 
2022-03-31 21:04:47.076 DEBUG [org.apache.jasper.servlet.JspServlet@http-nio-8080-exec-3] JspEngine --> /WEB-INF/views/master/panic.jsp 
2022-03-31 21:04:47.076 DEBUG [org.apache.jasper.servlet.JspServlet@http-nio-8080-exec-3] ServletPath: /WEB-INF/views/master/page.jsp 
2022-03-31 21:04:47.076 DEBUG [org.apache.jasper.servlet.JspServlet@http-nio-8080-exec-3] PathInfo: null 
2022-03-31 21:04:47.078 DEBUG [org.apache.jasper.servlet.JspServlet@http-nio-8080-exec-3] RealPath: D:\Mario\Universidad\3º de Carrera 2021-2022\2 - Diseño y Pruebas II (DP2)\Workspace-22.0\Projects\Acme-Toolkits\target\classes\WEB-INF\views\master\panic.jsp 
2022-03-31 21:04:47.078 DEBUG [org.apache.jasper.servlet.JspServlet@http-nio-8080-exec-3] RequestURI: /acme-toolkits-0.1/WEB-INF/views/master/page.jsp 
2022-03-31 21:04:47.078 DEBUG [org.apache.jasper.servlet.JspServlet@http-nio-8080-exec-3] QueryString: masterId=29 
2022-03-31 21:04:47.078 ERROR [org.apache.jsp.WEB_002dINF.views.master.panic_jsp@http-nio-8080-exec-3] HTTP GET /acme-toolkits-0.1/WEB-INF/views/master/page.jsp HTTP/1.1 
2022-03-31 21:04:47.078 ERROR [org.apache.jsp.WEB_002dINF.views.master.panic_jsp@http-nio-8080-exec-3] Status: 404 
2022-03-31 21:06:09.179 DEBUG [acme.framework.components.tiles.DynamicTilesView@http-nio-8080-exec-8] View name 'master/panic', model {} 
2022-03-31 21:06:09.185 DEBUG [org.apache.jasper.servlet.JspServlet@http-nio-8080-exec-8] JspEngine --> /WEB-INF/views/master/page.jsp 
2022-03-31 21:06:09.187 DEBUG [org.apache.jasper.servlet.JspServlet@http-nio-8080-exec-8] ServletPath: /WEB-INF/views/master/page.jsp 
2022-03-31 21:06:09.189 DEBUG [org.apache.jasper.servlet.JspServlet@http-nio-8080-exec-8] PathInfo: null 
2022-03-31 21:06:09.192 DEBUG [org.apache.jasper.servlet.JspServlet@http-nio-8080-exec-8] RealPath: D:\Mario\Universidad\3º de Carrera 2021-2022\2 - Diseño y Pruebas II (DP2)\Workspace-22.0\Projects\Acme-Toolkits\target\classes\WEB-INF\views\master\page.jsp 
2022-03-31 21:06:09.193 DEBUG [org.apache.jasper.servlet.JspServlet@http-nio-8080-exec-8] RequestURI: /acme-toolkits-0.1/WEB-INF/views/master/page.jsp 
2022-03-31 21:06:09.194 DEBUG [org.apache.jasper.servlet.JspServlet@http-nio-8080-exec-8] QueryString: masterId=39 
2022-03-31 21:06:09.459 DEBUG [org.apache.jasper.servlet.JspServlet@http-nio-8080-exec-8] JspEngine --> /WEB-INF/views/master/panic.jsp 
2022-03-31 21:06:09.459 DEBUG [org.apache.jasper.servlet.JspServlet@http-nio-8080-exec-8] ServletPath: /WEB-INF/views/master/page.jsp 
2022-03-31 21:06:09.460 DEBUG [org.apache.jasper.servlet.JspServlet@http-nio-8080-exec-8] PathInfo: null 
2022-03-31 21:06:09.461 DEBUG [org.apache.jasper.servlet.JspServlet@http-nio-8080-exec-8] RealPath: D:\Mario\Universidad\3º de Carrera 2021-2022\2 - Diseño y Pruebas II (DP2)\Workspace-22.0\Projects\Acme-Toolkits\target\classes\WEB-INF\views\master\panic.jsp 
2022-03-31 21:06:09.462 DEBUG [org.apache.jasper.servlet.JspServlet@http-nio-8080-exec-8] RequestURI: /acme-toolkits-0.1/WEB-INF/views/master/page.jsp 
2022-03-31 21:06:09.462 DEBUG [org.apache.jasper.servlet.JspServlet@http-nio-8080-exec-8] QueryString: masterId=39 
2022-03-31 21:06:09.463 ERROR [org.apache.jsp.WEB_002dINF.views.master.panic_jsp@http-nio-8080-exec-8] HTTP GET /acme-toolkits-0.1/WEB-INF/views/master/page.jsp HTTP/1.1 
2022-03-31 21:06:09.463 ERROR [org.apache.jsp.WEB_002dINF.views.master.panic_jsp@http-nio-8080-exec-8] Status: 404 
2022-03-31 21:06:10.862 DEBUG [acme.framework.controllers.AbstractController@http-nio-8080-exec-5] DISPATCHING GET /acme-toolkits-0.1/inventor/toolkit/show 
2022-03-31 21:06:10.863 DEBUG [acme.framework.controllers.AbstractController@http-nio-8080-exec-5] Command: show 
2022-03-31 21:06:10.863 DEBUG [acme.framework.controllers.AbstractController@http-nio-8080-exec-5] Model:   {id=39} 
2022-03-31 21:06:10.864 DEBUG [acme.framework.controllers.AbstractController@http-nio-8080-exec-5] Locale:  en 
2022-03-31 21:06:10.869 DEBUG [org.hibernate.SQL@http-nio-8080-exec-5] select toolkit0_.id as id1_0_, toolkit0_.version as version2_0_, toolkit0_.assembly_notes as assembly1_15_, toolkit0_.code as code2_15_, toolkit0_.description as descript3_15_, toolkit0_.link as link4_15_, toolkit0_.title as title5_15_ from toolkit toolkit0_ where toolkit0_.id=? 
2022-03-31 21:06:10.871 TRACE [org.hibernate.type.descriptor.sql.BasicBinder@http-nio-8080-exec-5] binding parameter [1] as [INTEGER] - [39] 
2022-03-31 21:06:10.877 DEBUG [org.hibernate.SQL@http-nio-8080-exec-5] select artefact2_.retail_price_amount as col_0_0_, artefact2_.retail_price_currency as col_0_1_ from toolkit toolkit0_ inner join quantity quantity1_ on (quantity1_.toolkit_id=toolkit0_.id) inner join artefact artefact2_ on (artefact2_.id=quantity1_.artefact_id) where toolkit0_.id=? 
2022-03-31 21:06:10.878 TRACE [org.hibernate.type.descriptor.sql.BasicBinder@http-nio-8080-exec-5] binding parameter [1] as [INTEGER] - [39] 
2022-03-31 21:06:10.890 DEBUG [acme.framework.controllers.AbstractController@http-nio-8080-exec-5] SERVING GET /acme-toolkits-0.1/inventor/toolkit/show 
2022-03-31 21:06:10.890 DEBUG [acme.framework.controllers.AbstractController@http-nio-8080-exec-5] Result: ModelAndView [view="inventor/toolkit/form"; model={assemblyNotes= This is assembly notes 2, code=ABB-321-A, price=<<EUR 10.00>>, link= https://www.google.com, description= New description 2, id=39, title= New title 2, version=0, command=show, principal=acme.framework.entities.Principal@100e068}] 
2022-03-31 21:06:10.892 DEBUG [acme.framework.components.tiles.DynamicTilesView@http-nio-8080-exec-5] View name 'inventor/toolkit/form', model {assemblyNotes= This is assembly notes 2, code=ABB-321-A, price=<<EUR 10.00>>, link= https://www.google.com, description= New description 2, id=39, title= New title 2, version=0, command=show, principal=acme.framework.entities.Principal@100e068, org.springframework.validation.BindingResult.price=org.springframework.validation.BeanPropertyBindingResult: 0 errors, org.springframework.validation.BindingResult.principal=org.springframework.validation.BeanPropertyBindingResult: 0 errors} 
2022-03-31 21:06:10.895 DEBUG [org.apache.jasper.servlet.JspServlet@http-nio-8080-exec-5] JspEngine --> /WEB-INF/views/master/page.jsp 
2022-03-31 21:06:10.897 DEBUG [org.apache.jasper.servlet.JspServlet@http-nio-8080-exec-5] ServletPath: /WEB-INF/views/master/page.jsp 
2022-03-31 21:06:10.899 DEBUG [org.apache.jasper.servlet.JspServlet@http-nio-8080-exec-5] PathInfo: null 
2022-03-31 21:06:10.900 DEBUG [org.apache.jasper.servlet.JspServlet@http-nio-8080-exec-5] RealPath: D:\Mario\Universidad\3º de Carrera 2021-2022\2 - Diseño y Pruebas II (DP2)\Workspace-22.0\Projects\Acme-Toolkits\target\classes\WEB-INF\views\master\page.jsp 
2022-03-31 21:06:10.902 DEBUG [org.apache.jasper.servlet.JspServlet@http-nio-8080-exec-5] RequestURI: /acme-toolkits-0.1/WEB-INF/views/master/page.jsp 
2022-03-31 21:06:10.903 DEBUG [org.apache.jasper.servlet.JspServlet@http-nio-8080-exec-5] QueryString: id=39 
2022-03-31 21:06:11.154 DEBUG [org.apache.jasper.servlet.JspServlet@http-nio-8080-exec-5] JspEngine --> /WEB-INF/views/inventor/toolkit/form.jsp 
2022-03-31 21:06:11.156 DEBUG [org.apache.jasper.servlet.JspServlet@http-nio-8080-exec-5] ServletPath: /WEB-INF/views/master/page.jsp 
2022-03-31 21:06:11.157 DEBUG [org.apache.jasper.servlet.JspServlet@http-nio-8080-exec-5] PathInfo: null 
2022-03-31 21:06:11.163 DEBUG [org.apache.jasper.servlet.JspServlet@http-nio-8080-exec-5] RealPath: D:\Mario\Universidad\3º de Carrera 2021-2022\2 - Diseño y Pruebas II (DP2)\Workspace-22.0\Projects\Acme-Toolkits\target\classes\WEB-INF\views\inventor\toolkit\form.jsp 
2022-03-31 21:06:11.166 DEBUG [org.apache.jasper.servlet.JspServlet@http-nio-8080-exec-5] RequestURI: /acme-toolkits-0.1/WEB-INF/views/master/page.jsp 
2022-03-31 21:06:11.167 DEBUG [org.apache.jasper.servlet.JspServlet@http-nio-8080-exec-5] QueryString: id=39 
2022-03-31 21:07:24.029 DEBUG [acme.framework.controllers.AbstractController@http-nio-8080-exec-2] DISPATCHING GET /acme-toolkits-0.1/inventor/toolkit/list-mine 
2022-03-31 21:07:24.029 DEBUG [acme.framework.controllers.AbstractController@http-nio-8080-exec-2] Command: list-mine 
2022-03-31 21:07:24.030 DEBUG [acme.framework.controllers.AbstractController@http-nio-8080-exec-2] Model:   {} 
2022-03-31 21:07:24.030 DEBUG [acme.framework.controllers.AbstractController@http-nio-8080-exec-2] Locale:  en 
2022-03-31 21:07:24.034 DEBUG [org.hibernate.SQL@http-nio-8080-exec-2] select toolkit0_.id as id1_0_, toolkit0_.version as version2_0_, toolkit0_.assembly_notes as assembly1_15_, toolkit0_.code as code2_15_, toolkit0_.description as descript3_15_, toolkit0_.link as link4_15_, toolkit0_.title as title5_15_ from toolkit toolkit0_ inner join quantity quantity1_ on (quantity1_.toolkit_id=toolkit0_.id) inner join artefact artefact2_ on (artefact2_.id=quantity1_.artefact_id) where artefact2_.inventor_id=? 
2022-03-31 21:07:24.036 TRACE [org.hibernate.type.descriptor.sql.BasicBinder@http-nio-8080-exec-2] binding parameter [1] as [INTEGER] - [16] 
2022-03-31 21:07:24.050 DEBUG [acme.framework.controllers.AbstractController@http-nio-8080-exec-2] SERVING GET /acme-toolkits-0.1/inventor/toolkit/list-mine 
2022-03-31 21:07:24.050 DEBUG [acme.framework.controllers.AbstractController@http-nio-8080-exec-2] Result: ModelAndView [view="inventor/toolkit/list"; model={link[1]= https://www.google.es, description[1]= New description 1, link[0]= https://www.google.com, title[1]= New title 1, description[0]= New description 2, version[1]=0, list$size=2, code[0]=ABB-321-A, version[0]=0, title[0]= New title 2, code[1]=AAA-123-A, id[1]=38, id[0]=39, assemblyNotes[0]= This is assembly notes 2, assemblyNotes[1]= This is assembly notes 1, command=list-mine, principal=acme.framework.entities.Principal@100e068}] 
2022-03-31 21:07:24.052 DEBUG [acme.framework.components.tiles.DynamicTilesView@http-nio-8080-exec-2] View name 'inventor/toolkit/list', model {link[1]= https://www.google.es, description[1]= New description 1, link[0]= https://www.google.com, title[1]= New title 1, description[0]= New description 2, version[1]=0, list$size=2, code[0]=ABB-321-A, version[0]=0, title[0]= New title 2, code[1]=AAA-123-A, id[1]=38, id[0]=39, assemblyNotes[0]= This is assembly notes 2, assemblyNotes[1]= This is assembly notes 1, command=list-mine, principal=acme.framework.entities.Principal@100e068, org.springframework.validation.BindingResult.principal=org.springframework.validation.BeanPropertyBindingResult: 0 errors} 
2022-03-31 21:07:24.055 DEBUG [org.apache.jasper.servlet.JspServlet@http-nio-8080-exec-2] JspEngine --> /WEB-INF/views/master/page.jsp 
2022-03-31 21:07:24.056 DEBUG [org.apache.jasper.servlet.JspServlet@http-nio-8080-exec-2] ServletPath: /WEB-INF/views/master/page.jsp 
2022-03-31 21:07:24.058 DEBUG [org.apache.jasper.servlet.JspServlet@http-nio-8080-exec-2] PathInfo: null 
2022-03-31 21:07:24.065 DEBUG [org.apache.jasper.servlet.JspServlet@http-nio-8080-exec-2] RealPath: D:\Mario\Universidad\3º de Carrera 2021-2022\2 - Diseño y Pruebas II (DP2)\Workspace-22.0\Projects\Acme-Toolkits\target\classes\WEB-INF\views\master\page.jsp 
2022-03-31 21:07:24.067 DEBUG [org.apache.jasper.servlet.JspServlet@http-nio-8080-exec-2] RequestURI: /acme-toolkits-0.1/WEB-INF/views/master/page.jsp 
2022-03-31 21:07:24.068 DEBUG [org.apache.jasper.servlet.JspServlet@http-nio-8080-exec-2] QueryString: null 
2022-03-31 21:07:24.406 DEBUG [org.apache.jasper.servlet.JspServlet@http-nio-8080-exec-2] JspEngine --> /WEB-INF/views/inventor/toolkit/list.jsp 
2022-03-31 21:07:24.406 DEBUG [org.apache.jasper.servlet.JspServlet@http-nio-8080-exec-2] ServletPath: /WEB-INF/views/master/page.jsp 
2022-03-31 21:07:24.407 DEBUG [org.apache.jasper.servlet.JspServlet@http-nio-8080-exec-2] PathInfo: null 
2022-03-31 21:07:24.409 DEBUG [org.apache.jasper.servlet.JspServlet@http-nio-8080-exec-2] RealPath: D:\Mario\Universidad\3º de Carrera 2021-2022\2 - Diseño y Pruebas II (DP2)\Workspace-22.0\Projects\Acme-Toolkits\target\classes\WEB-INF\views\inventor\toolkit\list.jsp 
2022-03-31 21:07:24.410 DEBUG [org.apache.jasper.servlet.JspServlet@http-nio-8080-exec-2] RequestURI: /acme-toolkits-0.1/WEB-INF/views/master/page.jsp 
2022-03-31 21:07:24.410 DEBUG [org.apache.jasper.servlet.JspServlet@http-nio-8080-exec-2] QueryString: null 
2022-03-31 21:07:39.178 DEBUG [acme.framework.controllers.AbstractController@http-nio-8080-exec-7] DISPATCHING GET /acme-toolkits-0.1/inventor/toolkit/show 
2022-03-31 21:07:39.178 DEBUG [acme.framework.controllers.AbstractController@http-nio-8080-exec-7] Command: show 
2022-03-31 21:07:39.179 DEBUG [acme.framework.controllers.AbstractController@http-nio-8080-exec-7] Model:   {id=39} 
2022-03-31 21:07:39.179 DEBUG [acme.framework.controllers.AbstractController@http-nio-8080-exec-7] Locale:  en 
2022-03-31 21:07:39.184 DEBUG [org.hibernate.SQL@http-nio-8080-exec-7] select toolkit0_.id as id1_0_, toolkit0_.version as version2_0_, toolkit0_.assembly_notes as assembly1_15_, toolkit0_.code as code2_15_, toolkit0_.description as descript3_15_, toolkit0_.link as link4_15_, toolkit0_.title as title5_15_ from toolkit toolkit0_ where toolkit0_.id=? 
2022-03-31 21:07:39.185 TRACE [org.hibernate.type.descriptor.sql.BasicBinder@http-nio-8080-exec-7] binding parameter [1] as [INTEGER] - [39] 
2022-03-31 21:07:39.192 DEBUG [org.hibernate.SQL@http-nio-8080-exec-7] select artefact2_.retail_price_amount as col_0_0_, artefact2_.retail_price_currency as col_0_1_ from toolkit toolkit0_ inner join quantity quantity1_ on (quantity1_.toolkit_id=toolkit0_.id) inner join artefact artefact2_ on (artefact2_.id=quantity1_.artefact_id) where toolkit0_.id=? 
2022-03-31 21:07:39.193 TRACE [org.hibernate.type.descriptor.sql.BasicBinder@http-nio-8080-exec-7] binding parameter [1] as [INTEGER] - [39] 
2022-03-31 21:07:39.200 DEBUG [acme.framework.controllers.AbstractController@http-nio-8080-exec-7] SERVING GET /acme-toolkits-0.1/inventor/toolkit/show 
2022-03-31 21:07:39.201 DEBUG [acme.framework.controllers.AbstractController@http-nio-8080-exec-7] Result: ModelAndView [view="inventor/toolkit/form"; model={assemblyNotes= This is assembly notes 2, code=ABB-321-A, price=<<EUR 10.00>>, link= https://www.google.com, description= New description 2, id=39, title= New title 2, version=0, command=show, principal=acme.framework.entities.Principal@100e068}] 
2022-03-31 21:07:39.202 DEBUG [acme.framework.components.tiles.DynamicTilesView@http-nio-8080-exec-7] View name 'inventor/toolkit/form', model {assemblyNotes= This is assembly notes 2, code=ABB-321-A, price=<<EUR 10.00>>, link= https://www.google.com, description= New description 2, id=39, title= New title 2, version=0, command=show, principal=acme.framework.entities.Principal@100e068, org.springframework.validation.BindingResult.price=org.springframework.validation.BeanPropertyBindingResult: 0 errors, org.springframework.validation.BindingResult.principal=org.springframework.validation.BeanPropertyBindingResult: 0 errors} 
2022-03-31 21:07:39.205 DEBUG [org.apache.jasper.servlet.JspServlet@http-nio-8080-exec-7] JspEngine --> /WEB-INF/views/master/page.jsp 
2022-03-31 21:07:39.206 DEBUG [org.apache.jasper.servlet.JspServlet@http-nio-8080-exec-7] ServletPath: /WEB-INF/views/master/page.jsp 
2022-03-31 21:07:39.207 DEBUG [org.apache.jasper.servlet.JspServlet@http-nio-8080-exec-7] PathInfo: null 
2022-03-31 21:07:39.208 DEBUG [org.apache.jasper.servlet.JspServlet@http-nio-8080-exec-7] RealPath: D:\Mario\Universidad\3º de Carrera 2021-2022\2 - Diseño y Pruebas II (DP2)\Workspace-22.0\Projects\Acme-Toolkits\target\classes\WEB-INF\views\master\page.jsp 
2022-03-31 21:07:39.209 DEBUG [org.apache.jasper.servlet.JspServlet@http-nio-8080-exec-7] RequestURI: /acme-toolkits-0.1/WEB-INF/views/master/page.jsp 
2022-03-31 21:07:39.210 DEBUG [org.apache.jasper.servlet.JspServlet@http-nio-8080-exec-7] QueryString: id=39 
2022-03-31 21:07:39.413 DEBUG [org.apache.jasper.servlet.JspServlet@http-nio-8080-exec-7] JspEngine --> /WEB-INF/views/inventor/toolkit/form.jsp 
2022-03-31 21:07:39.414 DEBUG [org.apache.jasper.servlet.JspServlet@http-nio-8080-exec-7] ServletPath: /WEB-INF/views/master/page.jsp 
2022-03-31 21:07:39.415 DEBUG [org.apache.jasper.servlet.JspServlet@http-nio-8080-exec-7] PathInfo: null 
2022-03-31 21:07:39.417 DEBUG [org.apache.jasper.servlet.JspServlet@http-nio-8080-exec-7] RealPath: D:\Mario\Universidad\3º de Carrera 2021-2022\2 - Diseño y Pruebas II (DP2)\Workspace-22.0\Projects\Acme-Toolkits\target\classes\WEB-INF\views\inventor\toolkit\form.jsp 
2022-03-31 21:07:39.418 DEBUG [org.apache.jasper.servlet.JspServlet@http-nio-8080-exec-7] RequestURI: /acme-toolkits-0.1/WEB-INF/views/master/page.jsp 
2022-03-31 21:07:39.419 DEBUG [org.apache.jasper.servlet.JspServlet@http-nio-8080-exec-7] QueryString: id=39 
2022-03-31 21:08:00.782 DEBUG [acme.framework.controllers.AbstractController@http-nio-8080-exec-3] DISPATCHING GET /acme-toolkits-0.1/inventor/artefact/list-all-components 
2022-03-31 21:08:00.782 DEBUG [acme.framework.controllers.AbstractController@http-nio-8080-exec-3] Command: list-all-components 
2022-03-31 21:08:00.783 DEBUG [acme.framework.controllers.AbstractController@http-nio-8080-exec-3] Model:   {} 
2022-03-31 21:08:00.783 DEBUG [acme.framework.controllers.AbstractController@http-nio-8080-exec-3] Locale:  en 
2022-03-31 21:08:00.819 DEBUG [org.hibernate.SQL@http-nio-8080-exec-3] select artefact0_.id as id1_0_, artefact0_.version as version2_0_, artefact0_.code as code1_4_, artefact0_.description as descript2_4_, artefact0_.inventor_id as inventor9_4_, artefact0_.more_info as more_inf3_4_, artefact0_.name as name4_4_, artefact0_.retail_price_amount as retail_p5_4_, artefact0_.retail_price_currency as retail_p6_4_, artefact0_.technology as technolo7_4_, artefact0_.type as type8_4_ from artefact artefact0_ where artefact0_.type=0 
2022-03-31 21:08:00.826 DEBUG [org.hibernate.SQL@http-nio-8080-exec-3] select inventor0_.id as id1_0_0_, inventor0_.version as version2_0_0_, inventor0_.user_account_id as user_acc1_17_0_, inventor0_.company as company1_8_0_, inventor0_.link as link2_8_0_, inventor0_.statement as statemen3_8_0_, useraccoun1_.id as id1_0_1_, useraccoun1_.version as version2_0_1_, useraccoun1_.enabled as enabled1_16_1_, useraccoun1_.identity as identity2_16_1_, useraccoun1_.password as password3_16_1_, useraccoun1_.username as username4_16_1_ from inventor inventor0_ inner join user_account useraccoun1_ on inventor0_.user_account_id=useraccoun1_.id where inventor0_.id=? 
2022-03-31 21:08:00.827 TRACE [org.hibernate.type.descriptor.sql.BasicBinder@http-nio-8080-exec-3] binding parameter [1] as [INTEGER] - [15] 
2022-03-31 21:08:00.836 DEBUG [org.hibernate.SQL@http-nio-8080-exec-3] select inventor0_.id as id1_0_0_, inventor0_.version as version2_0_0_, inventor0_.user_account_id as user_acc1_17_0_, inventor0_.company as company1_8_0_, inventor0_.link as link2_8_0_, inventor0_.statement as statemen3_8_0_, useraccoun1_.id as id1_0_1_, useraccoun1_.version as version2_0_1_, useraccoun1_.enabled as enabled1_16_1_, useraccoun1_.identity as identity2_16_1_, useraccoun1_.password as password3_16_1_, useraccoun1_.username as username4_16_1_ from inventor inventor0_ inner join user_account useraccoun1_ on inventor0_.user_account_id=useraccoun1_.id where inventor0_.id=? 
2022-03-31 21:08:00.837 TRACE [org.hibernate.type.descriptor.sql.BasicBinder@http-nio-8080-exec-3] binding parameter [1] as [INTEGER] - [14] 
2022-03-31 21:08:00.885 DEBUG [acme.framework.controllers.AbstractController@http-nio-8080-exec-3] SERVING GET /acme-toolkits-0.1/inventor/artefact/list-all-components 
2022-03-31 21:08:00.886 DEBUG [acme.framework.controllers.AbstractController@http-nio-8080-exec-3] Result: ModelAndView [view="inventor/artefact/list"; model={description[1]=description02, description[0]=description03, version[1]=0, type[0]=COMPONENT, technology[0]=technology03, type[1]=COMPONENT, retailPrice[1]=<<EUR 25.00>>, list$size=2, technology[1]=technology02, retailPrice[0]=<<EUR 30.00>>, moreInfo[0]=null, moreInfo[1]=https://www.google.es/, code[0]=ABC-012-C, version[0]=0, code[1]=ABC-012-B, id[1]=31, id[0]=30, name[1]=name02, name[0]=name03, command=list-all-components, principal=acme.framework.entities.Principal@100e068}] 
2022-03-31 21:08:00.889 DEBUG [acme.framework.components.tiles.DynamicTilesView@http-nio-8080-exec-3] View name 'inventor/artefact/list', model {description[1]=description02, description[0]=description03, version[1]=0, type[0]=COMPONENT, technology[0]=technology03, type[1]=COMPONENT, retailPrice[1]=<<EUR 25.00>>, list$size=2, technology[1]=technology02, retailPrice[0]=<<EUR 30.00>>, moreInfo[0]=null, moreInfo[1]=https://www.google.es/, code[0]=ABC-012-C, version[0]=0, code[1]=ABC-012-B, id[1]=31, id[0]=30, name[1]=name02, name[0]=name03, command=list-all-components, principal=acme.framework.entities.Principal@100e068, org.springframework.validation.BindingResult.retailPrice[1]=org.springframework.validation.BeanPropertyBindingResult: 0 errors, org.springframework.validation.BindingResult.retailPrice[0]=org.springframework.validation.BeanPropertyBindingResult: 0 errors, org.springframework.validation.BindingResult.principal=org.springframework.validation.BeanPropertyBindingResult: 0 errors} 
2022-03-31 21:08:00.894 DEBUG [org.apache.jasper.servlet.JspServlet@http-nio-8080-exec-3] JspEngine --> /WEB-INF/views/master/page.jsp 
2022-03-31 21:08:00.895 DEBUG [org.apache.jasper.servlet.JspServlet@http-nio-8080-exec-3] ServletPath: /WEB-INF/views/master/page.jsp 
2022-03-31 21:08:00.897 DEBUG [org.apache.jasper.servlet.JspServlet@http-nio-8080-exec-3] PathInfo: null 
2022-03-31 21:08:00.903 DEBUG [org.apache.jasper.servlet.JspServlet@http-nio-8080-exec-3] RealPath: D:\Mario\Universidad\3º de Carrera 2021-2022\2 - Diseño y Pruebas II (DP2)\Workspace-22.0\Projects\Acme-Toolkits\target\classes\WEB-INF\views\master\page.jsp 
2022-03-31 21:08:00.904 DEBUG [org.apache.jasper.servlet.JspServlet@http-nio-8080-exec-3] RequestURI: /acme-toolkits-0.1/WEB-INF/views/master/page.jsp 
2022-03-31 21:08:00.906 DEBUG [org.apache.jasper.servlet.JspServlet@http-nio-8080-exec-3] QueryString: null 
2022-03-31 21:08:01.134 DEBUG [org.apache.jasper.servlet.JspServlet@http-nio-8080-exec-3] JspEngine --> /WEB-INF/views/inventor/artefact/list.jsp 
2022-03-31 21:08:01.134 DEBUG [org.apache.jasper.servlet.JspServlet@http-nio-8080-exec-3] ServletPath: /WEB-INF/views/master/page.jsp 
2022-03-31 21:08:01.135 DEBUG [org.apache.jasper.servlet.JspServlet@http-nio-8080-exec-3] PathInfo: null 
2022-03-31 21:08:01.137 DEBUG [org.apache.jasper.servlet.JspServlet@http-nio-8080-exec-3] RealPath: D:\Mario\Universidad\3º de Carrera 2021-2022\2 - Diseño y Pruebas II (DP2)\Workspace-22.0\Projects\Acme-Toolkits\target\classes\WEB-INF\views\inventor\artefact\list.jsp 
2022-03-31 21:08:01.138 DEBUG [org.apache.jasper.servlet.JspServlet@http-nio-8080-exec-3] RequestURI: /acme-toolkits-0.1/WEB-INF/views/master/page.jsp 
2022-03-31 21:08:01.139 DEBUG [org.apache.jasper.servlet.JspServlet@http-nio-8080-exec-3] QueryString: null 
