2022-03-30 19:40:57.507 INFO  [acme.Launcher@main] Starting Launcher using Java 1.8.0_281 on DESKTOP-OMS50DK with PID 8096 (D:\Mario\Universidad\3º de Carrera 2021-2022\2 - Diseño y Pruebas II (DP2)\Workspace-22.0\Frameworks\Acme-Framework-22.2\target\classes started by Mario in D:\Mario\Universidad\3º de Carrera 2021-2022\2 - Diseño y Pruebas II (DP2)\Workspace-22.0\Projects\Acme-Toolkits) 
2022-03-30 19:40:57.508 DEBUG [acme.Launcher@main] Running with Spring Boot v2.4.2, Spring v5.3.3 
2022-03-30 19:40:57.509 INFO  [acme.Launcher@main] The following profiles are active: development,default 
2022-03-30 19:41:00.774 DEBUG [org.apache.jasper.servlet.JasperInitializer@main] Initializing Jasper for context [application] 
2022-03-30 19:41:05.997 DEBUG [org.apache.jasper.servlet.JspServlet@main] Scratch dir for the JSP engine is: [C:\Users\Mario\AppData\Local\Temp\tomcat.8080.6339975020029554459\work\Tomcat\localhost\acme-toolkits-0.1] 
2022-03-30 19:41:05.997 DEBUG [org.apache.jasper.servlet.JspServlet@main] IMPORTANT: Do not modify the generated servlets 
2022-03-30 19:41:06.008 INFO  [acme.Launcher@main] Started Launcher in 9.194 seconds (JVM running for 9.878) 
2022-03-30 19:41:06.013 DEBUG [acme.Launcher@main] Found classpath entry '/D:/Mario/Universidad/3%c2%ba%20de%20Carrera%202021-2022/2%20-%20Dise%c3%b1o%20y%20Pruebas%20II%20(DP2)/Workspace-22.0/Projects/Acme-Toolkits/target/test-classes/' 
2022-03-30 19:41:06.013 DEBUG [acme.Launcher@main] Found classpath entry '/D:/Mario/Universidad/3%c2%ba%20de%20Carrera%202021-2022/2%20-%20Dise%c3%b1o%20y%20Pruebas%20II%20(DP2)/Workspace-22.0/Projects/Acme-Toolkits/target/classes/' 
2022-03-30 19:41:06.013 DEBUG [acme.Launcher@main] Found classpath entry '/D:/Mario/Universidad/3%c2%ba%20de%20Carrera%202021-2022/2%20-%20Dise%c3%b1o%20y%20Pruebas%20II%20(DP2)/Workspace-22.0/Frameworks/Acme-Framework-22.2/target/classes/' 
2022-03-30 19:41:06.014 DEBUG [acme.Launcher@main] Found classpath entry '/D:/Mario/Universidad/3%c2%ba%20de%20Carrera%202021-2022/2%20-%20Dise%c3%b1o%20y%20Pruebas%20II%20(DP2)/Workspace-22.0/Frameworks/Acme-Framework-22.2/target/test-classes/' 
2022-03-30 19:41:06.014 DEBUG [acme.Launcher@main] Found classpath entry '/C:/Users/Mario/.m2/repository/org/springframework/boot/spring-boot-starter-tomcat/2.4.2/spring-boot-starter-tomcat-2.4.2.jar' 
2022-03-30 19:41:06.014 DEBUG [acme.Launcher@main] Found classpath entry '/C:/Users/Mario/.m2/repository/jakarta/annotation/jakarta.annotation-api/1.3.5/jakarta.annotation-api-1.3.5.jar' 
2022-03-30 19:41:06.014 DEBUG [acme.Launcher@main] Found classpath entry '/C:/Users/Mario/.m2/repository/org/apache/tomcat/embed/tomcat-embed-core/9.0.41/tomcat-embed-core-9.0.41.jar' 
2022-03-30 19:41:06.015 DEBUG [acme.Launcher@main] Found classpath entry '/C:/Users/Mario/.m2/repository/org/glassfish/jakarta.el/3.0.3/jakarta.el-3.0.3.jar' 
2022-03-30 19:41:06.015 DEBUG [acme.Launcher@main] Found classpath entry '/C:/Users/Mario/.m2/repository/org/apache/tomcat/embed/tomcat-embed-websocket/9.0.41/tomcat-embed-websocket-9.0.41.jar' 
2022-03-30 19:41:06.015 DEBUG [acme.Launcher@main] Found classpath entry '/C:/Users/Mario/.m2/repository/org/apache/tomcat/embed/tomcat-embed-jasper/9.0.41/tomcat-embed-jasper-9.0.41.jar' 
2022-03-30 19:41:06.015 DEBUG [acme.Launcher@main] Found classpath entry '/C:/Users/Mario/.m2/repository/org/apache/tomcat/embed/tomcat-embed-el/9.0.41/tomcat-embed-el-9.0.41.jar' 
2022-03-30 19:41:06.016 DEBUG [acme.Launcher@main] Found classpath entry '/C:/Users/Mario/.m2/repository/org/eclipse/jdt/ecj/3.18.0/ecj-3.18.0.jar' 
2022-03-30 19:41:06.016 DEBUG [acme.Launcher@main] Found classpath entry '/C:/Users/Mario/.m2/repository/javax/servlet/jstl/1.2/jstl-1.2.jar' 
2022-03-30 19:41:06.016 DEBUG [acme.Launcher@main] Found classpath entry '/C:/Users/Mario/.m2/repository/org/springframework/boot/spring-boot-starter-test/2.4.2/spring-boot-starter-test-2.4.2.jar' 
2022-03-30 19:41:06.016 DEBUG [acme.Launcher@main] Found classpath entry '/C:/Users/Mario/.m2/repository/org/springframework/boot/spring-boot-starter/2.4.2/spring-boot-starter-2.4.2.jar' 
2022-03-30 19:41:06.016 DEBUG [acme.Launcher@main] Found classpath entry '/C:/Users/Mario/.m2/repository/org/springframework/boot/spring-boot/2.4.2/spring-boot-2.4.2.jar' 
2022-03-30 19:41:06.016 DEBUG [acme.Launcher@main] Found classpath entry '/C:/Users/Mario/.m2/repository/org/springframework/boot/spring-boot-autoconfigure/2.4.2/spring-boot-autoconfigure-2.4.2.jar' 
2022-03-30 19:41:06.017 DEBUG [acme.Launcher@main] Found classpath entry '/C:/Users/Mario/.m2/repository/org/springframework/boot/spring-boot-starter-logging/2.4.2/spring-boot-starter-logging-2.4.2.jar' 
2022-03-30 19:41:06.017 DEBUG [acme.Launcher@main] Found classpath entry '/C:/Users/Mario/.m2/repository/ch/qos/logback/logback-classic/1.2.3/logback-classic-1.2.3.jar' 
2022-03-30 19:41:06.017 DEBUG [acme.Launcher@main] Found classpath entry '/C:/Users/Mario/.m2/repository/ch/qos/logback/logback-core/1.2.3/logback-core-1.2.3.jar' 
2022-03-30 19:41:06.017 DEBUG [acme.Launcher@main] Found classpath entry '/C:/Users/Mario/.m2/repository/org/apache/logging/log4j/log4j-to-slf4j/2.13.3/log4j-to-slf4j-2.13.3.jar' 
2022-03-30 19:41:06.017 DEBUG [acme.Launcher@main] Found classpath entry '/C:/Users/Mario/.m2/repository/org/apache/logging/log4j/log4j-api/2.13.3/log4j-api-2.13.3.jar' 
2022-03-30 19:41:06.018 DEBUG [acme.Launcher@main] Found classpath entry '/C:/Users/Mario/.m2/repository/org/slf4j/jul-to-slf4j/1.7.30/jul-to-slf4j-1.7.30.jar' 
2022-03-30 19:41:06.018 DEBUG [acme.Launcher@main] Found classpath entry '/C:/Users/Mario/.m2/repository/org/yaml/snakeyaml/1.27/snakeyaml-1.27.jar' 
2022-03-30 19:41:06.018 DEBUG [acme.Launcher@main] Found classpath entry '/C:/Users/Mario/.m2/repository/org/springframework/boot/spring-boot-test/2.4.2/spring-boot-test-2.4.2.jar' 
2022-03-30 19:41:06.018 DEBUG [acme.Launcher@main] Found classpath entry '/C:/Users/Mario/.m2/repository/org/springframework/boot/spring-boot-test-autoconfigure/2.4.2/spring-boot-test-autoconfigure-2.4.2.jar' 
2022-03-30 19:41:06.019 DEBUG [acme.Launcher@main] Found classpath entry '/C:/Users/Mario/.m2/repository/com/jayway/jsonpath/json-path/2.4.0/json-path-2.4.0.jar' 
2022-03-30 19:41:06.019 DEBUG [acme.Launcher@main] Found classpath entry '/C:/Users/Mario/.m2/repository/net/minidev/json-smart/2.3/json-smart-2.3.jar' 
2022-03-30 19:41:06.019 DEBUG [acme.Launcher@main] Found classpath entry '/C:/Users/Mario/.m2/repository/net/minidev/accessors-smart/1.2/accessors-smart-1.2.jar' 
2022-03-30 19:41:06.019 DEBUG [acme.Launcher@main] Found classpath entry '/C:/Users/Mario/.m2/repository/org/ow2/asm/asm/5.0.4/asm-5.0.4.jar' 
2022-03-30 19:41:06.019 DEBUG [acme.Launcher@main] Found classpath entry '/C:/Users/Mario/.m2/repository/jakarta/xml/bind/jakarta.xml.bind-api/2.3.3/jakarta.xml.bind-api-2.3.3.jar' 
2022-03-30 19:41:06.020 DEBUG [acme.Launcher@main] Found classpath entry '/C:/Users/Mario/.m2/repository/jakarta/activation/jakarta.activation-api/1.2.2/jakarta.activation-api-1.2.2.jar' 
2022-03-30 19:41:06.020 DEBUG [acme.Launcher@main] Found classpath entry '/C:/Users/Mario/.m2/repository/org/assertj/assertj-core/3.18.1/assertj-core-3.18.1.jar' 
2022-03-30 19:41:06.020 DEBUG [acme.Launcher@main] Found classpath entry '/C:/Users/Mario/.m2/repository/org/hamcrest/hamcrest/2.2/hamcrest-2.2.jar' 
2022-03-30 19:41:06.020 DEBUG [acme.Launcher@main] Found classpath entry '/C:/Users/Mario/.m2/repository/org/junit/jupiter/junit-jupiter/5.7.0/junit-jupiter-5.7.0.jar' 
2022-03-30 19:41:06.020 DEBUG [acme.Launcher@main] Found classpath entry '/C:/Users/Mario/.m2/repository/org/mockito/mockito-core/3.6.28/mockito-core-3.6.28.jar' 
2022-03-30 19:41:06.020 DEBUG [acme.Launcher@main] Found classpath entry '/C:/Users/Mario/.m2/repository/net/bytebuddy/byte-buddy-agent/1.10.19/byte-buddy-agent-1.10.19.jar' 
2022-03-30 19:41:06.021 DEBUG [acme.Launcher@main] Found classpath entry '/C:/Users/Mario/.m2/repository/org/objenesis/objenesis/3.1/objenesis-3.1.jar' 
2022-03-30 19:41:06.021 DEBUG [acme.Launcher@main] Found classpath entry '/C:/Users/Mario/.m2/repository/org/mockito/mockito-junit-jupiter/3.6.28/mockito-junit-jupiter-3.6.28.jar' 
2022-03-30 19:41:06.021 DEBUG [acme.Launcher@main] Found classpath entry '/C:/Users/Mario/.m2/repository/org/skyscreamer/jsonassert/1.5.0/jsonassert-1.5.0.jar' 
2022-03-30 19:41:06.021 DEBUG [acme.Launcher@main] Found classpath entry '/C:/Users/Mario/.m2/repository/com/vaadin/external/google/android-json/0.0.20131108.vaadin1/android-json-0.0.20131108.vaadin1.jar' 
2022-03-30 19:41:06.022 DEBUG [acme.Launcher@main] Found classpath entry '/C:/Users/Mario/.m2/repository/org/springframework/spring-core/5.3.3/spring-core-5.3.3.jar' 
2022-03-30 19:41:06.022 DEBUG [acme.Launcher@main] Found classpath entry '/C:/Users/Mario/.m2/repository/org/springframework/spring-jcl/5.3.3/spring-jcl-5.3.3.jar' 
2022-03-30 19:41:06.022 DEBUG [acme.Launcher@main] Found classpath entry '/C:/Users/Mario/.m2/repository/org/springframework/spring-test/5.3.3/spring-test-5.3.3.jar' 
2022-03-30 19:41:06.022 DEBUG [acme.Launcher@main] Found classpath entry '/C:/Users/Mario/.m2/repository/org/xmlunit/xmlunit-core/2.7.0/xmlunit-core-2.7.0.jar' 
2022-03-30 19:41:06.022 DEBUG [acme.Launcher@main] Found classpath entry '/C:/Users/Mario/.m2/repository/org/springframework/boot/spring-boot-starter-security/2.4.2/spring-boot-starter-security-2.4.2.jar' 
2022-03-30 19:41:06.022 DEBUG [acme.Launcher@main] Found classpath entry '/C:/Users/Mario/.m2/repository/org/springframework/spring-aop/5.3.3/spring-aop-5.3.3.jar' 
2022-03-30 19:41:06.023 DEBUG [acme.Launcher@main] Found classpath entry '/C:/Users/Mario/.m2/repository/org/springframework/security/spring-security-web/5.4.2/spring-security-web-5.4.2.jar' 
2022-03-30 19:41:06.023 DEBUG [acme.Launcher@main] Found classpath entry '/C:/Users/Mario/.m2/repository/org/springframework/security/spring-security-core/5.4.2/spring-security-core-5.4.2.jar' 
2022-03-30 19:41:06.023 DEBUG [acme.Launcher@main] Found classpath entry '/C:/Users/Mario/.m2/repository/org/springframework/spring-beans/5.3.3/spring-beans-5.3.3.jar' 
2022-03-30 19:41:06.023 DEBUG [acme.Launcher@main] Found classpath entry '/C:/Users/Mario/.m2/repository/org/springframework/spring-context/5.3.3/spring-context-5.3.3.jar' 
2022-03-30 19:41:06.023 DEBUG [acme.Launcher@main] Found classpath entry '/C:/Users/Mario/.m2/repository/org/springframework/spring-expression/5.3.3/spring-expression-5.3.3.jar' 
2022-03-30 19:41:06.023 DEBUG [acme.Launcher@main] Found classpath entry '/C:/Users/Mario/.m2/repository/org/springframework/spring-web/5.3.3/spring-web-5.3.3.jar' 
2022-03-30 19:41:06.024 DEBUG [acme.Launcher@main] Found classpath entry '/C:/Users/Mario/.m2/repository/org/springframework/security/spring-security-config/5.4.2/spring-security-config-5.4.2.jar' 
2022-03-30 19:41:06.024 DEBUG [acme.Launcher@main] Found classpath entry '/C:/Users/Mario/.m2/repository/org/springframework/security/spring-security-taglibs/5.4.2/spring-security-taglibs-5.4.2.jar' 
2022-03-30 19:41:06.024 DEBUG [acme.Launcher@main] Found classpath entry '/C:/Users/Mario/.m2/repository/org/springframework/security/spring-security-acl/5.4.2/spring-security-acl-5.4.2.jar' 
2022-03-30 19:41:06.024 DEBUG [acme.Launcher@main] Found classpath entry '/C:/Users/Mario/.m2/repository/org/springframework/spring-jdbc/5.3.3/spring-jdbc-5.3.3.jar' 
2022-03-30 19:41:06.024 DEBUG [acme.Launcher@main] Found classpath entry '/C:/Users/Mario/.m2/repository/org/springframework/spring-tx/5.3.3/spring-tx-5.3.3.jar' 
2022-03-30 19:41:06.024 DEBUG [acme.Launcher@main] Found classpath entry '/C:/Users/Mario/.m2/repository/org/springframework/boot/spring-boot-starter-web/2.4.2/spring-boot-starter-web-2.4.2.jar' 
2022-03-30 19:41:06.025 DEBUG [acme.Launcher@main] Found classpath entry '/C:/Users/Mario/.m2/repository/org/springframework/boot/spring-boot-starter-json/2.4.2/spring-boot-starter-json-2.4.2.jar' 
2022-03-30 19:41:06.025 DEBUG [acme.Launcher@main] Found classpath entry '/C:/Users/Mario/.m2/repository/com/fasterxml/jackson/core/jackson-databind/2.11.4/jackson-databind-2.11.4.jar' 
2022-03-30 19:41:06.025 DEBUG [acme.Launcher@main] Found classpath entry '/C:/Users/Mario/.m2/repository/com/fasterxml/jackson/core/jackson-annotations/2.11.4/jackson-annotations-2.11.4.jar' 
2022-03-30 19:41:06.025 DEBUG [acme.Launcher@main] Found classpath entry '/C:/Users/Mario/.m2/repository/com/fasterxml/jackson/core/jackson-core/2.11.4/jackson-core-2.11.4.jar' 
2022-03-30 19:41:06.025 DEBUG [acme.Launcher@main] Found classpath entry '/C:/Users/Mario/.m2/repository/com/fasterxml/jackson/datatype/jackson-datatype-jdk8/2.11.4/jackson-datatype-jdk8-2.11.4.jar' 
2022-03-30 19:41:06.025 DEBUG [acme.Launcher@main] Found classpath entry '/C:/Users/Mario/.m2/repository/com/fasterxml/jackson/datatype/jackson-datatype-jsr310/2.11.4/jackson-datatype-jsr310-2.11.4.jar' 
2022-03-30 19:41:06.025 DEBUG [acme.Launcher@main] Found classpath entry '/C:/Users/Mario/.m2/repository/com/fasterxml/jackson/module/jackson-module-parameter-names/2.11.4/jackson-module-parameter-names-2.11.4.jar' 
2022-03-30 19:41:06.025 DEBUG [acme.Launcher@main] Found classpath entry '/C:/Users/Mario/.m2/repository/org/springframework/spring-webmvc/5.3.3/spring-webmvc-5.3.3.jar' 
2022-03-30 19:41:06.026 DEBUG [acme.Launcher@main] Found classpath entry '/C:/Users/Mario/.m2/repository/org/apache/tiles/tiles-jsp/3.0.8/tiles-jsp-3.0.8.jar' 
2022-03-30 19:41:06.026 DEBUG [acme.Launcher@main] Found classpath entry '/C:/Users/Mario/.m2/repository/org/apache/tiles/tiles-servlet/3.0.8/tiles-servlet-3.0.8.jar' 
2022-03-30 19:41:06.026 DEBUG [acme.Launcher@main] Found classpath entry '/C:/Users/Mario/.m2/repository/org/apache/tiles/tiles-core/3.0.8/tiles-core-3.0.8.jar' 
2022-03-30 19:41:06.026 DEBUG [acme.Launcher@main] Found classpath entry '/C:/Users/Mario/.m2/repository/commons-digester/commons-digester/2.0/commons-digester-2.0.jar' 
2022-03-30 19:41:06.026 DEBUG [acme.Launcher@main] Found classpath entry '/C:/Users/Mario/.m2/repository/org/slf4j/jcl-over-slf4j/1.7.30/jcl-over-slf4j-1.7.30.jar' 
2022-03-30 19:41:06.026 DEBUG [acme.Launcher@main] Found classpath entry '/C:/Users/Mario/.m2/repository/org/apache/tiles/tiles-request-servlet/1.0.7/tiles-request-servlet-1.0.7.jar' 
2022-03-30 19:41:06.026 DEBUG [acme.Launcher@main] Found classpath entry '/C:/Users/Mario/.m2/repository/org/apache/tiles/tiles-template/3.0.8/tiles-template-3.0.8.jar' 
2022-03-30 19:41:06.026 DEBUG [acme.Launcher@main] Found classpath entry '/C:/Users/Mario/.m2/repository/org/apache/tiles/tiles-api/3.0.8/tiles-api-3.0.8.jar' 
2022-03-30 19:41:06.026 DEBUG [acme.Launcher@main] Found classpath entry '/C:/Users/Mario/.m2/repository/org/apache/tiles/tiles-autotag-core-runtime/1.2/tiles-autotag-core-runtime-1.2.jar' 
2022-03-30 19:41:06.027 DEBUG [acme.Launcher@main] Found classpath entry '/C:/Users/Mario/.m2/repository/org/slf4j/slf4j-api/1.7.30/slf4j-api-1.7.30.jar' 
2022-03-30 19:41:06.027 DEBUG [acme.Launcher@main] Found classpath entry '/C:/Users/Mario/.m2/repository/org/apache/tiles/tiles-request-jsp/1.0.7/tiles-request-jsp-1.0.7.jar' 
2022-03-30 19:41:06.027 DEBUG [acme.Launcher@main] Found classpath entry '/C:/Users/Mario/.m2/repository/org/apache/tiles/tiles-request-api/1.0.7/tiles-request-api-1.0.7.jar' 
2022-03-30 19:41:06.027 DEBUG [acme.Launcher@main] Found classpath entry '/C:/Users/Mario/.m2/repository/org/springframework/boot/spring-boot-starter-data-jpa/2.4.2/spring-boot-starter-data-jpa-2.4.2.jar' 
2022-03-30 19:41:06.027 DEBUG [acme.Launcher@main] Found classpath entry '/C:/Users/Mario/.m2/repository/org/springframework/boot/spring-boot-starter-aop/2.4.2/spring-boot-starter-aop-2.4.2.jar' 
2022-03-30 19:41:06.027 DEBUG [acme.Launcher@main] Found classpath entry '/C:/Users/Mario/.m2/repository/org/aspectj/aspectjweaver/1.9.6/aspectjweaver-1.9.6.jar' 
2022-03-30 19:41:06.027 DEBUG [acme.Launcher@main] Found classpath entry '/C:/Users/Mario/.m2/repository/org/springframework/boot/spring-boot-starter-jdbc/2.4.2/spring-boot-starter-jdbc-2.4.2.jar' 
2022-03-30 19:41:06.027 DEBUG [acme.Launcher@main] Found classpath entry '/C:/Users/Mario/.m2/repository/jakarta/transaction/jakarta.transaction-api/1.3.3/jakarta.transaction-api-1.3.3.jar' 
2022-03-30 19:41:06.028 DEBUG [acme.Launcher@main] Found classpath entry '/C:/Users/Mario/.m2/repository/jakarta/persistence/jakarta.persistence-api/2.2.3/jakarta.persistence-api-2.2.3.jar' 
2022-03-30 19:41:06.028 DEBUG [acme.Launcher@main] Found classpath entry '/C:/Users/Mario/.m2/repository/org/hibernate/hibernate-core/5.4.27.Final/hibernate-core-5.4.27.Final.jar' 
2022-03-30 19:41:06.028 DEBUG [acme.Launcher@main] Found classpath entry '/C:/Users/Mario/.m2/repository/org/jboss/logging/jboss-logging/3.4.1.Final/jboss-logging-3.4.1.Final.jar' 
2022-03-30 19:41:06.028 DEBUG [acme.Launcher@main] Found classpath entry '/C:/Users/Mario/.m2/repository/org/javassist/javassist/3.27.0-GA/javassist-3.27.0-GA.jar' 
2022-03-30 19:41:06.028 DEBUG [acme.Launcher@main] Found classpath entry '/C:/Users/Mario/.m2/repository/antlr/antlr/2.7.7/antlr-2.7.7.jar' 
2022-03-30 19:41:06.028 DEBUG [acme.Launcher@main] Found classpath entry '/C:/Users/Mario/.m2/repository/org/jboss/jandex/2.1.3.Final/jandex-2.1.3.Final.jar' 
2022-03-30 19:41:06.028 DEBUG [acme.Launcher@main] Found classpath entry '/C:/Users/Mario/.m2/repository/com/fasterxml/classmate/1.5.1/classmate-1.5.1.jar' 
2022-03-30 19:41:06.028 DEBUG [acme.Launcher@main] Found classpath entry '/C:/Users/Mario/.m2/repository/org/dom4j/dom4j/2.1.3/dom4j-2.1.3.jar' 
2022-03-30 19:41:06.028 DEBUG [acme.Launcher@main] Found classpath entry '/C:/Users/Mario/.m2/repository/org/hibernate/common/hibernate-commons-annotations/5.1.2.Final/hibernate-commons-annotations-5.1.2.Final.jar' 
2022-03-30 19:41:06.029 DEBUG [acme.Launcher@main] Found classpath entry '/C:/Users/Mario/.m2/repository/org/glassfish/jaxb/jaxb-runtime/2.3.3/jaxb-runtime-2.3.3.jar' 
2022-03-30 19:41:06.029 DEBUG [acme.Launcher@main] Found classpath entry '/C:/Users/Mario/.m2/repository/org/glassfish/jaxb/txw2/2.3.3/txw2-2.3.3.jar' 
2022-03-30 19:41:06.029 DEBUG [acme.Launcher@main] Found classpath entry '/C:/Users/Mario/.m2/repository/com/sun/istack/istack-commons-runtime/3.0.11/istack-commons-runtime-3.0.11.jar' 
2022-03-30 19:41:06.029 DEBUG [acme.Launcher@main] Found classpath entry '/C:/Users/Mario/.m2/repository/com/sun/activation/jakarta.activation/1.2.2/jakarta.activation-1.2.2.jar' 
2022-03-30 19:41:06.029 DEBUG [acme.Launcher@main] Found classpath entry '/C:/Users/Mario/.m2/repository/org/springframework/data/spring-data-jpa/2.4.3/spring-data-jpa-2.4.3.jar' 
2022-03-30 19:41:06.029 DEBUG [acme.Launcher@main] Found classpath entry '/C:/Users/Mario/.m2/repository/org/springframework/data/spring-data-commons/2.4.3/spring-data-commons-2.4.3.jar' 
2022-03-30 19:41:06.029 DEBUG [acme.Launcher@main] Found classpath entry '/C:/Users/Mario/.m2/repository/org/springframework/spring-orm/5.3.3/spring-orm-5.3.3.jar' 
2022-03-30 19:41:06.029 DEBUG [acme.Launcher@main] Found classpath entry '/C:/Users/Mario/.m2/repository/org/springframework/spring-aspects/5.3.3/spring-aspects-5.3.3.jar' 
2022-03-30 19:41:06.030 DEBUG [acme.Launcher@main] Found classpath entry '/C:/Users/Mario/.m2/repository/org/springframework/boot/spring-boot-starter-validation/2.4.2/spring-boot-starter-validation-2.4.2.jar' 
2022-03-30 19:41:06.030 DEBUG [acme.Launcher@main] Found classpath entry '/C:/Users/Mario/.m2/repository/org/hibernate/validator/hibernate-validator/6.1.7.Final/hibernate-validator-6.1.7.Final.jar' 
2022-03-30 19:41:06.030 DEBUG [acme.Launcher@main] Found classpath entry '/C:/Users/Mario/.m2/repository/jakarta/validation/jakarta.validation-api/2.0.2/jakarta.validation-api-2.0.2.jar' 
2022-03-30 19:41:06.030 DEBUG [acme.Launcher@main] Found classpath entry '/C:/Users/Mario/.m2/repository/mysql/mysql-connector-java/8.0.22/mysql-connector-java-8.0.22.jar' 
2022-03-30 19:41:06.030 DEBUG [acme.Launcher@main] Found classpath entry '/C:/Users/Mario/.m2/repository/com/zaxxer/HikariCP/3.4.5/HikariCP-3.4.5.jar' 
2022-03-30 19:41:06.030 DEBUG [acme.Launcher@main] Found classpath entry '/C:/Users/Mario/.m2/repository/org/junit/jupiter/junit-jupiter-engine/5.7.0/junit-jupiter-engine-5.7.0.jar' 
2022-03-30 19:41:06.031 DEBUG [acme.Launcher@main] Found classpath entry '/C:/Users/Mario/.m2/repository/org/apiguardian/apiguardian-api/1.1.0/apiguardian-api-1.1.0.jar' 
2022-03-30 19:41:06.031 DEBUG [acme.Launcher@main] Found classpath entry '/C:/Users/Mario/.m2/repository/org/junit/platform/junit-platform-engine/1.7.0/junit-platform-engine-1.7.0.jar' 
2022-03-30 19:41:06.031 DEBUG [acme.Launcher@main] Found classpath entry '/C:/Users/Mario/.m2/repository/org/junit/jupiter/junit-jupiter-api/5.7.0/junit-jupiter-api-5.7.0.jar' 
2022-03-30 19:41:06.031 DEBUG [acme.Launcher@main] Found classpath entry '/C:/Users/Mario/.m2/repository/org/opentest4j/opentest4j/1.2.0/opentest4j-1.2.0.jar' 
2022-03-30 19:41:06.031 DEBUG [acme.Launcher@main] Found classpath entry '/C:/Users/Mario/.m2/repository/org/junit/platform/junit-platform-commons/1.7.0/junit-platform-commons-1.7.0.jar' 
2022-03-30 19:41:06.031 DEBUG [acme.Launcher@main] Found classpath entry '/C:/Users/Mario/.m2/repository/org/junit/jupiter/junit-jupiter-params/5.7.0/junit-jupiter-params-5.7.0.jar' 
2022-03-30 19:41:06.032 DEBUG [acme.Launcher@main] Found classpath entry '/C:/Users/Mario/.m2/repository/org/junit/platform/junit-platform-launcher/1.7.0/junit-platform-launcher-1.7.0.jar' 
2022-03-30 19:41:06.032 DEBUG [acme.Launcher@main] Found classpath entry '/C:/Users/Mario/.m2/repository/org/seleniumhq/selenium/selenium-java/3.141.59/selenium-java-3.141.59.jar' 
2022-03-30 19:41:06.032 DEBUG [acme.Launcher@main] Found classpath entry '/C:/Users/Mario/.m2/repository/org/seleniumhq/selenium/selenium-api/3.141.59/selenium-api-3.141.59.jar' 
2022-03-30 19:41:06.032 DEBUG [acme.Launcher@main] Found classpath entry '/C:/Users/Mario/.m2/repository/org/seleniumhq/selenium/selenium-chrome-driver/3.141.59/selenium-chrome-driver-3.141.59.jar' 
2022-03-30 19:41:06.032 DEBUG [acme.Launcher@main] Found classpath entry '/C:/Users/Mario/.m2/repository/org/seleniumhq/selenium/selenium-edge-driver/3.141.59/selenium-edge-driver-3.141.59.jar' 
2022-03-30 19:41:06.033 DEBUG [acme.Launcher@main] Found classpath entry '/C:/Users/Mario/.m2/repository/org/seleniumhq/selenium/selenium-firefox-driver/3.141.59/selenium-firefox-driver-3.141.59.jar' 
2022-03-30 19:41:06.033 DEBUG [acme.Launcher@main] Found classpath entry '/C:/Users/Mario/.m2/repository/org/seleniumhq/selenium/selenium-ie-driver/3.141.59/selenium-ie-driver-3.141.59.jar' 
2022-03-30 19:41:06.033 DEBUG [acme.Launcher@main] Found classpath entry '/C:/Users/Mario/.m2/repository/org/seleniumhq/selenium/selenium-opera-driver/3.141.59/selenium-opera-driver-3.141.59.jar' 
2022-03-30 19:41:06.033 DEBUG [acme.Launcher@main] Found classpath entry '/C:/Users/Mario/.m2/repository/org/seleniumhq/selenium/selenium-remote-driver/3.141.59/selenium-remote-driver-3.141.59.jar' 
2022-03-30 19:41:06.033 DEBUG [acme.Launcher@main] Found classpath entry '/C:/Users/Mario/.m2/repository/org/seleniumhq/selenium/selenium-safari-driver/3.141.59/selenium-safari-driver-3.141.59.jar' 
2022-03-30 19:41:06.033 DEBUG [acme.Launcher@main] Found classpath entry '/C:/Users/Mario/.m2/repository/org/seleniumhq/selenium/selenium-support/3.141.59/selenium-support-3.141.59.jar' 
2022-03-30 19:41:06.034 DEBUG [acme.Launcher@main] Found classpath entry '/C:/Users/Mario/.m2/repository/net/bytebuddy/byte-buddy/1.10.19/byte-buddy-1.10.19.jar' 
2022-03-30 19:41:06.034 DEBUG [acme.Launcher@main] Found classpath entry '/C:/Users/Mario/.m2/repository/org/apache/commons/commons-exec/1.3/commons-exec-1.3.jar' 
2022-03-30 19:41:06.034 DEBUG [acme.Launcher@main] Found classpath entry '/C:/Users/Mario/.m2/repository/com/google/guava/guava/25.0-jre/guava-25.0-jre.jar' 
2022-03-30 19:41:06.034 DEBUG [acme.Launcher@main] Found classpath entry '/C:/Users/Mario/.m2/repository/com/google/code/findbugs/jsr305/1.3.9/jsr305-1.3.9.jar' 
2022-03-30 19:41:06.034 DEBUG [acme.Launcher@main] Found classpath entry '/C:/Users/Mario/.m2/repository/org/checkerframework/checker-compat-qual/2.0.0/checker-compat-qual-2.0.0.jar' 
2022-03-30 19:41:06.034 DEBUG [acme.Launcher@main] Found classpath entry '/C:/Users/Mario/.m2/repository/com/google/errorprone/error_prone_annotations/2.1.3/error_prone_annotations-2.1.3.jar' 
2022-03-30 19:41:06.035 DEBUG [acme.Launcher@main] Found classpath entry '/C:/Users/Mario/.m2/repository/com/google/j2objc/j2objc-annotations/1.1/j2objc-annotations-1.1.jar' 
2022-03-30 19:41:06.035 DEBUG [acme.Launcher@main] Found classpath entry '/C:/Users/Mario/.m2/repository/org/codehaus/mojo/animal-sniffer-annotations/1.14/animal-sniffer-annotations-1.14.jar' 
2022-03-30 19:41:06.035 DEBUG [acme.Launcher@main] Found classpath entry '/C:/Users/Mario/.m2/repository/com/squareup/okhttp3/okhttp/3.14.9/okhttp-3.14.9.jar' 
2022-03-30 19:41:06.035 DEBUG [acme.Launcher@main] Found classpath entry '/C:/Users/Mario/.m2/repository/com/squareup/okio/okio/1.14.0/okio-1.14.0.jar' 
2022-03-30 19:41:06.035 DEBUG [acme.Launcher@main] Found classpath entry '/C:/Users/Mario/.m2/repository/org/apache/commons/commons-lang3/3.11/commons-lang3-3.11.jar' 
2022-03-30 19:41:06.035 DEBUG [acme.Launcher@main] Found classpath entry '/C:/Users/Mario/.m2/repository/org/apache/commons/commons-text/1.8/commons-text-1.8.jar' 
2022-03-30 19:41:06.035 DEBUG [acme.Launcher@main] Found classpath entry '/C:/Users/Mario/.m2/repository/commons-io/commons-io/2.6/commons-io-2.6.jar' 
2022-03-30 19:41:06.035 DEBUG [acme.Launcher@main] Found classpath entry '/C:/Users/Mario/.m2/repository/commons-cli/commons-cli/1.4/commons-cli-1.4.jar' 
2022-03-30 19:41:06.035 DEBUG [acme.Launcher@main] Found classpath entry '/C:/Users/Mario/.m2/repository/org/projectlombok/lombok/1.18.16/lombok-1.18.16.jar' 
2022-03-30 19:41:06.035 DEBUG [acme.Launcher@main] Found classpath entry '/C:/Users/Mario/.m2/repository/com/opencsv/opencsv/5.4/opencsv-5.4.jar' 
2022-03-30 19:41:06.036 DEBUG [acme.Launcher@main] Found classpath entry '/C:/Users/Mario/.m2/repository/commons-beanutils/commons-beanutils/1.9.4/commons-beanutils-1.9.4.jar' 
2022-03-30 19:41:06.036 DEBUG [acme.Launcher@main] Found classpath entry '/C:/Users/Mario/.m2/repository/commons-logging/commons-logging/1.2/commons-logging-1.2.jar' 
2022-03-30 19:41:06.036 DEBUG [acme.Launcher@main] Found classpath entry '/C:/Users/Mario/.m2/repository/commons-collections/commons-collections/3.2.2/commons-collections-3.2.2.jar' 
2022-03-30 19:41:06.036 DEBUG [acme.Launcher@main] Found classpath entry '/C:/Users/Mario/.m2/repository/org/apache/commons/commons-collections4/4.4/commons-collections4-4.4.jar' 
2022-03-30 19:41:06.135 DEBUG [acme.Launcher@main] Found entity class 'acme.entities.announcement.Announcement 
2022-03-30 19:41:06.135 DEBUG [acme.Launcher@main] Found entity class 'acme.entities.artefact.Artefact 
2022-03-30 19:41:06.135 DEBUG [acme.Launcher@main] Found entity class 'acme.entities.artefact.Quantity 
2022-03-30 19:41:06.135 DEBUG [acme.Launcher@main] Found entity class 'acme.entities.chirp.Chirp 
2022-03-30 19:41:06.135 DEBUG [acme.Launcher@main] Found entity class 'acme.entities.patonages.Patronages 
2022-03-30 19:41:06.136 DEBUG [acme.Launcher@main] Found entity class 'acme.entities.patronageReport.PatronageReport 
2022-03-30 19:41:06.136 DEBUG [acme.Launcher@main] Found entity class 'acme.entities.systemConfiguration.SystemConfiguration 
2022-03-30 19:41:06.136 DEBUG [acme.Launcher@main] Found entity class 'acme.entities.toolkit.Toolkit 
2022-03-30 19:41:06.136 DEBUG [acme.Launcher@main] Found entity class 'acme.roles.Consumer 
2022-03-30 19:41:06.136 DEBUG [acme.Launcher@main] Found entity class 'acme.roles.Inventor 
2022-03-30 19:41:06.136 DEBUG [acme.Launcher@main] Found entity class 'acme.roles.Patron 
2022-03-30 19:41:06.136 DEBUG [acme.Launcher@main] Found entity class 'acme.roles.Provider 
2022-03-30 19:41:06.136 DEBUG [acme.Launcher@main] Found entity class 'acme.framework.entities.UserAccount 
2022-03-30 19:41:06.136 DEBUG [acme.Launcher@main] Found entity class 'acme.framework.roles.Administrator 
2022-03-30 19:41:06.137 DEBUG [acme.Launcher@main] Found entity class 'acme.framework.roles.Anonymous 
2022-03-30 19:41:06.137 DEBUG [acme.Launcher@main] Found entity class 'acme.framework.roles.Authenticated 
2022-03-30 19:41:06.141 INFO  [acme.Launcher@main] Running application (Standalone) 
2022-03-30 19:41:12.769 DEBUG [acme.framework.components.tiles.DynamicTilesView@http-nio-8080-exec-3] View name 'fragments/welcome', model {} 
2022-03-30 19:41:12.788 DEBUG [org.apache.tiles.definition.dao.BaseLocaleUrlDefinitionDAO@http-nio-8080-exec-3] File Resource file:/D:/Mario/Universidad/3º%20de%20Carrera%202021-2022/2%20-%20Diseño%20y%20Pruebas%20II%20(DP2)/Workspace-22.0/Projects/Acme-Toolkits/target/classes/WEB-INF/views/master/tiles_en.xml at file:/D:/Mario/Universidad/3º%20de%20Carrera%202021-2022/2%20-%20Diseño%20y%20Pruebas%20II%20(DP2)/Workspace-22.0/Projects/Acme-Toolkits/target/classes/WEB-INF/views/master/tiles_en.xml not found, continue 
2022-03-30 19:41:12.796 DEBUG [org.apache.jasper.servlet.JspServlet@http-nio-8080-exec-3] JspEngine --> /WEB-INF/views/master/page.jsp 
2022-03-30 19:41:12.797 DEBUG [org.apache.jasper.servlet.JspServlet@http-nio-8080-exec-3] ServletPath: /WEB-INF/views/master/page.jsp 
2022-03-30 19:41:12.797 DEBUG [org.apache.jasper.servlet.JspServlet@http-nio-8080-exec-3] PathInfo: null 
2022-03-30 19:41:12.800 DEBUG [org.apache.jasper.servlet.JspServlet@http-nio-8080-exec-3] RealPath: D:\Mario\Universidad\3º de Carrera 2021-2022\2 - Diseño y Pruebas II (DP2)\Workspace-22.0\Projects\Acme-Toolkits\target\classes\WEB-INF\views\master\page.jsp 
2022-03-30 19:41:12.802 DEBUG [org.apache.jasper.servlet.JspServlet@http-nio-8080-exec-3] RequestURI: /acme-toolkits-0.1/WEB-INF/views/master/page.jsp 
2022-03-30 19:41:12.803 DEBUG [org.apache.jasper.servlet.JspServlet@http-nio-8080-exec-3] QueryString: null 
2022-03-30 19:41:16.902 DEBUG [acme.framework.configuration.ExtendedMessageSource@http-nio-8080-exec-3] Loading properties [D:\Mario\Universidad\3º de Carrera 2021-2022\2 - Diseño y Pruebas II (DP2)\Workspace-22.0\Projects\Acme-Toolkits\target\classes\WEB-INF\views\administrator\artefact\messages-en.i18n] with encoding 'utf-8' 
2022-03-30 19:41:16.905 DEBUG [acme.framework.configuration.ExtendedMessageSource@http-nio-8080-exec-3] Loading properties [D:\Mario\Universidad\3º de Carrera 2021-2022\2 - Diseño y Pruebas II (DP2)\Workspace-22.0\Projects\Acme-Toolkits\target\classes\WEB-INF\views\administrator\user-account\messages-en.i18n] with encoding 'utf-8' 
2022-03-30 19:41:16.905 DEBUG [acme.framework.configuration.ExtendedMessageSource@http-nio-8080-exec-3] Loading properties [D:\Mario\Universidad\3º de Carrera 2021-2022\2 - Diseño y Pruebas II (DP2)\Workspace-22.0\Projects\Acme-Toolkits\target\classes\WEB-INF\views\anonymous\artefact\messages-en.i18n] with encoding 'utf-8' 
2022-03-30 19:41:16.906 DEBUG [acme.framework.configuration.ExtendedMessageSource@http-nio-8080-exec-3] Loading properties [D:\Mario\Universidad\3º de Carrera 2021-2022\2 - Diseño y Pruebas II (DP2)\Workspace-22.0\Projects\Acme-Toolkits\target\classes\WEB-INF\views\anonymous\user-account\messages-en.i18n] with encoding 'utf-8' 
2022-03-30 19:41:16.907 DEBUG [acme.framework.configuration.ExtendedMessageSource@http-nio-8080-exec-3] Loading properties [D:\Mario\Universidad\3º de Carrera 2021-2022\2 - Diseño y Pruebas II (DP2)\Workspace-22.0\Projects\Acme-Toolkits\target\classes\WEB-INF\views\authenticated\artefact\messages-en.i18n] with encoding 'utf-8' 
2022-03-30 19:41:16.907 DEBUG [acme.framework.configuration.ExtendedMessageSource@http-nio-8080-exec-3] Loading properties [D:\Mario\Universidad\3º de Carrera 2021-2022\2 - Diseño y Pruebas II (DP2)\Workspace-22.0\Projects\Acme-Toolkits\target\classes\WEB-INF\views\authenticated\consumer\messsages-en.i18n] with encoding 'utf-8' 
2022-03-30 19:41:16.908 DEBUG [acme.framework.configuration.ExtendedMessageSource@http-nio-8080-exec-3] Loading properties [D:\Mario\Universidad\3º de Carrera 2021-2022\2 - Diseño y Pruebas II (DP2)\Workspace-22.0\Projects\Acme-Toolkits\target\classes\WEB-INF\views\authenticated\provider\messsages-en.i18n] with encoding 'utf-8' 
2022-03-30 19:41:16.909 DEBUG [acme.framework.configuration.ExtendedMessageSource@http-nio-8080-exec-3] Loading properties [D:\Mario\Universidad\3º de Carrera 2021-2022\2 - Diseño y Pruebas II (DP2)\Workspace-22.0\Projects\Acme-Toolkits\target\classes\WEB-INF\views\authenticated\user-account\messages-en.i18n] with encoding 'utf-8' 
2022-03-30 19:41:16.909 DEBUG [acme.framework.configuration.ExtendedMessageSource@http-nio-8080-exec-3] Loading properties [D:\Mario\Universidad\3º de Carrera 2021-2022\2 - Diseño y Pruebas II (DP2)\Workspace-22.0\Projects\Acme-Toolkits\target\classes\WEB-INF\views\fragments\banner-en.i18n] with encoding 'utf-8' 
2022-03-30 19:41:16.910 DEBUG [acme.framework.configuration.ExtendedMessageSource@http-nio-8080-exec-3] Loading properties [D:\Mario\Universidad\3º de Carrera 2021-2022\2 - Diseño y Pruebas II (DP2)\Workspace-22.0\Projects\Acme-Toolkits\target\classes\WEB-INF\views\fragments\company-en.i18n] with encoding 'utf-8' 
2022-03-30 19:41:16.910 DEBUG [acme.framework.configuration.ExtendedMessageSource@http-nio-8080-exec-3] Loading properties [D:\Mario\Universidad\3º de Carrera 2021-2022\2 - Diseño y Pruebas II (DP2)\Workspace-22.0\Projects\Acme-Toolkits\target\classes\WEB-INF\views\fragments\footer-en.i18n] with encoding 'utf-8' 
2022-03-30 19:41:16.911 DEBUG [acme.framework.configuration.ExtendedMessageSource@http-nio-8080-exec-3] Loading properties [D:\Mario\Universidad\3º de Carrera 2021-2022\2 - Diseño y Pruebas II (DP2)\Workspace-22.0\Projects\Acme-Toolkits\target\classes\WEB-INF\views\fragments\license-en.i18n] with encoding 'utf-8' 
2022-03-30 19:41:16.911 DEBUG [acme.framework.configuration.ExtendedMessageSource@http-nio-8080-exec-3] Loading properties [D:\Mario\Universidad\3º de Carrera 2021-2022\2 - Diseño y Pruebas II (DP2)\Workspace-22.0\Projects\Acme-Toolkits\target\classes\WEB-INF\views\fragments\menu-en.i18n] with encoding 'utf-8' 
2022-03-30 19:41:16.912 DEBUG [acme.framework.configuration.ExtendedMessageSource@http-nio-8080-exec-3] Loading properties [D:\Mario\Universidad\3º de Carrera 2021-2022\2 - Diseño y Pruebas II (DP2)\Workspace-22.0\Projects\Acme-Toolkits\target\classes\WEB-INF\views\fragments\messages-en.i18n] with encoding 'utf-8' 
2022-03-30 19:41:16.913 DEBUG [acme.framework.configuration.ExtendedMessageSource@http-nio-8080-exec-3] Loading properties [D:\Mario\Universidad\3º de Carrera 2021-2022\2 - Diseño y Pruebas II (DP2)\Workspace-22.0\Projects\Acme-Toolkits\target\classes\WEB-INF\views\fragments\messsages-en.i18n] with encoding 'utf-8' 
2022-03-30 19:41:16.914 DEBUG [acme.framework.configuration.ExtendedMessageSource@http-nio-8080-exec-3] Loading properties [D:\Mario\Universidad\3º de Carrera 2021-2022\2 - Diseño y Pruebas II (DP2)\Workspace-22.0\Projects\Acme-Toolkits\target\classes\WEB-INF\views\fragments\title-en.i18n] with encoding 'utf-8' 
2022-03-30 19:41:16.914 DEBUG [acme.framework.configuration.ExtendedMessageSource@http-nio-8080-exec-3] Loading properties [D:\Mario\Universidad\3º de Carrera 2021-2022\2 - Diseño y Pruebas II (DP2)\Workspace-22.0\Projects\Acme-Toolkits\target\classes\WEB-INF\views\fragments\welcome-en.i18n] with encoding 'utf-8' 
2022-03-30 19:41:16.915 DEBUG [acme.framework.configuration.ExtendedMessageSource@http-nio-8080-exec-3] Loading properties [D:\Mario\Universidad\3º de Carrera 2021-2022\2 - Diseño y Pruebas II (DP2)\Workspace-22.0\Projects\Acme-Toolkits\target\classes\WEB-INF\views\inventor\artefact\messages-en.i18n] with encoding 'utf-8' 
2022-03-30 19:41:16.916 DEBUG [acme.framework.configuration.ExtendedMessageSource@http-nio-8080-exec-3] Loading properties [D:\Mario\Universidad\3º de Carrera 2021-2022\2 - Diseño y Pruebas II (DP2)\Workspace-22.0\Projects\Acme-Toolkits\target\classes\WEB-INF\views\inventor\toolkit\messages-en.i18n] with encoding 'utf-8' 
2022-03-30 19:41:16.916 DEBUG [acme.framework.configuration.ExtendedMessageSource@http-nio-8080-exec-3] Loading properties [D:\Mario\Universidad\3º de Carrera 2021-2022\2 - Diseño y Pruebas II (DP2)\Workspace-22.0\Projects\Acme-Toolkits\target\classes\WEB-INF\views\master\defaults-en.i18n] with encoding 'utf-8' 
2022-03-30 19:41:16.917 DEBUG [acme.framework.configuration.ExtendedMessageSource@http-nio-8080-exec-3] Loading properties [D:\Mario\Universidad\3º de Carrera 2021-2022\2 - Diseño y Pruebas II (DP2)\Workspace-22.0\Projects\Acme-Toolkits\target\classes\WEB-INF\views\master\master-en.i18n] with encoding 'utf-8' 
2022-03-30 19:41:16.917 DEBUG [acme.framework.configuration.ExtendedMessageSource@http-nio-8080-exec-3] Loading properties [D:\Mario\Universidad\3º de Carrera 2021-2022\2 - Diseño y Pruebas II (DP2)\Workspace-22.0\Projects\Acme-Toolkits\target\classes\WEB-INF\views\master\throwables-en.i18n] with encoding 'utf-8' 
2022-03-30 19:41:16.918 DEBUG [acme.framework.configuration.ExtendedMessageSource@http-nio-8080-exec-3] Loading properties [D:\Mario\Universidad\3º de Carrera 2021-2022\2 - Diseño y Pruebas II (DP2)\Workspace-22.0\Projects\Acme-Toolkits\target\classes\WEB-INF\views\master\validation-en.i18n] with encoding 'utf-8' 
2022-03-30 19:41:16.919 DEBUG [acme.framework.configuration.ExtendedMessageSource@http-nio-8080-exec-3] Loading properties [D:\Mario\Universidad\3º de Carrera 2021-2022\2 - Diseño y Pruebas II (DP2)\Workspace-22.0\Projects\Acme-Toolkits\target\classes\WEB-INF\views\patron\artefact\messages-en.i18n] with encoding 'utf-8' 
2022-03-30 19:41:17.083 DEBUG [org.apache.jasper.servlet.JspServlet@http-nio-8080-exec-3] JspEngine --> /WEB-INF/views/fragments/welcome.jsp 
2022-03-30 19:41:17.083 DEBUG [org.apache.jasper.servlet.JspServlet@http-nio-8080-exec-3] ServletPath: /WEB-INF/views/master/page.jsp 
2022-03-30 19:41:17.084 DEBUG [org.apache.jasper.servlet.JspServlet@http-nio-8080-exec-3] PathInfo: null 
2022-03-30 19:41:17.085 DEBUG [org.apache.jasper.servlet.JspServlet@http-nio-8080-exec-3] RealPath: D:\Mario\Universidad\3º de Carrera 2021-2022\2 - Diseño y Pruebas II (DP2)\Workspace-22.0\Projects\Acme-Toolkits\target\classes\WEB-INF\views\fragments\welcome.jsp 
2022-03-30 19:41:17.086 DEBUG [org.apache.jasper.servlet.JspServlet@http-nio-8080-exec-3] RequestURI: /acme-toolkits-0.1/WEB-INF/views/master/page.jsp 
2022-03-30 19:41:17.086 DEBUG [org.apache.jasper.servlet.JspServlet@http-nio-8080-exec-3] QueryString: null 
2022-03-30 19:41:17.259 ERROR [org.apache.catalina.core.ContainerBase.[Tomcat].[localhost].[/acme-toolkits-0.1].[dispatcherServlet]@http-nio-8080-exec-4] Servlet.service() for servlet [dispatcherServlet] in context with path [/acme-toolkits-0.1] threw exception [Filter execution threw an exception] with root cause at acme.framework.controllers.RememberMeLogoutHandler.logout(RememberMeLogoutHandler.java:31): java.lang.AssertionError
2022-03-30 19:41:17.270 DEBUG [acme.framework.components.tiles.DynamicTilesView@http-nio-8080-exec-4] View name 'master/panic', model {} 
2022-03-30 19:41:17.272 DEBUG [org.apache.jasper.servlet.JspServlet@http-nio-8080-exec-4] JspEngine --> /WEB-INF/views/master/page.jsp 
2022-03-30 19:41:17.273 DEBUG [org.apache.jasper.servlet.JspServlet@http-nio-8080-exec-4] ServletPath: /WEB-INF/views/master/page.jsp 
2022-03-30 19:41:17.273 DEBUG [org.apache.jasper.servlet.JspServlet@http-nio-8080-exec-4] PathInfo: null 
2022-03-30 19:41:17.275 DEBUG [org.apache.jasper.servlet.JspServlet@http-nio-8080-exec-4] RealPath: D:\Mario\Universidad\3º de Carrera 2021-2022\2 - Diseño y Pruebas II (DP2)\Workspace-22.0\Projects\Acme-Toolkits\target\classes\WEB-INF\views\master\page.jsp 
2022-03-30 19:41:17.276 DEBUG [org.apache.jasper.servlet.JspServlet@http-nio-8080-exec-4] RequestURI: /acme-toolkits-0.1/WEB-INF/views/master/page.jsp 
2022-03-30 19:41:17.276 DEBUG [org.apache.jasper.servlet.JspServlet@http-nio-8080-exec-4] QueryString: null 
2022-03-30 19:41:17.366 DEBUG [org.hibernate.SQL@http-nio-8080-exec-3] select useraccoun0_.id as id1_0_, useraccoun0_.version as version2_0_, useraccoun0_.enabled as enabled1_16_, useraccoun0_.identity as identity2_16_, useraccoun0_.password as password3_16_, useraccoun0_.username as username4_16_ from user_account useraccoun0_ where useraccoun0_.username=? 
2022-03-30 19:41:17.411 TRACE [org.hibernate.type.descriptor.sql.BasicBinder@http-nio-8080-exec-3] binding parameter [1] as [VARCHAR] - [anonymous] 
2022-03-30 19:41:17.464 DEBUG [org.apache.jasper.servlet.JspServlet@http-nio-8080-exec-4] JspEngine --> /WEB-INF/views/master/panic.jsp 
2022-03-30 19:41:17.465 DEBUG [org.apache.jasper.servlet.JspServlet@http-nio-8080-exec-4] ServletPath: /WEB-INF/views/master/page.jsp 
2022-03-30 19:41:17.468 DEBUG [org.apache.jasper.servlet.JspServlet@http-nio-8080-exec-4] PathInfo: null 
2022-03-30 19:41:17.470 DEBUG [org.apache.jasper.servlet.JspServlet@http-nio-8080-exec-4] RealPath: D:\Mario\Universidad\3º de Carrera 2021-2022\2 - Diseño y Pruebas II (DP2)\Workspace-22.0\Projects\Acme-Toolkits\target\classes\WEB-INF\views\master\panic.jsp 
2022-03-30 19:41:17.470 DEBUG [org.apache.jasper.servlet.JspServlet@http-nio-8080-exec-4] RequestURI: /acme-toolkits-0.1/WEB-INF/views/master/page.jsp 
2022-03-30 19:41:17.471 DEBUG [org.apache.jasper.servlet.JspServlet@http-nio-8080-exec-4] QueryString: null 
2022-03-30 19:41:17.507 DEBUG [org.hibernate.SQL@http-nio-8080-exec-3] select roles0_.user_account_id as user_acc1_17_0_, roles0_.id as id1_17_0_, roles0_.id as id1_0_1_, roles0_.version as version2_0_1_, roles0_.user_account_id as user_acc1_17_1_, roles0_.company as company1_7_1_, roles0_.sector as sector2_7_1_, roles0_.company as company1_8_1_, roles0_.link as link2_8_1_, roles0_.statement as statemen3_8_1_, roles0_.company as company1_9_1_, roles0_.link as link2_9_1_, roles0_.statement as statemen3_9_1_, roles0_.company as company1_12_1_, roles0_.sector as sector2_12_1_, roles0_.clazz_ as clazz_1_ from ( select id, version, user_account_id, company, sector, null as link, null as statement, 10 as clazz_ from consumer union all select id, version, user_account_id, company, null as sector, link, statement, 11 as clazz_ from inventor union all select id, version, user_account_id, company, null as sector, link, statement, 12 as clazz_ from patron union all select id, version, user_account_id, company, sector, null as link, null as statement, 13 as clazz_ from provider union all select id, version, user_account_id, null as company, null as sector, null as link, null as statement, 15 as clazz_ from administrator union all select id, version, user_account_id, null as company, null as sector, null as link, null as statement, 16 as clazz_ from anonymous union all select id, version, user_account_id, null as company, null as sector, null as link, null as statement, 17 as clazz_ from authenticated ) roles0_ where roles0_.user_account_id=? 
2022-03-30 19:41:17.509 TRACE [org.hibernate.type.descriptor.sql.BasicBinder@http-nio-8080-exec-3] binding parameter [1] as [INTEGER] - [1] 
2022-03-30 19:41:17.692 ERROR [org.apache.jsp.WEB_002dINF.views.master.panic_jsp@http-nio-8080-exec-4] HTTP GET /acme-toolkits-0.1/WEB-INF/views/master/page.jsp HTTP/1.1 
2022-03-30 19:41:17.693 ERROR [org.apache.jsp.WEB_002dINF.views.master.panic_jsp@http-nio-8080-exec-4] Status: 500 
2022-03-30 19:41:17.694 ERROR [org.apache.jsp.WEB_002dINF.views.master.panic_jsp@http-nio-8080-exec-4] Exception: org.apache.catalina.core.ApplicationFilterChain.internalDoFilter(ApplicationFilterChain.java:200): Filter execution threw an exception\nacme.framework.controllers.RememberMeLogoutHandler.logout(RememberMeLogoutHandler.java:31): java.lang.AssertionError 
2022-03-30 19:41:17.826 DEBUG [org.hibernate.SQL@http-nio-8080-exec-4] select useraccoun0_.id as id1_0_, useraccoun0_.version as version2_0_, useraccoun0_.enabled as enabled1_16_, useraccoun0_.identity as identity2_16_, useraccoun0_.password as password3_16_, useraccoun0_.username as username4_16_ from user_account useraccoun0_ where useraccoun0_.username=? 
2022-03-30 19:41:17.826 TRACE [org.hibernate.type.descriptor.sql.BasicBinder@http-nio-8080-exec-4] binding parameter [1] as [VARCHAR] - [anonymous] 
2022-03-30 19:41:17.829 DEBUG [org.hibernate.SQL@http-nio-8080-exec-4] select roles0_.user_account_id as user_acc1_17_0_, roles0_.id as id1_17_0_, roles0_.id as id1_0_1_, roles0_.version as version2_0_1_, roles0_.user_account_id as user_acc1_17_1_, roles0_.company as company1_7_1_, roles0_.sector as sector2_7_1_, roles0_.company as company1_8_1_, roles0_.link as link2_8_1_, roles0_.statement as statemen3_8_1_, roles0_.company as company1_9_1_, roles0_.link as link2_9_1_, roles0_.statement as statemen3_9_1_, roles0_.company as company1_12_1_, roles0_.sector as sector2_12_1_, roles0_.clazz_ as clazz_1_ from ( select id, version, user_account_id, company, sector, null as link, null as statement, 10 as clazz_ from consumer union all select id, version, user_account_id, company, null as sector, link, statement, 11 as clazz_ from inventor union all select id, version, user_account_id, company, null as sector, link, statement, 12 as clazz_ from patron union all select id, version, user_account_id, company, sector, null as link, null as statement, 13 as clazz_ from provider union all select id, version, user_account_id, null as company, null as sector, null as link, null as statement, 15 as clazz_ from administrator union all select id, version, user_account_id, null as company, null as sector, null as link, null as statement, 16 as clazz_ from anonymous union all select id, version, user_account_id, null as company, null as sector, null as link, null as statement, 17 as clazz_ from authenticated ) roles0_ where roles0_.user_account_id=? 
2022-03-30 19:41:17.830 TRACE [org.hibernate.type.descriptor.sql.BasicBinder@http-nio-8080-exec-4] binding parameter [1] as [INTEGER] - [1] 
2022-03-30 19:41:19.664 DEBUG [acme.framework.components.tiles.DynamicTilesView@http-nio-8080-exec-2] View name 'master/sign-in', model {username=, password=, remember=false} 
2022-03-30 19:41:19.665 DEBUG [org.apache.jasper.servlet.JspServlet@http-nio-8080-exec-2] JspEngine --> /WEB-INF/views/master/page.jsp 
2022-03-30 19:41:19.665 DEBUG [org.apache.jasper.servlet.JspServlet@http-nio-8080-exec-2] ServletPath: /WEB-INF/views/master/page.jsp 
2022-03-30 19:41:19.666 DEBUG [org.apache.jasper.servlet.JspServlet@http-nio-8080-exec-2] PathInfo: null 
2022-03-30 19:41:19.671 DEBUG [org.apache.jasper.servlet.JspServlet@http-nio-8080-exec-2] RealPath: D:\Mario\Universidad\3º de Carrera 2021-2022\2 - Diseño y Pruebas II (DP2)\Workspace-22.0\Projects\Acme-Toolkits\target\classes\WEB-INF\views\master\page.jsp 
2022-03-30 19:41:19.672 DEBUG [org.apache.jasper.servlet.JspServlet@http-nio-8080-exec-2] RequestURI: /acme-toolkits-0.1/WEB-INF/views/master/page.jsp 
2022-03-30 19:41:19.675 DEBUG [org.apache.jasper.servlet.JspServlet@http-nio-8080-exec-2] QueryString: null 
2022-03-30 19:41:19.744 DEBUG [org.apache.jasper.servlet.JspServlet@http-nio-8080-exec-2] JspEngine --> /WEB-INF/views/master/sign-in.jsp 
2022-03-30 19:41:19.744 DEBUG [org.apache.jasper.servlet.JspServlet@http-nio-8080-exec-2] ServletPath: /WEB-INF/views/master/page.jsp 
2022-03-30 19:41:19.745 DEBUG [org.apache.jasper.servlet.JspServlet@http-nio-8080-exec-2] PathInfo: null 
2022-03-30 19:41:19.745 DEBUG [org.apache.jasper.servlet.JspServlet@http-nio-8080-exec-2] RealPath: D:\Mario\Universidad\3º de Carrera 2021-2022\2 - Diseño y Pruebas II (DP2)\Workspace-22.0\Projects\Acme-Toolkits\target\classes\WEB-INF\views\master\sign-in.jsp 
2022-03-30 19:41:19.745 DEBUG [org.apache.jasper.servlet.JspServlet@http-nio-8080-exec-2] RequestURI: /acme-toolkits-0.1/WEB-INF/views/master/page.jsp 
2022-03-30 19:41:19.746 DEBUG [org.apache.jasper.servlet.JspServlet@http-nio-8080-exec-2] QueryString: null 
2022-03-30 19:41:21.287 DEBUG [org.hibernate.SQL@http-nio-8080-exec-2] select useraccoun0_.id as id1_0_, useraccoun0_.version as version2_0_, useraccoun0_.enabled as enabled1_16_, useraccoun0_.identity as identity2_16_, useraccoun0_.password as password3_16_, useraccoun0_.username as username4_16_ from user_account useraccoun0_ where useraccoun0_.username=? 
2022-03-30 19:41:21.287 TRACE [org.hibernate.type.descriptor.sql.BasicBinder@http-nio-8080-exec-2] binding parameter [1] as [VARCHAR] - [anonymous] 
2022-03-30 19:41:21.289 DEBUG [org.hibernate.SQL@http-nio-8080-exec-2] select roles0_.user_account_id as user_acc1_17_0_, roles0_.id as id1_17_0_, roles0_.id as id1_0_1_, roles0_.version as version2_0_1_, roles0_.user_account_id as user_acc1_17_1_, roles0_.company as company1_7_1_, roles0_.sector as sector2_7_1_, roles0_.company as company1_8_1_, roles0_.link as link2_8_1_, roles0_.statement as statemen3_8_1_, roles0_.company as company1_9_1_, roles0_.link as link2_9_1_, roles0_.statement as statemen3_9_1_, roles0_.company as company1_12_1_, roles0_.sector as sector2_12_1_, roles0_.clazz_ as clazz_1_ from ( select id, version, user_account_id, company, sector, null as link, null as statement, 10 as clazz_ from consumer union all select id, version, user_account_id, company, null as sector, link, statement, 11 as clazz_ from inventor union all select id, version, user_account_id, company, null as sector, link, statement, 12 as clazz_ from patron union all select id, version, user_account_id, company, sector, null as link, null as statement, 13 as clazz_ from provider union all select id, version, user_account_id, null as company, null as sector, null as link, null as statement, 15 as clazz_ from administrator union all select id, version, user_account_id, null as company, null as sector, null as link, null as statement, 16 as clazz_ from anonymous union all select id, version, user_account_id, null as company, null as sector, null as link, null as statement, 17 as clazz_ from authenticated ) roles0_ where roles0_.user_account_id=? 
2022-03-30 19:41:21.290 TRACE [org.hibernate.type.descriptor.sql.BasicBinder@http-nio-8080-exec-2] binding parameter [1] as [INTEGER] - [1] 
2022-03-30 19:41:29.972 DEBUG [org.hibernate.SQL@http-nio-8080-exec-6] select useraccoun0_.id as id1_0_, useraccoun0_.version as version2_0_, useraccoun0_.enabled as enabled1_16_, useraccoun0_.identity as identity2_16_, useraccoun0_.password as password3_16_, useraccoun0_.username as username4_16_ from user_account useraccoun0_ where useraccoun0_.username=? 
2022-03-30 19:41:29.973 TRACE [org.hibernate.type.descriptor.sql.BasicBinder@http-nio-8080-exec-6] binding parameter [1] as [VARCHAR] - [inventor1] 
2022-03-30 19:41:29.975 DEBUG [org.hibernate.SQL@http-nio-8080-exec-6] select roles0_.user_account_id as user_acc1_17_0_, roles0_.id as id1_17_0_, roles0_.id as id1_0_1_, roles0_.version as version2_0_1_, roles0_.user_account_id as user_acc1_17_1_, roles0_.company as company1_7_1_, roles0_.sector as sector2_7_1_, roles0_.company as company1_8_1_, roles0_.link as link2_8_1_, roles0_.statement as statemen3_8_1_, roles0_.company as company1_9_1_, roles0_.link as link2_9_1_, roles0_.statement as statemen3_9_1_, roles0_.company as company1_12_1_, roles0_.sector as sector2_12_1_, roles0_.clazz_ as clazz_1_ from ( select id, version, user_account_id, company, sector, null as link, null as statement, 10 as clazz_ from consumer union all select id, version, user_account_id, company, null as sector, link, statement, 11 as clazz_ from inventor union all select id, version, user_account_id, company, null as sector, link, statement, 12 as clazz_ from patron union all select id, version, user_account_id, company, sector, null as link, null as statement, 13 as clazz_ from provider union all select id, version, user_account_id, null as company, null as sector, null as link, null as statement, 15 as clazz_ from administrator union all select id, version, user_account_id, null as company, null as sector, null as link, null as statement, 16 as clazz_ from anonymous union all select id, version, user_account_id, null as company, null as sector, null as link, null as statement, 17 as clazz_ from authenticated ) roles0_ where roles0_.user_account_id=? 
2022-03-30 19:41:29.976 TRACE [org.hibernate.type.descriptor.sql.BasicBinder@http-nio-8080-exec-6] binding parameter [1] as [INTEGER] - [8] 
2022-03-30 19:41:30.005 DEBUG [acme.framework.components.tiles.DynamicTilesView@http-nio-8080-exec-2] View name 'fragments/welcome', model {} 
2022-03-30 19:41:30.006 DEBUG [org.apache.jasper.servlet.JspServlet@http-nio-8080-exec-2] JspEngine --> /WEB-INF/views/master/page.jsp 
2022-03-30 19:41:30.006 DEBUG [org.apache.jasper.servlet.JspServlet@http-nio-8080-exec-2] ServletPath: /WEB-INF/views/master/page.jsp 
2022-03-30 19:41:30.007 DEBUG [org.apache.jasper.servlet.JspServlet@http-nio-8080-exec-2] PathInfo: null 
2022-03-30 19:41:30.008 DEBUG [org.apache.jasper.servlet.JspServlet@http-nio-8080-exec-2] RealPath: D:\Mario\Universidad\3º de Carrera 2021-2022\2 - Diseño y Pruebas II (DP2)\Workspace-22.0\Projects\Acme-Toolkits\target\classes\WEB-INF\views\master\page.jsp 
2022-03-30 19:41:30.009 DEBUG [org.apache.jasper.servlet.JspServlet@http-nio-8080-exec-2] RequestURI: /acme-toolkits-0.1/WEB-INF/views/master/page.jsp 
2022-03-30 19:41:30.009 DEBUG [org.apache.jasper.servlet.JspServlet@http-nio-8080-exec-2] QueryString: null 
2022-03-30 19:41:30.093 DEBUG [org.apache.jasper.servlet.JspServlet@http-nio-8080-exec-2] JspEngine --> /WEB-INF/views/fragments/welcome.jsp 
2022-03-30 19:41:30.093 DEBUG [org.apache.jasper.servlet.JspServlet@http-nio-8080-exec-2] ServletPath: /WEB-INF/views/master/page.jsp 
2022-03-30 19:41:30.094 DEBUG [org.apache.jasper.servlet.JspServlet@http-nio-8080-exec-2] PathInfo: null 
2022-03-30 19:41:30.095 DEBUG [org.apache.jasper.servlet.JspServlet@http-nio-8080-exec-2] RealPath: D:\Mario\Universidad\3º de Carrera 2021-2022\2 - Diseño y Pruebas II (DP2)\Workspace-22.0\Projects\Acme-Toolkits\target\classes\WEB-INF\views\fragments\welcome.jsp 
2022-03-30 19:41:30.095 DEBUG [org.apache.jasper.servlet.JspServlet@http-nio-8080-exec-2] RequestURI: /acme-toolkits-0.1/WEB-INF/views/master/page.jsp 
2022-03-30 19:41:30.095 DEBUG [org.apache.jasper.servlet.JspServlet@http-nio-8080-exec-2] QueryString: null 
2022-03-30 19:41:32.651 DEBUG [acme.framework.controllers.AbstractController@http-nio-8080-exec-3] DISPATCHING GET /acme-toolkits-0.1/inventor/artefact/list-all-components 
2022-03-30 19:41:32.652 DEBUG [acme.framework.controllers.AbstractController@http-nio-8080-exec-3] Command: list-all-components 
2022-03-30 19:41:32.652 DEBUG [acme.framework.controllers.AbstractController@http-nio-8080-exec-3] Model:   {} 
2022-03-30 19:41:32.652 DEBUG [acme.framework.controllers.AbstractController@http-nio-8080-exec-3] Locale:  en 
2022-03-30 19:41:32.689 DEBUG [org.hibernate.SQL@http-nio-8080-exec-3] select artefact0_.id as id1_0_, artefact0_.version as version2_0_, artefact0_.code as code1_4_, artefact0_.description as descript2_4_, artefact0_.inventor_id as inventor9_4_, artefact0_.more_info as more_inf3_4_, artefact0_.name as name4_4_, artefact0_.retail_price_amount as retail_p5_4_, artefact0_.retail_price_currency as retail_p6_4_, artefact0_.technology as technolo7_4_, artefact0_.type as type8_4_ from artefact artefact0_ where artefact0_.type=0 
2022-03-30 19:41:32.781 DEBUG [org.hibernate.SQL@http-nio-8080-exec-3] select inventor0_.id as id1_0_0_, inventor0_.version as version2_0_0_, inventor0_.user_account_id as user_acc1_17_0_, inventor0_.company as company1_8_0_, inventor0_.link as link2_8_0_, inventor0_.statement as statemen3_8_0_, useraccoun1_.id as id1_0_1_, useraccoun1_.version as version2_0_1_, useraccoun1_.enabled as enabled1_16_1_, useraccoun1_.identity as identity2_16_1_, useraccoun1_.password as password3_16_1_, useraccoun1_.username as username4_16_1_ from inventor inventor0_ inner join user_account useraccoun1_ on inventor0_.user_account_id=useraccoun1_.id where inventor0_.id=? 
2022-03-30 19:41:32.782 TRACE [org.hibernate.type.descriptor.sql.BasicBinder@http-nio-8080-exec-3] binding parameter [1] as [INTEGER] - [15] 
2022-03-30 19:41:32.785 DEBUG [org.hibernate.SQL@http-nio-8080-exec-3] select inventor0_.id as id1_0_0_, inventor0_.version as version2_0_0_, inventor0_.user_account_id as user_acc1_17_0_, inventor0_.company as company1_8_0_, inventor0_.link as link2_8_0_, inventor0_.statement as statemen3_8_0_, useraccoun1_.id as id1_0_1_, useraccoun1_.version as version2_0_1_, useraccoun1_.enabled as enabled1_16_1_, useraccoun1_.identity as identity2_16_1_, useraccoun1_.password as password3_16_1_, useraccoun1_.username as username4_16_1_ from inventor inventor0_ inner join user_account useraccoun1_ on inventor0_.user_account_id=useraccoun1_.id where inventor0_.id=? 
2022-03-30 19:41:32.786 TRACE [org.hibernate.type.descriptor.sql.BasicBinder@http-nio-8080-exec-3] binding parameter [1] as [INTEGER] - [14] 
2022-03-30 19:41:32.819 DEBUG [acme.framework.controllers.AbstractController@http-nio-8080-exec-3] SERVING GET /acme-toolkits-0.1/inventor/artefact/list-all-components 
2022-03-30 19:41:32.821 DEBUG [acme.framework.controllers.AbstractController@http-nio-8080-exec-3] Result: ModelAndView [view="inventor/artefact/list"; model={description[1]=description02, description[0]=description03, version[1]=0, type[0]=COMPONENT, technology[0]=technology03, type[1]=COMPONENT, retailPrice[1]=<<EUR 25.00>>, list$size=2, technology[1]=technology02, retailPrice[0]=<<EUR 30.00>>, moreInfo[0]=null, moreInfo[1]=https://www.google.es/, code[0]=ABC-012-C, version[0]=0, code[1]=ABC-012-B, id[1]=31, id[0]=30, name[1]=name02, name[0]=name03, command=list-all-components, principal=acme.framework.entities.Principal@3cd13d6f}] 
2022-03-30 19:41:32.826 DEBUG [acme.framework.components.tiles.DynamicTilesView@http-nio-8080-exec-3] View name 'inventor/artefact/list', model {description[1]=description02, description[0]=description03, version[1]=0, type[0]=COMPONENT, technology[0]=technology03, type[1]=COMPONENT, retailPrice[1]=<<EUR 25.00>>, list$size=2, technology[1]=technology02, retailPrice[0]=<<EUR 30.00>>, moreInfo[0]=null, moreInfo[1]=https://www.google.es/, code[0]=ABC-012-C, version[0]=0, code[1]=ABC-012-B, id[1]=31, id[0]=30, name[1]=name02, name[0]=name03, command=list-all-components, principal=acme.framework.entities.Principal@3cd13d6f, org.springframework.validation.BindingResult.retailPrice[1]=org.springframework.validation.BeanPropertyBindingResult: 0 errors, org.springframework.validation.BindingResult.retailPrice[0]=org.springframework.validation.BeanPropertyBindingResult: 0 errors, org.springframework.validation.BindingResult.principal=org.springframework.validation.BeanPropertyBindingResult: 0 errors} 
2022-03-30 19:41:32.828 DEBUG [org.apache.jasper.servlet.JspServlet@http-nio-8080-exec-3] JspEngine --> /WEB-INF/views/master/page.jsp 
2022-03-30 19:41:32.829 DEBUG [org.apache.jasper.servlet.JspServlet@http-nio-8080-exec-3] ServletPath: /WEB-INF/views/master/page.jsp 
2022-03-30 19:41:32.829 DEBUG [org.apache.jasper.servlet.JspServlet@http-nio-8080-exec-3] PathInfo: null 
2022-03-30 19:41:32.829 DEBUG [org.apache.jasper.servlet.JspServlet@http-nio-8080-exec-3] RealPath: D:\Mario\Universidad\3º de Carrera 2021-2022\2 - Diseño y Pruebas II (DP2)\Workspace-22.0\Projects\Acme-Toolkits\target\classes\WEB-INF\views\master\page.jsp 
2022-03-30 19:41:32.829 DEBUG [org.apache.jasper.servlet.JspServlet@http-nio-8080-exec-3] RequestURI: /acme-toolkits-0.1/WEB-INF/views/master/page.jsp 
2022-03-30 19:41:32.830 DEBUG [org.apache.jasper.servlet.JspServlet@http-nio-8080-exec-3] QueryString: null 
2022-03-30 19:41:32.910 DEBUG [org.apache.jasper.servlet.JspServlet@http-nio-8080-exec-3] JspEngine --> /WEB-INF/views/inventor/artefact/list.jsp 
2022-03-30 19:41:32.910 DEBUG [org.apache.jasper.servlet.JspServlet@http-nio-8080-exec-3] ServletPath: /WEB-INF/views/master/page.jsp 
2022-03-30 19:41:32.911 DEBUG [org.apache.jasper.servlet.JspServlet@http-nio-8080-exec-3] PathInfo: null 
2022-03-30 19:41:32.912 DEBUG [org.apache.jasper.servlet.JspServlet@http-nio-8080-exec-3] RealPath: D:\Mario\Universidad\3º de Carrera 2021-2022\2 - Diseño y Pruebas II (DP2)\Workspace-22.0\Projects\Acme-Toolkits\target\classes\WEB-INF\views\inventor\artefact\list.jsp 
2022-03-30 19:41:32.913 DEBUG [org.apache.jasper.servlet.JspServlet@http-nio-8080-exec-3] RequestURI: /acme-toolkits-0.1/WEB-INF/views/master/page.jsp 
2022-03-30 19:41:32.913 DEBUG [org.apache.jasper.servlet.JspServlet@http-nio-8080-exec-3] QueryString: null 
2022-03-30 19:41:35.150 DEBUG [acme.framework.controllers.AbstractController@http-nio-8080-exec-5] DISPATCHING GET /acme-toolkits-0.1/inventor/artefact/show 
2022-03-30 19:41:35.150 DEBUG [acme.framework.controllers.AbstractController@http-nio-8080-exec-5] Command: show 
2022-03-30 19:41:35.151 DEBUG [acme.framework.controllers.AbstractController@http-nio-8080-exec-5] Model:   {id=30} 
2022-03-30 19:41:35.151 DEBUG [acme.framework.controllers.AbstractController@http-nio-8080-exec-5] Locale:  en 
2022-03-30 19:41:35.159 DEBUG [org.hibernate.SQL@http-nio-8080-exec-5] select artefact0_.id as id1_0_, artefact0_.version as version2_0_, artefact0_.code as code1_4_, artefact0_.description as descript2_4_, artefact0_.inventor_id as inventor9_4_, artefact0_.more_info as more_inf3_4_, artefact0_.name as name4_4_, artefact0_.retail_price_amount as retail_p5_4_, artefact0_.retail_price_currency as retail_p6_4_, artefact0_.technology as technolo7_4_, artefact0_.type as type8_4_ from artefact artefact0_ where artefact0_.id=? 
2022-03-30 19:41:35.160 TRACE [org.hibernate.type.descriptor.sql.BasicBinder@http-nio-8080-exec-5] binding parameter [1] as [INTEGER] - [30] 
2022-03-30 19:41:35.167 DEBUG [org.hibernate.SQL@http-nio-8080-exec-5] select inventor0_.id as id1_0_0_, inventor0_.version as version2_0_0_, inventor0_.user_account_id as user_acc1_17_0_, inventor0_.company as company1_8_0_, inventor0_.link as link2_8_0_, inventor0_.statement as statemen3_8_0_, useraccoun1_.id as id1_0_1_, useraccoun1_.version as version2_0_1_, useraccoun1_.enabled as enabled1_16_1_, useraccoun1_.identity as identity2_16_1_, useraccoun1_.password as password3_16_1_, useraccoun1_.username as username4_16_1_ from inventor inventor0_ inner join user_account useraccoun1_ on inventor0_.user_account_id=useraccoun1_.id where inventor0_.id=? 
2022-03-30 19:41:35.169 TRACE [org.hibernate.type.descriptor.sql.BasicBinder@http-nio-8080-exec-5] binding parameter [1] as [INTEGER] - [15] 
2022-03-30 19:41:35.181 DEBUG [acme.framework.controllers.AbstractController@http-nio-8080-exec-5] SERVING GET /acme-toolkits-0.1/inventor/artefact/show 
2022-03-30 19:41:35.181 DEBUG [acme.framework.controllers.AbstractController@http-nio-8080-exec-5] Result: ModelAndView [view="inventor/artefact/form"; model={code=ABC-012-C, name=name03, description=description03, technology=technology03, id=30, type=COMPONENT, retailPrice=<<EUR 30.00>>, moreInfo=null, version=0, command=show, principal=acme.framework.entities.Principal@3cd13d6f}] 
2022-03-30 19:41:35.182 DEBUG [acme.framework.components.tiles.DynamicTilesView@http-nio-8080-exec-5] View name 'inventor/artefact/form', model {code=ABC-012-C, name=name03, description=description03, technology=technology03, id=30, type=COMPONENT, retailPrice=<<EUR 30.00>>, moreInfo=null, version=0, command=show, principal=acme.framework.entities.Principal@3cd13d6f, org.springframework.validation.BindingResult.retailPrice=org.springframework.validation.BeanPropertyBindingResult: 0 errors, org.springframework.validation.BindingResult.principal=org.springframework.validation.BeanPropertyBindingResult: 0 errors} 
2022-03-30 19:41:35.183 DEBUG [org.apache.jasper.servlet.JspServlet@http-nio-8080-exec-5] JspEngine --> /WEB-INF/views/master/page.jsp 
2022-03-30 19:41:35.184 DEBUG [org.apache.jasper.servlet.JspServlet@http-nio-8080-exec-5] ServletPath: /WEB-INF/views/master/page.jsp 
2022-03-30 19:41:35.184 DEBUG [org.apache.jasper.servlet.JspServlet@http-nio-8080-exec-5] PathInfo: null 
2022-03-30 19:41:35.185 DEBUG [org.apache.jasper.servlet.JspServlet@http-nio-8080-exec-5] RealPath: D:\Mario\Universidad\3º de Carrera 2021-2022\2 - Diseño y Pruebas II (DP2)\Workspace-22.0\Projects\Acme-Toolkits\target\classes\WEB-INF\views\master\page.jsp 
2022-03-30 19:41:35.186 DEBUG [org.apache.jasper.servlet.JspServlet@http-nio-8080-exec-5] RequestURI: /acme-toolkits-0.1/WEB-INF/views/master/page.jsp 
2022-03-30 19:41:35.186 DEBUG [org.apache.jasper.servlet.JspServlet@http-nio-8080-exec-5] QueryString: id=30 
2022-03-30 19:41:35.256 DEBUG [org.apache.jasper.servlet.JspServlet@http-nio-8080-exec-5] JspEngine --> /WEB-INF/views/inventor/artefact/form.jsp 
2022-03-30 19:41:35.257 DEBUG [org.apache.jasper.servlet.JspServlet@http-nio-8080-exec-5] ServletPath: /WEB-INF/views/master/page.jsp 
2022-03-30 19:41:35.257 DEBUG [org.apache.jasper.servlet.JspServlet@http-nio-8080-exec-5] PathInfo: null 
2022-03-30 19:41:35.258 DEBUG [org.apache.jasper.servlet.JspServlet@http-nio-8080-exec-5] RealPath: D:\Mario\Universidad\3º de Carrera 2021-2022\2 - Diseño y Pruebas II (DP2)\Workspace-22.0\Projects\Acme-Toolkits\target\classes\WEB-INF\views\inventor\artefact\form.jsp 
2022-03-30 19:41:35.258 DEBUG [org.apache.jasper.servlet.JspServlet@http-nio-8080-exec-5] RequestURI: /acme-toolkits-0.1/WEB-INF/views/master/page.jsp 
2022-03-30 19:41:35.259 DEBUG [org.apache.jasper.servlet.JspServlet@http-nio-8080-exec-5] QueryString: id=30 
2022-03-30 19:41:37.847 DEBUG [acme.framework.controllers.AbstractController@http-nio-8080-exec-1] DISPATCHING GET /acme-toolkits-0.1/inventor/artefact/list-all-components 
2022-03-30 19:41:37.847 DEBUG [acme.framework.controllers.AbstractController@http-nio-8080-exec-1] Command: list-all-components 
2022-03-30 19:41:37.847 DEBUG [acme.framework.controllers.AbstractController@http-nio-8080-exec-1] Model:   {} 
2022-03-30 19:41:37.847 DEBUG [acme.framework.controllers.AbstractController@http-nio-8080-exec-1] Locale:  en 
2022-03-30 19:41:37.849 DEBUG [org.hibernate.SQL@http-nio-8080-exec-1] select artefact0_.id as id1_0_, artefact0_.version as version2_0_, artefact0_.code as code1_4_, artefact0_.description as descript2_4_, artefact0_.inventor_id as inventor9_4_, artefact0_.more_info as more_inf3_4_, artefact0_.name as name4_4_, artefact0_.retail_price_amount as retail_p5_4_, artefact0_.retail_price_currency as retail_p6_4_, artefact0_.technology as technolo7_4_, artefact0_.type as type8_4_ from artefact artefact0_ where artefact0_.type=0 
2022-03-30 19:41:37.850 DEBUG [org.hibernate.SQL@http-nio-8080-exec-1] select inventor0_.id as id1_0_0_, inventor0_.version as version2_0_0_, inventor0_.user_account_id as user_acc1_17_0_, inventor0_.company as company1_8_0_, inventor0_.link as link2_8_0_, inventor0_.statement as statemen3_8_0_, useraccoun1_.id as id1_0_1_, useraccoun1_.version as version2_0_1_, useraccoun1_.enabled as enabled1_16_1_, useraccoun1_.identity as identity2_16_1_, useraccoun1_.password as password3_16_1_, useraccoun1_.username as username4_16_1_ from inventor inventor0_ inner join user_account useraccoun1_ on inventor0_.user_account_id=useraccoun1_.id where inventor0_.id=? 
2022-03-30 19:41:37.850 TRACE [org.hibernate.type.descriptor.sql.BasicBinder@http-nio-8080-exec-1] binding parameter [1] as [INTEGER] - [15] 
2022-03-30 19:41:37.852 DEBUG [org.hibernate.SQL@http-nio-8080-exec-1] select inventor0_.id as id1_0_0_, inventor0_.version as version2_0_0_, inventor0_.user_account_id as user_acc1_17_0_, inventor0_.company as company1_8_0_, inventor0_.link as link2_8_0_, inventor0_.statement as statemen3_8_0_, useraccoun1_.id as id1_0_1_, useraccoun1_.version as version2_0_1_, useraccoun1_.enabled as enabled1_16_1_, useraccoun1_.identity as identity2_16_1_, useraccoun1_.password as password3_16_1_, useraccoun1_.username as username4_16_1_ from inventor inventor0_ inner join user_account useraccoun1_ on inventor0_.user_account_id=useraccoun1_.id where inventor0_.id=? 
2022-03-30 19:41:37.852 TRACE [org.hibernate.type.descriptor.sql.BasicBinder@http-nio-8080-exec-1] binding parameter [1] as [INTEGER] - [14] 
2022-03-30 19:41:37.856 DEBUG [acme.framework.controllers.AbstractController@http-nio-8080-exec-1] SERVING GET /acme-toolkits-0.1/inventor/artefact/list-all-components 
2022-03-30 19:41:37.856 DEBUG [acme.framework.controllers.AbstractController@http-nio-8080-exec-1] Result: ModelAndView [view="inventor/artefact/list"; model={description[1]=description02, description[0]=description03, version[1]=0, type[0]=COMPONENT, technology[0]=technology03, type[1]=COMPONENT, retailPrice[1]=<<EUR 25.00>>, list$size=2, technology[1]=technology02, retailPrice[0]=<<EUR 30.00>>, moreInfo[0]=null, moreInfo[1]=https://www.google.es/, code[0]=ABC-012-C, version[0]=0, code[1]=ABC-012-B, id[1]=31, id[0]=30, name[1]=name02, name[0]=name03, command=list-all-components, principal=acme.framework.entities.Principal@3cd13d6f}] 
2022-03-30 19:41:37.857 DEBUG [acme.framework.components.tiles.DynamicTilesView@http-nio-8080-exec-1] View name 'inventor/artefact/list', model {description[1]=description02, description[0]=description03, version[1]=0, type[0]=COMPONENT, technology[0]=technology03, type[1]=COMPONENT, retailPrice[1]=<<EUR 25.00>>, list$size=2, technology[1]=technology02, retailPrice[0]=<<EUR 30.00>>, moreInfo[0]=null, moreInfo[1]=https://www.google.es/, code[0]=ABC-012-C, version[0]=0, code[1]=ABC-012-B, id[1]=31, id[0]=30, name[1]=name02, name[0]=name03, command=list-all-components, principal=acme.framework.entities.Principal@3cd13d6f, org.springframework.validation.BindingResult.retailPrice[1]=org.springframework.validation.BeanPropertyBindingResult: 0 errors, org.springframework.validation.BindingResult.retailPrice[0]=org.springframework.validation.BeanPropertyBindingResult: 0 errors, org.springframework.validation.BindingResult.principal=org.springframework.validation.BeanPropertyBindingResult: 0 errors} 
2022-03-30 19:41:37.858 DEBUG [org.apache.jasper.servlet.JspServlet@http-nio-8080-exec-1] JspEngine --> /WEB-INF/views/master/page.jsp 
2022-03-30 19:41:37.859 DEBUG [org.apache.jasper.servlet.JspServlet@http-nio-8080-exec-1] ServletPath: /WEB-INF/views/master/page.jsp 
2022-03-30 19:41:37.859 DEBUG [org.apache.jasper.servlet.JspServlet@http-nio-8080-exec-1] PathInfo: null 
2022-03-30 19:41:37.860 DEBUG [org.apache.jasper.servlet.JspServlet@http-nio-8080-exec-1] RealPath: D:\Mario\Universidad\3º de Carrera 2021-2022\2 - Diseño y Pruebas II (DP2)\Workspace-22.0\Projects\Acme-Toolkits\target\classes\WEB-INF\views\master\page.jsp 
2022-03-30 19:41:37.861 DEBUG [org.apache.jasper.servlet.JspServlet@http-nio-8080-exec-1] RequestURI: /acme-toolkits-0.1/WEB-INF/views/master/page.jsp 
2022-03-30 19:41:37.861 DEBUG [org.apache.jasper.servlet.JspServlet@http-nio-8080-exec-1] QueryString: null 
2022-03-30 19:41:37.944 DEBUG [org.apache.jasper.servlet.JspServlet@http-nio-8080-exec-1] JspEngine --> /WEB-INF/views/inventor/artefact/list.jsp 
2022-03-30 19:41:37.944 DEBUG [org.apache.jasper.servlet.JspServlet@http-nio-8080-exec-1] ServletPath: /WEB-INF/views/master/page.jsp 
2022-03-30 19:41:37.944 DEBUG [org.apache.jasper.servlet.JspServlet@http-nio-8080-exec-1] PathInfo: null 
2022-03-30 19:41:37.945 DEBUG [org.apache.jasper.servlet.JspServlet@http-nio-8080-exec-1] RealPath: D:\Mario\Universidad\3º de Carrera 2021-2022\2 - Diseño y Pruebas II (DP2)\Workspace-22.0\Projects\Acme-Toolkits\target\classes\WEB-INF\views\inventor\artefact\list.jsp 
2022-03-30 19:41:37.945 DEBUG [org.apache.jasper.servlet.JspServlet@http-nio-8080-exec-1] RequestURI: /acme-toolkits-0.1/WEB-INF/views/master/page.jsp 
2022-03-30 19:41:37.946 DEBUG [org.apache.jasper.servlet.JspServlet@http-nio-8080-exec-1] QueryString: null 
