1653241812515	geckodriver	INFO	Listening on 127.0.0.1:40454
console.warn: SearchSettings: "get: No settings file exists, new profile?" (new NotFoundError("Could not open the file at C:\\Users\\DP2\\AppData\\Local\\Temp\\rust_mozprofile0RwpwN\\search.json.mozlz4", (void 0)))
console.warn: LoginRecipes: "getRecipes: falling back to a synchronous message for:" "http://localhost:8081"
console.warn: LoginRecipes: "getRecipes: falling back to a synchronous mJeavaScripst error: resource://gre/modules/LosageginManagerParent.jsm, line 136: TypeError: gRecipeManager is null
 for:" "http://localhost:8081"
console.warn: LoginRecipes: "getRecipes: falling back to JavaScript a errorsynchronous mess: resource://gre/modules/LoginManagerPage fareor:nt." "httpjsm, line ://l13o6: TypeError: cgRecalhoipeMst:anag808e1r" i
s null
console.warn: LoginRecipes: "getRecipes: falling back to a synchronous meJavaScrssagiept for er:" "rorhtt: rp://esolocalhost:urce8://gre/modules/Logi0nManagerParent.jsm, line 136: TypeError: gRecipe8Manager is null
1"
console.warn: LoginRecipes: "getRecipes: falling back to JavaScaript e srrorynchro: rnouse source://grem/emsosduales/Logige for:" "http://locanManagerParenlthost:.j808s1"
m, line 136: TypeError: gRecipeManager is null
console.warn: LoginRecipes: "getRecipes: fJaavlaScrilinpt eg backrro to r: rea synschronous meourcssage e://grfore:" "h/mottp:dul/es/Lo/logicnaMalhost:nage808r1"
Parent.jsm, line 136: TypeError: gRecipeManager is null
console.warn: LoginRecipes: "getRecipes: falling back to a synchronoJavaSus cmessage forr:i"p t"htt p://localhost:8e0r8r1o"r:
 resource://gre/modules/LoginManagerParent.jsm, line 136: TypeError: gRecipeManager is null
console.warn: LoginRecipes: "getRecipes: falling back to a synJavaScript ercrhronous message or: rfeorsourc:" e://"htgret/p://localhmost:8081"
odules/LoginManagerParent.jsm, line 136: TypeError: gRecipeManager is null
console.warn: LoginRecipes: "getRecipes: falling back to a synchroJavaScript ernous ror:mess resource:age f/or:" "htt/gp:/r/le/ocamodlhosulet:8s/L081ogin"
ManagerParent.jsm, line 136: TypeError: gRecipeManager is null
console.warn: LoginRecipes: "getRecipes: falling back tJavaSoc raipt error: re ssynchronoous messageurce://gre/modules/L ofgoirn:ManagerParent.jsm, line 1"3 "http6: TypeError: :g//localhost:8081"
RecipeManager is null
console.warn: LoginRecipes: "getRecipes: falling back to a synchronous message for:J"a "httpv:a/S/clroicpatl heorsrto:r: resour8081"
ce://gre/modules/LoginManagerParent.jsm, line 136: TypeError: gRecipeManager is null
console.warn: LoginRecipes: "getRecipes: falling back to a synchJarvonous message for:" "http://localhost:8081"
aScript error: resource://gre/modules/LoginManagerParent.jsm, line 136: TypeError: gRecipeManager is null
console.warn: LoginRecipes: "getRecipes: falling back to a synchronous message for:" "http:Jav/a/localhosScrt:80i8p1t" er
ror: resource://gre/modules/LoginManagerParent.jsm, line 136: TypeError: gRecipeManager is null
console.warn: LoginRecipes: "getRecipes: falling back to a synchroJavaSnous cmessage ript error: resource://grefor:" "http://local/host:mod808u1les/L"o
ginManagerParent.jsm, line 136: TypeError: gRecipeManager is null
console.warn: LoginRecipes: "getRecipes: falling back to a synchronous message for:" "JhatvtapS:c/r/ilpotc ealrrorhos: t:80res81"ourc
e://gre/modules/LoginManagerParent.jsm, line 136: TypeError: gRecipeManager is null
console.warn: LoginRecipes: "getRecipes: falling back to a synchronous message for:" "http://localhost:8081"
JavaScript error: resource://gre/modules/LoginManagerParent.jsm, line 136: TypeError: gRecipeManager is null
console.warn: LoginRecipes: "getRecipes: falling back toJa a vaScript synchronous message for:" "httepr://lroorca:l resource://grheo/smt:8081"od
ules/LoginManagerParent.jsm, line 136: TypeError: gRecipeManager is null
console.warn: LoginRecipes: "getRecipes: falling back to a synchronous message for:" "http:/Java/locaScrlhosiptt:8 er081"ror
: resource://gre/modules/LoginManagerParent.jsm, line 136: TypeError: gRecipeManager is null
console.warn: LoginRecipes: "getRecipes: falling back to a synchronous JamveaScssripage t errofr: resouor:" rce:"htt//gp://lre/ocalhostmod:8081"ul
es/LoginManagerParent.jsm, line 136: TypeError: gRecipeManager is null
console.warn: LoginRecipes: "getRecipes: falling back to a synchronous meJssage for:" avaS"httcp://lript error: resource://gre/moduloes/LoginMacalhost:8081"nagerParent.jsm, line 13
6: TypeError: gRecipeManager is null
console.warn: LoginRecipes: "getRecipes: falling back to a sJavyanScript errchorron: reous soumesrcesage:// fogre/modules/LoginManagerParent.jsm, r:" "httline p://loc136: TalhypeErostror::8081" gRe
cipeManager is null
console.warn: LoginRecipes: "getRecipes: JavaScripftalling  bearck tor oar :s yrnesource://gcrheronou/sm omdeuslseasg/eL ofgoirn:M"a n"ahgtetrpP:a/r/elnotc.ajlshmo,s tl:i8n081"e
 136: TypeError: gRecipeManager is null
console.warn: LoginRecipes: "getRecipes: falling back to a synchronous messJavaSage fcrior:pt e" "httrrorp:/: re/lsooucralce:ho//grst:e/mo8dules0/Logi8nMana1gerPa"re
nt.jsm, line 136: TypeError: gRecipeManager is null
console.warn: LoginRecipes: "getRecipes: falling back tJavaScript erroor: r esource:/a/ gsynchronous messager for:e/mo" "dulehsttp://l/oLcoaglhost:i8n0M8a1nagerParent.j"sm, line 136: TypeError: 
gRecipeManager is null
