2022-04-17 17:45:49.720 INFO  [acme.Launcher@main] Starting Launcher using Java 1.8.0_281 on DESKTOP-N4D8411 with PID 10860 (C:\Users\DP2\Desktop\Workspace-22.0\Workspace-22.0\Frameworks\Acme-Framework-22.3\target\classes started by DP2 in C:\Users\DP2\Desktop\Workspace-22.0\Workspace-22.0\Projects\Acme-Toolkits) 
2022-04-17 17:45:49.722 DEBUG [acme.Launcher@main] Running with Spring Boot v2.4.2, Spring v5.3.3 
2022-04-17 17:45:49.723 INFO  [acme.Launcher@main] The following profiles are active: development,populator 
2022-04-17 17:45:53.008 DEBUG [org.apache.jasper.servlet.JasperInitializer@main] Initializing Jasper for context [application] 
2022-04-17 17:45:58.157 DEBUG [org.apache.jasper.servlet.JspServlet@main] Scratch dir for the JSP engine is: [C:\Users\DP2\AppData\Local\Temp\tomcat.8083.7183717250373012816\work\Tomcat\localhost\acme-toolkits-0.1] 
2022-04-17 17:45:58.157 DEBUG [org.apache.jasper.servlet.JspServlet@main] IMPORTANT: Do not modify the generated servlets 
2022-04-17 17:45:58.172 INFO  [acme.Launcher@main] Started Launcher in 9.275 seconds (JVM running for 10.191) 
2022-04-17 17:45:58.179 DEBUG [acme.Launcher@main] Found classpath entry '/C:/Users/DP2/Desktop/Workspace-22.0/Workspace-22.0/Projects/Acme-Toolkits/target/test-classes/' 
2022-04-17 17:45:58.179 DEBUG [acme.Launcher@main] Found classpath entry '/C:/Users/DP2/Desktop/Workspace-22.0/Workspace-22.0/Projects/Acme-Toolkits/target/classes/' 
2022-04-17 17:45:58.179 DEBUG [acme.Launcher@main] Found classpath entry '/C:/Users/DP2/Desktop/Workspace-22.0/Workspace-22.0/Frameworks/Acme-Framework-22.3/target/classes/' 
2022-04-17 17:45:58.180 DEBUG [acme.Launcher@main] Found classpath entry '/C:/Users/DP2/Desktop/Workspace-22.0/Workspace-22.0/Frameworks/Acme-Framework-22.3/target/test-classes/' 
2022-04-17 17:45:58.180 DEBUG [acme.Launcher@main] Found classpath entry '/C:/Users/DP2/.m2/repository/org/springframework/boot/spring-boot-starter-tomcat/2.4.2/spring-boot-starter-tomcat-2.4.2.jar' 
2022-04-17 17:45:58.180 DEBUG [acme.Launcher@main] Found classpath entry '/C:/Users/DP2/.m2/repository/jakarta/annotation/jakarta.annotation-api/1.3.5/jakarta.annotation-api-1.3.5.jar' 
2022-04-17 17:45:58.180 DEBUG [acme.Launcher@main] Found classpath entry '/C:/Users/DP2/.m2/repository/org/apache/tomcat/embed/tomcat-embed-core/9.0.41/tomcat-embed-core-9.0.41.jar' 
2022-04-17 17:45:58.180 DEBUG [acme.Launcher@main] Found classpath entry '/C:/Users/DP2/.m2/repository/org/glassfish/jakarta.el/3.0.3/jakarta.el-3.0.3.jar' 
2022-04-17 17:45:58.181 DEBUG [acme.Launcher@main] Found classpath entry '/C:/Users/DP2/.m2/repository/org/apache/tomcat/embed/tomcat-embed-websocket/9.0.41/tomcat-embed-websocket-9.0.41.jar' 
2022-04-17 17:45:58.181 DEBUG [acme.Launcher@main] Found classpath entry '/C:/Users/DP2/.m2/repository/org/apache/tomcat/embed/tomcat-embed-jasper/9.0.41/tomcat-embed-jasper-9.0.41.jar' 
2022-04-17 17:45:58.181 DEBUG [acme.Launcher@main] Found classpath entry '/C:/Users/DP2/.m2/repository/org/apache/tomcat/embed/tomcat-embed-el/9.0.41/tomcat-embed-el-9.0.41.jar' 
2022-04-17 17:45:58.181 DEBUG [acme.Launcher@main] Found classpath entry '/C:/Users/DP2/.m2/repository/org/eclipse/jdt/ecj/3.18.0/ecj-3.18.0.jar' 
2022-04-17 17:45:58.182 DEBUG [acme.Launcher@main] Found classpath entry '/C:/Users/DP2/.m2/repository/javax/servlet/jstl/1.2/jstl-1.2.jar' 
2022-04-17 17:45:58.182 DEBUG [acme.Launcher@main] Found classpath entry '/C:/Users/DP2/.m2/repository/org/springframework/boot/spring-boot-starter-test/2.4.2/spring-boot-starter-test-2.4.2.jar' 
2022-04-17 17:45:58.182 DEBUG [acme.Launcher@main] Found classpath entry '/C:/Users/DP2/.m2/repository/org/springframework/boot/spring-boot-starter/2.4.2/spring-boot-starter-2.4.2.jar' 
2022-04-17 17:45:58.182 DEBUG [acme.Launcher@main] Found classpath entry '/C:/Users/DP2/.m2/repository/org/springframework/boot/spring-boot/2.4.2/spring-boot-2.4.2.jar' 
2022-04-17 17:45:58.183 DEBUG [acme.Launcher@main] Found classpath entry '/C:/Users/DP2/.m2/repository/org/springframework/boot/spring-boot-autoconfigure/2.4.2/spring-boot-autoconfigure-2.4.2.jar' 
2022-04-17 17:45:58.183 DEBUG [acme.Launcher@main] Found classpath entry '/C:/Users/DP2/.m2/repository/org/springframework/boot/spring-boot-starter-logging/2.4.2/spring-boot-starter-logging-2.4.2.jar' 
2022-04-17 17:45:58.183 DEBUG [acme.Launcher@main] Found classpath entry '/C:/Users/DP2/.m2/repository/ch/qos/logback/logback-classic/1.2.3/logback-classic-1.2.3.jar' 
2022-04-17 17:45:58.183 DEBUG [acme.Launcher@main] Found classpath entry '/C:/Users/DP2/.m2/repository/ch/qos/logback/logback-core/1.2.3/logback-core-1.2.3.jar' 
2022-04-17 17:45:58.184 DEBUG [acme.Launcher@main] Found classpath entry '/C:/Users/DP2/.m2/repository/org/apache/logging/log4j/log4j-to-slf4j/2.13.3/log4j-to-slf4j-2.13.3.jar' 
2022-04-17 17:45:58.184 DEBUG [acme.Launcher@main] Found classpath entry '/C:/Users/DP2/.m2/repository/org/apache/logging/log4j/log4j-api/2.13.3/log4j-api-2.13.3.jar' 
2022-04-17 17:45:58.184 DEBUG [acme.Launcher@main] Found classpath entry '/C:/Users/DP2/.m2/repository/org/slf4j/jul-to-slf4j/1.7.30/jul-to-slf4j-1.7.30.jar' 
2022-04-17 17:45:58.184 DEBUG [acme.Launcher@main] Found classpath entry '/C:/Users/DP2/.m2/repository/org/yaml/snakeyaml/1.27/snakeyaml-1.27.jar' 
2022-04-17 17:45:58.184 DEBUG [acme.Launcher@main] Found classpath entry '/C:/Users/DP2/.m2/repository/org/springframework/boot/spring-boot-test/2.4.2/spring-boot-test-2.4.2.jar' 
2022-04-17 17:45:58.185 DEBUG [acme.Launcher@main] Found classpath entry '/C:/Users/DP2/.m2/repository/org/springframework/boot/spring-boot-test-autoconfigure/2.4.2/spring-boot-test-autoconfigure-2.4.2.jar' 
2022-04-17 17:45:58.185 DEBUG [acme.Launcher@main] Found classpath entry '/C:/Users/DP2/.m2/repository/com/jayway/jsonpath/json-path/2.4.0/json-path-2.4.0.jar' 
2022-04-17 17:45:58.185 DEBUG [acme.Launcher@main] Found classpath entry '/C:/Users/DP2/.m2/repository/net/minidev/json-smart/2.3/json-smart-2.3.jar' 
2022-04-17 17:45:58.185 DEBUG [acme.Launcher@main] Found classpath entry '/C:/Users/DP2/.m2/repository/net/minidev/accessors-smart/1.2/accessors-smart-1.2.jar' 
2022-04-17 17:45:58.185 DEBUG [acme.Launcher@main] Found classpath entry '/C:/Users/DP2/.m2/repository/org/ow2/asm/asm/5.0.4/asm-5.0.4.jar' 
2022-04-17 17:45:58.186 DEBUG [acme.Launcher@main] Found classpath entry '/C:/Users/DP2/.m2/repository/jakarta/xml/bind/jakarta.xml.bind-api/2.3.3/jakarta.xml.bind-api-2.3.3.jar' 
2022-04-17 17:45:58.186 DEBUG [acme.Launcher@main] Found classpath entry '/C:/Users/DP2/.m2/repository/jakarta/activation/jakarta.activation-api/1.2.2/jakarta.activation-api-1.2.2.jar' 
2022-04-17 17:45:58.186 DEBUG [acme.Launcher@main] Found classpath entry '/C:/Users/DP2/.m2/repository/org/assertj/assertj-core/3.18.1/assertj-core-3.18.1.jar' 
2022-04-17 17:45:58.186 DEBUG [acme.Launcher@main] Found classpath entry '/C:/Users/DP2/.m2/repository/org/hamcrest/hamcrest/2.2/hamcrest-2.2.jar' 
2022-04-17 17:45:58.186 DEBUG [acme.Launcher@main] Found classpath entry '/C:/Users/DP2/.m2/repository/org/junit/jupiter/junit-jupiter/5.7.0/junit-jupiter-5.7.0.jar' 
2022-04-17 17:45:58.187 DEBUG [acme.Launcher@main] Found classpath entry '/C:/Users/DP2/.m2/repository/org/mockito/mockito-core/3.6.28/mockito-core-3.6.28.jar' 
2022-04-17 17:45:58.187 DEBUG [acme.Launcher@main] Found classpath entry '/C:/Users/DP2/.m2/repository/net/bytebuddy/byte-buddy-agent/1.10.19/byte-buddy-agent-1.10.19.jar' 
2022-04-17 17:45:58.187 DEBUG [acme.Launcher@main] Found classpath entry '/C:/Users/DP2/.m2/repository/org/objenesis/objenesis/3.1/objenesis-3.1.jar' 
2022-04-17 17:45:58.187 DEBUG [acme.Launcher@main] Found classpath entry '/C:/Users/DP2/.m2/repository/org/mockito/mockito-junit-jupiter/3.6.28/mockito-junit-jupiter-3.6.28.jar' 
2022-04-17 17:45:58.187 DEBUG [acme.Launcher@main] Found classpath entry '/C:/Users/DP2/.m2/repository/org/skyscreamer/jsonassert/1.5.0/jsonassert-1.5.0.jar' 
2022-04-17 17:45:58.188 DEBUG [acme.Launcher@main] Found classpath entry '/C:/Users/DP2/.m2/repository/com/vaadin/external/google/android-json/0.0.20131108.vaadin1/android-json-0.0.20131108.vaadin1.jar' 
2022-04-17 17:45:58.188 DEBUG [acme.Launcher@main] Found classpath entry '/C:/Users/DP2/.m2/repository/org/springframework/spring-core/5.3.3/spring-core-5.3.3.jar' 
2022-04-17 17:45:58.188 DEBUG [acme.Launcher@main] Found classpath entry '/C:/Users/DP2/.m2/repository/org/springframework/spring-jcl/5.3.3/spring-jcl-5.3.3.jar' 
2022-04-17 17:45:58.188 DEBUG [acme.Launcher@main] Found classpath entry '/C:/Users/DP2/.m2/repository/org/springframework/spring-test/5.3.3/spring-test-5.3.3.jar' 
2022-04-17 17:45:58.189 DEBUG [acme.Launcher@main] Found classpath entry '/C:/Users/DP2/.m2/repository/org/xmlunit/xmlunit-core/2.7.0/xmlunit-core-2.7.0.jar' 
2022-04-17 17:45:58.189 DEBUG [acme.Launcher@main] Found classpath entry '/C:/Users/DP2/.m2/repository/org/springframework/boot/spring-boot-starter-security/2.4.2/spring-boot-starter-security-2.4.2.jar' 
2022-04-17 17:45:58.189 DEBUG [acme.Launcher@main] Found classpath entry '/C:/Users/DP2/.m2/repository/org/springframework/spring-aop/5.3.3/spring-aop-5.3.3.jar' 
2022-04-17 17:45:58.189 DEBUG [acme.Launcher@main] Found classpath entry '/C:/Users/DP2/.m2/repository/org/springframework/security/spring-security-web/5.4.2/spring-security-web-5.4.2.jar' 
2022-04-17 17:45:58.189 DEBUG [acme.Launcher@main] Found classpath entry '/C:/Users/DP2/.m2/repository/org/springframework/security/spring-security-core/5.4.2/spring-security-core-5.4.2.jar' 
2022-04-17 17:45:58.190 DEBUG [acme.Launcher@main] Found classpath entry '/C:/Users/DP2/.m2/repository/org/springframework/spring-beans/5.3.3/spring-beans-5.3.3.jar' 
2022-04-17 17:45:58.190 DEBUG [acme.Launcher@main] Found classpath entry '/C:/Users/DP2/.m2/repository/org/springframework/spring-context/5.3.3/spring-context-5.3.3.jar' 
2022-04-17 17:45:58.190 DEBUG [acme.Launcher@main] Found classpath entry '/C:/Users/DP2/.m2/repository/org/springframework/spring-expression/5.3.3/spring-expression-5.3.3.jar' 
2022-04-17 17:45:58.190 DEBUG [acme.Launcher@main] Found classpath entry '/C:/Users/DP2/.m2/repository/org/springframework/spring-web/5.3.3/spring-web-5.3.3.jar' 
2022-04-17 17:45:58.190 DEBUG [acme.Launcher@main] Found classpath entry '/C:/Users/DP2/.m2/repository/org/springframework/security/spring-security-config/5.4.2/spring-security-config-5.4.2.jar' 
2022-04-17 17:45:58.191 DEBUG [acme.Launcher@main] Found classpath entry '/C:/Users/DP2/.m2/repository/org/springframework/security/spring-security-taglibs/5.4.2/spring-security-taglibs-5.4.2.jar' 
2022-04-17 17:45:58.191 DEBUG [acme.Launcher@main] Found classpath entry '/C:/Users/DP2/.m2/repository/org/springframework/security/spring-security-acl/5.4.2/spring-security-acl-5.4.2.jar' 
2022-04-17 17:45:58.191 DEBUG [acme.Launcher@main] Found classpath entry '/C:/Users/DP2/.m2/repository/org/springframework/spring-jdbc/5.3.3/spring-jdbc-5.3.3.jar' 
2022-04-17 17:45:58.191 DEBUG [acme.Launcher@main] Found classpath entry '/C:/Users/DP2/.m2/repository/org/springframework/spring-tx/5.3.3/spring-tx-5.3.3.jar' 
2022-04-17 17:45:58.191 DEBUG [acme.Launcher@main] Found classpath entry '/C:/Users/DP2/.m2/repository/org/springframework/boot/spring-boot-starter-web/2.4.2/spring-boot-starter-web-2.4.2.jar' 
2022-04-17 17:45:58.192 DEBUG [acme.Launcher@main] Found classpath entry '/C:/Users/DP2/.m2/repository/org/springframework/boot/spring-boot-starter-json/2.4.2/spring-boot-starter-json-2.4.2.jar' 
2022-04-17 17:45:58.192 DEBUG [acme.Launcher@main] Found classpath entry '/C:/Users/DP2/.m2/repository/com/fasterxml/jackson/core/jackson-databind/2.11.4/jackson-databind-2.11.4.jar' 
2022-04-17 17:45:58.192 DEBUG [acme.Launcher@main] Found classpath entry '/C:/Users/DP2/.m2/repository/com/fasterxml/jackson/core/jackson-annotations/2.11.4/jackson-annotations-2.11.4.jar' 
2022-04-17 17:45:58.192 DEBUG [acme.Launcher@main] Found classpath entry '/C:/Users/DP2/.m2/repository/com/fasterxml/jackson/core/jackson-core/2.11.4/jackson-core-2.11.4.jar' 
2022-04-17 17:45:58.192 DEBUG [acme.Launcher@main] Found classpath entry '/C:/Users/DP2/.m2/repository/com/fasterxml/jackson/datatype/jackson-datatype-jdk8/2.11.4/jackson-datatype-jdk8-2.11.4.jar' 
2022-04-17 17:45:58.193 DEBUG [acme.Launcher@main] Found classpath entry '/C:/Users/DP2/.m2/repository/com/fasterxml/jackson/datatype/jackson-datatype-jsr310/2.11.4/jackson-datatype-jsr310-2.11.4.jar' 
2022-04-17 17:45:58.193 DEBUG [acme.Launcher@main] Found classpath entry '/C:/Users/DP2/.m2/repository/com/fasterxml/jackson/module/jackson-module-parameter-names/2.11.4/jackson-module-parameter-names-2.11.4.jar' 
2022-04-17 17:45:58.193 DEBUG [acme.Launcher@main] Found classpath entry '/C:/Users/DP2/.m2/repository/org/springframework/spring-webmvc/5.3.3/spring-webmvc-5.3.3.jar' 
2022-04-17 17:45:58.193 DEBUG [acme.Launcher@main] Found classpath entry '/C:/Users/DP2/.m2/repository/org/apache/tiles/tiles-jsp/3.0.8/tiles-jsp-3.0.8.jar' 
2022-04-17 17:45:58.193 DEBUG [acme.Launcher@main] Found classpath entry '/C:/Users/DP2/.m2/repository/org/apache/tiles/tiles-servlet/3.0.8/tiles-servlet-3.0.8.jar' 
2022-04-17 17:45:58.193 DEBUG [acme.Launcher@main] Found classpath entry '/C:/Users/DP2/.m2/repository/org/apache/tiles/tiles-core/3.0.8/tiles-core-3.0.8.jar' 
2022-04-17 17:45:58.194 DEBUG [acme.Launcher@main] Found classpath entry '/C:/Users/DP2/.m2/repository/commons-digester/commons-digester/2.0/commons-digester-2.0.jar' 
2022-04-17 17:45:58.194 DEBUG [acme.Launcher@main] Found classpath entry '/C:/Users/DP2/.m2/repository/org/slf4j/jcl-over-slf4j/1.7.30/jcl-over-slf4j-1.7.30.jar' 
2022-04-17 17:45:58.194 DEBUG [acme.Launcher@main] Found classpath entry '/C:/Users/DP2/.m2/repository/org/apache/tiles/tiles-request-servlet/1.0.7/tiles-request-servlet-1.0.7.jar' 
2022-04-17 17:45:58.194 DEBUG [acme.Launcher@main] Found classpath entry '/C:/Users/DP2/.m2/repository/org/apache/tiles/tiles-template/3.0.8/tiles-template-3.0.8.jar' 
2022-04-17 17:45:58.194 DEBUG [acme.Launcher@main] Found classpath entry '/C:/Users/DP2/.m2/repository/org/apache/tiles/tiles-api/3.0.8/tiles-api-3.0.8.jar' 
2022-04-17 17:45:58.195 DEBUG [acme.Launcher@main] Found classpath entry '/C:/Users/DP2/.m2/repository/org/apache/tiles/tiles-autotag-core-runtime/1.2/tiles-autotag-core-runtime-1.2.jar' 
2022-04-17 17:45:58.195 DEBUG [acme.Launcher@main] Found classpath entry '/C:/Users/DP2/.m2/repository/org/slf4j/slf4j-api/1.7.30/slf4j-api-1.7.30.jar' 
2022-04-17 17:45:58.195 DEBUG [acme.Launcher@main] Found classpath entry '/C:/Users/DP2/.m2/repository/org/apache/tiles/tiles-request-jsp/1.0.7/tiles-request-jsp-1.0.7.jar' 
2022-04-17 17:45:58.195 DEBUG [acme.Launcher@main] Found classpath entry '/C:/Users/DP2/.m2/repository/org/apache/tiles/tiles-request-api/1.0.7/tiles-request-api-1.0.7.jar' 
2022-04-17 17:45:58.195 DEBUG [acme.Launcher@main] Found classpath entry '/C:/Users/DP2/.m2/repository/org/springframework/boot/spring-boot-starter-data-jpa/2.4.2/spring-boot-starter-data-jpa-2.4.2.jar' 
2022-04-17 17:45:58.196 DEBUG [acme.Launcher@main] Found classpath entry '/C:/Users/DP2/.m2/repository/org/springframework/boot/spring-boot-starter-aop/2.4.2/spring-boot-starter-aop-2.4.2.jar' 
2022-04-17 17:45:58.196 DEBUG [acme.Launcher@main] Found classpath entry '/C:/Users/DP2/.m2/repository/org/aspectj/aspectjweaver/1.9.6/aspectjweaver-1.9.6.jar' 
2022-04-17 17:45:58.196 DEBUG [acme.Launcher@main] Found classpath entry '/C:/Users/DP2/.m2/repository/org/springframework/boot/spring-boot-starter-jdbc/2.4.2/spring-boot-starter-jdbc-2.4.2.jar' 
2022-04-17 17:45:58.196 DEBUG [acme.Launcher@main] Found classpath entry '/C:/Users/DP2/.m2/repository/jakarta/transaction/jakarta.transaction-api/1.3.3/jakarta.transaction-api-1.3.3.jar' 
2022-04-17 17:45:58.196 DEBUG [acme.Launcher@main] Found classpath entry '/C:/Users/DP2/.m2/repository/jakarta/persistence/jakarta.persistence-api/2.2.3/jakarta.persistence-api-2.2.3.jar' 
2022-04-17 17:45:58.196 DEBUG [acme.Launcher@main] Found classpath entry '/C:/Users/DP2/.m2/repository/org/hibernate/hibernate-core/5.4.27.Final/hibernate-core-5.4.27.Final.jar' 
2022-04-17 17:45:58.197 DEBUG [acme.Launcher@main] Found classpath entry '/C:/Users/DP2/.m2/repository/org/jboss/logging/jboss-logging/3.4.1.Final/jboss-logging-3.4.1.Final.jar' 
2022-04-17 17:45:58.197 DEBUG [acme.Launcher@main] Found classpath entry '/C:/Users/DP2/.m2/repository/org/javassist/javassist/3.27.0-GA/javassist-3.27.0-GA.jar' 
2022-04-17 17:45:58.197 DEBUG [acme.Launcher@main] Found classpath entry '/C:/Users/DP2/.m2/repository/antlr/antlr/2.7.7/antlr-2.7.7.jar' 
2022-04-17 17:45:58.197 DEBUG [acme.Launcher@main] Found classpath entry '/C:/Users/DP2/.m2/repository/org/jboss/jandex/2.1.3.Final/jandex-2.1.3.Final.jar' 
2022-04-17 17:45:58.198 DEBUG [acme.Launcher@main] Found classpath entry '/C:/Users/DP2/.m2/repository/com/fasterxml/classmate/1.5.1/classmate-1.5.1.jar' 
2022-04-17 17:45:58.198 DEBUG [acme.Launcher@main] Found classpath entry '/C:/Users/DP2/.m2/repository/org/dom4j/dom4j/2.1.3/dom4j-2.1.3.jar' 
2022-04-17 17:45:58.198 DEBUG [acme.Launcher@main] Found classpath entry '/C:/Users/DP2/.m2/repository/org/hibernate/common/hibernate-commons-annotations/5.1.2.Final/hibernate-commons-annotations-5.1.2.Final.jar' 
2022-04-17 17:45:58.198 DEBUG [acme.Launcher@main] Found classpath entry '/C:/Users/DP2/.m2/repository/org/glassfish/jaxb/jaxb-runtime/2.3.3/jaxb-runtime-2.3.3.jar' 
2022-04-17 17:45:58.198 DEBUG [acme.Launcher@main] Found classpath entry '/C:/Users/DP2/.m2/repository/org/glassfish/jaxb/txw2/2.3.3/txw2-2.3.3.jar' 
2022-04-17 17:45:58.198 DEBUG [acme.Launcher@main] Found classpath entry '/C:/Users/DP2/.m2/repository/com/sun/istack/istack-commons-runtime/3.0.11/istack-commons-runtime-3.0.11.jar' 
2022-04-17 17:45:58.199 DEBUG [acme.Launcher@main] Found classpath entry '/C:/Users/DP2/.m2/repository/com/sun/activation/jakarta.activation/1.2.2/jakarta.activation-1.2.2.jar' 
2022-04-17 17:45:58.199 DEBUG [acme.Launcher@main] Found classpath entry '/C:/Users/DP2/.m2/repository/org/springframework/data/spring-data-jpa/2.4.3/spring-data-jpa-2.4.3.jar' 
2022-04-17 17:45:58.199 DEBUG [acme.Launcher@main] Found classpath entry '/C:/Users/DP2/.m2/repository/org/springframework/data/spring-data-commons/2.4.3/spring-data-commons-2.4.3.jar' 
2022-04-17 17:45:58.199 DEBUG [acme.Launcher@main] Found classpath entry '/C:/Users/DP2/.m2/repository/org/springframework/spring-orm/5.3.3/spring-orm-5.3.3.jar' 
2022-04-17 17:45:58.199 DEBUG [acme.Launcher@main] Found classpath entry '/C:/Users/DP2/.m2/repository/org/springframework/spring-aspects/5.3.3/spring-aspects-5.3.3.jar' 
2022-04-17 17:45:58.200 DEBUG [acme.Launcher@main] Found classpath entry '/C:/Users/DP2/.m2/repository/org/springframework/boot/spring-boot-starter-validation/2.4.2/spring-boot-starter-validation-2.4.2.jar' 
2022-04-17 17:45:58.200 DEBUG [acme.Launcher@main] Found classpath entry '/C:/Users/DP2/.m2/repository/org/hibernate/validator/hibernate-validator/6.1.7.Final/hibernate-validator-6.1.7.Final.jar' 
2022-04-17 17:45:58.200 DEBUG [acme.Launcher@main] Found classpath entry '/C:/Users/DP2/.m2/repository/jakarta/validation/jakarta.validation-api/2.0.2/jakarta.validation-api-2.0.2.jar' 
2022-04-17 17:45:58.200 DEBUG [acme.Launcher@main] Found classpath entry '/C:/Users/DP2/.m2/repository/mysql/mysql-connector-java/8.0.22/mysql-connector-java-8.0.22.jar' 
2022-04-17 17:45:58.200 DEBUG [acme.Launcher@main] Found classpath entry '/C:/Users/DP2/.m2/repository/com/zaxxer/HikariCP/3.4.5/HikariCP-3.4.5.jar' 
2022-04-17 17:45:58.200 DEBUG [acme.Launcher@main] Found classpath entry '/C:/Users/DP2/.m2/repository/org/junit/jupiter/junit-jupiter-engine/5.7.0/junit-jupiter-engine-5.7.0.jar' 
2022-04-17 17:45:58.201 DEBUG [acme.Launcher@main] Found classpath entry '/C:/Users/DP2/.m2/repository/org/apiguardian/apiguardian-api/1.1.0/apiguardian-api-1.1.0.jar' 
2022-04-17 17:45:58.201 DEBUG [acme.Launcher@main] Found classpath entry '/C:/Users/DP2/.m2/repository/org/junit/platform/junit-platform-engine/1.7.0/junit-platform-engine-1.7.0.jar' 
2022-04-17 17:45:58.201 DEBUG [acme.Launcher@main] Found classpath entry '/C:/Users/DP2/.m2/repository/org/junit/jupiter/junit-jupiter-api/5.7.0/junit-jupiter-api-5.7.0.jar' 
2022-04-17 17:45:58.201 DEBUG [acme.Launcher@main] Found classpath entry '/C:/Users/DP2/.m2/repository/org/opentest4j/opentest4j/1.2.0/opentest4j-1.2.0.jar' 
2022-04-17 17:45:58.201 DEBUG [acme.Launcher@main] Found classpath entry '/C:/Users/DP2/.m2/repository/org/junit/platform/junit-platform-commons/1.7.0/junit-platform-commons-1.7.0.jar' 
2022-04-17 17:45:58.201 DEBUG [acme.Launcher@main] Found classpath entry '/C:/Users/DP2/.m2/repository/org/junit/jupiter/junit-jupiter-params/5.7.0/junit-jupiter-params-5.7.0.jar' 
2022-04-17 17:45:58.202 DEBUG [acme.Launcher@main] Found classpath entry '/C:/Users/DP2/.m2/repository/org/junit/platform/junit-platform-launcher/1.7.0/junit-platform-launcher-1.7.0.jar' 
2022-04-17 17:45:58.202 DEBUG [acme.Launcher@main] Found classpath entry '/C:/Users/DP2/.m2/repository/org/seleniumhq/selenium/selenium-java/3.141.59/selenium-java-3.141.59.jar' 
2022-04-17 17:45:58.202 DEBUG [acme.Launcher@main] Found classpath entry '/C:/Users/DP2/.m2/repository/org/seleniumhq/selenium/selenium-api/3.141.59/selenium-api-3.141.59.jar' 
2022-04-17 17:45:58.202 DEBUG [acme.Launcher@main] Found classpath entry '/C:/Users/DP2/.m2/repository/org/seleniumhq/selenium/selenium-chrome-driver/3.141.59/selenium-chrome-driver-3.141.59.jar' 
2022-04-17 17:45:58.202 DEBUG [acme.Launcher@main] Found classpath entry '/C:/Users/DP2/.m2/repository/org/seleniumhq/selenium/selenium-edge-driver/3.141.59/selenium-edge-driver-3.141.59.jar' 
2022-04-17 17:45:58.202 DEBUG [acme.Launcher@main] Found classpath entry '/C:/Users/DP2/.m2/repository/org/seleniumhq/selenium/selenium-firefox-driver/3.141.59/selenium-firefox-driver-3.141.59.jar' 
2022-04-17 17:45:58.203 DEBUG [acme.Launcher@main] Found classpath entry '/C:/Users/DP2/.m2/repository/org/seleniumhq/selenium/selenium-ie-driver/3.141.59/selenium-ie-driver-3.141.59.jar' 
2022-04-17 17:45:58.203 DEBUG [acme.Launcher@main] Found classpath entry '/C:/Users/DP2/.m2/repository/org/seleniumhq/selenium/selenium-opera-driver/3.141.59/selenium-opera-driver-3.141.59.jar' 
2022-04-17 17:45:58.203 DEBUG [acme.Launcher@main] Found classpath entry '/C:/Users/DP2/.m2/repository/org/seleniumhq/selenium/selenium-remote-driver/3.141.59/selenium-remote-driver-3.141.59.jar' 
2022-04-17 17:45:58.203 DEBUG [acme.Launcher@main] Found classpath entry '/C:/Users/DP2/.m2/repository/org/seleniumhq/selenium/selenium-safari-driver/3.141.59/selenium-safari-driver-3.141.59.jar' 
2022-04-17 17:45:58.203 DEBUG [acme.Launcher@main] Found classpath entry '/C:/Users/DP2/.m2/repository/org/seleniumhq/selenium/selenium-support/3.141.59/selenium-support-3.141.59.jar' 
2022-04-17 17:45:58.203 DEBUG [acme.Launcher@main] Found classpath entry '/C:/Users/DP2/.m2/repository/net/bytebuddy/byte-buddy/1.10.19/byte-buddy-1.10.19.jar' 
2022-04-17 17:45:58.203 DEBUG [acme.Launcher@main] Found classpath entry '/C:/Users/DP2/.m2/repository/org/apache/commons/commons-exec/1.3/commons-exec-1.3.jar' 
2022-04-17 17:45:58.204 DEBUG [acme.Launcher@main] Found classpath entry '/C:/Users/DP2/.m2/repository/com/google/guava/guava/25.0-jre/guava-25.0-jre.jar' 
2022-04-17 17:45:58.204 DEBUG [acme.Launcher@main] Found classpath entry '/C:/Users/DP2/.m2/repository/com/google/code/findbugs/jsr305/1.3.9/jsr305-1.3.9.jar' 
2022-04-17 17:45:58.204 DEBUG [acme.Launcher@main] Found classpath entry '/C:/Users/DP2/.m2/repository/org/checkerframework/checker-compat-qual/2.0.0/checker-compat-qual-2.0.0.jar' 
2022-04-17 17:45:58.204 DEBUG [acme.Launcher@main] Found classpath entry '/C:/Users/DP2/.m2/repository/com/google/errorprone/error_prone_annotations/2.1.3/error_prone_annotations-2.1.3.jar' 
2022-04-17 17:45:58.204 DEBUG [acme.Launcher@main] Found classpath entry '/C:/Users/DP2/.m2/repository/com/google/j2objc/j2objc-annotations/1.1/j2objc-annotations-1.1.jar' 
2022-04-17 17:45:58.204 DEBUG [acme.Launcher@main] Found classpath entry '/C:/Users/DP2/.m2/repository/org/codehaus/mojo/animal-sniffer-annotations/1.14/animal-sniffer-annotations-1.14.jar' 
2022-04-17 17:45:58.204 DEBUG [acme.Launcher@main] Found classpath entry '/C:/Users/DP2/.m2/repository/com/squareup/okhttp3/okhttp/3.14.9/okhttp-3.14.9.jar' 
2022-04-17 17:45:58.205 DEBUG [acme.Launcher@main] Found classpath entry '/C:/Users/DP2/.m2/repository/com/squareup/okio/okio/1.14.0/okio-1.14.0.jar' 
2022-04-17 17:45:58.205 DEBUG [acme.Launcher@main] Found classpath entry '/C:/Users/DP2/.m2/repository/org/apache/commons/commons-lang3/3.11/commons-lang3-3.11.jar' 
2022-04-17 17:45:58.205 DEBUG [acme.Launcher@main] Found classpath entry '/C:/Users/DP2/.m2/repository/org/apache/commons/commons-text/1.8/commons-text-1.8.jar' 
2022-04-17 17:45:58.205 DEBUG [acme.Launcher@main] Found classpath entry '/C:/Users/DP2/.m2/repository/commons-io/commons-io/2.6/commons-io-2.6.jar' 
2022-04-17 17:45:58.205 DEBUG [acme.Launcher@main] Found classpath entry '/C:/Users/DP2/.m2/repository/commons-cli/commons-cli/1.4/commons-cli-1.4.jar' 
2022-04-17 17:45:58.205 DEBUG [acme.Launcher@main] Found classpath entry '/C:/Users/DP2/.m2/repository/org/projectlombok/lombok/1.18.16/lombok-1.18.16.jar' 
2022-04-17 17:45:58.205 DEBUG [acme.Launcher@main] Found classpath entry '/C:/Users/DP2/.m2/repository/com/opencsv/opencsv/5.4/opencsv-5.4.jar' 
2022-04-17 17:45:58.206 DEBUG [acme.Launcher@main] Found classpath entry '/C:/Users/DP2/.m2/repository/commons-beanutils/commons-beanutils/1.9.4/commons-beanutils-1.9.4.jar' 
2022-04-17 17:45:58.206 DEBUG [acme.Launcher@main] Found classpath entry '/C:/Users/DP2/.m2/repository/commons-logging/commons-logging/1.2/commons-logging-1.2.jar' 
2022-04-17 17:45:58.206 DEBUG [acme.Launcher@main] Found classpath entry '/C:/Users/DP2/.m2/repository/commons-collections/commons-collections/3.2.2/commons-collections-3.2.2.jar' 
2022-04-17 17:45:58.206 DEBUG [acme.Launcher@main] Found classpath entry '/C:/Users/DP2/.m2/repository/org/apache/commons/commons-collections4/4.4/commons-collections4-4.4.jar' 
2022-04-17 17:45:58.206 DEBUG [acme.Launcher@main] Found classpath entry '/C:/Users/DP2/Desktop/Workspace-22.0/Workspace-22.0/Tools/IDEs/eclipse-jee-2021-12-R/configuration/org.eclipse.osgi/418/0/.cp/lib/javaagent-shaded.jar' 
2022-04-17 17:45:58.280 DEBUG [acme.Launcher@main] Found entity class 'acme.entities.announcement.Announcement 
2022-04-17 17:45:58.281 DEBUG [acme.Launcher@main] Found entity class 'acme.entities.artefact.Artefact 
2022-04-17 17:45:58.281 DEBUG [acme.Launcher@main] Found entity class 'acme.entities.artefact.Quantity 
2022-04-17 17:45:58.281 DEBUG [acme.Launcher@main] Found entity class 'acme.entities.chirp.Chirp 
2022-04-17 17:45:58.281 DEBUG [acme.Launcher@main] Found entity class 'acme.entities.patonages.Patronages 
2022-04-17 17:45:58.281 DEBUG [acme.Launcher@main] Found entity class 'acme.entities.patronageReport.PatronageReport 
2022-04-17 17:45:58.281 DEBUG [acme.Launcher@main] Found entity class 'acme.entities.systemConfiguration.SystemConfiguration 
2022-04-17 17:45:58.281 DEBUG [acme.Launcher@main] Found entity class 'acme.entities.toolkit.Toolkit 
2022-04-17 17:45:58.281 DEBUG [acme.Launcher@main] Found entity class 'acme.roles.Consumer 
2022-04-17 17:45:58.282 DEBUG [acme.Launcher@main] Found entity class 'acme.roles.Inventor 
2022-04-17 17:45:58.282 DEBUG [acme.Launcher@main] Found entity class 'acme.roles.Patron 
2022-04-17 17:45:58.282 DEBUG [acme.Launcher@main] Found entity class 'acme.roles.Provider 
2022-04-17 17:45:58.282 DEBUG [acme.Launcher@main] Found entity class 'acme.framework.entities.UserAccount 
2022-04-17 17:45:58.282 DEBUG [acme.Launcher@main] Found entity class 'acme.framework.roles.Administrator 
2022-04-17 17:45:58.282 DEBUG [acme.Launcher@main] Found entity class 'acme.framework.roles.Anonymous 
2022-04-17 17:45:58.282 DEBUG [acme.Launcher@main] Found entity class 'acme.framework.roles.Any 
2022-04-17 17:45:58.282 DEBUG [acme.Launcher@main] Found entity class 'acme.framework.roles.Authenticated 
2022-04-17 17:45:58.287 INFO  [acme.Launcher@main] Populating (initial data) 
2022-04-17 17:45:58.288 INFO  [acme.framework.components.database.DatabasePopulator@main] Building database schema 
2022-04-17 17:45:58.333 DEBUG [acme.framework.components.database.DatabaseUtil@main] Executing script. 
2022-04-17 17:45:58.334 DEBUG [acme.framework.components.database.DatabaseUtil@main] Starting new transaction. 
2022-04-17 17:45:58.344 DEBUG [acme.framework.components.database.DatabaseUtil@main] Executing command 'set transaction isolation level read uncommitted;'. 
2022-04-17 17:45:58.358 DEBUG [acme.framework.components.database.DatabaseUtil@main] Starting transaction '2088388998'. 
2022-04-17 17:45:58.359 DEBUG [acme.framework.components.database.DatabaseUtil@main] Executing script command 'set foreign_key_checks=0'. 
2022-04-17 17:45:58.360 DEBUG [acme.framework.components.database.DatabaseUtil@main] Executing script command 'drop table if exists administrator'. 
2022-04-17 17:45:58.597 DEBUG [acme.framework.components.database.DatabaseUtil@main] Executing script command 'drop table if exists announcement'. 
2022-04-17 17:45:58.798 DEBUG [acme.framework.components.database.DatabaseUtil@main] Executing script command 'drop table if exists anonymous'. 
2022-04-17 17:45:58.939 DEBUG [acme.framework.components.database.DatabaseUtil@main] Executing script command 'drop table if exists any'. 
2022-04-17 17:45:59.090 DEBUG [acme.framework.components.database.DatabaseUtil@main] Executing script command 'drop table if exists artefact'. 
2022-04-17 17:45:59.266 DEBUG [acme.framework.components.database.DatabaseUtil@main] Executing script command 'drop table if exists authenticated'. 
2022-04-17 17:45:59.481 DEBUG [acme.framework.components.database.DatabaseUtil@main] Executing script command 'drop table if exists chirp'. 
2022-04-17 17:45:59.723 DEBUG [acme.framework.components.database.DatabaseUtil@main] Executing script command 'drop table if exists consumer'. 
2022-04-17 17:45:59.939 DEBUG [acme.framework.components.database.DatabaseUtil@main] Executing script command 'drop table if exists hibernate_sequence'. 
2022-04-17 17:46:00.123 DEBUG [acme.framework.components.database.DatabaseUtil@main] Executing script command 'drop table if exists inventor'. 
2022-04-17 17:46:00.306 DEBUG [acme.framework.components.database.DatabaseUtil@main] Executing script command 'drop table if exists patron'. 
2022-04-17 17:46:00.456 DEBUG [acme.framework.components.database.DatabaseUtil@main] Executing script command 'drop table if exists patronage_report'. 
2022-04-17 17:46:00.656 DEBUG [acme.framework.components.database.DatabaseUtil@main] Executing script command 'drop table if exists patronages'. 
2022-04-17 17:46:00.865 DEBUG [acme.framework.components.database.DatabaseUtil@main] Executing script command 'drop table if exists provider'. 
2022-04-17 17:46:01.039 DEBUG [acme.framework.components.database.DatabaseUtil@main] Executing script command 'drop table if exists quantity'. 
2022-04-17 17:46:01.374 DEBUG [acme.framework.components.database.DatabaseUtil@main] Executing script command 'drop table if exists system_configuration'. 
2022-04-17 17:46:01.657 DEBUG [acme.framework.components.database.DatabaseUtil@main] Executing script command 'drop table if exists toolkit'. 
2022-04-17 17:46:01.839 DEBUG [acme.framework.components.database.DatabaseUtil@main] Executing script command 'drop table if exists user_account'. 
2022-04-17 17:46:02.022 DEBUG [acme.framework.components.database.DatabaseUtil@main] Executing script command 'set foreign_key_checks=1'. 
2022-04-17 17:46:02.023 DEBUG [acme.framework.components.database.DatabaseUtil@main] Committing transaction '2088388998'. 
2022-04-17 17:46:02.033 DEBUG [acme.framework.components.database.DatabaseUtil@main] Executing script. 
2022-04-17 17:46:02.033 DEBUG [acme.framework.components.database.DatabaseUtil@main] Starting new transaction. 
2022-04-17 17:46:02.034 DEBUG [acme.framework.components.database.DatabaseUtil@main] Executing command 'set transaction isolation level read uncommitted;'. 
2022-04-17 17:46:02.034 DEBUG [acme.framework.components.database.DatabaseUtil@main] Starting transaction '1521653862'. 
2022-04-17 17:46:02.034 DEBUG [acme.framework.components.database.DatabaseUtil@main] Executing script command 'set foreign_key_checks=0'. 
2022-04-17 17:46:02.035 DEBUG [acme.framework.components.database.DatabaseUtil@main] Executing script command 'create table administrator (id integer not null, version integer not null, user_account_id integer, primary key (id)) engine=InnoDB'. 
2022-04-17 17:46:02.290 DEBUG [acme.framework.components.database.DatabaseUtil@main] Executing script command 'create table announcement (id integer not null, version integer not null, body varchar(255), creation datetime, flag bit not null, title varchar(255), url varchar(255), primary key (id)) engine=InnoDB'. 
2022-04-17 17:46:02.490 DEBUG [acme.framework.components.database.DatabaseUtil@main] Executing script command 'create table anonymous (id integer not null, version integer not null, user_account_id integer, primary key (id)) engine=InnoDB'. 
2022-04-17 17:46:02.673 DEBUG [acme.framework.components.database.DatabaseUtil@main] Executing script command 'create table any (id integer not null, version integer not null, user_account_id integer, primary key (id)) engine=InnoDB'. 
2022-04-17 17:46:02.923 DEBUG [acme.framework.components.database.DatabaseUtil@main] Executing script command 'create table artefact (id integer not null, version integer not null, code varchar(255), description varchar(255), more_info varchar(255), name varchar(255), retail_price_amount double precision, retail_price_currency varchar(255), technology varchar(255), type integer, inventor_id integer not null, primary key (id)) engine=InnoDB'. 
2022-04-17 17:46:03.073 DEBUG [acme.framework.components.database.DatabaseUtil@main] Executing script command 'create table authenticated (id integer not null, version integer not null, user_account_id integer, primary key (id)) engine=InnoDB'. 
2022-04-17 17:46:03.223 DEBUG [acme.framework.components.database.DatabaseUtil@main] Executing script command 'create table chirp (id integer not null, version integer not null, author varchar(255), body varchar(255), creation_moment datetime, email varchar(255), title varchar(255), primary key (id)) engine=InnoDB'. 
2022-04-17 17:46:03.414 DEBUG [acme.framework.components.database.DatabaseUtil@main] Executing script command 'create table consumer (id integer not null, version integer not null, user_account_id integer, company varchar(255), sector varchar(255), primary key (id)) engine=InnoDB'. 
2022-04-17 17:46:03.634 DEBUG [acme.framework.components.database.DatabaseUtil@main] Executing script command 'create table hibernate_sequence (next_val bigint) engine=InnoDB'. 
2022-04-17 17:46:03.839 DEBUG [acme.framework.components.database.DatabaseUtil@main] Executing script command 'insert into hibernate_sequence values ( 1 )'. 
2022-04-17 17:46:03.841 DEBUG [acme.framework.components.database.DatabaseUtil@main] Executing script command 'create table inventor (id integer not null, version integer not null, user_account_id integer, company varchar(255), link varchar(255), statement varchar(255), primary key (id)) engine=InnoDB'. 
2022-04-17 17:46:04.006 DEBUG [acme.framework.components.database.DatabaseUtil@main] Executing script command 'create table patron (id integer not null, version integer not null, user_account_id integer, company varchar(255), link varchar(255), statement varchar(255), primary key (id)) engine=InnoDB'. 
2022-04-17 17:46:04.181 DEBUG [acme.framework.components.database.DatabaseUtil@main] Executing script command 'create table patronage_report (id integer not null, version integer not null, creation_moment datetime, link varchar(255), memorandum varchar(255), patronage_id integer, primary key (id)) engine=InnoDB'. 
2022-04-17 17:46:04.415 DEBUG [acme.framework.components.database.DatabaseUtil@main] Executing script command 'create table patronages (id integer not null, version integer not null, budget_amount double precision, budget_currency varchar(255), code varchar(255), final_period date, init_period date, legal_stuff varchar(255), link varchar(255), status integer, inventor_id integer not null, patron_id integer not null, primary key (id)) engine=InnoDB'. 
2022-04-17 17:46:04.689 DEBUG [acme.framework.components.database.DatabaseUtil@main] Executing script command 'create table provider (id integer not null, version integer not null, user_account_id integer, company varchar(255), sector varchar(255), primary key (id)) engine=InnoDB'. 
2022-04-17 17:46:04.881 DEBUG [acme.framework.components.database.DatabaseUtil@main] Executing script command 'create table quantity (id integer not null, version integer not null, number integer not null, artefact_id integer not null, toolkit_id integer not null, primary key (id)) engine=InnoDB'. 
2022-04-17 17:46:05.031 DEBUG [acme.framework.components.database.DatabaseUtil@main] Executing script command 'create table system_configuration (id integer not null, version integer not null, currencies varchar(255), currency varchar(255), lenguage varchar(255), strong_terms varchar(255), strong_threshold double precision, weak_terms varchar(255), weak_threshold double precision, primary key (id)) engine=InnoDB'. 
2022-04-17 17:46:05.239 DEBUG [acme.framework.components.database.DatabaseUtil@main] Executing script command 'create table toolkit (id integer not null, version integer not null, assembly_notes varchar(255), code varchar(255), description varchar(255), link varchar(255), title varchar(255), primary key (id)) engine=InnoDB'. 
2022-04-17 17:46:05.515 DEBUG [acme.framework.components.database.DatabaseUtil@main] Executing script command 'create table user_account (id integer not null, version integer not null, enabled bit not null, identity blob, password varchar(255), username varchar(255), primary key (id)) engine=InnoDB'. 
2022-04-17 17:46:05.689 DEBUG [acme.framework.components.database.DatabaseUtil@main] Executing script command 'alter table artefact add constraint UK_o1i2l7ul7wul13gn7dex98w47 unique (code)'. 
2022-04-17 17:46:06.031 DEBUG [acme.framework.components.database.DatabaseUtil@main] Executing script command 'alter table patronages add constraint UK_hkk2octnydkqcvqefssmthrb1 unique (code)'. 
2022-04-17 17:46:06.348 DEBUG [acme.framework.components.database.DatabaseUtil@main] Executing script command 'alter table toolkit add constraint UK_qvml9bbjdvicrw1wt0e1bej3c unique (code)'. 
2022-04-17 17:46:06.631 DEBUG [acme.framework.components.database.DatabaseUtil@main] Executing script command 'alter table user_account add constraint UK_castjbvpeeus0r8lbpehiu0e4 unique (username)'. 
2022-04-17 17:46:06.981 DEBUG [acme.framework.components.database.DatabaseUtil@main] Executing script command 'alter table administrator add constraint FK_2a5vcjo3stlfcwadosjfq49l1 foreign key (user_account_id) references user_account (id)'. 
2022-04-17 17:46:07.298 DEBUG [acme.framework.components.database.DatabaseUtil@main] Executing script command 'alter table anonymous add constraint FK_6lnbc6fo3om54vugoh8icg78m foreign key (user_account_id) references user_account (id)'. 
2022-04-17 17:46:07.581 DEBUG [acme.framework.components.database.DatabaseUtil@main] Executing script command 'alter table any add constraint FK_26yflnlk4xrrxtkiwkag1l7lf foreign key (user_account_id) references user_account (id)'. 
2022-04-17 17:46:07.923 DEBUG [acme.framework.components.database.DatabaseUtil@main] Executing script command 'alter table artefact add constraint FKc3nqbu6revkdfgf9aspvt8bje foreign key (inventor_id) references inventor (id)'. 
2022-04-17 17:46:08.314 DEBUG [acme.framework.components.database.DatabaseUtil@main] Executing script command 'alter table authenticated add constraint FK_h52w0f3wjoi68b63wv9vwon57 foreign key (user_account_id) references user_account (id)'. 
2022-04-17 17:46:08.623 DEBUG [acme.framework.components.database.DatabaseUtil@main] Executing script command 'alter table consumer add constraint FK_6cyha9f1wpj0dpbxrrjddrqed foreign key (user_account_id) references user_account (id)'. 
2022-04-17 17:46:08.908 DEBUG [acme.framework.components.database.DatabaseUtil@main] Executing script command 'alter table inventor add constraint FK_2upmsx50p5pou2l4uy8trxor6 foreign key (user_account_id) references user_account (id)'. 
2022-04-17 17:46:09.198 DEBUG [acme.framework.components.database.DatabaseUtil@main] Executing script command 'alter table patron add constraint FK_8xx5nujhuio3advxc2freyu65 foreign key (user_account_id) references user_account (id)'. 
2022-04-17 17:46:09.606 DEBUG [acme.framework.components.database.DatabaseUtil@main] Executing script command 'alter table patronage_report add constraint FK4hqfo7bhvki18d8l9fwkkdcgo foreign key (patronage_id) references patronages (id)'. 
2022-04-17 17:46:09.898 DEBUG [acme.framework.components.database.DatabaseUtil@main] Executing script command 'alter table patronages add constraint FKg9t8o8n8smwitayd3drsvek2k foreign key (inventor_id) references inventor (id)'. 
2022-04-17 17:46:10.265 DEBUG [acme.framework.components.database.DatabaseUtil@main] Executing script command 'alter table patronages add constraint FKreaj6vqynmxthoeuf4y035xtg foreign key (patron_id) references patron (id)'. 
2022-04-17 17:46:10.548 DEBUG [acme.framework.components.database.DatabaseUtil@main] Executing script command 'alter table provider add constraint FK_b1gwnjqm6ggy9yuiqm0o4rlmd foreign key (user_account_id) references user_account (id)'. 
2022-04-17 17:46:10.981 DEBUG [acme.framework.components.database.DatabaseUtil@main] Executing script command 'alter table quantity add constraint FK62iq9t5gylruxdgxwfm1dm98t foreign key (artefact_id) references artefact (id)'. 
2022-04-17 17:46:11.273 DEBUG [acme.framework.components.database.DatabaseUtil@main] Executing script command 'alter table quantity add constraint FKr1l7hfxuemn7o9d0qi4kawlmg foreign key (toolkit_id) references toolkit (id)'. 
2022-04-17 17:46:11.573 DEBUG [acme.framework.components.database.DatabaseUtil@main] Executing script command 'set foreign_key_checks=1'. 
2022-04-17 17:46:11.573 DEBUG [acme.framework.components.database.DatabaseUtil@main] Committing transaction '1521653862'. 
2022-04-17 17:46:11.575 INFO  [acme.framework.components.database.DatabasePopulator@main] Reading entities from 'classpath:/WEB-INF/resources/initial-data' 
2022-04-17 17:46:11.579 DEBUG [acme.framework.components.database.Dataset@main] Reading dataset from 'C:\Users\DP2\Desktop\Workspace-22.0\Workspace-22.0\Projects\Acme-Toolkits\target\classes\WEB-INF\resources\initial-data\administrator.csv' 
2022-04-17 17:46:11.658 DEBUG [acme.framework.components.database.Dataset@main] Reading mapping '{key:user-account=user-account-administrator-01, key=administrator-01}' from 'C:\Users\DP2\Desktop\Workspace-22.0\Workspace-22.0\Projects\Acme-Toolkits\target\classes\WEB-INF\resources\initial-data\administrator.csv' 
2022-04-17 17:46:11.659 DEBUG [acme.framework.components.database.Dataset@main] Reading dataset from 'C:\Users\DP2\Desktop\Workspace-22.0\Workspace-22.0\Projects\Acme-Toolkits\target\classes\WEB-INF\resources\initial-data\anonymous.csv' 
2022-04-17 17:46:11.660 DEBUG [acme.framework.components.database.Dataset@main] Reading mapping '{key:user-account=user-account-anonymous-01, key=anonymous-01}' from 'C:\Users\DP2\Desktop\Workspace-22.0\Workspace-22.0\Projects\Acme-Toolkits\target\classes\WEB-INF\resources\initial-data\anonymous.csv' 
2022-04-17 17:46:11.660 DEBUG [acme.framework.components.database.Dataset@main] Reading dataset from 'C:\Users\DP2\Desktop\Workspace-22.0\Workspace-22.0\Projects\Acme-Toolkits\target\classes\WEB-INF\resources\initial-data\authenticated.csv' 
2022-04-17 17:46:11.661 DEBUG [acme.framework.components.database.Dataset@main] Reading mapping '{key:user-account=user-account-administrator-01, key=authenticated-administrator-01}' from 'C:\Users\DP2\Desktop\Workspace-22.0\Workspace-22.0\Projects\Acme-Toolkits\target\classes\WEB-INF\resources\initial-data\authenticated.csv' 
2022-04-17 17:46:11.661 DEBUG [acme.framework.components.database.Dataset@main] Reading dataset from 'C:\Users\DP2\Desktop\Workspace-22.0\Workspace-22.0\Projects\Acme-Toolkits\target\classes\WEB-INF\resources\initial-data\system-configuration.csv' 
2022-04-17 17:46:11.667 DEBUG [acme.framework.components.database.Dataset@main] Reading mapping '{lenguage= SPANISH, currency=EUR, weak-threshold= 25.00, key=system-configuration-01, weak-terms=SPANISH:atractivo,nigeria,has ganado, un millon;ENGLISH:sexy,nigeria,you’ve won,one mil-lion, currencies= EUR USD GBP, strong-terms=SPANISH:sexo,hardcore,viagra,cialis;ENGLISH:sex,hardcore,viagra,cialis, strong-threshold=10.00}' from 'C:\Users\DP2\Desktop\Workspace-22.0\Workspace-22.0\Projects\Acme-Toolkits\target\classes\WEB-INF\resources\initial-data\system-configuration.csv' 
2022-04-17 17:46:11.668 DEBUG [acme.framework.components.database.Dataset@main] Reading dataset from 'C:\Users\DP2\Desktop\Workspace-22.0\Workspace-22.0\Projects\Acme-Toolkits\target\classes\WEB-INF\resources\initial-data\user-account.csv' 
2022-04-17 17:46:11.669 DEBUG [acme.framework.components.database.Dataset@main] Reading mapping '{password=HIDDEN-PASSWORD, identity=UserIdentity{name: 'John', surname: 'Doe', email: 'john.doe@acme.com'}, key=user-account-anonymous-01, enabled=false, username=anonymous}' from 'C:\Users\DP2\Desktop\Workspace-22.0\Workspace-22.0\Projects\Acme-Toolkits\target\classes\WEB-INF\resources\initial-data\user-account.csv' 
2022-04-17 17:46:11.669 DEBUG [acme.framework.components.database.Dataset@main] Reading mapping '{password=administrator, identity=UserIdentity{name: 'Administrator', surname: 'Acme', email: 'administrator@acme.com'}, key=user-account-administrator-01, enabled=true, username=administrator}' from 'C:\Users\DP2\Desktop\Workspace-22.0\Workspace-22.0\Projects\Acme-Toolkits\target\classes\WEB-INF\resources\initial-data\user-account.csv' 
2022-04-17 17:46:11.669 DEBUG [acme.framework.components.database.Dataset@main] Reading mapping '{password=patron1, identity=UserIdentity{name: 'Patron-01', surname: 'Acme', email: 'patron-01@acme.com'}, key=user-account-patron-01, enabled=true, username=patron1}' from 'C:\Users\DP2\Desktop\Workspace-22.0\Workspace-22.0\Projects\Acme-Toolkits\target\classes\WEB-INF\resources\initial-data\user-account.csv' 
2022-04-17 17:46:11.669 DEBUG [acme.framework.components.database.Dataset@main] Reading mapping '{password=patron2, identity=UserIdentity{name: 'Patron-02', surname: 'Acme', email: 'patron-02@acme.com'}, key=user-account-patron-02, enabled=true, username=patron2}' from 'C:\Users\DP2\Desktop\Workspace-22.0\Workspace-22.0\Projects\Acme-Toolkits\target\classes\WEB-INF\resources\initial-data\user-account.csv' 
2022-04-17 17:46:11.669 DEBUG [acme.framework.components.database.Dataset@main] Reading mapping '{password=patron3, identity=UserIdentity{name: 'Patron-03', surname: 'Acme', email: 'patron-03@acme.com'}, key=user-account-patron-03, enabled=true, username=patron3}' from 'C:\Users\DP2\Desktop\Workspace-22.0\Workspace-22.0\Projects\Acme-Toolkits\target\classes\WEB-INF\resources\initial-data\user-account.csv' 
2022-04-17 17:46:11.669 DEBUG [acme.framework.components.database.Dataset@main] Reading mapping '{password=inventor1, identity=UserIdentity{name: 'inventor1', surname: 'inventor', email: 'inventor1@acme.com'}, key=user-account-inventor-01, enabled=true, username=inventor1}' from 'C:\Users\DP2\Desktop\Workspace-22.0\Workspace-22.0\Projects\Acme-Toolkits\target\classes\WEB-INF\resources\initial-data\user-account.csv' 
2022-04-17 17:46:11.669 DEBUG [acme.framework.components.database.Dataset@main] Reading mapping '{password=inventor2, identity=UserIdentity{name: 'inventor2', surname: 'inventor', email: 'inventor2@acme.com'}, key=user-account-inventor-02, enabled=true, username=inventor2}' from 'C:\Users\DP2\Desktop\Workspace-22.0\Workspace-22.0\Projects\Acme-Toolkits\target\classes\WEB-INF\resources\initial-data\user-account.csv' 
2022-04-17 17:46:11.670 DEBUG [acme.framework.components.database.Dataset@main] Reading mapping '{password=inventor3, identity=UserIdentity{name: 'inventor3', surname: 'inventor', email: 'inventor3@acme.com'}, key=user-account-inventor-03, enabled=true, username=inventor3}' from 'C:\Users\DP2\Desktop\Workspace-22.0\Workspace-22.0\Projects\Acme-Toolkits\target\classes\WEB-INF\resources\initial-data\user-account.csv' 
2022-04-17 17:46:11.670 DEBUG [acme.framework.components.database.EntityWeb@main] Setting attributes of entities of class acme.framework.entities.UserAccount 
2022-04-17 17:46:11.856 DEBUG [acme.framework.components.database.EntityWeb@main] Setting attributes of entities of class acme.framework.roles.Administrator 
2022-04-17 17:46:11.856 DEBUG [acme.framework.components.database.EntityWeb@main] Setting attributes of entities of class acme.framework.roles.Authenticated 
2022-04-17 17:46:11.856 DEBUG [acme.framework.components.database.EntityWeb@main] Setting attributes of entities of class acme.entities.systemConfiguration.SystemConfiguration 
2022-04-17 17:46:11.869 DEBUG [acme.framework.configuration.ExtendedMessageSource@main] Loading properties [C:\Users\DP2\Desktop\Workspace-22.0\Workspace-22.0\Projects\Acme-Toolkits\target\classes\WEB-INF\views\administrator\artefact\messages-en.i18n] with encoding 'utf-8' 
2022-04-17 17:46:11.870 DEBUG [acme.framework.configuration.ExtendedMessageSource@main] Loading properties [C:\Users\DP2\Desktop\Workspace-22.0\Workspace-22.0\Projects\Acme-Toolkits\target\classes\WEB-INF\views\administrator\user-account\messages-en.i18n] with encoding 'utf-8' 
2022-04-17 17:46:11.871 DEBUG [acme.framework.configuration.ExtendedMessageSource@main] Loading properties [C:\Users\DP2\Desktop\Workspace-22.0\Workspace-22.0\Projects\Acme-Toolkits\target\classes\WEB-INF\views\anonymous\artefact\messages-en.i18n] with encoding 'utf-8' 
2022-04-17 17:46:11.872 DEBUG [acme.framework.configuration.ExtendedMessageSource@main] Loading properties [C:\Users\DP2\Desktop\Workspace-22.0\Workspace-22.0\Projects\Acme-Toolkits\target\classes\WEB-INF\views\anonymous\user-account\messages-en.i18n] with encoding 'utf-8' 
2022-04-17 17:46:11.872 DEBUG [acme.framework.configuration.ExtendedMessageSource@main] Loading properties [C:\Users\DP2\Desktop\Workspace-22.0\Workspace-22.0\Projects\Acme-Toolkits\target\classes\WEB-INF\views\any\announcement\messages-en.i18n] with encoding 'utf-8' 
2022-04-17 17:46:11.873 DEBUG [acme.framework.configuration.ExtendedMessageSource@main] Loading properties [C:\Users\DP2\Desktop\Workspace-22.0\Workspace-22.0\Projects\Acme-Toolkits\target\classes\WEB-INF\views\any\chirp\messages-en.i18n] with encoding 'utf-8' 
2022-04-17 17:46:11.873 DEBUG [acme.framework.configuration.ExtendedMessageSource@main] Loading properties [C:\Users\DP2\Desktop\Workspace-22.0\Workspace-22.0\Projects\Acme-Toolkits\target\classes\WEB-INF\views\authenticated\artefact\messages-en.i18n] with encoding 'utf-8' 
2022-04-17 17:46:11.874 DEBUG [acme.framework.configuration.ExtendedMessageSource@main] Loading properties [C:\Users\DP2\Desktop\Workspace-22.0\Workspace-22.0\Projects\Acme-Toolkits\target\classes\WEB-INF\views\authenticated\consumer\messsages-en.i18n] with encoding 'utf-8' 
2022-04-17 17:46:11.874 DEBUG [acme.framework.configuration.ExtendedMessageSource@main] Loading properties [C:\Users\DP2\Desktop\Workspace-22.0\Workspace-22.0\Projects\Acme-Toolkits\target\classes\WEB-INF\views\authenticated\provider\messsages-en.i18n] with encoding 'utf-8' 
2022-04-17 17:46:11.875 DEBUG [acme.framework.configuration.ExtendedMessageSource@main] Loading properties [C:\Users\DP2\Desktop\Workspace-22.0\Workspace-22.0\Projects\Acme-Toolkits\target\classes\WEB-INF\views\authenticated\user-account\messages-en.i18n] with encoding 'utf-8' 
2022-04-17 17:46:11.875 DEBUG [acme.framework.configuration.ExtendedMessageSource@main] Loading properties [C:\Users\DP2\Desktop\Workspace-22.0\Workspace-22.0\Projects\Acme-Toolkits\target\classes\WEB-INF\views\fragments\banner-en.i18n] with encoding 'utf-8' 
2022-04-17 17:46:11.876 DEBUG [acme.framework.configuration.ExtendedMessageSource@main] Loading properties [C:\Users\DP2\Desktop\Workspace-22.0\Workspace-22.0\Projects\Acme-Toolkits\target\classes\WEB-INF\views\fragments\company-en.i18n] with encoding 'utf-8' 
2022-04-17 17:46:11.876 DEBUG [acme.framework.configuration.ExtendedMessageSource@main] Loading properties [C:\Users\DP2\Desktop\Workspace-22.0\Workspace-22.0\Projects\Acme-Toolkits\target\classes\WEB-INF\views\fragments\footer-en.i18n] with encoding 'utf-8' 
2022-04-17 17:46:11.877 DEBUG [acme.framework.configuration.ExtendedMessageSource@main] Loading properties [C:\Users\DP2\Desktop\Workspace-22.0\Workspace-22.0\Projects\Acme-Toolkits\target\classes\WEB-INF\views\fragments\license-en.i18n] with encoding 'utf-8' 
2022-04-17 17:46:11.877 DEBUG [acme.framework.configuration.ExtendedMessageSource@main] Loading properties [C:\Users\DP2\Desktop\Workspace-22.0\Workspace-22.0\Projects\Acme-Toolkits\target\classes\WEB-INF\views\fragments\menu-en.i18n] with encoding 'utf-8' 
2022-04-17 17:46:11.878 DEBUG [acme.framework.configuration.ExtendedMessageSource@main] Loading properties [C:\Users\DP2\Desktop\Workspace-22.0\Workspace-22.0\Projects\Acme-Toolkits\target\classes\WEB-INF\views\fragments\messages-en.i18n] with encoding 'utf-8' 
2022-04-17 17:46:11.878 DEBUG [acme.framework.configuration.ExtendedMessageSource@main] Loading properties [C:\Users\DP2\Desktop\Workspace-22.0\Workspace-22.0\Projects\Acme-Toolkits\target\classes\WEB-INF\views\fragments\messsages-en.i18n] with encoding 'utf-8' 
2022-04-17 17:46:11.879 DEBUG [acme.framework.configuration.ExtendedMessageSource@main] Loading properties [C:\Users\DP2\Desktop\Workspace-22.0\Workspace-22.0\Projects\Acme-Toolkits\target\classes\WEB-INF\views\fragments\title-en.i18n] with encoding 'utf-8' 
2022-04-17 17:46:11.879 DEBUG [acme.framework.configuration.ExtendedMessageSource@main] Loading properties [C:\Users\DP2\Desktop\Workspace-22.0\Workspace-22.0\Projects\Acme-Toolkits\target\classes\WEB-INF\views\fragments\welcome-en.i18n] with encoding 'utf-8' 
2022-04-17 17:46:11.880 DEBUG [acme.framework.configuration.ExtendedMessageSource@main] Loading properties [C:\Users\DP2\Desktop\Workspace-22.0\Workspace-22.0\Projects\Acme-Toolkits\target\classes\WEB-INF\views\inventor\artefact\messages-en.i18n] with encoding 'utf-8' 
2022-04-17 17:46:11.880 DEBUG [acme.framework.configuration.ExtendedMessageSource@main] Loading properties [C:\Users\DP2\Desktop\Workspace-22.0\Workspace-22.0\Projects\Acme-Toolkits\target\classes\WEB-INF\views\inventor\patronages\messages-en.i18n] with encoding 'utf-8' 
2022-04-17 17:46:11.881 DEBUG [acme.framework.configuration.ExtendedMessageSource@main] Loading properties [C:\Users\DP2\Desktop\Workspace-22.0\Workspace-22.0\Projects\Acme-Toolkits\target\classes\WEB-INF\views\master\defaults-en.i18n] with encoding 'utf-8' 
2022-04-17 17:46:11.881 DEBUG [acme.framework.configuration.ExtendedMessageSource@main] Loading properties [C:\Users\DP2\Desktop\Workspace-22.0\Workspace-22.0\Projects\Acme-Toolkits\target\classes\WEB-INF\views\master\master-en.i18n] with encoding 'utf-8' 
2022-04-17 17:46:11.882 DEBUG [acme.framework.configuration.ExtendedMessageSource@main] Loading properties [C:\Users\DP2\Desktop\Workspace-22.0\Workspace-22.0\Projects\Acme-Toolkits\target\classes\WEB-INF\views\master\throwables-en.i18n] with encoding 'utf-8' 
2022-04-17 17:46:11.882 DEBUG [acme.framework.configuration.ExtendedMessageSource@main] Loading properties [C:\Users\DP2\Desktop\Workspace-22.0\Workspace-22.0\Projects\Acme-Toolkits\target\classes\WEB-INF\views\master\validation-en.i18n] with encoding 'utf-8' 
2022-04-17 17:46:11.883 DEBUG [acme.framework.configuration.ExtendedMessageSource@main] Loading properties [C:\Users\DP2\Desktop\Workspace-22.0\Workspace-22.0\Projects\Acme-Toolkits\target\classes\WEB-INF\views\patron\artefact\messages-en.i18n] with encoding 'utf-8' 
2022-04-17 17:46:11.890 DEBUG [acme.framework.components.database.EntityWeb@main] Setting attributes of entities of class acme.framework.roles.Anonymous 
2022-04-17 17:46:11.890 DEBUG [acme.framework.components.database.EntityWeb@main] Linking entities of class acme.framework.entities.UserAccount 
2022-04-17 17:46:11.890 DEBUG [acme.framework.components.database.EntityWeb@main] Linking entities of class acme.framework.roles.Administrator 
2022-04-17 17:46:11.896 DEBUG [acme.framework.components.database.EntityWeb@main] Linking entities of class acme.framework.roles.Authenticated 
2022-04-17 17:46:11.901 DEBUG [acme.framework.components.database.EntityWeb@main] Linking entities of class acme.entities.systemConfiguration.SystemConfiguration 
2022-04-17 17:46:11.902 DEBUG [acme.framework.components.database.EntityWeb@main] Linking entities of class acme.framework.roles.Anonymous 
2022-04-17 17:46:11.907 INFO  [acme.framework.components.database.DatabasePopulator@main] Validating your entities 
2022-04-17 17:46:11.968 DEBUG [acme.framework.components.database.DatabasePopulator@main] Validating 'acme.framework.entities.UserAccount@user-account-anonymous-01' ... PASS 
2022-04-17 17:46:11.971 DEBUG [acme.framework.components.database.DatabasePopulator@main] Validating 'acme.framework.entities.UserAccount@user-account-patron-01' ... PASS 
2022-04-17 17:46:11.973 DEBUG [acme.framework.components.database.DatabasePopulator@main] Validating 'acme.framework.entities.UserAccount@user-account-inventor-03' ... PASS 
2022-04-17 17:46:11.988 DEBUG [acme.framework.components.database.DatabasePopulator@main] Validating 'acme.entities.systemConfiguration.SystemConfiguration@system-configuration-01' ... PASS 
2022-04-17 17:46:11.989 DEBUG [acme.framework.components.database.DatabasePopulator@main] Validating 'acme.framework.entities.UserAccount@user-account-patron-02' ... PASS 
2022-04-17 17:46:11.990 DEBUG [acme.framework.components.database.DatabasePopulator@main] Validating 'acme.framework.entities.UserAccount@user-account-inventor-02' ... PASS 
2022-04-17 17:46:11.992 DEBUG [acme.framework.components.database.DatabasePopulator@main] Validating 'acme.framework.entities.UserAccount@user-account-administrator-01' ... PASS 
2022-04-17 17:46:11.997 DEBUG [acme.framework.components.database.DatabasePopulator@main] Validating 'acme.framework.roles.Anonymous@anonymous-01' ... PASS 
2022-04-17 17:46:11.998 DEBUG [acme.framework.components.database.DatabasePopulator@main] Validating 'acme.framework.entities.UserAccount@user-account-patron-03' ... PASS 
2022-04-17 17:46:12 DEBUG [acme.framework.components.database.DatabasePopulator@main] Validating 'acme.framework.entities.UserAccount@user-account-inventor-01' ... PASS 
2022-04-17 17:46:12.003 DEBUG [acme.framework.components.database.DatabasePopulator@main] Validating 'acme.framework.roles.Authenticated@authenticated-administrator-01' ... PASS 
2022-04-17 17:46:12.007 DEBUG [acme.framework.components.database.DatabasePopulator@main] Validating 'acme.framework.roles.Administrator@administrator-01' ... PASS 
2022-04-17 17:46:12.007 INFO  [acme.framework.components.database.DatabasePopulator@main] Sorting your entity classes 
2022-04-17 17:46:12.007 DEBUG [acme.framework.components.database.DatabasePopulator@main] Best topological order for your entity clazzes: 
2022-04-17 17:46:12.007 DEBUG [acme.framework.components.database.DatabasePopulator@main] - acme.framework.entities.UserAccount 
2022-04-17 17:46:12.008 DEBUG [acme.framework.components.database.DatabasePopulator@main] - acme.framework.roles.Administrator 
2022-04-17 17:46:12.008 DEBUG [acme.framework.components.database.DatabasePopulator@main] - acme.framework.roles.Authenticated 
2022-04-17 17:46:12.008 DEBUG [acme.framework.components.database.DatabasePopulator@main] - acme.entities.systemConfiguration.SystemConfiguration 
2022-04-17 17:46:12.008 DEBUG [acme.framework.components.database.DatabasePopulator@main] - acme.framework.roles.Anonymous 
2022-04-17 17:46:12.008 INFO  [acme.framework.components.database.DatabasePopulator@main] Persisting your entities 
2022-04-17 17:46:12.008 DEBUG [acme.framework.components.database.DatabaseUtil@main] Starting new transaction. 
2022-04-17 17:46:12.009 DEBUG [acme.framework.components.database.DatabaseUtil@main] Executing command 'set transaction isolation level read uncommitted;'. 
2022-04-17 17:46:12.010 DEBUG [acme.framework.components.database.DatabaseUtil@main] Starting transaction '1523661796'. 
2022-04-17 17:46:12.010 DEBUG [acme.framework.components.database.DatabasePopulator@main] Persising entities of clazz 'acme.framework.entities.UserAccount' 
2022-04-17 17:46:12.032 DEBUG [org.hibernate.SQL@main] select next_val as id_val from hibernate_sequence for update 
2022-04-17 17:46:12.054 DEBUG [org.hibernate.SQL@main] update hibernate_sequence set next_val= ? where next_val=? 
2022-04-17 17:46:12.136 DEBUG [acme.framework.components.database.DatabaseUtil@main] Persisting entity UserAccount(username=anonymous) 
2022-04-17 17:46:12.137 DEBUG [org.hibernate.SQL@main] select next_val as id_val from hibernate_sequence for update 
2022-04-17 17:46:12.138 DEBUG [org.hibernate.SQL@main] update hibernate_sequence set next_val= ? where next_val=? 
2022-04-17 17:46:12.207 DEBUG [acme.framework.components.database.DatabaseUtil@main] Persisting entity UserAccount(username=patron1) 
2022-04-17 17:46:12.208 DEBUG [org.hibernate.SQL@main] select next_val as id_val from hibernate_sequence for update 
2022-04-17 17:46:12.209 DEBUG [org.hibernate.SQL@main] update hibernate_sequence set next_val= ? where next_val=? 
2022-04-17 17:46:12.220 DEBUG [acme.framework.components.database.DatabaseUtil@main] Persisting entity UserAccount(username=inventor3) 
2022-04-17 17:46:12.221 DEBUG [org.hibernate.SQL@main] select next_val as id_val from hibernate_sequence for update 
2022-04-17 17:46:12.222 DEBUG [org.hibernate.SQL@main] update hibernate_sequence set next_val= ? where next_val=? 
2022-04-17 17:46:12.229 DEBUG [acme.framework.components.database.DatabaseUtil@main] Persisting entity UserAccount(username=patron2) 
2022-04-17 17:46:12.229 DEBUG [org.hibernate.SQL@main] select next_val as id_val from hibernate_sequence for update 
2022-04-17 17:46:12.230 DEBUG [org.hibernate.SQL@main] update hibernate_sequence set next_val= ? where next_val=? 
2022-04-17 17:46:12.237 DEBUG [acme.framework.components.database.DatabaseUtil@main] Persisting entity UserAccount(username=inventor2) 
2022-04-17 17:46:12.238 DEBUG [org.hibernate.SQL@main] select next_val as id_val from hibernate_sequence for update 
2022-04-17 17:46:12.239 DEBUG [org.hibernate.SQL@main] update hibernate_sequence set next_val= ? where next_val=? 
2022-04-17 17:46:12.245 DEBUG [acme.framework.components.database.DatabaseUtil@main] Persisting entity UserAccount(username=administrator) 
2022-04-17 17:46:12.246 DEBUG [org.hibernate.SQL@main] select next_val as id_val from hibernate_sequence for update 
2022-04-17 17:46:12.247 DEBUG [org.hibernate.SQL@main] update hibernate_sequence set next_val= ? where next_val=? 
2022-04-17 17:46:12.264 DEBUG [acme.framework.components.database.DatabaseUtil@main] Persisting entity UserAccount(username=patron3) 
2022-04-17 17:46:12.265 DEBUG [org.hibernate.SQL@main] select next_val as id_val from hibernate_sequence for update 
2022-04-17 17:46:12.265 DEBUG [org.hibernate.SQL@main] update hibernate_sequence set next_val= ? where next_val=? 
2022-04-17 17:46:12.271 DEBUG [acme.framework.components.database.DatabaseUtil@main] Persisting entity UserAccount(username=inventor1) 
2022-04-17 17:46:12.271 DEBUG [acme.framework.components.database.DatabasePopulator@main] Persising entities of clazz 'acme.framework.roles.Administrator' 
2022-04-17 17:46:12.271 DEBUG [org.hibernate.SQL@main] select next_val as id_val from hibernate_sequence for update 
2022-04-17 17:46:12.272 DEBUG [org.hibernate.SQL@main] update hibernate_sequence set next_val= ? where next_val=? 
2022-04-17 17:46:12.279 DEBUG [acme.framework.components.database.DatabaseUtil@main] Persisting entity UserRole(userAccount=UserAccount(username=administrator)) 
2022-04-17 17:46:12.279 DEBUG [acme.framework.components.database.DatabasePopulator@main] Persising entities of clazz 'acme.framework.roles.Authenticated' 
2022-04-17 17:46:12.280 DEBUG [org.hibernate.SQL@main] select next_val as id_val from hibernate_sequence for update 
2022-04-17 17:46:12.281 DEBUG [org.hibernate.SQL@main] update hibernate_sequence set next_val= ? where next_val=? 
2022-04-17 17:46:12.287 DEBUG [acme.framework.components.database.DatabaseUtil@main] Persisting entity UserRole(userAccount=UserAccount(username=administrator)) 
2022-04-17 17:46:12.287 DEBUG [acme.framework.components.database.DatabasePopulator@main] Persising entities of clazz 'acme.entities.systemConfiguration.SystemConfiguration' 
2022-04-17 17:46:12.288 DEBUG [org.hibernate.SQL@main] select next_val as id_val from hibernate_sequence for update 
2022-04-17 17:46:12.288 DEBUG [org.hibernate.SQL@main] update hibernate_sequence set next_val= ? where next_val=? 
2022-04-17 17:46:12.306 DEBUG [acme.framework.components.database.DatabaseUtil@main] Persisting entity acme.entities.systemConfiguration.SystemConfiguration{id=11, version=0} 
2022-04-17 17:46:12.307 DEBUG [acme.framework.components.database.DatabasePopulator@main] Persising entities of clazz 'acme.framework.roles.Anonymous' 
2022-04-17 17:46:12.307 DEBUG [org.hibernate.SQL@main] select next_val as id_val from hibernate_sequence for update 
2022-04-17 17:46:12.307 DEBUG [org.hibernate.SQL@main] update hibernate_sequence set next_val= ? where next_val=? 
2022-04-17 17:46:12.320 DEBUG [acme.framework.components.database.DatabaseUtil@main] Persisting entity UserRole(userAccount=UserAccount(username=anonymous)) 
2022-04-17 17:46:12.320 DEBUG [acme.framework.components.database.DatabaseUtil@main] Committing transaction '1523661796'. 
2022-04-17 17:46:12.346 DEBUG [org.hibernate.SQL@main] insert into user_account (version, enabled, identity, password, username, id) values (?, ?, ?, ?, ?, ?) 
2022-04-17 17:46:12.348 TRACE [org.hibernate.type.descriptor.sql.BasicBinder@main] binding parameter [1] as [INTEGER] - [0] 
2022-04-17 17:46:12.350 TRACE [org.hibernate.type.descriptor.sql.BasicBinder@main] binding parameter [2] as [BOOLEAN] - [false] 
2022-04-17 17:46:12.351 TRACE [org.hibernate.type.descriptor.sql.BasicBinder@main] binding parameter [3] as [BLOB] - [DefaultUserIdentity(name=John, surname=Doe, email=john.doe@acme.com)] 
2022-04-17 17:46:12.353 TRACE [org.hibernate.type.descriptor.sql.BasicBinder@main] binding parameter [4] as [VARCHAR] - [$2a$05$C/Nw6kmy8qclai/vht5UFeXpPyoVu7ys5xEnlCz.WtveUOJ353q3a] 
2022-04-17 17:46:12.353 TRACE [org.hibernate.type.descriptor.sql.BasicBinder@main] binding parameter [5] as [VARCHAR] - [anonymous] 
2022-04-17 17:46:12.353 TRACE [org.hibernate.type.descriptor.sql.BasicBinder@main] binding parameter [6] as [INTEGER] - [1] 
2022-04-17 17:46:12.358 DEBUG [org.hibernate.SQL@main] insert into user_account (version, enabled, identity, password, username, id) values (?, ?, ?, ?, ?, ?) 
2022-04-17 17:46:12.358 TRACE [org.hibernate.type.descriptor.sql.BasicBinder@main] binding parameter [1] as [INTEGER] - [0] 
2022-04-17 17:46:12.358 TRACE [org.hibernate.type.descriptor.sql.BasicBinder@main] binding parameter [2] as [BOOLEAN] - [true] 
2022-04-17 17:46:12.358 TRACE [org.hibernate.type.descriptor.sql.BasicBinder@main] binding parameter [3] as [BLOB] - [DefaultUserIdentity(name=Patron-01, surname=Acme, email=patron-01@acme.com)] 
2022-04-17 17:46:12.359 TRACE [org.hibernate.type.descriptor.sql.BasicBinder@main] binding parameter [4] as [VARCHAR] - [$2a$05$1AyXxm7Sr/LtzfcARdaCnuugrl6kbMLzHF6XTqdR9hPnerC8WCczO] 
2022-04-17 17:46:12.359 TRACE [org.hibernate.type.descriptor.sql.BasicBinder@main] binding parameter [5] as [VARCHAR] - [patron1] 
2022-04-17 17:46:12.359 TRACE [org.hibernate.type.descriptor.sql.BasicBinder@main] binding parameter [6] as [INTEGER] - [2] 
2022-04-17 17:46:12.360 DEBUG [org.hibernate.SQL@main] insert into user_account (version, enabled, identity, password, username, id) values (?, ?, ?, ?, ?, ?) 
2022-04-17 17:46:12.360 TRACE [org.hibernate.type.descriptor.sql.BasicBinder@main] binding parameter [1] as [INTEGER] - [0] 
2022-04-17 17:46:12.360 TRACE [org.hibernate.type.descriptor.sql.BasicBinder@main] binding parameter [2] as [BOOLEAN] - [true] 
2022-04-17 17:46:12.360 TRACE [org.hibernate.type.descriptor.sql.BasicBinder@main] binding parameter [3] as [BLOB] - [DefaultUserIdentity(name=inventor3, surname=inventor, email=inventor3@acme.com)] 
2022-04-17 17:46:12.361 TRACE [org.hibernate.type.descriptor.sql.BasicBinder@main] binding parameter [4] as [VARCHAR] - [$2a$05$Ll2scDEH5wlTUt5jrsb6COiyPRyQIJGrWKuK1MIZ9Uw2lLl2n30pq] 
2022-04-17 17:46:12.361 TRACE [org.hibernate.type.descriptor.sql.BasicBinder@main] binding parameter [5] as [VARCHAR] - [inventor3] 
2022-04-17 17:46:12.361 TRACE [org.hibernate.type.descriptor.sql.BasicBinder@main] binding parameter [6] as [INTEGER] - [3] 
2022-04-17 17:46:12.362 DEBUG [org.hibernate.SQL@main] insert into user_account (version, enabled, identity, password, username, id) values (?, ?, ?, ?, ?, ?) 
2022-04-17 17:46:12.362 TRACE [org.hibernate.type.descriptor.sql.BasicBinder@main] binding parameter [1] as [INTEGER] - [0] 
2022-04-17 17:46:12.362 TRACE [org.hibernate.type.descriptor.sql.BasicBinder@main] binding parameter [2] as [BOOLEAN] - [true] 
2022-04-17 17:46:12.362 TRACE [org.hibernate.type.descriptor.sql.BasicBinder@main] binding parameter [3] as [BLOB] - [DefaultUserIdentity(name=Patron-02, surname=Acme, email=patron-02@acme.com)] 
2022-04-17 17:46:12.363 TRACE [org.hibernate.type.descriptor.sql.BasicBinder@main] binding parameter [4] as [VARCHAR] - [$2a$05$7ltdWzpchgKNhXLSp3e8xe6GHmoPOLvvVg8FvrgpLPb9eI89p3spu] 
2022-04-17 17:46:12.363 TRACE [org.hibernate.type.descriptor.sql.BasicBinder@main] binding parameter [5] as [VARCHAR] - [patron2] 
2022-04-17 17:46:12.363 TRACE [org.hibernate.type.descriptor.sql.BasicBinder@main] binding parameter [6] as [INTEGER] - [4] 
2022-04-17 17:46:12.364 DEBUG [org.hibernate.SQL@main] insert into user_account (version, enabled, identity, password, username, id) values (?, ?, ?, ?, ?, ?) 
2022-04-17 17:46:12.364 TRACE [org.hibernate.type.descriptor.sql.BasicBinder@main] binding parameter [1] as [INTEGER] - [0] 
2022-04-17 17:46:12.364 TRACE [org.hibernate.type.descriptor.sql.BasicBinder@main] binding parameter [2] as [BOOLEAN] - [true] 
2022-04-17 17:46:12.364 TRACE [org.hibernate.type.descriptor.sql.BasicBinder@main] binding parameter [3] as [BLOB] - [DefaultUserIdentity(name=inventor2, surname=inventor, email=inventor2@acme.com)] 
2022-04-17 17:46:12.365 TRACE [org.hibernate.type.descriptor.sql.BasicBinder@main] binding parameter [4] as [VARCHAR] - [$2a$05$J9iNeKBXMlFKgZc40ygE4umglFdaOtIYuTk.HkYOVuDT/1GNPBUmK] 
2022-04-17 17:46:12.365 TRACE [org.hibernate.type.descriptor.sql.BasicBinder@main] binding parameter [5] as [VARCHAR] - [inventor2] 
2022-04-17 17:46:12.365 TRACE [org.hibernate.type.descriptor.sql.BasicBinder@main] binding parameter [6] as [INTEGER] - [5] 
2022-04-17 17:46:12.366 DEBUG [org.hibernate.SQL@main] insert into user_account (version, enabled, identity, password, username, id) values (?, ?, ?, ?, ?, ?) 
2022-04-17 17:46:12.366 TRACE [org.hibernate.type.descriptor.sql.BasicBinder@main] binding parameter [1] as [INTEGER] - [0] 
2022-04-17 17:46:12.367 TRACE [org.hibernate.type.descriptor.sql.BasicBinder@main] binding parameter [2] as [BOOLEAN] - [true] 
2022-04-17 17:46:12.367 TRACE [org.hibernate.type.descriptor.sql.BasicBinder@main] binding parameter [3] as [BLOB] - [DefaultUserIdentity(name=Administrator, surname=Acme, email=administrator@acme.com)] 
2022-04-17 17:46:12.367 TRACE [org.hibernate.type.descriptor.sql.BasicBinder@main] binding parameter [4] as [VARCHAR] - [$2a$05$RkBy/NmPr5rPrx3edTtCL.r5nPl7rhe7dt38Zw0n01JCnFvfKnpbm] 
2022-04-17 17:46:12.367 TRACE [org.hibernate.type.descriptor.sql.BasicBinder@main] binding parameter [5] as [VARCHAR] - [administrator] 
2022-04-17 17:46:12.367 TRACE [org.hibernate.type.descriptor.sql.BasicBinder@main] binding parameter [6] as [INTEGER] - [6] 
2022-04-17 17:46:12.396 DEBUG [org.hibernate.SQL@main] insert into user_account (version, enabled, identity, password, username, id) values (?, ?, ?, ?, ?, ?) 
2022-04-17 17:46:12.396 TRACE [org.hibernate.type.descriptor.sql.BasicBinder@main] binding parameter [1] as [INTEGER] - [0] 
2022-04-17 17:46:12.396 TRACE [org.hibernate.type.descriptor.sql.BasicBinder@main] binding parameter [2] as [BOOLEAN] - [true] 
2022-04-17 17:46:12.396 TRACE [org.hibernate.type.descriptor.sql.BasicBinder@main] binding parameter [3] as [BLOB] - [DefaultUserIdentity(name=Patron-03, surname=Acme, email=patron-03@acme.com)] 
2022-04-17 17:46:12.397 TRACE [org.hibernate.type.descriptor.sql.BasicBinder@main] binding parameter [4] as [VARCHAR] - [$2a$05$09D0UUqqCrf/IvvHg6XEQuj11S40HPQGw8acMcO8/qelTY8A02WsS] 
2022-04-17 17:46:12.397 TRACE [org.hibernate.type.descriptor.sql.BasicBinder@main] binding parameter [5] as [VARCHAR] - [patron3] 
2022-04-17 17:46:12.397 TRACE [org.hibernate.type.descriptor.sql.BasicBinder@main] binding parameter [6] as [INTEGER] - [7] 
2022-04-17 17:46:12.398 DEBUG [org.hibernate.SQL@main] insert into user_account (version, enabled, identity, password, username, id) values (?, ?, ?, ?, ?, ?) 
2022-04-17 17:46:12.398 TRACE [org.hibernate.type.descriptor.sql.BasicBinder@main] binding parameter [1] as [INTEGER] - [0] 
2022-04-17 17:46:12.398 TRACE [org.hibernate.type.descriptor.sql.BasicBinder@main] binding parameter [2] as [BOOLEAN] - [true] 
2022-04-17 17:46:12.398 TRACE [org.hibernate.type.descriptor.sql.BasicBinder@main] binding parameter [3] as [BLOB] - [DefaultUserIdentity(name=inventor1, surname=inventor, email=inventor1@acme.com)] 
2022-04-17 17:46:12.399 TRACE [org.hibernate.type.descriptor.sql.BasicBinder@main] binding parameter [4] as [VARCHAR] - [$2a$05$fjqVLvS626VvbVPvVa5wVeQ.eiMaFVWaK.PyyY/DcG13NiD/9Vimi] 
2022-04-17 17:46:12.399 TRACE [org.hibernate.type.descriptor.sql.BasicBinder@main] binding parameter [5] as [VARCHAR] - [inventor1] 
2022-04-17 17:46:12.399 TRACE [org.hibernate.type.descriptor.sql.BasicBinder@main] binding parameter [6] as [INTEGER] - [8] 
2022-04-17 17:46:12.400 DEBUG [org.hibernate.SQL@main] insert into administrator (version, user_account_id, id) values (?, ?, ?) 
2022-04-17 17:46:12.400 TRACE [org.hibernate.type.descriptor.sql.BasicBinder@main] binding parameter [1] as [INTEGER] - [0] 
2022-04-17 17:46:12.401 TRACE [org.hibernate.type.descriptor.sql.BasicBinder@main] binding parameter [2] as [INTEGER] - [6] 
2022-04-17 17:46:12.401 TRACE [org.hibernate.type.descriptor.sql.BasicBinder@main] binding parameter [3] as [INTEGER] - [9] 
2022-04-17 17:46:12.404 DEBUG [org.hibernate.SQL@main] insert into authenticated (version, user_account_id, id) values (?, ?, ?) 
2022-04-17 17:46:12.405 TRACE [org.hibernate.type.descriptor.sql.BasicBinder@main] binding parameter [1] as [INTEGER] - [0] 
2022-04-17 17:46:12.405 TRACE [org.hibernate.type.descriptor.sql.BasicBinder@main] binding parameter [2] as [INTEGER] - [6] 
2022-04-17 17:46:12.405 TRACE [org.hibernate.type.descriptor.sql.BasicBinder@main] binding parameter [3] as [INTEGER] - [10] 
2022-04-17 17:46:12.408 DEBUG [org.hibernate.SQL@main] insert into system_configuration (version, currencies, currency, lenguage, strong_terms, strong_threshold, weak_terms, weak_threshold, id) values (?, ?, ?, ?, ?, ?, ?, ?, ?) 
2022-04-17 17:46:12.408 TRACE [org.hibernate.type.descriptor.sql.BasicBinder@main] binding parameter [1] as [INTEGER] - [0] 
2022-04-17 17:46:12.408 TRACE [org.hibernate.type.descriptor.sql.BasicBinder@main] binding parameter [2] as [VARCHAR] - [ EUR USD GBP] 
2022-04-17 17:46:12.409 TRACE [org.hibernate.type.descriptor.sql.BasicBinder@main] binding parameter [3] as [VARCHAR] - [EUR] 
2022-04-17 17:46:12.409 TRACE [org.hibernate.type.descriptor.sql.BasicBinder@main] binding parameter [4] as [VARCHAR] - [ SPANISH] 
2022-04-17 17:46:12.409 TRACE [org.hibernate.type.descriptor.sql.BasicBinder@main] binding parameter [5] as [VARCHAR] - [SPANISH:sexo,hardcore,viagra,cialis;ENGLISH:sex,hardcore,viagra,cialis] 
2022-04-17 17:46:12.410 TRACE [org.hibernate.type.descriptor.sql.BasicBinder@main] binding parameter [6] as [DOUBLE] - [10.0] 
2022-04-17 17:46:12.410 TRACE [org.hibernate.type.descriptor.sql.BasicBinder@main] binding parameter [7] as [VARCHAR] - [SPANISH:atractivo,nigeria,has ganado, un millon;ENGLISH:sexy,nigeria,you’ve won,one mil-lion] 
2022-04-17 17:46:12.410 TRACE [org.hibernate.type.descriptor.sql.BasicBinder@main] binding parameter [8] as [DOUBLE] - [25.0] 
2022-04-17 17:46:12.410 TRACE [org.hibernate.type.descriptor.sql.BasicBinder@main] binding parameter [9] as [INTEGER] - [11] 
2022-04-17 17:46:12.413 DEBUG [org.hibernate.SQL@main] insert into anonymous (version, user_account_id, id) values (?, ?, ?) 
2022-04-17 17:46:12.413 TRACE [org.hibernate.type.descriptor.sql.BasicBinder@main] binding parameter [1] as [INTEGER] - [0] 
2022-04-17 17:46:12.413 TRACE [org.hibernate.type.descriptor.sql.BasicBinder@main] binding parameter [2] as [INTEGER] - [1] 
2022-04-17 17:46:12.413 TRACE [org.hibernate.type.descriptor.sql.BasicBinder@main] binding parameter [3] as [INTEGER] - [12] 
2022-04-17 17:46:13.663 INFO  [acme.framework.configuration.ShutdownConfiguration@main] The system is shutting down... 
2022-04-17 17:46:13.683 DEBUG [acme.Launcher@main] Exit code = 0 
