2022-03-20 21:28:54.417 INFO  [acme.Launcher@main] Starting Launcher using Java 1.8.0_281 on PC_ALVARO with PID 24088 (C:\Users\alvar\Desktop\Universidad\DP2\Workspace-22.0\Frameworks\Acme-Framework-22.1\target\classes started by alvar in C:\Users\alvar\Desktop\Universidad\DP2\Workspace-22.0\Projects\Acme-Toolkits) 
2022-03-20 21:28:54.418 DEBUG [acme.Launcher@main] Running with Spring Boot v2.4.2, Spring v5.3.3 
2022-03-20 21:28:54.419 INFO  [acme.Launcher@main] The following profiles are active: development,populator 
2022-03-20 21:28:57.743 DEBUG [org.apache.jasper.servlet.JasperInitializer@main] Initializing Jasper for context [application] 
2022-03-20 21:29:04.131 DEBUG [org.apache.jasper.servlet.JspServlet@main] Scratch dir for the JSP engine is: [C:\Users\alvar\AppData\Local\Temp\tomcat.8083.5348944564265726213\work\Tomcat\localhost\acme-toolkits-0.1] 
2022-03-20 21:29:04.132 DEBUG [org.apache.jasper.servlet.JspServlet@main] IMPORTANT: Do not modify the generated servlets 
2022-03-20 21:29:04.150 INFO  [acme.Launcher@main] Started Launcher in 10.53 seconds (JVM running for 11.372) 
2022-03-20 21:29:04.158 DEBUG [acme.Launcher@main] Found classpath entry '/C:/Users/alvar/Desktop/Universidad/DP2/Workspace-22.0/Projects/Acme-Toolkits/target/test-classes/' 
2022-03-20 21:29:04.158 DEBUG [acme.Launcher@main] Found classpath entry '/C:/Users/alvar/Desktop/Universidad/DP2/Workspace-22.0/Projects/Acme-Toolkits/target/classes/' 
2022-03-20 21:29:04.158 DEBUG [acme.Launcher@main] Found classpath entry '/C:/Users/alvar/Desktop/Universidad/DP2/Workspace-22.0/Frameworks/Acme-Framework-22.1/target/classes/' 
2022-03-20 21:29:04.158 DEBUG [acme.Launcher@main] Found classpath entry '/C:/Users/alvar/Desktop/Universidad/DP2/Workspace-22.0/Frameworks/Acme-Framework-22.1/target/test-classes/' 
2022-03-20 21:29:04.159 DEBUG [acme.Launcher@main] Found classpath entry '/C:/Users/alvar/.m2/repository/org/springframework/boot/spring-boot-starter-tomcat/2.4.2/spring-boot-starter-tomcat-2.4.2.jar' 
2022-03-20 21:29:04.159 DEBUG [acme.Launcher@main] Found classpath entry '/C:/Users/alvar/.m2/repository/jakarta/annotation/jakarta.annotation-api/1.3.5/jakarta.annotation-api-1.3.5.jar' 
2022-03-20 21:29:04.159 DEBUG [acme.Launcher@main] Found classpath entry '/C:/Users/alvar/.m2/repository/org/apache/tomcat/embed/tomcat-embed-core/9.0.41/tomcat-embed-core-9.0.41.jar' 
2022-03-20 21:29:04.159 DEBUG [acme.Launcher@main] Found classpath entry '/C:/Users/alvar/.m2/repository/org/glassfish/jakarta.el/3.0.3/jakarta.el-3.0.3.jar' 
2022-03-20 21:29:04.159 DEBUG [acme.Launcher@main] Found classpath entry '/C:/Users/alvar/.m2/repository/org/apache/tomcat/embed/tomcat-embed-websocket/9.0.41/tomcat-embed-websocket-9.0.41.jar' 
2022-03-20 21:29:04.160 DEBUG [acme.Launcher@main] Found classpath entry '/C:/Users/alvar/.m2/repository/org/apache/tomcat/embed/tomcat-embed-jasper/9.0.41/tomcat-embed-jasper-9.0.41.jar' 
2022-03-20 21:29:04.160 DEBUG [acme.Launcher@main] Found classpath entry '/C:/Users/alvar/.m2/repository/org/apache/tomcat/embed/tomcat-embed-el/9.0.41/tomcat-embed-el-9.0.41.jar' 
2022-03-20 21:29:04.160 DEBUG [acme.Launcher@main] Found classpath entry '/C:/Users/alvar/.m2/repository/org/eclipse/jdt/ecj/3.18.0/ecj-3.18.0.jar' 
2022-03-20 21:29:04.160 DEBUG [acme.Launcher@main] Found classpath entry '/C:/Users/alvar/.m2/repository/javax/servlet/jstl/1.2/jstl-1.2.jar' 
2022-03-20 21:29:04.160 DEBUG [acme.Launcher@main] Found classpath entry '/C:/Users/alvar/.m2/repository/org/springframework/boot/spring-boot-starter-test/2.4.2/spring-boot-starter-test-2.4.2.jar' 
2022-03-20 21:29:04.161 DEBUG [acme.Launcher@main] Found classpath entry '/C:/Users/alvar/.m2/repository/org/springframework/boot/spring-boot-starter/2.4.2/spring-boot-starter-2.4.2.jar' 
2022-03-20 21:29:04.161 DEBUG [acme.Launcher@main] Found classpath entry '/C:/Users/alvar/.m2/repository/org/springframework/boot/spring-boot/2.4.2/spring-boot-2.4.2.jar' 
2022-03-20 21:29:04.162 DEBUG [acme.Launcher@main] Found classpath entry '/C:/Users/alvar/.m2/repository/org/springframework/boot/spring-boot-autoconfigure/2.4.2/spring-boot-autoconfigure-2.4.2.jar' 
2022-03-20 21:29:04.162 DEBUG [acme.Launcher@main] Found classpath entry '/C:/Users/alvar/.m2/repository/org/springframework/boot/spring-boot-starter-logging/2.4.2/spring-boot-starter-logging-2.4.2.jar' 
2022-03-20 21:29:04.162 DEBUG [acme.Launcher@main] Found classpath entry '/C:/Users/alvar/.m2/repository/ch/qos/logback/logback-classic/1.2.3/logback-classic-1.2.3.jar' 
2022-03-20 21:29:04.163 DEBUG [acme.Launcher@main] Found classpath entry '/C:/Users/alvar/.m2/repository/ch/qos/logback/logback-core/1.2.3/logback-core-1.2.3.jar' 
2022-03-20 21:29:04.163 DEBUG [acme.Launcher@main] Found classpath entry '/C:/Users/alvar/.m2/repository/org/apache/logging/log4j/log4j-to-slf4j/2.13.3/log4j-to-slf4j-2.13.3.jar' 
2022-03-20 21:29:04.163 DEBUG [acme.Launcher@main] Found classpath entry '/C:/Users/alvar/.m2/repository/org/apache/logging/log4j/log4j-api/2.13.3/log4j-api-2.13.3.jar' 
2022-03-20 21:29:04.163 DEBUG [acme.Launcher@main] Found classpath entry '/C:/Users/alvar/.m2/repository/org/slf4j/jul-to-slf4j/1.7.30/jul-to-slf4j-1.7.30.jar' 
2022-03-20 21:29:04.164 DEBUG [acme.Launcher@main] Found classpath entry '/C:/Users/alvar/.m2/repository/org/yaml/snakeyaml/1.27/snakeyaml-1.27.jar' 
2022-03-20 21:29:04.164 DEBUG [acme.Launcher@main] Found classpath entry '/C:/Users/alvar/.m2/repository/org/springframework/boot/spring-boot-test/2.4.2/spring-boot-test-2.4.2.jar' 
2022-03-20 21:29:04.164 DEBUG [acme.Launcher@main] Found classpath entry '/C:/Users/alvar/.m2/repository/org/springframework/boot/spring-boot-test-autoconfigure/2.4.2/spring-boot-test-autoconfigure-2.4.2.jar' 
2022-03-20 21:29:04.164 DEBUG [acme.Launcher@main] Found classpath entry '/C:/Users/alvar/.m2/repository/com/jayway/jsonpath/json-path/2.4.0/json-path-2.4.0.jar' 
2022-03-20 21:29:04.165 DEBUG [acme.Launcher@main] Found classpath entry '/C:/Users/alvar/.m2/repository/net/minidev/json-smart/2.3/json-smart-2.3.jar' 
2022-03-20 21:29:04.165 DEBUG [acme.Launcher@main] Found classpath entry '/C:/Users/alvar/.m2/repository/net/minidev/accessors-smart/1.2/accessors-smart-1.2.jar' 
2022-03-20 21:29:04.165 DEBUG [acme.Launcher@main] Found classpath entry '/C:/Users/alvar/.m2/repository/org/ow2/asm/asm/5.0.4/asm-5.0.4.jar' 
2022-03-20 21:29:04.165 DEBUG [acme.Launcher@main] Found classpath entry '/C:/Users/alvar/.m2/repository/jakarta/xml/bind/jakarta.xml.bind-api/2.3.3/jakarta.xml.bind-api-2.3.3.jar' 
2022-03-20 21:29:04.165 DEBUG [acme.Launcher@main] Found classpath entry '/C:/Users/alvar/.m2/repository/jakarta/activation/jakarta.activation-api/1.2.2/jakarta.activation-api-1.2.2.jar' 
2022-03-20 21:29:04.166 DEBUG [acme.Launcher@main] Found classpath entry '/C:/Users/alvar/.m2/repository/org/assertj/assertj-core/3.18.1/assertj-core-3.18.1.jar' 
2022-03-20 21:29:04.166 DEBUG [acme.Launcher@main] Found classpath entry '/C:/Users/alvar/.m2/repository/org/hamcrest/hamcrest/2.2/hamcrest-2.2.jar' 
2022-03-20 21:29:04.166 DEBUG [acme.Launcher@main] Found classpath entry '/C:/Users/alvar/.m2/repository/org/junit/jupiter/junit-jupiter/5.7.0/junit-jupiter-5.7.0.jar' 
2022-03-20 21:29:04.166 DEBUG [acme.Launcher@main] Found classpath entry '/C:/Users/alvar/.m2/repository/org/mockito/mockito-core/3.6.28/mockito-core-3.6.28.jar' 
2022-03-20 21:29:04.167 DEBUG [acme.Launcher@main] Found classpath entry '/C:/Users/alvar/.m2/repository/net/bytebuddy/byte-buddy-agent/1.10.19/byte-buddy-agent-1.10.19.jar' 
2022-03-20 21:29:04.167 DEBUG [acme.Launcher@main] Found classpath entry '/C:/Users/alvar/.m2/repository/org/objenesis/objenesis/3.1/objenesis-3.1.jar' 
2022-03-20 21:29:04.167 DEBUG [acme.Launcher@main] Found classpath entry '/C:/Users/alvar/.m2/repository/org/mockito/mockito-junit-jupiter/3.6.28/mockito-junit-jupiter-3.6.28.jar' 
2022-03-20 21:29:04.167 DEBUG [acme.Launcher@main] Found classpath entry '/C:/Users/alvar/.m2/repository/org/skyscreamer/jsonassert/1.5.0/jsonassert-1.5.0.jar' 
2022-03-20 21:29:04.168 DEBUG [acme.Launcher@main] Found classpath entry '/C:/Users/alvar/.m2/repository/com/vaadin/external/google/android-json/0.0.20131108.vaadin1/android-json-0.0.20131108.vaadin1.jar' 
2022-03-20 21:29:04.168 DEBUG [acme.Launcher@main] Found classpath entry '/C:/Users/alvar/.m2/repository/org/springframework/spring-core/5.3.3/spring-core-5.3.3.jar' 
2022-03-20 21:29:04.168 DEBUG [acme.Launcher@main] Found classpath entry '/C:/Users/alvar/.m2/repository/org/springframework/spring-jcl/5.3.3/spring-jcl-5.3.3.jar' 
2022-03-20 21:29:04.168 DEBUG [acme.Launcher@main] Found classpath entry '/C:/Users/alvar/.m2/repository/org/springframework/spring-test/5.3.3/spring-test-5.3.3.jar' 
2022-03-20 21:29:04.169 DEBUG [acme.Launcher@main] Found classpath entry '/C:/Users/alvar/.m2/repository/org/xmlunit/xmlunit-core/2.7.0/xmlunit-core-2.7.0.jar' 
2022-03-20 21:29:04.169 DEBUG [acme.Launcher@main] Found classpath entry '/C:/Users/alvar/.m2/repository/org/springframework/boot/spring-boot-starter-security/2.4.2/spring-boot-starter-security-2.4.2.jar' 
2022-03-20 21:29:04.169 DEBUG [acme.Launcher@main] Found classpath entry '/C:/Users/alvar/.m2/repository/org/springframework/spring-aop/5.3.3/spring-aop-5.3.3.jar' 
2022-03-20 21:29:04.169 DEBUG [acme.Launcher@main] Found classpath entry '/C:/Users/alvar/.m2/repository/org/springframework/security/spring-security-web/5.4.2/spring-security-web-5.4.2.jar' 
2022-03-20 21:29:04.170 DEBUG [acme.Launcher@main] Found classpath entry '/C:/Users/alvar/.m2/repository/org/springframework/security/spring-security-core/5.4.2/spring-security-core-5.4.2.jar' 
2022-03-20 21:29:04.170 DEBUG [acme.Launcher@main] Found classpath entry '/C:/Users/alvar/.m2/repository/org/springframework/spring-beans/5.3.3/spring-beans-5.3.3.jar' 
2022-03-20 21:29:04.170 DEBUG [acme.Launcher@main] Found classpath entry '/C:/Users/alvar/.m2/repository/org/springframework/spring-context/5.3.3/spring-context-5.3.3.jar' 
2022-03-20 21:29:04.170 DEBUG [acme.Launcher@main] Found classpath entry '/C:/Users/alvar/.m2/repository/org/springframework/spring-expression/5.3.3/spring-expression-5.3.3.jar' 
2022-03-20 21:29:04.170 DEBUG [acme.Launcher@main] Found classpath entry '/C:/Users/alvar/.m2/repository/org/springframework/spring-web/5.3.3/spring-web-5.3.3.jar' 
2022-03-20 21:29:04.178 DEBUG [acme.Launcher@main] Found classpath entry '/C:/Users/alvar/.m2/repository/org/springframework/security/spring-security-config/5.4.2/spring-security-config-5.4.2.jar' 
2022-03-20 21:29:04.178 DEBUG [acme.Launcher@main] Found classpath entry '/C:/Users/alvar/.m2/repository/org/springframework/security/spring-security-taglibs/5.4.2/spring-security-taglibs-5.4.2.jar' 
2022-03-20 21:29:04.179 DEBUG [acme.Launcher@main] Found classpath entry '/C:/Users/alvar/.m2/repository/org/springframework/security/spring-security-acl/5.4.2/spring-security-acl-5.4.2.jar' 
2022-03-20 21:29:04.179 DEBUG [acme.Launcher@main] Found classpath entry '/C:/Users/alvar/.m2/repository/org/springframework/spring-jdbc/5.3.3/spring-jdbc-5.3.3.jar' 
2022-03-20 21:29:04.179 DEBUG [acme.Launcher@main] Found classpath entry '/C:/Users/alvar/.m2/repository/org/springframework/spring-tx/5.3.3/spring-tx-5.3.3.jar' 
2022-03-20 21:29:04.179 DEBUG [acme.Launcher@main] Found classpath entry '/C:/Users/alvar/.m2/repository/org/springframework/boot/spring-boot-starter-web/2.4.2/spring-boot-starter-web-2.4.2.jar' 
2022-03-20 21:29:04.180 DEBUG [acme.Launcher@main] Found classpath entry '/C:/Users/alvar/.m2/repository/org/springframework/boot/spring-boot-starter-json/2.4.2/spring-boot-starter-json-2.4.2.jar' 
2022-03-20 21:29:04.180 DEBUG [acme.Launcher@main] Found classpath entry '/C:/Users/alvar/.m2/repository/com/fasterxml/jackson/core/jackson-databind/2.11.4/jackson-databind-2.11.4.jar' 
2022-03-20 21:29:04.180 DEBUG [acme.Launcher@main] Found classpath entry '/C:/Users/alvar/.m2/repository/com/fasterxml/jackson/core/jackson-annotations/2.11.4/jackson-annotations-2.11.4.jar' 
2022-03-20 21:29:04.180 DEBUG [acme.Launcher@main] Found classpath entry '/C:/Users/alvar/.m2/repository/com/fasterxml/jackson/core/jackson-core/2.11.4/jackson-core-2.11.4.jar' 
2022-03-20 21:29:04.180 DEBUG [acme.Launcher@main] Found classpath entry '/C:/Users/alvar/.m2/repository/com/fasterxml/jackson/datatype/jackson-datatype-jdk8/2.11.4/jackson-datatype-jdk8-2.11.4.jar' 
2022-03-20 21:29:04.181 DEBUG [acme.Launcher@main] Found classpath entry '/C:/Users/alvar/.m2/repository/com/fasterxml/jackson/datatype/jackson-datatype-jsr310/2.11.4/jackson-datatype-jsr310-2.11.4.jar' 
2022-03-20 21:29:04.181 DEBUG [acme.Launcher@main] Found classpath entry '/C:/Users/alvar/.m2/repository/com/fasterxml/jackson/module/jackson-module-parameter-names/2.11.4/jackson-module-parameter-names-2.11.4.jar' 
2022-03-20 21:29:04.181 DEBUG [acme.Launcher@main] Found classpath entry '/C:/Users/alvar/.m2/repository/org/springframework/spring-webmvc/5.3.3/spring-webmvc-5.3.3.jar' 
2022-03-20 21:29:04.181 DEBUG [acme.Launcher@main] Found classpath entry '/C:/Users/alvar/.m2/repository/org/apache/tiles/tiles-jsp/3.0.8/tiles-jsp-3.0.8.jar' 
2022-03-20 21:29:04.182 DEBUG [acme.Launcher@main] Found classpath entry '/C:/Users/alvar/.m2/repository/org/apache/tiles/tiles-servlet/3.0.8/tiles-servlet-3.0.8.jar' 
2022-03-20 21:29:04.182 DEBUG [acme.Launcher@main] Found classpath entry '/C:/Users/alvar/.m2/repository/org/apache/tiles/tiles-core/3.0.8/tiles-core-3.0.8.jar' 
2022-03-20 21:29:04.182 DEBUG [acme.Launcher@main] Found classpath entry '/C:/Users/alvar/.m2/repository/commons-digester/commons-digester/2.0/commons-digester-2.0.jar' 
2022-03-20 21:29:04.182 DEBUG [acme.Launcher@main] Found classpath entry '/C:/Users/alvar/.m2/repository/org/slf4j/jcl-over-slf4j/1.7.30/jcl-over-slf4j-1.7.30.jar' 
2022-03-20 21:29:04.183 DEBUG [acme.Launcher@main] Found classpath entry '/C:/Users/alvar/.m2/repository/org/apache/tiles/tiles-request-servlet/1.0.7/tiles-request-servlet-1.0.7.jar' 
2022-03-20 21:29:04.183 DEBUG [acme.Launcher@main] Found classpath entry '/C:/Users/alvar/.m2/repository/org/apache/tiles/tiles-template/3.0.8/tiles-template-3.0.8.jar' 
2022-03-20 21:29:04.183 DEBUG [acme.Launcher@main] Found classpath entry '/C:/Users/alvar/.m2/repository/org/apache/tiles/tiles-api/3.0.8/tiles-api-3.0.8.jar' 
2022-03-20 21:29:04.183 DEBUG [acme.Launcher@main] Found classpath entry '/C:/Users/alvar/.m2/repository/org/apache/tiles/tiles-autotag-core-runtime/1.2/tiles-autotag-core-runtime-1.2.jar' 
2022-03-20 21:29:04.184 DEBUG [acme.Launcher@main] Found classpath entry '/C:/Users/alvar/.m2/repository/org/slf4j/slf4j-api/1.7.30/slf4j-api-1.7.30.jar' 
2022-03-20 21:29:04.184 DEBUG [acme.Launcher@main] Found classpath entry '/C:/Users/alvar/.m2/repository/org/apache/tiles/tiles-request-jsp/1.0.7/tiles-request-jsp-1.0.7.jar' 
2022-03-20 21:29:04.184 DEBUG [acme.Launcher@main] Found classpath entry '/C:/Users/alvar/.m2/repository/org/apache/tiles/tiles-request-api/1.0.7/tiles-request-api-1.0.7.jar' 
2022-03-20 21:29:04.184 DEBUG [acme.Launcher@main] Found classpath entry '/C:/Users/alvar/.m2/repository/org/springframework/boot/spring-boot-starter-data-jpa/2.4.2/spring-boot-starter-data-jpa-2.4.2.jar' 
2022-03-20 21:29:04.185 DEBUG [acme.Launcher@main] Found classpath entry '/C:/Users/alvar/.m2/repository/org/springframework/boot/spring-boot-starter-aop/2.4.2/spring-boot-starter-aop-2.4.2.jar' 
2022-03-20 21:29:04.185 DEBUG [acme.Launcher@main] Found classpath entry '/C:/Users/alvar/.m2/repository/org/aspectj/aspectjweaver/1.9.6/aspectjweaver-1.9.6.jar' 
2022-03-20 21:29:04.185 DEBUG [acme.Launcher@main] Found classpath entry '/C:/Users/alvar/.m2/repository/org/springframework/boot/spring-boot-starter-jdbc/2.4.2/spring-boot-starter-jdbc-2.4.2.jar' 
2022-03-20 21:29:04.185 DEBUG [acme.Launcher@main] Found classpath entry '/C:/Users/alvar/.m2/repository/jakarta/transaction/jakarta.transaction-api/1.3.3/jakarta.transaction-api-1.3.3.jar' 
2022-03-20 21:29:04.185 DEBUG [acme.Launcher@main] Found classpath entry '/C:/Users/alvar/.m2/repository/jakarta/persistence/jakarta.persistence-api/2.2.3/jakarta.persistence-api-2.2.3.jar' 
2022-03-20 21:29:04.186 DEBUG [acme.Launcher@main] Found classpath entry '/C:/Users/alvar/.m2/repository/org/hibernate/hibernate-core/5.4.27.Final/hibernate-core-5.4.27.Final.jar' 
2022-03-20 21:29:04.186 DEBUG [acme.Launcher@main] Found classpath entry '/C:/Users/alvar/.m2/repository/org/jboss/logging/jboss-logging/3.4.1.Final/jboss-logging-3.4.1.Final.jar' 
2022-03-20 21:29:04.186 DEBUG [acme.Launcher@main] Found classpath entry '/C:/Users/alvar/.m2/repository/org/javassist/javassist/3.27.0-GA/javassist-3.27.0-GA.jar' 
2022-03-20 21:29:04.186 DEBUG [acme.Launcher@main] Found classpath entry '/C:/Users/alvar/.m2/repository/antlr/antlr/2.7.7/antlr-2.7.7.jar' 
2022-03-20 21:29:04.186 DEBUG [acme.Launcher@main] Found classpath entry '/C:/Users/alvar/.m2/repository/org/jboss/jandex/2.1.3.Final/jandex-2.1.3.Final.jar' 
2022-03-20 21:29:04.187 DEBUG [acme.Launcher@main] Found classpath entry '/C:/Users/alvar/.m2/repository/com/fasterxml/classmate/1.5.1/classmate-1.5.1.jar' 
2022-03-20 21:29:04.187 DEBUG [acme.Launcher@main] Found classpath entry '/C:/Users/alvar/.m2/repository/org/dom4j/dom4j/2.1.3/dom4j-2.1.3.jar' 
2022-03-20 21:29:04.187 DEBUG [acme.Launcher@main] Found classpath entry '/C:/Users/alvar/.m2/repository/org/hibernate/common/hibernate-commons-annotations/5.1.2.Final/hibernate-commons-annotations-5.1.2.Final.jar' 
2022-03-20 21:29:04.187 DEBUG [acme.Launcher@main] Found classpath entry '/C:/Users/alvar/.m2/repository/org/glassfish/jaxb/jaxb-runtime/2.3.3/jaxb-runtime-2.3.3.jar' 
2022-03-20 21:29:04.188 DEBUG [acme.Launcher@main] Found classpath entry '/C:/Users/alvar/.m2/repository/org/glassfish/jaxb/txw2/2.3.3/txw2-2.3.3.jar' 
2022-03-20 21:29:04.188 DEBUG [acme.Launcher@main] Found classpath entry '/C:/Users/alvar/.m2/repository/com/sun/istack/istack-commons-runtime/3.0.11/istack-commons-runtime-3.0.11.jar' 
2022-03-20 21:29:04.188 DEBUG [acme.Launcher@main] Found classpath entry '/C:/Users/alvar/.m2/repository/com/sun/activation/jakarta.activation/1.2.2/jakarta.activation-1.2.2.jar' 
2022-03-20 21:29:04.188 DEBUG [acme.Launcher@main] Found classpath entry '/C:/Users/alvar/.m2/repository/org/springframework/data/spring-data-jpa/2.4.3/spring-data-jpa-2.4.3.jar' 
2022-03-20 21:29:04.188 DEBUG [acme.Launcher@main] Found classpath entry '/C:/Users/alvar/.m2/repository/org/springframework/data/spring-data-commons/2.4.3/spring-data-commons-2.4.3.jar' 
2022-03-20 21:29:04.188 DEBUG [acme.Launcher@main] Found classpath entry '/C:/Users/alvar/.m2/repository/org/springframework/spring-orm/5.3.3/spring-orm-5.3.3.jar' 
2022-03-20 21:29:04.189 DEBUG [acme.Launcher@main] Found classpath entry '/C:/Users/alvar/.m2/repository/org/springframework/spring-aspects/5.3.3/spring-aspects-5.3.3.jar' 
2022-03-20 21:29:04.189 DEBUG [acme.Launcher@main] Found classpath entry '/C:/Users/alvar/.m2/repository/org/springframework/boot/spring-boot-starter-validation/2.4.2/spring-boot-starter-validation-2.4.2.jar' 
2022-03-20 21:29:04.189 DEBUG [acme.Launcher@main] Found classpath entry '/C:/Users/alvar/.m2/repository/org/hibernate/validator/hibernate-validator/6.1.7.Final/hibernate-validator-6.1.7.Final.jar' 
2022-03-20 21:29:04.190 DEBUG [acme.Launcher@main] Found classpath entry '/C:/Users/alvar/.m2/repository/jakarta/validation/jakarta.validation-api/2.0.2/jakarta.validation-api-2.0.2.jar' 
2022-03-20 21:29:04.191 DEBUG [acme.Launcher@main] Found classpath entry '/C:/Users/alvar/.m2/repository/mysql/mysql-connector-java/8.0.22/mysql-connector-java-8.0.22.jar' 
2022-03-20 21:29:04.191 DEBUG [acme.Launcher@main] Found classpath entry '/C:/Users/alvar/.m2/repository/com/zaxxer/HikariCP/3.4.5/HikariCP-3.4.5.jar' 
2022-03-20 21:29:04.192 DEBUG [acme.Launcher@main] Found classpath entry '/C:/Users/alvar/.m2/repository/org/junit/jupiter/junit-jupiter-engine/5.7.0/junit-jupiter-engine-5.7.0.jar' 
2022-03-20 21:29:04.192 DEBUG [acme.Launcher@main] Found classpath entry '/C:/Users/alvar/.m2/repository/org/apiguardian/apiguardian-api/1.1.0/apiguardian-api-1.1.0.jar' 
2022-03-20 21:29:04.192 DEBUG [acme.Launcher@main] Found classpath entry '/C:/Users/alvar/.m2/repository/org/junit/platform/junit-platform-engine/1.7.0/junit-platform-engine-1.7.0.jar' 
2022-03-20 21:29:04.192 DEBUG [acme.Launcher@main] Found classpath entry '/C:/Users/alvar/.m2/repository/org/junit/jupiter/junit-jupiter-api/5.7.0/junit-jupiter-api-5.7.0.jar' 
2022-03-20 21:29:04.193 DEBUG [acme.Launcher@main] Found classpath entry '/C:/Users/alvar/.m2/repository/org/opentest4j/opentest4j/1.2.0/opentest4j-1.2.0.jar' 
2022-03-20 21:29:04.193 DEBUG [acme.Launcher@main] Found classpath entry '/C:/Users/alvar/.m2/repository/org/junit/platform/junit-platform-commons/1.7.0/junit-platform-commons-1.7.0.jar' 
2022-03-20 21:29:04.193 DEBUG [acme.Launcher@main] Found classpath entry '/C:/Users/alvar/.m2/repository/org/junit/jupiter/junit-jupiter-params/5.7.0/junit-jupiter-params-5.7.0.jar' 
2022-03-20 21:29:04.193 DEBUG [acme.Launcher@main] Found classpath entry '/C:/Users/alvar/.m2/repository/org/junit/platform/junit-platform-launcher/1.7.0/junit-platform-launcher-1.7.0.jar' 
2022-03-20 21:29:04.193 DEBUG [acme.Launcher@main] Found classpath entry '/C:/Users/alvar/.m2/repository/org/seleniumhq/selenium/selenium-java/3.141.59/selenium-java-3.141.59.jar' 
2022-03-20 21:29:04.194 DEBUG [acme.Launcher@main] Found classpath entry '/C:/Users/alvar/.m2/repository/org/seleniumhq/selenium/selenium-api/3.141.59/selenium-api-3.141.59.jar' 
2022-03-20 21:29:04.194 DEBUG [acme.Launcher@main] Found classpath entry '/C:/Users/alvar/.m2/repository/org/seleniumhq/selenium/selenium-chrome-driver/3.141.59/selenium-chrome-driver-3.141.59.jar' 
2022-03-20 21:29:04.194 DEBUG [acme.Launcher@main] Found classpath entry '/C:/Users/alvar/.m2/repository/org/seleniumhq/selenium/selenium-edge-driver/3.141.59/selenium-edge-driver-3.141.59.jar' 
2022-03-20 21:29:04.194 DEBUG [acme.Launcher@main] Found classpath entry '/C:/Users/alvar/.m2/repository/org/seleniumhq/selenium/selenium-firefox-driver/3.141.59/selenium-firefox-driver-3.141.59.jar' 
2022-03-20 21:29:04.194 DEBUG [acme.Launcher@main] Found classpath entry '/C:/Users/alvar/.m2/repository/org/seleniumhq/selenium/selenium-ie-driver/3.141.59/selenium-ie-driver-3.141.59.jar' 
2022-03-20 21:29:04.195 DEBUG [acme.Launcher@main] Found classpath entry '/C:/Users/alvar/.m2/repository/org/seleniumhq/selenium/selenium-opera-driver/3.141.59/selenium-opera-driver-3.141.59.jar' 
2022-03-20 21:29:04.195 DEBUG [acme.Launcher@main] Found classpath entry '/C:/Users/alvar/.m2/repository/org/seleniumhq/selenium/selenium-remote-driver/3.141.59/selenium-remote-driver-3.141.59.jar' 
2022-03-20 21:29:04.195 DEBUG [acme.Launcher@main] Found classpath entry '/C:/Users/alvar/.m2/repository/org/seleniumhq/selenium/selenium-safari-driver/3.141.59/selenium-safari-driver-3.141.59.jar' 
2022-03-20 21:29:04.195 DEBUG [acme.Launcher@main] Found classpath entry '/C:/Users/alvar/.m2/repository/org/seleniumhq/selenium/selenium-support/3.141.59/selenium-support-3.141.59.jar' 
2022-03-20 21:29:04.195 DEBUG [acme.Launcher@main] Found classpath entry '/C:/Users/alvar/.m2/repository/net/bytebuddy/byte-buddy/1.10.19/byte-buddy-1.10.19.jar' 
2022-03-20 21:29:04.196 DEBUG [acme.Launcher@main] Found classpath entry '/C:/Users/alvar/.m2/repository/org/apache/commons/commons-exec/1.3/commons-exec-1.3.jar' 
2022-03-20 21:29:04.196 DEBUG [acme.Launcher@main] Found classpath entry '/C:/Users/alvar/.m2/repository/com/google/guava/guava/25.0-jre/guava-25.0-jre.jar' 
2022-03-20 21:29:04.196 DEBUG [acme.Launcher@main] Found classpath entry '/C:/Users/alvar/.m2/repository/com/google/code/findbugs/jsr305/1.3.9/jsr305-1.3.9.jar' 
2022-03-20 21:29:04.196 DEBUG [acme.Launcher@main] Found classpath entry '/C:/Users/alvar/.m2/repository/org/checkerframework/checker-compat-qual/2.0.0/checker-compat-qual-2.0.0.jar' 
2022-03-20 21:29:04.196 DEBUG [acme.Launcher@main] Found classpath entry '/C:/Users/alvar/.m2/repository/com/google/errorprone/error_prone_annotations/2.1.3/error_prone_annotations-2.1.3.jar' 
2022-03-20 21:29:04.197 DEBUG [acme.Launcher@main] Found classpath entry '/C:/Users/alvar/.m2/repository/com/google/j2objc/j2objc-annotations/1.1/j2objc-annotations-1.1.jar' 
2022-03-20 21:29:04.197 DEBUG [acme.Launcher@main] Found classpath entry '/C:/Users/alvar/.m2/repository/org/codehaus/mojo/animal-sniffer-annotations/1.14/animal-sniffer-annotations-1.14.jar' 
2022-03-20 21:29:04.197 DEBUG [acme.Launcher@main] Found classpath entry '/C:/Users/alvar/.m2/repository/com/squareup/okhttp3/okhttp/3.14.9/okhttp-3.14.9.jar' 
2022-03-20 21:29:04.197 DEBUG [acme.Launcher@main] Found classpath entry '/C:/Users/alvar/.m2/repository/com/squareup/okio/okio/1.14.0/okio-1.14.0.jar' 
2022-03-20 21:29:04.197 DEBUG [acme.Launcher@main] Found classpath entry '/C:/Users/alvar/.m2/repository/org/apache/commons/commons-lang3/3.11/commons-lang3-3.11.jar' 
2022-03-20 21:29:04.198 DEBUG [acme.Launcher@main] Found classpath entry '/C:/Users/alvar/.m2/repository/org/apache/commons/commons-text/1.8/commons-text-1.8.jar' 
2022-03-20 21:29:04.198 DEBUG [acme.Launcher@main] Found classpath entry '/C:/Users/alvar/.m2/repository/commons-io/commons-io/2.6/commons-io-2.6.jar' 
2022-03-20 21:29:04.198 DEBUG [acme.Launcher@main] Found classpath entry '/C:/Users/alvar/.m2/repository/commons-cli/commons-cli/1.4/commons-cli-1.4.jar' 
2022-03-20 21:29:04.198 DEBUG [acme.Launcher@main] Found classpath entry '/C:/Users/alvar/.m2/repository/org/projectlombok/lombok/1.18.16/lombok-1.18.16.jar' 
2022-03-20 21:29:04.198 DEBUG [acme.Launcher@main] Found classpath entry '/C:/Users/alvar/.m2/repository/com/opencsv/opencsv/5.4/opencsv-5.4.jar' 
2022-03-20 21:29:04.198 DEBUG [acme.Launcher@main] Found classpath entry '/C:/Users/alvar/.m2/repository/commons-beanutils/commons-beanutils/1.9.4/commons-beanutils-1.9.4.jar' 
2022-03-20 21:29:04.199 DEBUG [acme.Launcher@main] Found classpath entry '/C:/Users/alvar/.m2/repository/commons-logging/commons-logging/1.2/commons-logging-1.2.jar' 
2022-03-20 21:29:04.199 DEBUG [acme.Launcher@main] Found classpath entry '/C:/Users/alvar/.m2/repository/commons-collections/commons-collections/3.2.2/commons-collections-3.2.2.jar' 
2022-03-20 21:29:04.199 DEBUG [acme.Launcher@main] Found classpath entry '/C:/Users/alvar/.m2/repository/org/apache/commons/commons-collections4/4.4/commons-collections4-4.4.jar' 
2022-03-20 21:29:04.279 DEBUG [acme.Launcher@main] Found entity class 'acme.entities.announcement.Announcement 
2022-03-20 21:29:04.279 DEBUG [acme.Launcher@main] Found entity class 'acme.entities.artefact.Artefact 
2022-03-20 21:29:04.280 DEBUG [acme.Launcher@main] Found entity class 'acme.entities.artefact.Quantity 
2022-03-20 21:29:04.280 DEBUG [acme.Launcher@main] Found entity class 'acme.entities.chirp.Chirp 
2022-03-20 21:29:04.280 DEBUG [acme.Launcher@main] Found entity class 'acme.entities.patonages.Patronages 
2022-03-20 21:29:04.280 DEBUG [acme.Launcher@main] Found entity class 'acme.entities.patronageReport.PatronageReport 
2022-03-20 21:29:04.280 DEBUG [acme.Launcher@main] Found entity class 'acme.entities.systemConfiguration.SystemConfiguration 
2022-03-20 21:29:04.280 DEBUG [acme.Launcher@main] Found entity class 'acme.entities.toolkit.Toolkit 
2022-03-20 21:29:04.280 DEBUG [acme.Launcher@main] Found entity class 'acme.roles.Consumer 
2022-03-20 21:29:04.281 DEBUG [acme.Launcher@main] Found entity class 'acme.roles.Inventor 
2022-03-20 21:29:04.281 DEBUG [acme.Launcher@main] Found entity class 'acme.roles.Patron 
2022-03-20 21:29:04.281 DEBUG [acme.Launcher@main] Found entity class 'acme.roles.Provider 
2022-03-20 21:29:04.281 DEBUG [acme.Launcher@main] Found entity class 'acme.framework.entities.UserAccount 
2022-03-20 21:29:04.281 DEBUG [acme.Launcher@main] Found entity class 'acme.framework.roles.Administrator 
2022-03-20 21:29:04.281 DEBUG [acme.Launcher@main] Found entity class 'acme.framework.roles.Anonymous 
2022-03-20 21:29:04.281 DEBUG [acme.Launcher@main] Found entity class 'acme.framework.roles.Authenticated 
2022-03-20 21:29:04.286 INFO  [acme.Launcher@main] Populating (initial data) 
2022-03-20 21:29:04.287 INFO  [acme.framework.components.database.DatabasePopulator@main] Building database schema 
2022-03-20 21:29:04.330 DEBUG [acme.framework.components.database.DatabaseUtil@main] Executing script. 
2022-03-20 21:29:04.330 DEBUG [acme.framework.components.database.DatabaseUtil@main] Starting new transaction. 
2022-03-20 21:29:04.340 DEBUG [acme.framework.components.database.DatabaseUtil@main] Executing command 'set transaction isolation level read uncommitted;'. 
2022-03-20 21:29:04.359 DEBUG [acme.framework.components.database.DatabaseUtil@main] Starting transaction '1133251247'. 
2022-03-20 21:29:04.360 DEBUG [acme.framework.components.database.DatabaseUtil@main] Executing script command 'set foreign_key_checks=0'. 
2022-03-20 21:29:04.360 DEBUG [acme.framework.components.database.DatabaseUtil@main] Executing script command 'drop table if exists administrator'. 
2022-03-20 21:29:04.372 DEBUG [acme.framework.components.database.DatabaseUtil@main] Executing script command 'drop table if exists announcement'. 
2022-03-20 21:29:04.382 DEBUG [acme.framework.components.database.DatabaseUtil@main] Executing script command 'drop table if exists anonymous'. 
2022-03-20 21:29:04.394 DEBUG [acme.framework.components.database.DatabaseUtil@main] Executing script command 'drop table if exists artefact'. 
2022-03-20 21:29:04.405 DEBUG [acme.framework.components.database.DatabaseUtil@main] Executing script command 'drop table if exists authenticated'. 
2022-03-20 21:29:04.416 DEBUG [acme.framework.components.database.DatabaseUtil@main] Executing script command 'drop table if exists chirp'. 
2022-03-20 21:29:04.427 DEBUG [acme.framework.components.database.DatabaseUtil@main] Executing script command 'drop table if exists consumer'. 
2022-03-20 21:29:04.438 DEBUG [acme.framework.components.database.DatabaseUtil@main] Executing script command 'drop table if exists hibernate_sequence'. 
2022-03-20 21:29:04.448 DEBUG [acme.framework.components.database.DatabaseUtil@main] Executing script command 'drop table if exists inventor'. 
2022-03-20 21:29:04.460 DEBUG [acme.framework.components.database.DatabaseUtil@main] Executing script command 'drop table if exists patron'. 
2022-03-20 21:29:04.471 DEBUG [acme.framework.components.database.DatabaseUtil@main] Executing script command 'drop table if exists patronage_report'. 
2022-03-20 21:29:04.481 DEBUG [acme.framework.components.database.DatabaseUtil@main] Executing script command 'drop table if exists patronages'. 
2022-03-20 21:29:04.493 DEBUG [acme.framework.components.database.DatabaseUtil@main] Executing script command 'drop table if exists provider'. 
2022-03-20 21:29:04.505 DEBUG [acme.framework.components.database.DatabaseUtil@main] Executing script command 'drop table if exists quantity'. 
2022-03-20 21:29:04.516 DEBUG [acme.framework.components.database.DatabaseUtil@main] Executing script command 'drop table if exists system_configuration'. 
2022-03-20 21:29:04.527 DEBUG [acme.framework.components.database.DatabaseUtil@main] Executing script command 'drop table if exists toolkit'. 
2022-03-20 21:29:04.538 DEBUG [acme.framework.components.database.DatabaseUtil@main] Executing script command 'drop table if exists user_account'. 
2022-03-20 21:29:04.550 DEBUG [acme.framework.components.database.DatabaseUtil@main] Executing script command 'set foreign_key_checks=1'. 
2022-03-20 21:29:04.550 DEBUG [acme.framework.components.database.DatabaseUtil@main] Committing transaction '1133251247'. 
2022-03-20 21:29:04.564 DEBUG [acme.framework.components.database.DatabaseUtil@main] Executing script. 
2022-03-20 21:29:04.564 DEBUG [acme.framework.components.database.DatabaseUtil@main] Starting new transaction. 
2022-03-20 21:29:04.564 DEBUG [acme.framework.components.database.DatabaseUtil@main] Executing command 'set transaction isolation level read uncommitted;'. 
2022-03-20 21:29:04.565 DEBUG [acme.framework.components.database.DatabaseUtil@main] Starting transaction '1251996697'. 
2022-03-20 21:29:04.565 DEBUG [acme.framework.components.database.DatabaseUtil@main] Executing script command 'set foreign_key_checks=0'. 
2022-03-20 21:29:04.565 DEBUG [acme.framework.components.database.DatabaseUtil@main] Executing script command 'create table administrator (id integer not null, version integer not null, user_account_id integer, primary key (id)) engine=InnoDB'. 
2022-03-20 21:29:04.579 DEBUG [acme.framework.components.database.DatabaseUtil@main] Executing script command 'create table announcement (id integer not null, version integer not null, body varchar(255), creation datetime, flag bit not null, title varchar(255), url varchar(255), primary key (id)) engine=InnoDB'. 
2022-03-20 21:29:04.593 DEBUG [acme.framework.components.database.DatabaseUtil@main] Executing script command 'create table anonymous (id integer not null, version integer not null, user_account_id integer, primary key (id)) engine=InnoDB'. 
2022-03-20 21:29:04.606 DEBUG [acme.framework.components.database.DatabaseUtil@main] Executing script command 'create table artefact (id integer not null, version integer not null, code varchar(255), description varchar(255), more_info varchar(255), name varchar(255), retail_price_amount double precision, retail_price_currency varchar(255), technology varchar(255), type integer, inventor_id integer not null, primary key (id)) engine=InnoDB'. 
2022-03-20 21:29:04.620 DEBUG [acme.framework.components.database.DatabaseUtil@main] Executing script command 'create table authenticated (id integer not null, version integer not null, user_account_id integer, primary key (id)) engine=InnoDB'. 
2022-03-20 21:29:04.634 DEBUG [acme.framework.components.database.DatabaseUtil@main] Executing script command 'create table chirp (id integer not null, version integer not null, author varchar(255), body varchar(255), creation_moment datetime, email varchar(255), title varchar(255), primary key (id)) engine=InnoDB'. 
2022-03-20 21:29:04.647 DEBUG [acme.framework.components.database.DatabaseUtil@main] Executing script command 'create table consumer (id integer not null, version integer not null, user_account_id integer, company varchar(255), sector varchar(255), primary key (id)) engine=InnoDB'. 
2022-03-20 21:29:04.661 DEBUG [acme.framework.components.database.DatabaseUtil@main] Executing script command 'create table hibernate_sequence (next_val bigint) engine=InnoDB'. 
2022-03-20 21:29:04.675 DEBUG [acme.framework.components.database.DatabaseUtil@main] Executing script command 'insert into hibernate_sequence values ( 1 )'. 
2022-03-20 21:29:04.677 DEBUG [acme.framework.components.database.DatabaseUtil@main] Executing script command 'create table inventor (id integer not null, version integer not null, user_account_id integer, company varchar(255), link varchar(255), statement varchar(255), primary key (id)) engine=InnoDB'. 
2022-03-20 21:29:04.692 DEBUG [acme.framework.components.database.DatabaseUtil@main] Executing script command 'create table patron (id integer not null, version integer not null, user_account_id integer, company varchar(255), link varchar(255), statement varchar(255), primary key (id)) engine=InnoDB'. 
2022-03-20 21:29:04.706 DEBUG [acme.framework.components.database.DatabaseUtil@main] Executing script command 'create table patronage_report (id integer not null, version integer not null, creation_moment datetime, link varchar(255), memorandum varchar(255), patronage_id integer, primary key (id)) engine=InnoDB'. 
2022-03-20 21:29:04.720 DEBUG [acme.framework.components.database.DatabaseUtil@main] Executing script command 'create table patronages (id integer not null, version integer not null, budget_amount double precision, budget_currency varchar(255), code varchar(255), final_period date, init_period date, legal_stuff varchar(255), link varchar(255), status integer, inventor_id integer not null, patron_id integer not null, primary key (id)) engine=InnoDB'. 
2022-03-20 21:29:04.734 DEBUG [acme.framework.components.database.DatabaseUtil@main] Executing script command 'create table provider (id integer not null, version integer not null, user_account_id integer, company varchar(255), sector varchar(255), primary key (id)) engine=InnoDB'. 
2022-03-20 21:29:04.748 DEBUG [acme.framework.components.database.DatabaseUtil@main] Executing script command 'create table quantity (id integer not null, version integer not null, number integer not null, artefact_id integer not null, toolkit_id integer not null, primary key (id)) engine=InnoDB'. 
2022-03-20 21:29:04.763 DEBUG [acme.framework.components.database.DatabaseUtil@main] Executing script command 'create table system_configuration (id integer not null, version integer not null, currencies varchar(255), currency varchar(255), lenguage varchar(255), strong_terms varchar(255), strong_threshold double precision, weak_terms varchar(255), weak_threshold double precision, primary key (id)) engine=InnoDB'. 
2022-03-20 21:29:04.776 DEBUG [acme.framework.components.database.DatabaseUtil@main] Executing script command 'create table toolkit (id integer not null, version integer not null, assembly_notes varchar(255), code varchar(255), description varchar(255), link varchar(255), title varchar(255), primary key (id)) engine=InnoDB'. 
2022-03-20 21:29:04.791 DEBUG [acme.framework.components.database.DatabaseUtil@main] Executing script command 'create table user_account (id integer not null, version integer not null, enabled bit not null, identity blob, password varchar(255), username varchar(255), primary key (id)) engine=InnoDB'. 
2022-03-20 21:29:04.804 DEBUG [acme.framework.components.database.DatabaseUtil@main] Executing script command 'alter table artefact add constraint UK_o1i2l7ul7wul13gn7dex98w47 unique (code)'. 
2022-03-20 21:29:04.825 DEBUG [acme.framework.components.database.DatabaseUtil@main] Executing script command 'alter table patronages add constraint UK_hkk2octnydkqcvqefssmthrb1 unique (code)'. 
2022-03-20 21:29:04.846 DEBUG [acme.framework.components.database.DatabaseUtil@main] Executing script command 'alter table toolkit add constraint UK_qvml9bbjdvicrw1wt0e1bej3c unique (code)'. 
2022-03-20 21:29:04.867 DEBUG [acme.framework.components.database.DatabaseUtil@main] Executing script command 'alter table user_account add constraint UK_castjbvpeeus0r8lbpehiu0e4 unique (username)'. 
2022-03-20 21:29:04.887 DEBUG [acme.framework.components.database.DatabaseUtil@main] Executing script command 'alter table administrator add constraint FK_2a5vcjo3stlfcwadosjfq49l1 foreign key (user_account_id) references user_account (id)'. 
2022-03-20 21:29:04.907 DEBUG [acme.framework.components.database.DatabaseUtil@main] Executing script command 'alter table anonymous add constraint FK_6lnbc6fo3om54vugoh8icg78m foreign key (user_account_id) references user_account (id)'. 
2022-03-20 21:29:04.928 DEBUG [acme.framework.components.database.DatabaseUtil@main] Executing script command 'alter table artefact add constraint FKc3nqbu6revkdfgf9aspvt8bje foreign key (inventor_id) references inventor (id)'. 
2022-03-20 21:29:04.947 DEBUG [acme.framework.components.database.DatabaseUtil@main] Executing script command 'alter table authenticated add constraint FK_h52w0f3wjoi68b63wv9vwon57 foreign key (user_account_id) references user_account (id)'. 
2022-03-20 21:29:04.968 DEBUG [acme.framework.components.database.DatabaseUtil@main] Executing script command 'alter table consumer add constraint FK_6cyha9f1wpj0dpbxrrjddrqed foreign key (user_account_id) references user_account (id)'. 
2022-03-20 21:29:04.988 DEBUG [acme.framework.components.database.DatabaseUtil@main] Executing script command 'alter table inventor add constraint FK_2upmsx50p5pou2l4uy8trxor6 foreign key (user_account_id) references user_account (id)'. 
2022-03-20 21:29:05.012 DEBUG [acme.framework.components.database.DatabaseUtil@main] Executing script command 'alter table patron add constraint FK_8xx5nujhuio3advxc2freyu65 foreign key (user_account_id) references user_account (id)'. 
2022-03-20 21:29:05.043 DEBUG [acme.framework.components.database.DatabaseUtil@main] Executing script command 'alter table patronage_report add constraint FK4hqfo7bhvki18d8l9fwkkdcgo foreign key (patronage_id) references patronages (id)'. 
2022-03-20 21:29:05.063 DEBUG [acme.framework.components.database.DatabaseUtil@main] Executing script command 'alter table patronages add constraint FKg9t8o8n8smwitayd3drsvek2k foreign key (inventor_id) references inventor (id)'. 
2022-03-20 21:29:05.083 DEBUG [acme.framework.components.database.DatabaseUtil@main] Executing script command 'alter table patronages add constraint FKreaj6vqynmxthoeuf4y035xtg foreign key (patron_id) references patron (id)'. 
2022-03-20 21:29:05.104 DEBUG [acme.framework.components.database.DatabaseUtil@main] Executing script command 'alter table provider add constraint FK_b1gwnjqm6ggy9yuiqm0o4rlmd foreign key (user_account_id) references user_account (id)'. 
2022-03-20 21:29:05.125 DEBUG [acme.framework.components.database.DatabaseUtil@main] Executing script command 'alter table quantity add constraint FK62iq9t5gylruxdgxwfm1dm98t foreign key (artefact_id) references artefact (id)'. 
2022-03-20 21:29:05.146 DEBUG [acme.framework.components.database.DatabaseUtil@main] Executing script command 'alter table quantity add constraint FKr1l7hfxuemn7o9d0qi4kawlmg foreign key (toolkit_id) references toolkit (id)'. 
2022-03-20 21:29:05.167 DEBUG [acme.framework.components.database.DatabaseUtil@main] Executing script command 'set foreign_key_checks=1'. 
2022-03-20 21:29:05.168 DEBUG [acme.framework.components.database.DatabaseUtil@main] Committing transaction '1251996697'. 
2022-03-20 21:29:05.170 INFO  [acme.framework.components.database.DatabasePopulator@main] Reading entities from 'classpath:/WEB-INF/resources/initial-data' 
2022-03-20 21:29:05.176 DEBUG [acme.framework.components.database.Dataset@main] Reading dataset from 'C:\Users\alvar\Desktop\Universidad\DP2\Workspace-22.0\Projects\Acme-Toolkits\target\classes\WEB-INF\resources\initial-data\administrator.csv' 
2022-03-20 21:29:05.245 DEBUG [acme.framework.components.database.Dataset@main] Reading mapping '{key:user-account=user-account-administrator-01, key=administrator-01}' from 'C:\Users\alvar\Desktop\Universidad\DP2\Workspace-22.0\Projects\Acme-Toolkits\target\classes\WEB-INF\resources\initial-data\administrator.csv' 
2022-03-20 21:29:05.247 DEBUG [acme.framework.components.database.Dataset@main] Reading dataset from 'C:\Users\alvar\Desktop\Universidad\DP2\Workspace-22.0\Projects\Acme-Toolkits\target\classes\WEB-INF\resources\initial-data\anonymous.csv' 
2022-03-20 21:29:05.247 DEBUG [acme.framework.components.database.Dataset@main] Reading mapping '{key:user-account=user-account-anonymous-01, key=anonymous-01}' from 'C:\Users\alvar\Desktop\Universidad\DP2\Workspace-22.0\Projects\Acme-Toolkits\target\classes\WEB-INF\resources\initial-data\anonymous.csv' 
2022-03-20 21:29:05.248 DEBUG [acme.framework.components.database.Dataset@main] Reading dataset from 'C:\Users\alvar\Desktop\Universidad\DP2\Workspace-22.0\Projects\Acme-Toolkits\target\classes\WEB-INF\resources\initial-data\authenticated.csv' 
2022-03-20 21:29:05.248 DEBUG [acme.framework.components.database.Dataset@main] Reading mapping '{key:user-account=user-account-administrator-01, key=authenticated-administrator-01}' from 'C:\Users\alvar\Desktop\Universidad\DP2\Workspace-22.0\Projects\Acme-Toolkits\target\classes\WEB-INF\resources\initial-data\authenticated.csv' 
2022-03-20 21:29:05.248 DEBUG [acme.framework.components.database.Dataset@main] Reading dataset from 'C:\Users\alvar\Desktop\Universidad\DP2\Workspace-22.0\Projects\Acme-Toolkits\target\classes\WEB-INF\resources\initial-data\system-configuration.csv' 
2022-03-20 21:29:05.261 DEBUG [acme.framework.components.database.Dataset@main] Reading mapping '{lenguage= SPANISH, currency=EUR, weak-threshold= 25.00, key=system-configuration-01, weak-terms=SPANISH:atractivo,nigeria,has ganado, un millon;ENGLISH:sexy,nigeria,you’ve won,one mil-lion, currencies= EUR USD GBP, strong-terms=SPANISH:sexo,hardcore,viagra,cialis;ENGLISH:sex,hardcore,viagra,cialis, strong-threshold=10.00}' from 'C:\Users\alvar\Desktop\Universidad\DP2\Workspace-22.0\Projects\Acme-Toolkits\target\classes\WEB-INF\resources\initial-data\system-configuration.csv' 
2022-03-20 21:29:05.261 DEBUG [acme.framework.components.database.Dataset@main] Reading dataset from 'C:\Users\alvar\Desktop\Universidad\DP2\Workspace-22.0\Projects\Acme-Toolkits\target\classes\WEB-INF\resources\initial-data\user-account.csv' 
2022-03-20 21:29:05.262 DEBUG [acme.framework.components.database.Dataset@main] Reading mapping '{password=HIDDEN-PASSWORD, identity=UserIdentity{name: 'John', surname: 'Doe', email: 'john.doe@acme.com'}, key=user-account-anonymous-01, enabled=false, username=anonymous}' from 'C:\Users\alvar\Desktop\Universidad\DP2\Workspace-22.0\Projects\Acme-Toolkits\target\classes\WEB-INF\resources\initial-data\user-account.csv' 
2022-03-20 21:29:05.263 DEBUG [acme.framework.components.database.Dataset@main] Reading mapping '{password=administrator, identity=UserIdentity{name: 'Administrator', surname: 'Acme', email: 'administrator@acme.com'}, key=user-account-administrator-01, enabled=true, username=administrator}' from 'C:\Users\alvar\Desktop\Universidad\DP2\Workspace-22.0\Projects\Acme-Toolkits\target\classes\WEB-INF\resources\initial-data\user-account.csv' 
2022-03-20 21:29:05.263 DEBUG [acme.framework.components.database.Dataset@main] Reading mapping '{password=patron1, identity=UserIdentity{name: 'Patron-01', surname: 'Acme', email: 'patron-01@acme.com'}, key=user-account-patron-01, enabled=true, username=patron1}' from 'C:\Users\alvar\Desktop\Universidad\DP2\Workspace-22.0\Projects\Acme-Toolkits\target\classes\WEB-INF\resources\initial-data\user-account.csv' 
2022-03-20 21:29:05.263 DEBUG [acme.framework.components.database.Dataset@main] Reading mapping '{password=patron2, identity=UserIdentity{name: 'Patron-02', surname: 'Acme', email: 'patron-02@acme.com'}, key=user-account-patron-02, enabled=true, username=patron2}' from 'C:\Users\alvar\Desktop\Universidad\DP2\Workspace-22.0\Projects\Acme-Toolkits\target\classes\WEB-INF\resources\initial-data\user-account.csv' 
2022-03-20 21:29:05.263 DEBUG [acme.framework.components.database.Dataset@main] Reading mapping '{password=patron3, identity=UserIdentity{name: 'Patron-03', surname: 'Acme', email: 'patron-03@acme.com'}, key=user-account-patron-03, enabled=true, username=patron3}' from 'C:\Users\alvar\Desktop\Universidad\DP2\Workspace-22.0\Projects\Acme-Toolkits\target\classes\WEB-INF\resources\initial-data\user-account.csv' 
2022-03-20 21:29:05.264 DEBUG [acme.framework.components.database.Dataset@main] Reading mapping '{password=inventor1, identity=UserIdentity{name: 'inventor1', surname: 'inventor', email: 'inventor1@acme.com'}, key=user-account-inventor-01, enabled=true, username=inventor1}' from 'C:\Users\alvar\Desktop\Universidad\DP2\Workspace-22.0\Projects\Acme-Toolkits\target\classes\WEB-INF\resources\initial-data\user-account.csv' 
2022-03-20 21:29:05.264 DEBUG [acme.framework.components.database.Dataset@main] Reading mapping '{password=inventor2, identity=UserIdentity{name: 'inventor2', surname: 'inventor', email: 'inventor2@acme.com'}, key=user-account-inventor-02, enabled=true, username=inventor2}' from 'C:\Users\alvar\Desktop\Universidad\DP2\Workspace-22.0\Projects\Acme-Toolkits\target\classes\WEB-INF\resources\initial-data\user-account.csv' 
2022-03-20 21:29:05.264 DEBUG [acme.framework.components.database.Dataset@main] Reading mapping '{password=inventor3, identity=UserIdentity{name: 'inventor3', surname: 'inventor', email: 'inventor3@acme.com'}, key=user-account-inventor-03, enabled=true, username=inventor3}' from 'C:\Users\alvar\Desktop\Universidad\DP2\Workspace-22.0\Projects\Acme-Toolkits\target\classes\WEB-INF\resources\initial-data\user-account.csv' 
2022-03-20 21:29:05.265 DEBUG [acme.framework.components.database.EntityWeb@main] Setting attributes of entities of class acme.entities.systemConfiguration.SystemConfiguration 
2022-03-20 21:29:05.294 DEBUG [acme.framework.configuration.ExtendedMessageSource@main] Loading properties [C:\Users\alvar\Desktop\Universidad\DP2\Workspace-22.0\Projects\Acme-Toolkits\target\classes\WEB-INF\views\administrator\announcement\messages-en.i18n] with encoding 'utf-8' 
2022-03-20 21:29:05.295 DEBUG [acme.framework.configuration.ExtendedMessageSource@main] Loading properties [C:\Users\alvar\Desktop\Universidad\DP2\Workspace-22.0\Projects\Acme-Toolkits\target\classes\WEB-INF\views\administrator\dashboard\messages-en.i18n] with encoding 'utf-8' 
2022-03-20 21:29:05.296 DEBUG [acme.framework.configuration.ExtendedMessageSource@main] Loading properties [C:\Users\alvar\Desktop\Universidad\DP2\Workspace-22.0\Projects\Acme-Toolkits\target\classes\WEB-INF\views\administrator\user-account\messages-en.i18n] with encoding 'utf-8' 
2022-03-20 21:29:05.297 DEBUG [acme.framework.configuration.ExtendedMessageSource@main] Loading properties [C:\Users\alvar\Desktop\Universidad\DP2\Workspace-22.0\Projects\Acme-Toolkits\target\classes\WEB-INF\views\anonymous\duty\messages-en.i18n] with encoding 'utf-8' 
2022-03-20 21:29:05.298 DEBUG [acme.framework.configuration.ExtendedMessageSource@main] Loading properties [C:\Users\alvar\Desktop\Universidad\DP2\Workspace-22.0\Projects\Acme-Toolkits\target\classes\WEB-INF\views\anonymous\job\messages-en.i18n] with encoding 'utf-8' 
2022-03-20 21:29:05.299 DEBUG [acme.framework.configuration.ExtendedMessageSource@main] Loading properties [C:\Users\alvar\Desktop\Universidad\DP2\Workspace-22.0\Projects\Acme-Toolkits\target\classes\WEB-INF\views\anonymous\shout\messages-en.i18n] with encoding 'utf-8' 
2022-03-20 21:29:05.299 DEBUG [acme.framework.configuration.ExtendedMessageSource@main] Loading properties [C:\Users\alvar\Desktop\Universidad\DP2\Workspace-22.0\Projects\Acme-Toolkits\target\classes\WEB-INF\views\anonymous\user-account\messages-en.i18n] with encoding 'utf-8' 
2022-03-20 21:29:05.300 DEBUG [acme.framework.configuration.ExtendedMessageSource@main] Loading properties [C:\Users\alvar\Desktop\Universidad\DP2\Workspace-22.0\Projects\Acme-Toolkits\target\classes\WEB-INF\views\authenticated\announcement\messages-en.i18n] with encoding 'utf-8' 
2022-03-20 21:29:05.301 DEBUG [acme.framework.configuration.ExtendedMessageSource@main] Loading properties [C:\Users\alvar\Desktop\Universidad\DP2\Workspace-22.0\Projects\Acme-Toolkits\target\classes\WEB-INF\views\authenticated\consumer\messsages-en.i18n] with encoding 'utf-8' 
2022-03-20 21:29:05.302 DEBUG [acme.framework.configuration.ExtendedMessageSource@main] Loading properties [C:\Users\alvar\Desktop\Universidad\DP2\Workspace-22.0\Projects\Acme-Toolkits\target\classes\WEB-INF\views\authenticated\employer\messages-en.i18n] with encoding 'utf-8' 
2022-03-20 21:29:05.303 DEBUG [acme.framework.configuration.ExtendedMessageSource@main] Loading properties [C:\Users\alvar\Desktop\Universidad\DP2\Workspace-22.0\Projects\Acme-Toolkits\target\classes\WEB-INF\views\authenticated\money-exchange\messages-en.i18n] with encoding 'utf-8' 
2022-03-20 21:29:05.304 DEBUG [acme.framework.configuration.ExtendedMessageSource@main] Loading properties [C:\Users\alvar\Desktop\Universidad\DP2\Workspace-22.0\Projects\Acme-Toolkits\target\classes\WEB-INF\views\authenticated\provider\messsages-en.i18n] with encoding 'utf-8' 
2022-03-20 21:29:05.305 DEBUG [acme.framework.configuration.ExtendedMessageSource@main] Loading properties [C:\Users\alvar\Desktop\Universidad\DP2\Workspace-22.0\Projects\Acme-Toolkits\target\classes\WEB-INF\views\authenticated\user-account\messages-en.i18n] with encoding 'utf-8' 
2022-03-20 21:29:05.306 DEBUG [acme.framework.configuration.ExtendedMessageSource@main] Loading properties [C:\Users\alvar\Desktop\Universidad\DP2\Workspace-22.0\Projects\Acme-Toolkits\target\classes\WEB-INF\views\authenticated\worker\messages-en.i18n] with encoding 'utf-8' 
2022-03-20 21:29:05.306 DEBUG [acme.framework.configuration.ExtendedMessageSource@main] Loading properties [C:\Users\alvar\Desktop\Universidad\DP2\Workspace-22.0\Projects\Acme-Toolkits\target\classes\WEB-INF\views\employer\application\messages-en.i18n] with encoding 'utf-8' 
2022-03-20 21:29:05.307 DEBUG [acme.framework.configuration.ExtendedMessageSource@main] Loading properties [C:\Users\alvar\Desktop\Universidad\DP2\Workspace-22.0\Projects\Acme-Toolkits\target\classes\WEB-INF\views\employer\duty\messages-en.i18n] with encoding 'utf-8' 
2022-03-20 21:29:05.308 DEBUG [acme.framework.configuration.ExtendedMessageSource@main] Loading properties [C:\Users\alvar\Desktop\Universidad\DP2\Workspace-22.0\Projects\Acme-Toolkits\target\classes\WEB-INF\views\employer\job\messages-en.i18n] with encoding 'utf-8' 
2022-03-20 21:29:05.308 DEBUG [acme.framework.configuration.ExtendedMessageSource@main] Loading properties [C:\Users\alvar\Desktop\Universidad\DP2\Workspace-22.0\Projects\Acme-Toolkits\target\classes\WEB-INF\views\fragments\banner-en.i18n] with encoding 'utf-8' 
2022-03-20 21:29:05.309 DEBUG [acme.framework.configuration.ExtendedMessageSource@main] Loading properties [C:\Users\alvar\Desktop\Universidad\DP2\Workspace-22.0\Projects\Acme-Toolkits\target\classes\WEB-INF\views\fragments\company-en.i18n] with encoding 'utf-8' 
2022-03-20 21:29:05.310 DEBUG [acme.framework.configuration.ExtendedMessageSource@main] Loading properties [C:\Users\alvar\Desktop\Universidad\DP2\Workspace-22.0\Projects\Acme-Toolkits\target\classes\WEB-INF\views\fragments\footer-en.i18n] with encoding 'utf-8' 
2022-03-20 21:29:05.311 DEBUG [acme.framework.configuration.ExtendedMessageSource@main] Loading properties [C:\Users\alvar\Desktop\Universidad\DP2\Workspace-22.0\Projects\Acme-Toolkits\target\classes\WEB-INF\views\fragments\license-en.i18n] with encoding 'utf-8' 
2022-03-20 21:29:05.312 DEBUG [acme.framework.configuration.ExtendedMessageSource@main] Loading properties [C:\Users\alvar\Desktop\Universidad\DP2\Workspace-22.0\Projects\Acme-Toolkits\target\classes\WEB-INF\views\fragments\menu-en.i18n] with encoding 'utf-8' 
2022-03-20 21:29:05.312 DEBUG [acme.framework.configuration.ExtendedMessageSource@main] Loading properties [C:\Users\alvar\Desktop\Universidad\DP2\Workspace-22.0\Projects\Acme-Toolkits\target\classes\WEB-INF\views\fragments\messages-en.i18n] with encoding 'utf-8' 
2022-03-20 21:29:05.313 DEBUG [acme.framework.configuration.ExtendedMessageSource@main] Loading properties [C:\Users\alvar\Desktop\Universidad\DP2\Workspace-22.0\Projects\Acme-Toolkits\target\classes\WEB-INF\views\fragments\messsages-en.i18n] with encoding 'utf-8' 
2022-03-20 21:29:05.314 DEBUG [acme.framework.configuration.ExtendedMessageSource@main] Loading properties [C:\Users\alvar\Desktop\Universidad\DP2\Workspace-22.0\Projects\Acme-Toolkits\target\classes\WEB-INF\views\fragments\title-en.i18n] with encoding 'utf-8' 
2022-03-20 21:29:05.315 DEBUG [acme.framework.configuration.ExtendedMessageSource@main] Loading properties [C:\Users\alvar\Desktop\Universidad\DP2\Workspace-22.0\Projects\Acme-Toolkits\target\classes\WEB-INF\views\fragments\welcome-en.i18n] with encoding 'utf-8' 
2022-03-20 21:29:05.316 DEBUG [acme.framework.configuration.ExtendedMessageSource@main] Loading properties [C:\Users\alvar\Desktop\Universidad\DP2\Workspace-22.0\Projects\Acme-Toolkits\target\classes\WEB-INF\views\master\defaults-en.i18n] with encoding 'utf-8' 
2022-03-20 21:29:05.316 DEBUG [acme.framework.configuration.ExtendedMessageSource@main] Loading properties [C:\Users\alvar\Desktop\Universidad\DP2\Workspace-22.0\Projects\Acme-Toolkits\target\classes\WEB-INF\views\master\master-en.i18n] with encoding 'utf-8' 
2022-03-20 21:29:05.317 DEBUG [acme.framework.configuration.ExtendedMessageSource@main] Loading properties [C:\Users\alvar\Desktop\Universidad\DP2\Workspace-22.0\Projects\Acme-Toolkits\target\classes\WEB-INF\views\master\throwables-en.i18n] with encoding 'utf-8' 
2022-03-20 21:29:05.318 DEBUG [acme.framework.configuration.ExtendedMessageSource@main] Loading properties [C:\Users\alvar\Desktop\Universidad\DP2\Workspace-22.0\Projects\Acme-Toolkits\target\classes\WEB-INF\views\master\validation-en.i18n] with encoding 'utf-8' 
2022-03-20 21:29:05.319 DEBUG [acme.framework.configuration.ExtendedMessageSource@main] Loading properties [C:\Users\alvar\Desktop\Universidad\DP2\Workspace-22.0\Projects\Acme-Toolkits\target\classes\WEB-INF\views\worker\application\messages-en.i18n] with encoding 'utf-8' 
2022-03-20 21:29:05.319 DEBUG [acme.framework.configuration.ExtendedMessageSource@main] Loading properties [C:\Users\alvar\Desktop\Universidad\DP2\Workspace-22.0\Projects\Acme-Toolkits\target\classes\WEB-INF\views\worker\duty\messages-en.i18n] with encoding 'utf-8' 
2022-03-20 21:29:05.320 DEBUG [acme.framework.configuration.ExtendedMessageSource@main] Loading properties [C:\Users\alvar\Desktop\Universidad\DP2\Workspace-22.0\Projects\Acme-Toolkits\target\classes\WEB-INF\views\worker\job\messages-en.i18n] with encoding 'utf-8' 
2022-03-20 21:29:05.327 DEBUG [acme.framework.components.database.EntityWeb@main] Setting attributes of entities of class acme.framework.roles.Administrator 
2022-03-20 21:29:05.328 DEBUG [acme.framework.components.database.EntityWeb@main] Setting attributes of entities of class acme.framework.entities.UserAccount 
2022-03-20 21:29:05.587 DEBUG [acme.framework.components.database.EntityWeb@main] Setting attributes of entities of class acme.framework.roles.Anonymous 
2022-03-20 21:29:05.587 DEBUG [acme.framework.components.database.EntityWeb@main] Setting attributes of entities of class acme.framework.roles.Authenticated 
2022-03-20 21:29:05.587 DEBUG [acme.framework.components.database.EntityWeb@main] Linking entities of class acme.entities.systemConfiguration.SystemConfiguration 
2022-03-20 21:29:05.588 DEBUG [acme.framework.components.database.EntityWeb@main] Linking entities of class acme.framework.roles.Administrator 
2022-03-20 21:29:05.594 DEBUG [acme.framework.components.database.EntityWeb@main] Linking entities of class acme.framework.entities.UserAccount 
2022-03-20 21:29:05.594 DEBUG [acme.framework.components.database.EntityWeb@main] Linking entities of class acme.framework.roles.Anonymous 
2022-03-20 21:29:05.599 DEBUG [acme.framework.components.database.EntityWeb@main] Linking entities of class acme.framework.roles.Authenticated 
2022-03-20 21:29:05.604 INFO  [acme.framework.components.database.DatabasePopulator@main] Validating your entities 
2022-03-20 21:29:05.679 DEBUG [acme.framework.components.database.DatabasePopulator@main] Validating 'acme.framework.entities.UserAccount@user-account-anonymous-01' ... PASS 
2022-03-20 21:29:05.696 DEBUG [acme.framework.components.database.DatabasePopulator@main] Validating 'acme.entities.systemConfiguration.SystemConfiguration@system-configuration-01' ... PASS 
2022-03-20 21:29:05.699 DEBUG [acme.framework.components.database.DatabasePopulator@main] Validating 'acme.framework.entities.UserAccount@user-account-patron-01' ... PASS 
2022-03-20 21:29:05.700 DEBUG [acme.framework.components.database.DatabasePopulator@main] Validating 'acme.framework.entities.UserAccount@user-account-inventor-03' ... PASS 
2022-03-20 21:29:05.702 DEBUG [acme.framework.components.database.DatabasePopulator@main] Validating 'acme.framework.entities.UserAccount@user-account-patron-02' ... PASS 
2022-03-20 21:29:05.703 DEBUG [acme.framework.components.database.DatabasePopulator@main] Validating 'acme.framework.entities.UserAccount@user-account-inventor-02' ... PASS 
2022-03-20 21:29:05.705 DEBUG [acme.framework.components.database.DatabasePopulator@main] Validating 'acme.framework.entities.UserAccount@user-account-administrator-01' ... PASS 
2022-03-20 21:29:05.713 DEBUG [acme.framework.components.database.DatabasePopulator@main] Validating 'acme.framework.roles.Anonymous@anonymous-01' ... PASS 
2022-03-20 21:29:05.714 DEBUG [acme.framework.components.database.DatabasePopulator@main] Validating 'acme.framework.entities.UserAccount@user-account-patron-03' ... PASS 
2022-03-20 21:29:05.715 DEBUG [acme.framework.components.database.DatabasePopulator@main] Validating 'acme.framework.entities.UserAccount@user-account-inventor-01' ... PASS 
2022-03-20 21:29:05.720 DEBUG [acme.framework.components.database.DatabasePopulator@main] Validating 'acme.framework.roles.Authenticated@authenticated-administrator-01' ... PASS 
2022-03-20 21:29:05.725 DEBUG [acme.framework.components.database.DatabasePopulator@main] Validating 'acme.framework.roles.Administrator@administrator-01' ... PASS 
2022-03-20 21:29:05.725 INFO  [acme.framework.components.database.DatabasePopulator@main] Sorting your entity classes 
2022-03-20 21:29:05.725 DEBUG [acme.framework.components.database.DatabasePopulator@main] Best topological order for your entity clazzes: 
2022-03-20 21:29:05.726 DEBUG [acme.framework.components.database.DatabasePopulator@main] - acme.entities.systemConfiguration.SystemConfiguration 
2022-03-20 21:29:05.726 DEBUG [acme.framework.components.database.DatabasePopulator@main] - acme.framework.entities.UserAccount 
2022-03-20 21:29:05.726 DEBUG [acme.framework.components.database.DatabasePopulator@main] - acme.framework.roles.Administrator 
2022-03-20 21:29:05.726 DEBUG [acme.framework.components.database.DatabasePopulator@main] - acme.framework.roles.Anonymous 
2022-03-20 21:29:05.726 DEBUG [acme.framework.components.database.DatabasePopulator@main] - acme.framework.roles.Authenticated 
2022-03-20 21:29:05.726 INFO  [acme.framework.components.database.DatabasePopulator@main] Persisting your entities 
2022-03-20 21:29:05.726 DEBUG [acme.framework.components.database.DatabaseUtil@main] Starting new transaction. 
2022-03-20 21:29:05.727 DEBUG [acme.framework.components.database.DatabaseUtil@main] Executing command 'set transaction isolation level read uncommitted;'. 
2022-03-20 21:29:05.728 DEBUG [acme.framework.components.database.DatabaseUtil@main] Starting transaction '767266208'. 
2022-03-20 21:29:05.728 DEBUG [acme.framework.components.database.DatabasePopulator@main] Persising entities of clazz 'acme.entities.systemConfiguration.SystemConfiguration' 
2022-03-20 21:29:05.745 DEBUG [org.hibernate.SQL@main] select next_val as id_val from hibernate_sequence for update 
2022-03-20 21:29:05.773 DEBUG [org.hibernate.SQL@main] update hibernate_sequence set next_val= ? where next_val=? 
2022-03-20 21:29:05.810 DEBUG [acme.framework.components.database.DatabaseUtil@main] Persisting entity acme.entities.systemConfiguration.SystemConfiguration{id=1, version=0} 
2022-03-20 21:29:05.810 DEBUG [acme.framework.components.database.DatabasePopulator@main] Persising entities of clazz 'acme.framework.entities.UserAccount' 
2022-03-20 21:29:05.810 DEBUG [org.hibernate.SQL@main] select next_val as id_val from hibernate_sequence for update 
2022-03-20 21:29:05.812 DEBUG [org.hibernate.SQL@main] update hibernate_sequence set next_val= ? where next_val=? 
2022-03-20 21:29:05.831 DEBUG [acme.framework.components.database.DatabaseUtil@main] Persisting entity UserAccount(username=anonymous) 
2022-03-20 21:29:05.831 DEBUG [org.hibernate.SQL@main] select next_val as id_val from hibernate_sequence for update 
2022-03-20 21:29:05.832 DEBUG [org.hibernate.SQL@main] update hibernate_sequence set next_val= ? where next_val=? 
2022-03-20 21:29:05.835 DEBUG [acme.framework.components.database.DatabaseUtil@main] Persisting entity UserAccount(username=patron1) 
2022-03-20 21:29:05.835 DEBUG [org.hibernate.SQL@main] select next_val as id_val from hibernate_sequence for update 
2022-03-20 21:29:05.836 DEBUG [org.hibernate.SQL@main] update hibernate_sequence set next_val= ? where next_val=? 
2022-03-20 21:29:05.838 DEBUG [acme.framework.components.database.DatabaseUtil@main] Persisting entity UserAccount(username=inventor3) 
2022-03-20 21:29:05.839 DEBUG [org.hibernate.SQL@main] select next_val as id_val from hibernate_sequence for update 
2022-03-20 21:29:05.840 DEBUG [org.hibernate.SQL@main] update hibernate_sequence set next_val= ? where next_val=? 
2022-03-20 21:29:05.842 DEBUG [acme.framework.components.database.DatabaseUtil@main] Persisting entity UserAccount(username=patron2) 
2022-03-20 21:29:05.843 DEBUG [org.hibernate.SQL@main] select next_val as id_val from hibernate_sequence for update 
2022-03-20 21:29:05.844 DEBUG [org.hibernate.SQL@main] update hibernate_sequence set next_val= ? where next_val=? 
2022-03-20 21:29:05.847 DEBUG [acme.framework.components.database.DatabaseUtil@main] Persisting entity UserAccount(username=inventor2) 
2022-03-20 21:29:05.847 DEBUG [org.hibernate.SQL@main] select next_val as id_val from hibernate_sequence for update 
2022-03-20 21:29:05.848 DEBUG [org.hibernate.SQL@main] update hibernate_sequence set next_val= ? where next_val=? 
2022-03-20 21:29:05.851 DEBUG [acme.framework.components.database.DatabaseUtil@main] Persisting entity UserAccount(username=administrator) 
2022-03-20 21:29:05.852 DEBUG [org.hibernate.SQL@main] select next_val as id_val from hibernate_sequence for update 
2022-03-20 21:29:05.867 DEBUG [org.hibernate.SQL@main] update hibernate_sequence set next_val= ? where next_val=? 
2022-03-20 21:29:05.870 DEBUG [acme.framework.components.database.DatabaseUtil@main] Persisting entity UserAccount(username=patron3) 
2022-03-20 21:29:05.870 DEBUG [org.hibernate.SQL@main] select next_val as id_val from hibernate_sequence for update 
2022-03-20 21:29:05.871 DEBUG [org.hibernate.SQL@main] update hibernate_sequence set next_val= ? where next_val=? 
2022-03-20 21:29:05.874 DEBUG [acme.framework.components.database.DatabaseUtil@main] Persisting entity UserAccount(username=inventor1) 
2022-03-20 21:29:05.874 DEBUG [acme.framework.components.database.DatabasePopulator@main] Persising entities of clazz 'acme.framework.roles.Administrator' 
2022-03-20 21:29:05.874 DEBUG [org.hibernate.SQL@main] select next_val as id_val from hibernate_sequence for update 
2022-03-20 21:29:05.875 DEBUG [org.hibernate.SQL@main] update hibernate_sequence set next_val= ? where next_val=? 
2022-03-20 21:29:05.878 DEBUG [acme.framework.components.database.DatabaseUtil@main] Persisting entity UserRole(userAccount=UserAccount(username=administrator)) 
2022-03-20 21:29:05.878 DEBUG [acme.framework.components.database.DatabasePopulator@main] Persising entities of clazz 'acme.framework.roles.Anonymous' 
2022-03-20 21:29:05.879 DEBUG [org.hibernate.SQL@main] select next_val as id_val from hibernate_sequence for update 
2022-03-20 21:29:05.880 DEBUG [org.hibernate.SQL@main] update hibernate_sequence set next_val= ? where next_val=? 
2022-03-20 21:29:05.884 DEBUG [acme.framework.components.database.DatabaseUtil@main] Persisting entity UserRole(userAccount=UserAccount(username=anonymous)) 
2022-03-20 21:29:05.885 DEBUG [acme.framework.components.database.DatabasePopulator@main] Persising entities of clazz 'acme.framework.roles.Authenticated' 
2022-03-20 21:29:05.885 DEBUG [org.hibernate.SQL@main] select next_val as id_val from hibernate_sequence for update 
2022-03-20 21:29:05.886 DEBUG [org.hibernate.SQL@main] update hibernate_sequence set next_val= ? where next_val=? 
2022-03-20 21:29:05.892 DEBUG [acme.framework.components.database.DatabaseUtil@main] Persisting entity UserRole(userAccount=UserAccount(username=administrator)) 
2022-03-20 21:29:05.892 DEBUG [acme.framework.components.database.DatabaseUtil@main] Committing transaction '767266208'. 
2022-03-20 21:29:05.932 DEBUG [org.hibernate.SQL@main] insert into system_configuration (version, currencies, currency, lenguage, strong_terms, strong_threshold, weak_terms, weak_threshold, id) values (?, ?, ?, ?, ?, ?, ?, ?, ?) 
2022-03-20 21:29:05.935 TRACE [org.hibernate.type.descriptor.sql.BasicBinder@main] binding parameter [1] as [INTEGER] - [0] 
2022-03-20 21:29:05.943 TRACE [org.hibernate.type.descriptor.sql.BasicBinder@main] binding parameter [2] as [VARCHAR] - [ EUR USD GBP] 
2022-03-20 21:29:05.943 TRACE [org.hibernate.type.descriptor.sql.BasicBinder@main] binding parameter [3] as [VARCHAR] - [EUR] 
2022-03-20 21:29:05.944 TRACE [org.hibernate.type.descriptor.sql.BasicBinder@main] binding parameter [4] as [VARCHAR] - [ SPANISH] 
2022-03-20 21:29:05.944 TRACE [org.hibernate.type.descriptor.sql.BasicBinder@main] binding parameter [5] as [VARCHAR] - [SPANISH:sexo,hardcore,viagra,cialis;ENGLISH:sex,hardcore,viagra,cialis] 
2022-03-20 21:29:05.949 TRACE [org.hibernate.type.descriptor.sql.BasicBinder@main] binding parameter [6] as [DOUBLE] - [10.0] 
2022-03-20 21:29:05.950 TRACE [org.hibernate.type.descriptor.sql.BasicBinder@main] binding parameter [7] as [VARCHAR] - [SPANISH:atractivo,nigeria,has ganado, un millon;ENGLISH:sexy,nigeria,you’ve won,one mil-lion] 
2022-03-20 21:29:05.950 TRACE [org.hibernate.type.descriptor.sql.BasicBinder@main] binding parameter [8] as [DOUBLE] - [25.0] 
2022-03-20 21:29:05.951 TRACE [org.hibernate.type.descriptor.sql.BasicBinder@main] binding parameter [9] as [INTEGER] - [1] 
2022-03-20 21:29:05.975 DEBUG [org.hibernate.SQL@main] insert into user_account (version, enabled, identity, password, username, id) values (?, ?, ?, ?, ?, ?) 
2022-03-20 21:29:05.977 TRACE [org.hibernate.type.descriptor.sql.BasicBinder@main] binding parameter [1] as [INTEGER] - [0] 
2022-03-20 21:29:05.979 TRACE [org.hibernate.type.descriptor.sql.BasicBinder@main] binding parameter [2] as [BOOLEAN] - [false] 
2022-03-20 21:29:05.980 TRACE [org.hibernate.type.descriptor.sql.BasicBinder@main] binding parameter [3] as [BLOB] - [DefaultUserIdentity(name=John, surname=Doe, email=john.doe@acme.com)] 
2022-03-20 21:29:05.982 TRACE [org.hibernate.type.descriptor.sql.BasicBinder@main] binding parameter [4] as [VARCHAR] - [$2a$05$BCGo1hxC/Lut62hSxER6cujoiSYKfoy6c/pDOeq19NAVBdHf1zdSW] 
2022-03-20 21:29:05.983 TRACE [org.hibernate.type.descriptor.sql.BasicBinder@main] binding parameter [5] as [VARCHAR] - [anonymous] 
2022-03-20 21:29:05.983 TRACE [org.hibernate.type.descriptor.sql.BasicBinder@main] binding parameter [6] as [INTEGER] - [2] 
2022-03-20 21:29:05.990 DEBUG [org.hibernate.SQL@main] insert into user_account (version, enabled, identity, password, username, id) values (?, ?, ?, ?, ?, ?) 
2022-03-20 21:29:05.992 TRACE [org.hibernate.type.descriptor.sql.BasicBinder@main] binding parameter [1] as [INTEGER] - [0] 
2022-03-20 21:29:05.992 TRACE [org.hibernate.type.descriptor.sql.BasicBinder@main] binding parameter [2] as [BOOLEAN] - [true] 
2022-03-20 21:29:05.992 TRACE [org.hibernate.type.descriptor.sql.BasicBinder@main] binding parameter [3] as [BLOB] - [DefaultUserIdentity(name=Patron-01, surname=Acme, email=patron-01@acme.com)] 
2022-03-20 21:29:05.993 TRACE [org.hibernate.type.descriptor.sql.BasicBinder@main] binding parameter [4] as [VARCHAR] - [$2a$05$.z88KsQwGB1Jfl/7/nVbm.LPa/pOZWp9/eniRa/XJcbDjV0LeR7my] 
2022-03-20 21:29:05.993 TRACE [org.hibernate.type.descriptor.sql.BasicBinder@main] binding parameter [5] as [VARCHAR] - [patron1] 
2022-03-20 21:29:05.993 TRACE [org.hibernate.type.descriptor.sql.BasicBinder@main] binding parameter [6] as [INTEGER] - [3] 
2022-03-20 21:29:05.995 DEBUG [org.hibernate.SQL@main] insert into user_account (version, enabled, identity, password, username, id) values (?, ?, ?, ?, ?, ?) 
2022-03-20 21:29:05.995 TRACE [org.hibernate.type.descriptor.sql.BasicBinder@main] binding parameter [1] as [INTEGER] - [0] 
2022-03-20 21:29:05.996 TRACE [org.hibernate.type.descriptor.sql.BasicBinder@main] binding parameter [2] as [BOOLEAN] - [true] 
2022-03-20 21:29:05.996 TRACE [org.hibernate.type.descriptor.sql.BasicBinder@main] binding parameter [3] as [BLOB] - [DefaultUserIdentity(name=inventor3, surname=inventor, email=inventor3@acme.com)] 
2022-03-20 21:29:05.996 TRACE [org.hibernate.type.descriptor.sql.BasicBinder@main] binding parameter [4] as [VARCHAR] - [$2a$05$8SOR2Y41IXJhB01Y0E3DsuuMdtd5qAUe/yBcseAy95qVpFtOP1uPi] 
2022-03-20 21:29:05.996 TRACE [org.hibernate.type.descriptor.sql.BasicBinder@main] binding parameter [5] as [VARCHAR] - [inventor3] 
2022-03-20 21:29:05.996 TRACE [org.hibernate.type.descriptor.sql.BasicBinder@main] binding parameter [6] as [INTEGER] - [4] 
2022-03-20 21:29:05.998 DEBUG [org.hibernate.SQL@main] insert into user_account (version, enabled, identity, password, username, id) values (?, ?, ?, ?, ?, ?) 
2022-03-20 21:29:05.998 TRACE [org.hibernate.type.descriptor.sql.BasicBinder@main] binding parameter [1] as [INTEGER] - [0] 
2022-03-20 21:29:05.998 TRACE [org.hibernate.type.descriptor.sql.BasicBinder@main] binding parameter [2] as [BOOLEAN] - [true] 
2022-03-20 21:29:05.999 TRACE [org.hibernate.type.descriptor.sql.BasicBinder@main] binding parameter [3] as [BLOB] - [DefaultUserIdentity(name=Patron-02, surname=Acme, email=patron-02@acme.com)] 
2022-03-20 21:29:05.999 TRACE [org.hibernate.type.descriptor.sql.BasicBinder@main] binding parameter [4] as [VARCHAR] - [$2a$05$aw00xKSqor.963xQqT2Te.jspx60rm8BIy5njyaq3f28o4fAFq.Ri] 
2022-03-20 21:29:05.999 TRACE [org.hibernate.type.descriptor.sql.BasicBinder@main] binding parameter [5] as [VARCHAR] - [patron2] 
2022-03-20 21:29:05.999 TRACE [org.hibernate.type.descriptor.sql.BasicBinder@main] binding parameter [6] as [INTEGER] - [5] 
2022-03-20 21:29:06 DEBUG [org.hibernate.SQL@main] insert into user_account (version, enabled, identity, password, username, id) values (?, ?, ?, ?, ?, ?) 
2022-03-20 21:29:06.001 TRACE [org.hibernate.type.descriptor.sql.BasicBinder@main] binding parameter [1] as [INTEGER] - [0] 
2022-03-20 21:29:06.001 TRACE [org.hibernate.type.descriptor.sql.BasicBinder@main] binding parameter [2] as [BOOLEAN] - [true] 
2022-03-20 21:29:06.002 TRACE [org.hibernate.type.descriptor.sql.BasicBinder@main] binding parameter [3] as [BLOB] - [DefaultUserIdentity(name=inventor2, surname=inventor, email=inventor2@acme.com)] 
2022-03-20 21:29:06.002 TRACE [org.hibernate.type.descriptor.sql.BasicBinder@main] binding parameter [4] as [VARCHAR] - [$2a$05$sVNfsJlMkED8l9Xl7Db6I.EE1OXimhaAbrebrmbi2P7q6mg8EDICC] 
2022-03-20 21:29:06.002 TRACE [org.hibernate.type.descriptor.sql.BasicBinder@main] binding parameter [5] as [VARCHAR] - [inventor2] 
2022-03-20 21:29:06.002 TRACE [org.hibernate.type.descriptor.sql.BasicBinder@main] binding parameter [6] as [INTEGER] - [6] 
2022-03-20 21:29:06.003 DEBUG [org.hibernate.SQL@main] insert into user_account (version, enabled, identity, password, username, id) values (?, ?, ?, ?, ?, ?) 
2022-03-20 21:29:06.004 TRACE [org.hibernate.type.descriptor.sql.BasicBinder@main] binding parameter [1] as [INTEGER] - [0] 
2022-03-20 21:29:06.004 TRACE [org.hibernate.type.descriptor.sql.BasicBinder@main] binding parameter [2] as [BOOLEAN] - [true] 
2022-03-20 21:29:06.004 TRACE [org.hibernate.type.descriptor.sql.BasicBinder@main] binding parameter [3] as [BLOB] - [DefaultUserIdentity(name=Administrator, surname=Acme, email=administrator@acme.com)] 
2022-03-20 21:29:06.004 TRACE [org.hibernate.type.descriptor.sql.BasicBinder@main] binding parameter [4] as [VARCHAR] - [$2a$05$StD3HQwLXGi1tIVD4SxS9eTnBC4dehyFIXc.O8/v.ucf0b2CozDUG] 
2022-03-20 21:29:06.005 TRACE [org.hibernate.type.descriptor.sql.BasicBinder@main] binding parameter [5] as [VARCHAR] - [administrator] 
2022-03-20 21:29:06.005 TRACE [org.hibernate.type.descriptor.sql.BasicBinder@main] binding parameter [6] as [INTEGER] - [7] 
2022-03-20 21:29:06.006 DEBUG [org.hibernate.SQL@main] insert into user_account (version, enabled, identity, password, username, id) values (?, ?, ?, ?, ?, ?) 
2022-03-20 21:29:06.006 TRACE [org.hibernate.type.descriptor.sql.BasicBinder@main] binding parameter [1] as [INTEGER] - [0] 
2022-03-20 21:29:06.007 TRACE [org.hibernate.type.descriptor.sql.BasicBinder@main] binding parameter [2] as [BOOLEAN] - [true] 
2022-03-20 21:29:06.007 TRACE [org.hibernate.type.descriptor.sql.BasicBinder@main] binding parameter [3] as [BLOB] - [DefaultUserIdentity(name=Patron-03, surname=Acme, email=patron-03@acme.com)] 
2022-03-20 21:29:06.007 TRACE [org.hibernate.type.descriptor.sql.BasicBinder@main] binding parameter [4] as [VARCHAR] - [$2a$05$/iYIOBHdbdjpwTjhqqLlgukeYONcU2YtOdMAIUoCX3hJXHtUVNLKK] 
2022-03-20 21:29:06.007 TRACE [org.hibernate.type.descriptor.sql.BasicBinder@main] binding parameter [5] as [VARCHAR] - [patron3] 
2022-03-20 21:29:06.007 TRACE [org.hibernate.type.descriptor.sql.BasicBinder@main] binding parameter [6] as [INTEGER] - [8] 
2022-03-20 21:29:06.009 DEBUG [org.hibernate.SQL@main] insert into user_account (version, enabled, identity, password, username, id) values (?, ?, ?, ?, ?, ?) 
2022-03-20 21:29:06.009 TRACE [org.hibernate.type.descriptor.sql.BasicBinder@main] binding parameter [1] as [INTEGER] - [0] 
2022-03-20 21:29:06.009 TRACE [org.hibernate.type.descriptor.sql.BasicBinder@main] binding parameter [2] as [BOOLEAN] - [true] 
2022-03-20 21:29:06.009 TRACE [org.hibernate.type.descriptor.sql.BasicBinder@main] binding parameter [3] as [BLOB] - [DefaultUserIdentity(name=inventor1, surname=inventor, email=inventor1@acme.com)] 
2022-03-20 21:29:06.010 TRACE [org.hibernate.type.descriptor.sql.BasicBinder@main] binding parameter [4] as [VARCHAR] - [$2a$05$omuZBtw.Hwq.2hFniM8ry.Am7sNOzUzfE/tmA7ESJjB3FKJayBnle] 
2022-03-20 21:29:06.010 TRACE [org.hibernate.type.descriptor.sql.BasicBinder@main] binding parameter [5] as [VARCHAR] - [inventor1] 
2022-03-20 21:29:06.010 TRACE [org.hibernate.type.descriptor.sql.BasicBinder@main] binding parameter [6] as [INTEGER] - [9] 
2022-03-20 21:29:06.011 DEBUG [org.hibernate.SQL@main] insert into administrator (version, user_account_id, id) values (?, ?, ?) 
2022-03-20 21:29:06.012 TRACE [org.hibernate.type.descriptor.sql.BasicBinder@main] binding parameter [1] as [INTEGER] - [0] 
2022-03-20 21:29:06.012 TRACE [org.hibernate.type.descriptor.sql.BasicBinder@main] binding parameter [2] as [INTEGER] - [7] 
2022-03-20 21:29:06.012 TRACE [org.hibernate.type.descriptor.sql.BasicBinder@main] binding parameter [3] as [INTEGER] - [10] 
2022-03-20 21:29:06.016 DEBUG [org.hibernate.SQL@main] insert into anonymous (version, user_account_id, id) values (?, ?, ?) 
2022-03-20 21:29:06.016 TRACE [org.hibernate.type.descriptor.sql.BasicBinder@main] binding parameter [1] as [INTEGER] - [0] 
2022-03-20 21:29:06.016 TRACE [org.hibernate.type.descriptor.sql.BasicBinder@main] binding parameter [2] as [INTEGER] - [2] 
2022-03-20 21:29:06.017 TRACE [org.hibernate.type.descriptor.sql.BasicBinder@main] binding parameter [3] as [INTEGER] - [11] 
2022-03-20 21:29:06.020 DEBUG [org.hibernate.SQL@main] insert into authenticated (version, user_account_id, id) values (?, ?, ?) 
2022-03-20 21:29:06.021 TRACE [org.hibernate.type.descriptor.sql.BasicBinder@main] binding parameter [1] as [INTEGER] - [0] 
2022-03-20 21:29:06.021 TRACE [org.hibernate.type.descriptor.sql.BasicBinder@main] binding parameter [2] as [INTEGER] - [7] 
2022-03-20 21:29:06.021 TRACE [org.hibernate.type.descriptor.sql.BasicBinder@main] binding parameter [3] as [INTEGER] - [12] 
2022-03-20 21:29:07.363 INFO  [acme.framework.configuration.ShutdownConfiguration@main] The system is shutting down... 
2022-03-20 21:29:07.383 DEBUG [acme.Launcher@main] Exit code = 0 
